<testsuite errors="0" failures="1" name="" tests="6743" time="101.365">
<testcase classname="buildbot.test.integration.interop.test_commandmixin.CommandMixinMaster" name="test_commandmixin" time="0.127"/>
<testcase classname="buildbot.test.integration.interop.test_commandmixin.CommandMixinMasterMsgPack" name="test_commandmixin" time="0.099"/>
<testcase classname="buildbot.test.integration.interop.test_commandmixin.CommandMixinMasterPB" name="test_commandmixin" time="0.089"/>
<testcase classname="buildbot.test.integration.interop.test_compositestepmixin.CompositeStepMixinMaster" name="test_compositemixin" time="0.145"/>
<testcase classname="buildbot.test.integration.interop.test_compositestepmixin.CompositeStepMixinMaster" name="test_compositemixin_rmdir_list" time="0.096"/>
<testcase classname="buildbot.test.integration.interop.test_compositestepmixin.CompositeStepMixinMasterMsgPack" name="test_compositemixin" time="0.111"/>
<testcase classname="buildbot.test.integration.interop.test_compositestepmixin.CompositeStepMixinMasterMsgPack" name="test_compositemixin_mkdir_rmdir_lists" time="0.116"/>
<testcase classname="buildbot.test.integration.interop.test_compositestepmixin.CompositeStepMixinMasterMsgPack" name="test_compositemixin_rmdir_list" time="0.110"/>
<testcase classname="buildbot.test.integration.interop.test_compositestepmixin.CompositeStepMixinMasterPb" name="test_compositemixin" time="0.104"/>
<testcase classname="buildbot.test.integration.interop.test_compositestepmixin.CompositeStepMixinMasterPb" name="test_compositemixin_rmdir_list" time="0.122"/>
<testcase classname="buildbot.test.integration.interop.test_integration_secrets.SecretsConfig" name="test_secretReconfig_0_with_interpolation" time="0.153"/>
<testcase classname="buildbot.test.integration.interop.test_integration_secrets.SecretsConfig" name="test_secretReconfig_1_plain_command" time="0.084"/>
<testcase classname="buildbot.test.integration.interop.test_integration_secrets.SecretsConfig" name="test_secret_0_with_interpolation" time="0.099"/>
<testcase classname="buildbot.test.integration.interop.test_integration_secrets.SecretsConfig" name="test_secret_1_plain_command" time="0.085"/>
<testcase classname="buildbot.test.integration.interop.test_integration_secrets.SecretsConfigMsgPack" name="test_secretReconfig_0_with_interpolation" time="0.108"/>
<testcase classname="buildbot.test.integration.interop.test_integration_secrets.SecretsConfigMsgPack" name="test_secretReconfig_1_plain_command" time="0.095"/>
<testcase classname="buildbot.test.integration.interop.test_integration_secrets.SecretsConfigMsgPack" name="test_secret_0_with_interpolation" time="0.109"/>
<testcase classname="buildbot.test.integration.interop.test_integration_secrets.SecretsConfigMsgPack" name="test_secret_1_plain_command" time="0.153"/>
<testcase classname="buildbot.test.integration.interop.test_integration_secrets.SecretsConfigPB" name="test_secretReconfig_0_with_interpolation" time="0.110"/>
<testcase classname="buildbot.test.integration.interop.test_integration_secrets.SecretsConfigPB" name="test_secretReconfig_1_plain_command" time="0.096"/>
<testcase classname="buildbot.test.integration.interop.test_integration_secrets.SecretsConfigPB" name="test_secret_0_with_interpolation" time="0.103"/>
<testcase classname="buildbot.test.integration.interop.test_integration_secrets.SecretsConfigPB" name="test_secret_1_plain_command" time="0.090"/>
<testcase classname="buildbot.test.integration.interop.test_interruptcommand.InterruptCommand" name="test_interrupt" time="1.092"/>
<testcase classname="buildbot.test.integration.interop.test_interruptcommand.InterruptCommandMsgPack" name="test_interrupt" time="1.113"/>
<testcase classname="buildbot.test.integration.interop.test_interruptcommand.InterruptCommandPb" name="test_interrupt" time="1.108"/>
<testcase classname="buildbot.test.integration.interop.test_setpropertyfromcommand.SetPropertyFromCommand" name="test_setProp" time="0.413"/>
<testcase classname="buildbot.test.integration.interop.test_setpropertyfromcommand.SetPropertyFromCommandMsgPack" name="test_setProp" time="0.314"/>
<testcase classname="buildbot.test.integration.interop.test_setpropertyfromcommand.SetPropertyFromCommandPB" name="test_setProp" time="0.309"/>
<testcase classname="buildbot.test.integration.interop.test_transfer.TransferStepsMasterNull" name="test_globTransfer" time="0.097"/>
<testcase classname="buildbot.test.integration.interop.test_transfer.TransferStepsMasterNull" name="test_no_exist_directory_upload" time="0.062"/>
<testcase classname="buildbot.test.integration.interop.test_transfer.TransferStepsMasterNull" name="test_no_exist_file_upload" time="0.061"/>
<testcase classname="buildbot.test.integration.interop.test_transfer.TransferStepsMasterNull" name="test_no_exist_multiple_file_upload" time="0.060"/>
<testcase classname="buildbot.test.integration.interop.test_transfer.TransferStepsMasterNull" name="test_transfer" time="0.166"/>
<testcase classname="buildbot.test.integration.interop.test_transfer.TransferStepsMasterPb" name="test_globTransfer" time="0.108"/>
<testcase classname="buildbot.test.integration.interop.test_transfer.TransferStepsMasterPb" name="test_no_exist_directory_upload" time="0.066"/>
<testcase classname="buildbot.test.integration.interop.test_transfer.TransferStepsMasterPb" name="test_no_exist_file_upload" time="0.065"/>
<testcase classname="buildbot.test.integration.interop.test_transfer.TransferStepsMasterPb" name="test_no_exist_multiple_file_upload" time="0.064"/>
<testcase classname="buildbot.test.integration.interop.test_transfer.TransferStepsMasterPb" name="test_transfer" time="0.171"/>
<testcase classname="buildbot.test.integration.interop.test_worker_reconnect.WorkerReconnectMsgPack" name="test_eventually_reconnect" time="2.148"/>
<testcase classname="buildbot.test.integration.interop.test_worker_reconnect.WorkerReconnectPb" name="test_eventually_reconnect" time="2.113"/>
<testcase classname="buildbot.test.integration.test_URLs.UrlForBuildMaster" name="test_url" time="0.102"/>
<testcase classname="buildbot.test.integration.test_configs.RealConfigs" name="test_0_9_0b5_api_renamed_config" time="0.019"/>
<testcase classname="buildbot.test.integration.test_configs.RealConfigs" name="test_sample_config" time="0.003"/>
<testcase classname="buildbot.test.integration.test_custom_buildstep.RunSteps" name="test_Latin1ProducingCustomBuildStep" time="0.053"/>
<testcase classname="buildbot.test.integration.test_custom_buildstep.RunSteps" name="test_all_properties" time="0.049"/>
<testcase classname="buildbot.test.integration.test_custom_buildstep.RunSteps" name="test_step_raising_buildstepfailed_in_start" time="0.047"/>
<testcase classname="buildbot.test.integration.test_custom_buildstep.RunSteps" name="test_step_raising_connectionlost_in_start" time="0.000">
<skipped>Results in infinite loop&#xA;</skipped>
</testcase>
<testcase classname="buildbot.test.integration.test_custom_buildstep.RunSteps" name="test_step_raising_exception_in_start" time="0.050"/>
<testcase classname="buildbot.test.integration.test_custom_buildstep.RunSteps" name="test_step_raising_in_log_observer" time="0.052"/>
<testcase classname="buildbot.test.integration.test_customservices.CustomServiceMaster" name="test_custom_service" time="1.117"/>
<testcase classname="buildbot.test.integration.test_download_secret_to_worker.DownloadSecretsBase" name="test_transfer_secrets_0_simple" time="0.082"/>
<testcase classname="buildbot.test.integration.test_download_secret_to_worker.DownloadSecretsBase" name="test_transfer_secrets_1_relative_to_home" time="0.002">
<skipped>Unknown error preparing test paths&#xA;</skipped>
</testcase>
<testcase classname="buildbot.test.integration.test_download_secret_to_worker.DownloadSecretsBase" name="test_transfer_secrets_2_simple_remove" time="0.152"/>
<testcase classname="buildbot.test.integration.test_download_secret_to_worker.DownloadSecretsBase" name="test_transfer_secrets_3_relative_to_home_remove" time="0.003">
<skipped>Unknown error preparing test paths&#xA;</skipped>
</testcase>
<testcase classname="buildbot.test.integration.test_download_secret_to_worker.DownloadSecretsBaseMsgPack" name="test_transfer_secrets_0_simple" time="0.063"/>
<testcase classname="buildbot.test.integration.test_download_secret_to_worker.DownloadSecretsBaseMsgPack" name="test_transfer_secrets_1_relative_to_home" time="0.002">
<skipped>Unknown error preparing test paths&#xA;</skipped>
</testcase>
<testcase classname="buildbot.test.integration.test_download_secret_to_worker.DownloadSecretsBaseMsgPack" name="test_transfer_secrets_2_simple_remove" time="0.066"/>
<testcase classname="buildbot.test.integration.test_download_secret_to_worker.DownloadSecretsBaseMsgPack" name="test_transfer_secrets_3_relative_to_home_remove" time="0.003">
<skipped>Unknown error preparing test paths&#xA;</skipped>
</testcase>
<testcase classname="buildbot.test.integration.test_download_secret_to_worker.DownloadSecretsBasePb" name="test_transfer_secrets_0_simple" time="0.061"/>
<testcase classname="buildbot.test.integration.test_download_secret_to_worker.DownloadSecretsBasePb" name="test_transfer_secrets_1_relative_to_home" time="0.002">
<skipped>Unknown error preparing test paths&#xA;</skipped>
</testcase>
<testcase classname="buildbot.test.integration.test_download_secret_to_worker.DownloadSecretsBasePb" name="test_transfer_secrets_2_simple_remove" time="0.059"/>
<testcase classname="buildbot.test.integration.test_download_secret_to_worker.DownloadSecretsBasePb" name="test_transfer_secrets_3_relative_to_home_remove" time="0.002">
<skipped>Unknown error preparing test paths&#xA;</skipped>
</testcase>
<testcase classname="buildbot.test.integration.test_graphql.GraphQL" name="test_buildrequests_builds" time="0.130"/>
<testcase classname="buildbot.test.integration.test_graphql.GraphQL" name="test_examples_from_yaml" time="0.101"/>
<testcase classname="buildbot.test.integration.test_integration_force_with_patch.ShellMaster" name="test_shell" time="0.129"/>
<testcase classname="buildbot.test.integration.test_integration_force_with_patch.ShellMaster" name="test_shell_no_patch" time="0.095"/>
<testcase classname="buildbot.test.integration.test_integration_mastershell.ShellMaster" name="test_fails" time="0.161"/>
<testcase classname="buildbot.test.integration.test_integration_mastershell.ShellMaster" name="test_interrupt" time="1.064"/>
<testcase classname="buildbot.test.integration.test_integration_mastershell.ShellMaster" name="test_logs" time="0.096"/>
<testcase classname="buildbot.test.integration.test_integration_mastershell.ShellMaster" name="test_shell" time="0.076"/>
<testcase classname="buildbot.test.integration.test_integration_scheduler_reconfigure.ShellMaster" name="test_shell" time="0.090"/>
<testcase classname="buildbot.test.integration.test_integration_secrets_with_vault.SecretsConfig" name="test_any_key" time="0.115">
<skipped>Vault integration needs docker environment to be setup&#xA;</skipped>
</testcase>
<testcase classname="buildbot.test.integration.test_integration_secrets_with_vault.SecretsConfig" name="test_key" time="0.083">
<skipped>Vault integration needs docker environment to be setup&#xA;</skipped>
</testcase>
<testcase classname="buildbot.test.integration.test_integration_secrets_with_vault.SecretsConfig" name="test_key_value" time="0.082">
<skipped>Vault integration needs docker environment to be setup&#xA;</skipped>
</testcase>
<testcase classname="buildbot.test.integration.test_integration_secrets_with_vault.SecretsConfig" name="test_nested_key" time="0.083">
<skipped>Vault integration needs docker environment to be setup&#xA;</skipped>
</testcase>
<testcase classname="buildbot.test.integration.test_integration_secrets_with_vault_hvac.TestVaultHvac" name="test_key_0_1_9_7" time="0.084">
<skipped>Vault integration needs docker environment to be setup&#xA;</skipped>
</testcase>
<testcase classname="buildbot.test.integration.test_integration_secrets_with_vault_hvac.TestVaultHvac" name="test_key_1_1_10_5" time="0.081">
<skipped>Vault integration needs docker environment to be setup&#xA;</skipped>
</testcase>
<testcase classname="buildbot.test.integration.test_integration_secrets_with_vault_hvac.TestVaultHvac" name="test_key_2_1_11_1" time="0.070">
<skipped>Vault integration needs docker environment to be setup&#xA;</skipped>
</testcase>
<testcase classname="buildbot.test.integration.test_integration_secrets_with_vault_hvac.TestVaultHvac" name="test_key_any_value_0_1_9_7" time="0.081">
<skipped>Vault integration needs docker environment to be setup&#xA;</skipped>
</testcase>
<testcase classname="buildbot.test.integration.test_integration_secrets_with_vault_hvac.TestVaultHvac" name="test_key_any_value_1_1_10_5" time="0.087">
<skipped>Vault integration needs docker environment to be setup&#xA;</skipped>
</testcase>
<testcase classname="buildbot.test.integration.test_integration_secrets_with_vault_hvac.TestVaultHvac" name="test_key_any_value_2_1_11_1" time="0.087">
<skipped>Vault integration needs docker environment to be setup&#xA;</skipped>
</testcase>
<testcase classname="buildbot.test.integration.test_integration_secrets_with_vault_hvac.TestVaultHvac" name="test_nested_key_0_1_9_7" time="0.097">
<skipped>Vault integration needs docker environment to be setup&#xA;</skipped>
</testcase>
<testcase classname="buildbot.test.integration.test_integration_secrets_with_vault_hvac.TestVaultHvac" name="test_nested_key_1_1_10_5" time="0.094">
<skipped>Vault integration needs docker environment to be setup&#xA;</skipped>
</testcase>
<testcase classname="buildbot.test.integration.test_integration_secrets_with_vault_hvac.TestVaultHvac" name="test_nested_key_2_1_11_1" time="0.089">
<skipped>Vault integration needs docker environment to be setup&#xA;</skipped>
</testcase>
<testcase classname="buildbot.test.integration.test_integration_template.ShellMaster" name="test_shell" time="0.084"/>
<testcase classname="buildbot.test.integration.test_integration_with_secrets.SecretsConfig" name="test_secret" time="0.085"/>
<testcase classname="buildbot.test.integration.test_integration_with_secrets.SecretsConfig" name="test_withsecrets" time="0.082"/>
<testcase classname="buildbot.test.integration.test_locks.TestReconfig" name="test_changing_max_lock_count_does_not_break_builder_locks_0" time="0.167"/>
<testcase classname="buildbot.test.integration.test_locks.TestReconfig" name="test_changing_max_lock_count_does_not_break_builder_locks_1" time="0.097"/>
<testcase classname="buildbot.test.integration.test_locks.TestReconfig" name="test_changing_max_lock_count_does_not_break_builder_locks_2" time="0.099"/>
<testcase classname="buildbot.test.integration.test_locks.TestReconfig" name="test_changing_max_lock_count_does_not_break_builder_locks_3" time="0.103"/>
<testcase classname="buildbot.test.integration.test_locks.TestReconfig" name="test_changing_max_lock_count_does_not_break_builder_locks_4" time="0.072"/>
<testcase classname="buildbot.test.integration.test_locks.TestReconfig" name="test_changing_max_lock_count_does_not_break_builder_locks_5" time="0.074"/>
<testcase classname="buildbot.test.integration.test_locks.TestReconfig" name="test_changing_max_lock_count_does_not_break_builder_locks_6" time="0.073"/>
<testcase classname="buildbot.test.integration.test_locks.TestReconfig" name="test_changing_max_lock_count_does_not_break_builder_locks_7" time="0.072"/>
<testcase classname="buildbot.test.integration.test_locks.TestReconfig" name="test_changing_max_lock_count_does_not_break_step_locks_0" time="0.087"/>
<testcase classname="buildbot.test.integration.test_locks.TestReconfig" name="test_changing_max_lock_count_does_not_break_step_locks_1" time="0.083"/>
<testcase classname="buildbot.test.integration.test_locks.TestReconfig" name="test_changing_max_lock_count_does_not_break_step_locks_2" time="0.148"/>
<testcase classname="buildbot.test.integration.test_locks.TestReconfig" name="test_changing_max_lock_count_does_not_break_step_locks_3" time="0.084"/>
<testcase classname="buildbot.test.integration.test_locks.TestReconfig" name="test_changing_max_lock_count_does_not_break_step_locks_4" time="0.068"/>
<testcase classname="buildbot.test.integration.test_locks.TestReconfig" name="test_changing_max_lock_count_does_not_break_step_locks_5" time="0.070"/>
<testcase classname="buildbot.test.integration.test_locks.TestReconfig" name="test_changing_max_lock_count_does_not_break_step_locks_6" time="0.066"/>
<testcase classname="buildbot.test.integration.test_locks.TestReconfig" name="test_changing_max_lock_count_does_not_break_step_locks_7" time="0.066"/>
<testcase classname="buildbot.test.integration.test_locks.Tests" name="test_builder_lock_prevents_concurrent_builds_0" time="0.069"/>
<testcase classname="buildbot.test.integration.test_locks.Tests" name="test_builder_lock_prevents_concurrent_builds_1" time="0.069"/>
<testcase classname="buildbot.test.integration.test_locks.Tests" name="test_builder_lock_prevents_concurrent_builds_2" time="0.067"/>
<testcase classname="buildbot.test.integration.test_locks.Tests" name="test_builder_lock_prevents_concurrent_builds_3" time="0.129"/>
<testcase classname="buildbot.test.integration.test_locks.Tests" name="test_builder_lock_release_wakes_builds_for_another_builder_0_counting" time="0.070"/>
<testcase classname="buildbot.test.integration.test_locks.Tests" name="test_builder_lock_release_wakes_builds_for_another_builder_1_exclusive" time="0.072"/>
<testcase classname="buildbot.test.integration.test_locks.Tests" name="test_step_lock_prevents_concurrent_builds_0" time="0.064"/>
<testcase classname="buildbot.test.integration.test_locks.Tests" name="test_step_lock_prevents_concurrent_builds_1" time="0.064"/>
<testcase classname="buildbot.test.integration.test_locks.Tests" name="test_step_lock_prevents_concurrent_builds_2" time="0.064"/>
<testcase classname="buildbot.test.integration.test_locks.Tests" name="test_step_lock_prevents_concurrent_builds_3" time="0.064"/>
<testcase classname="buildbot.test.integration.test_log_finish.TestLog" name="test_mastershellcommand" time="0.074"/>
<testcase classname="buildbot.test.integration.test_log_finish.TestLog" name="test_mastershellcommand_issue" time="0.072"/>
<testcase classname="buildbot.test.integration.test_log_finish.TestLog" name="test_shellcommand" time="0.088"/>
<testcase classname="buildbot.test.integration.test_master.RunMaster" name="test_master1" time="0.120"/>
<testcase classname="buildbot.test.integration.test_master.RunMaster" name="test_master2" time="0.040"/>
<testcase classname="buildbot.test.integration.test_notifier.NotifierMaster" name="test_missing_worker" time="0.056"/>
<testcase classname="buildbot.test.integration.test_notifier.NotifierMaster" name="test_notifiy_for_build" time="0.092"/>
<testcase classname="buildbot.test.integration.test_notifier.NotifierMaster" name="test_notifiy_for_buildset" time="0.096"/>
<testcase classname="buildbot.test.integration.test_process_botmaster.Tests" name="test_terminates_ping_on_shutdown_quick_mode" time="0.044"/>
<testcase classname="buildbot.test.integration.test_process_botmaster.Tests" name="test_terminates_ping_on_shutdown_slow_mode" time="0.047"/>
<testcase classname="buildbot.test.integration.test_setup_entrypoints.TestSetupPyEntryPoints" name="test_changes" time="0.113"/>
<testcase classname="buildbot.test.integration.test_setup_entrypoints.TestSetupPyEntryPoints" name="test_reporters" time="0.195"/>
<testcase classname="buildbot.test.integration.test_setup_entrypoints.TestSetupPyEntryPoints" name="test_schedulers" time="0.072"/>
<testcase classname="buildbot.test.integration.test_setup_entrypoints.TestSetupPyEntryPoints" name="test_secrets" time="0.051"/>
<testcase classname="buildbot.test.integration.test_setup_entrypoints.TestSetupPyEntryPoints" name="test_steps" time="0.696"/>
<testcase classname="buildbot.test.integration.test_setup_entrypoints.TestSetupPyEntryPoints" name="test_util" time="0.656"/>
<testcase classname="buildbot.test.integration.test_setup_entrypoints.TestSetupPyEntryPoints" name="test_webhooks" time="0.011"/>
<testcase classname="buildbot.test.integration.test_setup_entrypoints.TestSetupPyEntryPoints" name="test_workers" time="0.053"/>
<testcase classname="buildbot.test.integration.test_stop_build.ShellMaster" name="test_shell" time="0.057"/>
<testcase classname="buildbot.test.integration.test_stop_trigger.TriggeringMaster" name="testTriggerRunsForever" time="0.072"/>
<testcase classname="buildbot.test.integration.test_stop_trigger.TriggeringMaster" name="testTriggerRunsForeverAfterCmdStarted" time="5.117"/>
<testcase classname="buildbot.test.integration.test_stop_trigger.TriggeringMaster" name="testTriggeredBuildIsNotCreated" time="0.066"/>
<testcase classname="buildbot.test.integration.test_telegram_bot.TelegramBot" name="testLoadState" time="0.061"/>
<testcase classname="buildbot.test.integration.test_telegram_bot.TelegramBot" name="testMissingWorker" time="0.042"/>
<testcase classname="buildbot.test.integration.test_telegram_bot.TelegramBot" name="testReconfig" time="0.036"/>
<testcase classname="buildbot.test.integration.test_telegram_bot.TelegramBot" name="testSaveState" time="0.043"/>
<testcase classname="buildbot.test.integration.test_telegram_bot.TelegramBot" name="testWebhook" time="0.034"/>
<testcase classname="buildbot.test.integration.test_trigger.TriggeringMaster" name="test_trigger" time="0.166"/>
<testcase classname="buildbot.test.integration.test_trigger.TriggeringMaster" name="test_trigger_failure" time="0.217"/>
<testcase classname="buildbot.test.integration.test_try_client.Schedulers" name="test_jobdir_no_wait" time="0.045"/>
<testcase classname="buildbot.test.integration.test_try_client.Schedulers" name="test_jobdir_wait" time="0.045"/>
<testcase classname="buildbot.test.integration.test_try_client.Schedulers" name="test_userpass_list_builders" time="0.035"/>
<testcase classname="buildbot.test.integration.test_try_client.Schedulers" name="test_userpass_no_wait" time="0.042"/>
<testcase classname="buildbot.test.integration.test_try_client.Schedulers" name="test_userpass_wait" time="0.064"/>
<testcase classname="buildbot.test.integration.test_try_client.Schedulers" name="test_userpass_wait_bytes" time="0.064"/>
<testcase classname="buildbot.test.integration.test_try_client.Schedulers" name="test_userpass_wait_dryrun" time="0.113"/>
<testcase classname="buildbot.test.integration.test_try_client_e2e.TryClientE2E" name="test_shell" time="0.000">
<skipped>Flaky test (http://trac.buildbot.net/ticket/7084) - set $RUN_FLAKY_TESTS to run anyway&#xA;</skipped>
</testcase>
<testcase classname="buildbot.test.integration.test_upgrade.UpgradeTestEmpty" name="test_emptydb_modelmatches" time="0.220"/>
<testcase classname="buildbot.test.integration.test_upgrade.UpgradeTestV087p1" name="test_upgrade" time="0.019"/>
<testcase classname="buildbot.test.integration.test_upgrade.UpgradeTestV090b4" name="test_upgrade" time="0.010"/>
<testcase classname="buildbot.test.integration.test_upgrade.UpgradeTestV2_10_5" name="test_got_invalid_sqlite_file" time="0.006"/>
<testcase classname="buildbot.test.integration.test_upgrade.UpgradeTestV2_10_5" name="test_got_invalid_sqlite_file2" time="0.006"/>
<testcase classname="buildbot.test.integration.test_upgrade.UpgradeTestV2_10_5" name="test_upgrade" time="0.181"/>
<testcase classname="buildbot.test.integration.test_usePty.ShellMaster" name="test_NOusePTY" time="0.084"/>
<testcase classname="buildbot.test.integration.test_usePty.ShellMaster" name="test_usePTY" time="0.085"/>
<testcase classname="buildbot.test.integration.test_virtual_builder.ShellMaster" name="test_shell" time="0.090"/>
<testcase classname="buildbot.test.integration.test_worker.Tests" name="test_latent_max_builds" time="0.054"/>
<testcase classname="buildbot.test.integration.test_worker.Tests" name="test_local_worker_max_builds" time="0.051"/>
<testcase classname="buildbot.test.integration.test_worker.Tests" name="test_step_with_worker_build_props_during_worker_disconnect" time="0.049"/>
<testcase classname="buildbot.test.integration.test_worker.Tests" name="test_worker_os_release_info_roundtrip" time="0.032"/>
<testcase classname="buildbot.test.integration.test_worker.Tests" name="test_worker_reconfigure_with_new_builder" time="0.036"/>
<testcase classname="buildbot.test.integration.test_worker.Tests" name="test_worker_registered_to_machine" time="0.113"/>
<testcase classname="buildbot.test.integration.test_worker_comm.TestWorkerComm" name="test_connect_disconnect" time="0.006"/>
<testcase classname="buildbot.test.integration.test_worker_comm.TestWorkerComm" name="test_tls_connect_disconnect" time="0.012"/>
<testcase classname="buildbot.test.integration.test_worker_comm.TestWorkerComm" name="test_worker_info" time="0.006"/>
<testcase classname="buildbot.test.integration.test_worker_kubernetes.KubernetesMaster" name="test_trigger" time="0.001">
<skipped>kubernetes integration tests only run when environment variable TEST_KUBERNETES is set&#xA;</skipped>
</testcase>
<testcase classname="buildbot.test.integration.test_worker_kubernetes.KubernetesMasterTReq" name="test_trigger" time="0.000">
<skipped>kubernetes integration tests only run when environment variable TEST_KUBERNETES is set&#xA;</skipped>
</testcase>
<testcase classname="buildbot.test.integration.test_worker_latent.Latent" name="test_build_stop_with_cancelled_during_substantiation" time="0.040"/>
<testcase classname="buildbot.test.integration.test_worker_latent.Latent" name="test_build_stop_with_retry_during_substantiation" time="0.051"/>
<testcase classname="buildbot.test.integration.test_worker_latent.Latent" name="test_failed_ping_get_requeued" time="0.052"/>
<testcase classname="buildbot.test.integration.test_worker_latent.Latent" name="test_failed_sendBuilderList_get_requeued" time="0.051"/>
<testcase classname="buildbot.test.integration.test_worker_latent.Latent" name="test_failed_substantiations_get_exception" time="0.048"/>
<testcase classname="buildbot.test.integration.test_worker_latent.Latent" name="test_failed_substantiations_get_requeued" time="0.047"/>
<testcase classname="buildbot.test.integration.test_worker_latent.Latent" name="test_insubstantiation_during_substantiation_refuses_substantiation" time="0.048"/>
<testcase classname="buildbot.test.integration.test_worker_latent.Latent" name="test_latent_workers_start_in_parallel" time="0.063"/>
<testcase classname="buildbot.test.integration.test_worker_latent.Latent" name="test_negative_build_timeout_insubstantiates_on_master_shutdown" time="0.044"/>
<testcase classname="buildbot.test.integration.test_worker_latent.Latent" name="test_negative_build_timeout_no_disconnect_insubstantiating" time="0.054"/>
<testcase classname="buildbot.test.integration.test_worker_latent.Latent" name="test_negative_build_timeout_reattach_insubstantiating" time="0.152"/>
<testcase classname="buildbot.test.integration.test_worker_latent.Latent" name="test_negative_build_timeout_reattach_substantiated" time="0.065"/>
<testcase classname="buildbot.test.integration.test_worker_latent.Latent" name="test_reconfigservice_during_substantiation_clean_shutdown_after_0_after_start_instance_no_worker" time="0.040"/>
<testcase classname="buildbot.test.integration.test_worker_latent.Latent" name="test_reconfigservice_during_substantiation_clean_shutdown_after_1_after_start_instance_with_worker" time="0.048"/>
<testcase classname="buildbot.test.integration.test_worker_latent.Latent" name="test_reconfigservice_during_substantiation_clean_shutdown_after_2_before_start_instance_no_worker" time="0.041"/>
<testcase classname="buildbot.test.integration.test_worker_latent.Latent" name="test_reconfigservice_during_substantiation_clean_shutdown_after_3_before_start_instance_with_worker" time="0.051"/>
<testcase classname="buildbot.test.integration.test_worker_latent.Latent" name="test_refused_substantiations_get_requeued" time="0.045"/>
<testcase classname="buildbot.test.integration.test_worker_latent.Latent" name="test_rejects_build_on_instance_with_different_type_timeout_nonzero" time="0.070"/>
<testcase classname="buildbot.test.integration.test_worker_latent.Latent" name="test_rejects_build_on_instance_with_different_type_timeout_zero" time="0.066"/>
<testcase classname="buildbot.test.integration.test_worker_latent.Latent" name="test_sever_connection_before_ping_then_timeout_get_requeued" time="0.068"/>
<testcase classname="buildbot.test.integration.test_worker_latent.Latent" name="test_sever_connection_during_insubstantiation" time="0.066"/>
<testcase classname="buildbot.test.integration.test_worker_latent.Latent" name="test_sever_connection_during_insubstantiation_and_buildrequest" time="0.063"/>
<testcase classname="buildbot.test.integration.test_worker_latent.Latent" name="test_sever_connection_while_building" time="0.149"/>
<testcase classname="buildbot.test.integration.test_worker_latent.Latent" name="test_stalled_substantiation_then_check_instance_fails_get_requeued" time="0.046"/>
<testcase classname="buildbot.test.integration.test_worker_latent.Latent" name="test_stalled_substantiation_then_timeout_get_requeued" time="0.045"/>
<testcase classname="buildbot.test.integration.test_worker_latent.Latent" name="test_stop_instance_synchronous_exception" time="0.062"/>
<testcase classname="buildbot.test.integration.test_worker_latent.Latent" name="test_stopservice_during_insubstantiation_completes" time="0.048"/>
<testcase classname="buildbot.test.integration.test_worker_latent.Latent" name="test_stopservice_during_substantiation_completes_0_with_substantiation_failure" time="0.053"/>
<testcase classname="buildbot.test.integration.test_worker_latent.Latent" name="test_stopservice_during_substantiation_completes_1_without_worker_connecting" time="0.055"/>
<testcase classname="buildbot.test.integration.test_worker_latent.Latent" name="test_stopservice_during_substantiation_completes_2_with_worker_connecting" time="0.048"/>
<testcase classname="buildbot.test.integration.test_worker_latent.Latent" name="test_substantiation_cancelled_by_insubstantiation_when_waiting_for_insubstantiation" time="0.061"/>
<testcase classname="buildbot.test.integration.test_worker_latent.Latent" name="test_substantiation_during_stop_instance" time="0.063"/>
<testcase classname="buildbot.test.integration.test_worker_latent.Latent" name="test_substantiation_during_stop_instance_canStartBuild_race" time="0.071"/>
<testcase classname="buildbot.test.integration.test_worker_latent.Latent" name="test_substantiation_is_cancelled_by_build_stop" time="0.126"/>
<testcase classname="buildbot.test.integration.test_worker_latent.Latent" name="test_supports_no_build_for_substantiation" time="0.033"/>
<testcase classname="buildbot.test.integration.test_worker_latent.Latent" name="test_supports_no_build_for_substantiation_accepts_build_later" time="0.049"/>
<testcase classname="buildbot.test.integration.test_worker_latent.Latent" name="test_very_late_detached_after_substantiation" time="0.063"/>
<testcase classname="buildbot.test.integration.test_worker_latent.Latent" name="test_worker_accepts_builds_after_failure" time="0.073"/>
<testcase classname="buildbot.test.integration.test_worker_latent.Latent" name="test_worker_close_connection_while_building" time="0.064"/>
<testcase classname="buildbot.test.integration.test_worker_latent.Latent" name="test_worker_multiple_substantiations_succeed" time="0.060"/>
<testcase classname="buildbot.test.integration.test_worker_latent.LatentWithLatentMachine" name="test_1worker_does_not_stop_machine_machine_after_timeout_during_build" time="0.063"/>
<testcase classname="buildbot.test.integration.test_worker_latent.LatentWithLatentMachine" name="test_1worker_eats_exception_from_start_machine" time="0.050"/>
<testcase classname="buildbot.test.integration.test_worker_latent.LatentWithLatentMachine" name="test_1worker_eats_exception_from_stop_machine" time="0.052"/>
<testcase classname="buildbot.test.integration.test_worker_latent.LatentWithLatentMachine" name="test_1worker_insubstantiated_after_start_failure" time="0.049"/>
<testcase classname="buildbot.test.integration.test_worker_latent.LatentWithLatentMachine" name="test_1worker_starts_and_stops_after_single_build_failure" time="0.050"/>
<testcase classname="buildbot.test.integration.test_worker_latent.LatentWithLatentMachine" name="test_1worker_starts_and_stops_after_single_build_success" time="0.126"/>
<testcase classname="buildbot.test.integration.test_worker_latent.LatentWithLatentMachine" name="test_1worker_stops_machine_after_timeout" time="0.050"/>
<testcase classname="buildbot.test.integration.test_worker_latent.LatentWithLatentMachine" name="test_2workers_build_substantiates_insubstantiates_both_workers" time="0.109"/>
<testcase classname="buildbot.test.integration.test_worker_latent.LatentWithLatentMachine" name="test_2workers_insubstantiated_after_one_start_failure" time="0.059"/>
<testcase classname="buildbot.test.integration.test_worker_latent.LatentWithLatentMachine" name="test_2workers_two_builds_start_machine_concurrently" time="0.075"/>
<testcase classname="buildbot.test.integration.test_worker_marathon.MarathonMaster" name="test_trigger" time="0.001">
<skipped>marathon integration tests only run when environment variable BBTEST_MARATHON_URL is with url to Marathon api &#xA;</skipped>
</testcase>
<testcase classname="buildbot.test.integration.test_worker_proxy.ProxyCommandMixinMasterPB" name="test_commandmixin" time="1.461"/>
<testcase classname="buildbot.test.integration.test_worker_proxy.ProxyCompositeStepMixinMasterPb" name="test_compositemixin" time="1.271"/>
<testcase classname="buildbot.test.integration.test_worker_proxy.ProxyCompositeStepMixinMasterPb" name="test_compositemixin_rmdir_list" time="1.389"/>
<testcase classname="buildbot.test.integration.test_worker_proxy.ProxyInterruptCommandPb" name="test_interrupt" time="2.608"/>
<testcase classname="buildbot.test.integration.test_worker_proxy.ProxySecretsConfigPB" name="test_secretReconfig_0_with_interpolation" time="1.520"/>
<testcase classname="buildbot.test.integration.test_worker_proxy.ProxySecretsConfigPB" name="test_secretReconfig_1_plain_command" time="1.492"/>
<testcase classname="buildbot.test.integration.test_worker_proxy.ProxySecretsConfigPB" name="test_secret_0_with_interpolation" time="1.304"/>
<testcase classname="buildbot.test.integration.test_worker_proxy.ProxySecretsConfigPB" name="test_secret_1_plain_command" time="1.351"/>
<testcase classname="buildbot.test.integration.test_worker_proxy.ProxySetPropertyFromCommandPB" name="test_setProp" time="1.623"/>
<testcase classname="buildbot.test.integration.test_worker_proxy.ProxyTransferStepsMasterPb" name="test_globTransfer" time="1.322"/>
<testcase classname="buildbot.test.integration.test_worker_proxy.ProxyTransferStepsMasterPb" name="test_no_exist_directory_upload" time="1.310"/>
<testcase classname="buildbot.test.integration.test_worker_proxy.ProxyTransferStepsMasterPb" name="test_no_exist_file_upload" time="1.446"/>
<testcase classname="buildbot.test.integration.test_worker_proxy.ProxyTransferStepsMasterPb" name="test_no_exist_multiple_file_upload" time="1.395"/>
<testcase classname="buildbot.test.integration.test_worker_proxy.ProxyTransferStepsMasterPb" name="test_transfer" time="1.685"/>
<testcase classname="buildbot.test.integration.test_worker_proxy.ProxyWorkerReconnect" name="test_eventually_reconnect" time="3.423"/>
<testcase classname="buildbot.test.integration.test_worker_upcloud.UpcloudMaster" name="test_trigger" time="0.001">
<skipped>upcloud integration tests only run when environment variable BBTEST_UPCLOUD_CREDS is set to valid upcloud credentials &#xA;</skipped>
</testcase>
<testcase classname="buildbot.test.integration.test_worker_workerside.TestWorkerConnection" name="test_applicative_reconnection" time="4.165"/>
<testcase classname="buildbot.test.integration.test_worker_workerside.TestWorkerConnection" name="test_connect_disconnect" time="0.017"/>
<testcase classname="buildbot.test.integration.test_worker_workerside.TestWorkerConnection" name="test_pb_keepalive" time="0.224"/>
<testcase classname="buildbot.test.integration.test_worker_workerside.TestWorkerConnection" name="test_reconnect_network" time="0.011"/>
<testcase classname="buildbot.test.integration.test_www.Www" name="test_masters" time="0.033"/>
<testcase classname="buildbot.test.regressions.test_bad_change_properties_rows.TestBadRows" name="test_bogus_row_jsoned_list" time="0.010"/>
<testcase classname="buildbot.test.regressions.test_bad_change_properties_rows.TestBadRows" name="test_bogus_row_no_source" time="0.008"/>
<testcase classname="buildbot.test.regressions.test_oldpaths.OldImportPaths" name="test_buildrequest_BuildRequest" time="0.002"/>
<testcase classname="buildbot.test.regressions.test_oldpaths.OldImportPaths" name="test_buildstep_logobserver" time="0.000"/>
<testcase classname="buildbot.test.regressions.test_oldpaths.OldImportPaths" name="test_buildstep_remotecommand" time="0.000"/>
<testcase classname="buildbot.test.regressions.test_oldpaths.OldImportPaths" name="test_process_base_Build" time="0.001"/>
<testcase classname="buildbot.test.regressions.test_oldpaths.OldImportPaths" name="test_process_subunitlogobserver_SubunitShellCommand" time="0.000"/>
<testcase classname="buildbot.test.regressions.test_oldpaths.OldImportPaths" name="test_scheduler_AnyBranchScheduler" time="0.001"/>
<testcase classname="buildbot.test.regressions.test_oldpaths.OldImportPaths" name="test_scheduler_Dependent" time="0.000"/>
<testcase classname="buildbot.test.regressions.test_oldpaths.OldImportPaths" name="test_scheduler_Nightly" time="0.000"/>
<testcase classname="buildbot.test.regressions.test_oldpaths.OldImportPaths" name="test_scheduler_Periodic" time="0.000"/>
<testcase classname="buildbot.test.regressions.test_oldpaths.OldImportPaths" name="test_scheduler_Scheduler" time="0.000"/>
<testcase classname="buildbot.test.regressions.test_oldpaths.OldImportPaths" name="test_scheduler_Triggerable" time="0.000"/>
<testcase classname="buildbot.test.regressions.test_oldpaths.OldImportPaths" name="test_scheduler_Try_Jobdir" time="0.000"/>
<testcase classname="buildbot.test.regressions.test_oldpaths.OldImportPaths" name="test_scheduler_Try_Userpass" time="0.000"/>
<testcase classname="buildbot.test.regressions.test_oldpaths.OldImportPaths" name="test_scheduler_basic_Dependent" time="0.000"/>
<testcase classname="buildbot.test.regressions.test_oldpaths.OldImportPaths" name="test_schedulers_basic_Scheduler" time="0.000"/>
<testcase classname="buildbot.test.regressions.test_oldpaths.OldImportPaths" name="test_schedulers_filter_ChangeFilter" time="0.000"/>
<testcase classname="buildbot.test.regressions.test_oldpaths.OldImportPaths" name="test_steps_source_Source" time="0.000"/>
<testcase classname="buildbot.test.regressions.test_steps_shell_WarningCountingShellCommand.TestWarningCountingShellCommand" name="testSuppressingLinelessWarningsPossible" time="0.000"/>
<testcase classname="buildbot.test.unit.changes.test_base.TestChangeSource" name="test_activation" time="0.002"/>
<testcase classname="buildbot.test.unit.changes.test_base.TestPollingChangeSource" name="test_loop_exception" time="0.004"/>
<testcase classname="buildbot.test.unit.changes.test_base.TestPollingChangeSource" name="test_loop_loops" time="0.002"/>
<testcase classname="buildbot.test.unit.changes.test_base.TestPollingChangeSource" name="test_pollAtLaunch" time="0.001"/>
<testcase classname="buildbot.test.unit.changes.test_base.TestPollingChangeSource" name="test_poll_only_if_activated" time="0.001"/>
<testcase classname="buildbot.test.unit.changes.test_base.TestReconfigurablePollingChangeSource" name="test_config_negative_interval" time="0.001"/>
<testcase classname="buildbot.test.unit.changes.test_base.TestReconfigurablePollingChangeSource" name="test_config_negative_random_delay_max" time="0.001"/>
<testcase classname="buildbot.test.unit.changes.test_base.TestReconfigurablePollingChangeSource" name="test_config_negative_random_delay_min" time="0.001"/>
<testcase classname="buildbot.test.unit.changes.test_base.TestReconfigurablePollingChangeSource" name="test_config_random_delay_max_gte_interval" time="0.001"/>
<testcase classname="buildbot.test.unit.changes.test_base.TestReconfigurablePollingChangeSource" name="test_config_random_delay_min_gt_random_delay_max" time="0.001"/>
<testcase classname="buildbot.test.unit.changes.test_base.TestReconfigurablePollingChangeSource" name="test_loop_exception" time="0.002"/>
<testcase classname="buildbot.test.unit.changes.test_base.TestReconfigurablePollingChangeSource" name="test_loop_loops" time="0.002"/>
<testcase classname="buildbot.test.unit.changes.test_base.TestReconfigurablePollingChangeSource" name="test_pollAtLaunch" time="0.001"/>
<testcase classname="buildbot.test.unit.changes.test_base.TestReconfigurablePollingChangeSource" name="test_poll_only_if_activated" time="0.002"/>
<testcase classname="buildbot.test.unit.changes.test_bitbucket.TestBitbucketPullrequestPoller" name="test_describe" time="0.003"/>
<testcase classname="buildbot.test.unit.changes.test_bitbucket.TestBitbucketPullrequestPoller" name="test_poll_new_pull_requests" time="0.002"/>
<testcase classname="buildbot.test.unit.changes.test_bitbucket.TestBitbucketPullrequestPoller" name="test_poll_no_pull_requests" time="0.001"/>
<testcase classname="buildbot.test.unit.changes.test_bitbucket.TestBitbucketPullrequestPoller" name="test_poll_no_updated_pull_request" time="0.001"/>
<testcase classname="buildbot.test.unit.changes.test_bitbucket.TestBitbucketPullrequestPoller" name="test_poll_pull_request_filter_False" time="0.001"/>
<testcase classname="buildbot.test.unit.changes.test_bitbucket.TestBitbucketPullrequestPoller" name="test_poll_pull_request_filter_True" time="0.001"/>
<testcase classname="buildbot.test.unit.changes.test_bitbucket.TestBitbucketPullrequestPoller" name="test_poll_pull_request_not_useTimestamps" time="0.001"/>
<testcase classname="buildbot.test.unit.changes.test_bitbucket.TestBitbucketPullrequestPoller" name="test_poll_pull_request_properties" time="0.002"/>
<testcase classname="buildbot.test.unit.changes.test_bitbucket.TestBitbucketPullrequestPoller" name="test_poll_unknown_repo" time="0.002"/>
<testcase classname="buildbot.test.unit.changes.test_bitbucket.TestBitbucketPullrequestPoller" name="test_poll_updated_pull_request" time="0.002"/>
<testcase classname="buildbot.test.unit.changes.test_changes.Change" name="test_asDict" time="0.001"/>
<testcase classname="buildbot.test.unit.changes.test_changes.Change" name="test_asText" time="0.001"/>
<testcase classname="buildbot.test.unit.changes.test_changes.Change" name="test_compare" time="0.000"/>
<testcase classname="buildbot.test.unit.changes.test_changes.Change" name="test_fromChdict" time="0.000"/>
<testcase classname="buildbot.test.unit.changes.test_changes.Change" name="test_getLogs" time="0.000"/>
<testcase classname="buildbot.test.unit.changes.test_changes.Change" name="test_getShortAuthor" time="0.000"/>
<testcase classname="buildbot.test.unit.changes.test_changes.Change" name="test_getText" time="0.000"/>
<testcase classname="buildbot.test.unit.changes.test_changes.Change" name="test_getTime" time="0.000"/>
<testcase classname="buildbot.test.unit.changes.test_changes.Change" name="test_getTimes" time="0.000"/>
<testcase classname="buildbot.test.unit.changes.test_changes.Change" name="test_str" time="0.000"/>
<testcase classname="buildbot.test.unit.changes.test_filter.TestChangeFilter" name="test_eq_0_match" time="0.000"/>
<testcase classname="buildbot.test.unit.changes.test_filter.TestChangeFilter" name="test_eq_1_not_project" time="0.000"/>
<testcase classname="buildbot.test.unit.changes.test_filter.TestChangeFilter" name="test_eq_2_not_codebase" time="0.000"/>
<testcase classname="buildbot.test.unit.changes.test_filter.TestChangeFilter" name="test_eq_3_not_repository" time="0.000"/>
<testcase classname="buildbot.test.unit.changes.test_filter.TestChangeFilter" name="test_eq_4_not_category" time="0.000"/>
<testcase classname="buildbot.test.unit.changes.test_filter.TestChangeFilter" name="test_eq_5_not_branch" time="0.000"/>
<testcase classname="buildbot.test.unit.changes.test_filter.TestChangeFilter" name="test_eq_list_0_match" time="0.000"/>
<testcase classname="buildbot.test.unit.changes.test_filter.TestChangeFilter" name="test_eq_list_1_not_project" time="0.000"/>
<testcase classname="buildbot.test.unit.changes.test_filter.TestChangeFilter" name="test_eq_list_2_not_codebase" time="0.000"/>
<testcase classname="buildbot.test.unit.changes.test_filter.TestChangeFilter" name="test_eq_list_3_not_repository" time="0.000"/>
<testcase classname="buildbot.test.unit.changes.test_filter.TestChangeFilter" name="test_eq_list_4_not_category" time="0.000"/>
<testcase classname="buildbot.test.unit.changes.test_filter.TestChangeFilter" name="test_eq_list_5_not_branch" time="0.000"/>
<testcase classname="buildbot.test.unit.changes.test_filter.TestChangeFilter" name="test_filter_change_branch_re" time="0.000"/>
<testcase classname="buildbot.test.unit.changes.test_filter.TestChangeFilter" name="test_filter_change_combination" time="0.000"/>
<testcase classname="buildbot.test.unit.changes.test_filter.TestChangeFilter" name="test_filter_change_combination_filter_fn" time="0.000"/>
<testcase classname="buildbot.test.unit.changes.test_filter.TestChangeFilter" name="test_filter_change_filt_branch_list_None" time="0.000"/>
<testcase classname="buildbot.test.unit.changes.test_filter.TestChangeFilter" name="test_filter_change_filter_fn" time="0.000"/>
<testcase classname="buildbot.test.unit.changes.test_filter.TestChangeFilter" name="test_filter_props" time="0.000"/>
<testcase classname="buildbot.test.unit.changes.test_filter.TestChangeFilter" name="test_fn_0_match" time="0.000"/>
<testcase classname="buildbot.test.unit.changes.test_filter.TestChangeFilter" name="test_fn_1_not_project" time="0.000"/>
<testcase classname="buildbot.test.unit.changes.test_filter.TestChangeFilter" name="test_fn_2_not_codebase" time="0.000"/>
<testcase classname="buildbot.test.unit.changes.test_filter.TestChangeFilter" name="test_fn_3_not_repository" time="0.000"/>
<testcase classname="buildbot.test.unit.changes.test_filter.TestChangeFilter" name="test_fn_4_not_category" time="0.000"/>
<testcase classname="buildbot.test.unit.changes.test_filter.TestChangeFilter" name="test_fn_5_not_branch" time="0.000"/>
<testcase classname="buildbot.test.unit.changes.test_filter.TestChangeFilter" name="test_not_eq_0_match" time="0.000"/>
<testcase classname="buildbot.test.unit.changes.test_filter.TestChangeFilter" name="test_not_eq_1_not_project" time="0.000"/>
<testcase classname="buildbot.test.unit.changes.test_filter.TestChangeFilter" name="test_not_eq_2_not_codebase" time="0.000"/>
<testcase classname="buildbot.test.unit.changes.test_filter.TestChangeFilter" name="test_not_eq_3_not_repository" time="0.000"/>
<testcase classname="buildbot.test.unit.changes.test_filter.TestChangeFilter" name="test_not_eq_4_not_category" time="0.000"/>
<testcase classname="buildbot.test.unit.changes.test_filter.TestChangeFilter" name="test_not_eq_5_not_branch" time="0.000"/>
<testcase classname="buildbot.test.unit.changes.test_filter.TestChangeFilter" name="test_not_eq_list_0_match" time="0.000"/>
<testcase classname="buildbot.test.unit.changes.test_filter.TestChangeFilter" name="test_not_eq_list_1_not_project" time="0.000"/>
<testcase classname="buildbot.test.unit.changes.test_filter.TestChangeFilter" name="test_not_eq_list_2_not_codebase" time="0.000"/>
<testcase classname="buildbot.test.unit.changes.test_filter.TestChangeFilter" name="test_not_eq_list_3_not_repository" time="0.000"/>
<testcase classname="buildbot.test.unit.changes.test_filter.TestChangeFilter" name="test_not_eq_list_4_not_category" time="0.000"/>
<testcase classname="buildbot.test.unit.changes.test_filter.TestChangeFilter" name="test_not_eq_list_5_not_branch" time="0.000"/>
<testcase classname="buildbot.test.unit.changes.test_filter.TestChangeFilter" name="test_not_re_0_match" time="0.000"/>
<testcase classname="buildbot.test.unit.changes.test_filter.TestChangeFilter" name="test_not_re_1_not_project" time="0.000"/>
<testcase classname="buildbot.test.unit.changes.test_filter.TestChangeFilter" name="test_not_re_2_not_codebase" time="0.000"/>
<testcase classname="buildbot.test.unit.changes.test_filter.TestChangeFilter" name="test_not_re_3_not_repository" time="0.000"/>
<testcase classname="buildbot.test.unit.changes.test_filter.TestChangeFilter" name="test_not_re_4_not_category" time="0.000"/>
<testcase classname="buildbot.test.unit.changes.test_filter.TestChangeFilter" name="test_not_re_5_not_branch" time="0.000"/>
<testcase classname="buildbot.test.unit.changes.test_filter.TestChangeFilter" name="test_not_re_list_0_match" time="0.000"/>
<testcase classname="buildbot.test.unit.changes.test_filter.TestChangeFilter" name="test_not_re_list_1_not_project" time="0.000"/>
<testcase classname="buildbot.test.unit.changes.test_filter.TestChangeFilter" name="test_not_re_list_2_not_codebase" time="0.000"/>
<testcase classname="buildbot.test.unit.changes.test_filter.TestChangeFilter" name="test_not_re_list_3_not_repository" time="0.000"/>
<testcase classname="buildbot.test.unit.changes.test_filter.TestChangeFilter" name="test_not_re_list_4_not_category" time="0.000"/>
<testcase classname="buildbot.test.unit.changes.test_filter.TestChangeFilter" name="test_not_re_list_5_not_branch" time="0.000"/>
<testcase classname="buildbot.test.unit.changes.test_filter.TestChangeFilter" name="test_re_0_match" time="0.000"/>
<testcase classname="buildbot.test.unit.changes.test_filter.TestChangeFilter" name="test_re_1_not_project" time="0.000"/>
<testcase classname="buildbot.test.unit.changes.test_filter.TestChangeFilter" name="test_re_2_not_codebase" time="0.000"/>
<testcase classname="buildbot.test.unit.changes.test_filter.TestChangeFilter" name="test_re_3_not_repository" time="0.000"/>
<testcase classname="buildbot.test.unit.changes.test_filter.TestChangeFilter" name="test_re_4_not_category" time="0.000"/>
<testcase classname="buildbot.test.unit.changes.test_filter.TestChangeFilter" name="test_re_5_not_branch" time="0.000"/>
<testcase classname="buildbot.test.unit.changes.test_filter.TestChangeFilter" name="test_re_list_0_match" time="0.000"/>
<testcase classname="buildbot.test.unit.changes.test_filter.TestChangeFilter" name="test_re_list_1_not_project" time="0.000"/>
<testcase classname="buildbot.test.unit.changes.test_filter.TestChangeFilter" name="test_re_list_2_not_codebase" time="0.000"/>
<testcase classname="buildbot.test.unit.changes.test_filter.TestChangeFilter" name="test_re_list_3_not_repository" time="0.000"/>
<testcase classname="buildbot.test.unit.changes.test_filter.TestChangeFilter" name="test_re_list_4_not_category" time="0.000"/>
<testcase classname="buildbot.test.unit.changes.test_filter.TestChangeFilter" name="test_re_list_5_not_branch" time="0.000"/>
<testcase classname="buildbot.test.unit.changes.test_filter.TestChangeFilter" name="test_re_pattern_0_match" time="0.000"/>
<testcase classname="buildbot.test.unit.changes.test_filter.TestChangeFilter" name="test_re_pattern_1_not_project" time="0.000"/>
<testcase classname="buildbot.test.unit.changes.test_filter.TestChangeFilter" name="test_re_pattern_2_not_codebase" time="0.000"/>
<testcase classname="buildbot.test.unit.changes.test_filter.TestChangeFilter" name="test_re_pattern_3_not_repository" time="0.000"/>
<testcase classname="buildbot.test.unit.changes.test_filter.TestChangeFilter" name="test_re_pattern_4_not_category" time="0.000"/>
<testcase classname="buildbot.test.unit.changes.test_filter.TestChangeFilter" name="test_re_pattern_5_not_branch" time="0.000"/>
<testcase classname="buildbot.test.unit.changes.test_gerritchangesource.TestGerritChangeFilter" name="test_branch_fn" time="0.000"/>
<testcase classname="buildbot.test.unit.changes.test_gerritchangesource.TestGerritChangeFilter" name="test_event_type" time="0.000"/>
<testcase classname="buildbot.test.unit.changes.test_gerritchangesource.TestGerritChangeFilter" name="test_event_type_fn" time="0.000"/>
<testcase classname="buildbot.test.unit.changes.test_gerritchangesource.TestGerritChangeFilter" name="test_event_type_re" time="0.001"/>
<testcase classname="buildbot.test.unit.changes.test_gerritchangesource.TestGerritChangeSource" name="test_activate" time="0.002"/>
<testcase classname="buildbot.test.unit.changes.test_gerritchangesource.TestGerritChangeSource" name="test_custom_handler" time="0.002"/>
<testcase classname="buildbot.test.unit.changes.test_gerritchangesource.TestGerritChangeSource" name="test_describe" time="0.001"/>
<testcase classname="buildbot.test.unit.changes.test_gerritchangesource.TestGerritChangeSource" name="test_duplicate_non_source_events_not_ignored" time="0.001"/>
<testcase classname="buildbot.test.unit.changes.test_gerritchangesource.TestGerritChangeSource" name="test_failure_backoff" time="0.001"/>
<testcase classname="buildbot.test.unit.changes.test_gerritchangesource.TestGerritChangeSource" name="test_getFiles" time="0.001"/>
<testcase classname="buildbot.test.unit.changes.test_gerritchangesource.TestGerritChangeSource" name="test_getFilesFromEvent" time="0.001"/>
<testcase classname="buildbot.test.unit.changes.test_gerritchangesource.TestGerritChangeSource" name="test_handled_events_filter_false" time="0.001"/>
<testcase classname="buildbot.test.unit.changes.test_gerritchangesource.TestGerritChangeSource" name="test_handled_events_filter_true" time="0.001"/>
<testcase classname="buildbot.test.unit.changes.test_gerritchangesource.TestGerritChangeSource" name="test_line_received_comment_added" time="0.001"/>
<testcase classname="buildbot.test.unit.changes.test_gerritchangesource.TestGerritChangeSource" name="test_line_received_patchset_created" time="0.001"/>
<testcase classname="buildbot.test.unit.changes.test_gerritchangesource.TestGerritChangeSource" name="test_line_received_patchset_created_props" time="0.001"/>
<testcase classname="buildbot.test.unit.changes.test_gerritchangesource.TestGerritChangeSource" name="test_line_received_ref_updated" time="0.001"/>
<testcase classname="buildbot.test.unit.changes.test_gerritchangesource.TestGerritChangeSource" name="test_line_received_ref_updated_for_change" time="0.001"/>
<testcase classname="buildbot.test.unit.changes.test_gerritchangesource.TestGerritChangeSource" name="test_malformed_events_ignored" time="0.002"/>
<testcase classname="buildbot.test.unit.changes.test_gerritchangesource.TestGerritChangeSource" name="test_name" time="0.002"/>
<testcase classname="buildbot.test.unit.changes.test_gerritchangesource.TestGerritChangeSource" name="test_poll_after_broken_connection_0_has_ts_in_db" time="0.002"/>
<testcase classname="buildbot.test.unit.changes.test_gerritchangesource.TestGerritChangeSource" name="test_poll_after_broken_connection_1_has_no_ts_in_db" time="0.002"/>
<testcase classname="buildbot.test.unit.changes.test_gerritchangesource.TestGerritChangeSource" name="test_poll_after_broken_connection_with_message_before" time="0.002"/>
<testcase classname="buildbot.test.unit.changes.test_gerritchangesource.TestGerritChangeSource" name="test_poll_after_working_connection_but_no_messages" time="0.002"/>
<testcase classname="buildbot.test.unit.changes.test_gerritchangesource.TestGerritEventLogPoller" name="test_describe" time="0.001"/>
<testcase classname="buildbot.test.unit.changes.test_gerritchangesource.TestGerritEventLogPoller" name="test_getFiles" time="0.001"/>
<testcase classname="buildbot.test.unit.changes.test_gerritchangesource.TestGerritEventLogPoller" name="test_lineReceived_patchset_created" time="0.001"/>
<testcase classname="buildbot.test.unit.changes.test_gerritchangesource.TestGerritEventLogPoller" name="test_name" time="0.001"/>
<testcase classname="buildbot.test.unit.changes.test_gerritchangesource.TestGerritHelpers" name="test_missing_email" time="0.000"/>
<testcase classname="buildbot.test.unit.changes.test_gerritchangesource.TestGerritHelpers" name="test_missing_name" time="0.000"/>
<testcase classname="buildbot.test.unit.changes.test_gerritchangesource.TestGerritHelpers" name="test_missing_username" time="0.000"/>
<testcase classname="buildbot.test.unit.changes.test_gerritchangesource.TestGerritHelpers" name="test_proper_json" time="0.000"/>
<testcase classname="buildbot.test.unit.changes.test_github.TestGitHubPullrequestPoller" name="test_AuthormissingEmail" time="0.002"/>
<testcase classname="buildbot.test.unit.changes.test_github.TestGitHubPullrequestPoller" name="test_PRfilter" time="0.003"/>
<testcase classname="buildbot.test.unit.changes.test_github.TestGitHubPullrequestPoller" name="test_SimplePR" time="0.002"/>
<testcase classname="buildbot.test.unit.changes.test_github.TestGitHubPullrequestPoller" name="test_baseURL" time="0.002"/>
<testcase classname="buildbot.test.unit.changes.test_github.TestGitHubPullrequestPoller" name="test_custom_name" time="0.001"/>
<testcase classname="buildbot.test.unit.changes.test_github.TestGitHubPullrequestPoller" name="test_default_name" time="0.001"/>
<testcase classname="buildbot.test.unit.changes.test_github.TestGitHubPullrequestPoller" name="test_describe" time="0.001"/>
<testcase classname="buildbot.test.unit.changes.test_github.TestGitHubPullrequestPoller" name="test_failCommitters" time="0.002"/>
<testcase classname="buildbot.test.unit.changes.test_github.TestGitHubPullrequestPoller" name="test_failFiles" time="0.002"/>
<testcase classname="buildbot.test.unit.changes.test_github.TestGitHubPullrequestPoller" name="test_http_error" time="0.002"/>
<testcase classname="buildbot.test.unit.changes.test_github.TestGitHubPullrequestPoller" name="test_magicLink" time="0.002"/>
<testcase classname="buildbot.test.unit.changes.test_github.TestGitHubPullrequestPoller" name="test_project" time="0.003"/>
<testcase classname="buildbot.test.unit.changes.test_github.TestGitHubPullrequestPoller" name="test_secret_token" time="0.002"/>
<testcase classname="buildbot.test.unit.changes.test_github.TestGitHubPullrequestPoller" name="test_wrongBranch" time="0.001"/>
<testcase classname="buildbot.test.unit.changes.test_github.TestGitHubPullrequestPoller" name="test_wrongRepoLink" time="0.001"/>
<testcase classname="buildbot.test.unit.changes.test_gitpoller.TestGitPoller" name="test_checkGitFeatures_git_bad_version" time="0.001"/>
<testcase classname="buildbot.test.unit.changes.test_gitpoller.TestGitPoller" name="test_checkGitFeatures_git_not_installed" time="0.001"/>
<testcase classname="buildbot.test.unit.changes.test_gitpoller.TestGitPoller" name="test_describe" time="0.001"/>
<testcase classname="buildbot.test.unit.changes.test_gitpoller.TestGitPoller" name="test_get_commit_author" time="0.001"/>
<testcase classname="buildbot.test.unit.changes.test_gitpoller.TestGitPoller" name="test_get_commit_comments" time="0.002"/>
<testcase classname="buildbot.test.unit.changes.test_gitpoller.TestGitPoller" name="test_get_commit_committer" time="0.002"/>
<testcase classname="buildbot.test.unit.changes.test_gitpoller.TestGitPoller" name="test_get_commit_files" time="0.002"/>
<testcase classname="buildbot.test.unit.changes.test_gitpoller.TestGitPoller" name="test_get_commit_files_with_space_in_changed_files" time="0.001"/>
<testcase classname="buildbot.test.unit.changes.test_gitpoller.TestGitPoller" name="test_get_commit_timestamp" time="0.001"/>
<testcase classname="buildbot.test.unit.changes.test_gitpoller.TestGitPoller" name="test_name" time="0.001"/>
<testcase classname="buildbot.test.unit.changes.test_gitpoller.TestGitPoller" name="test_poll_GitError" time="0.002"/>
<testcase classname="buildbot.test.unit.changes.test_gitpoller.TestGitPoller" name="test_poll_GitError_log" time="0.001"/>
<testcase classname="buildbot.test.unit.changes.test_gitpoller.TestGitPoller" name="test_poll_allBranches_multiple" time="0.001"/>
<testcase classname="buildbot.test.unit.changes.test_gitpoller.TestGitPoller" name="test_poll_allBranches_single" time="0.001"/>
<testcase classname="buildbot.test.unit.changes.test_gitpoller.TestGitPoller" name="test_poll_branchFilter" time="0.001"/>
<testcase classname="buildbot.test.unit.changes.test_gitpoller.TestGitPoller" name="test_poll_callableCategory" time="0.001"/>
<testcase classname="buildbot.test.unit.changes.test_gitpoller.TestGitPoller" name="test_poll_callableFilteredBranches" time="0.001"/>
<testcase classname="buildbot.test.unit.changes.test_gitpoller.TestGitPoller" name="test_poll_failFetch" time="0.002"/>
<testcase classname="buildbot.test.unit.changes.test_gitpoller.TestGitPoller" name="test_poll_failInit" time="0.001"/>
<testcase classname="buildbot.test.unit.changes.test_gitpoller.TestGitPoller" name="test_poll_failLog" time="0.002"/>
<testcase classname="buildbot.test.unit.changes.test_gitpoller.TestGitPoller" name="test_poll_failRevParse" time="0.001"/>
<testcase classname="buildbot.test.unit.changes.test_gitpoller.TestGitPoller" name="test_poll_initial" time="0.001"/>
<testcase classname="buildbot.test.unit.changes.test_gitpoller.TestGitPoller" name="test_poll_initial_poller_not_running" time="0.001"/>
<testcase classname="buildbot.test.unit.changes.test_gitpoller.TestGitPoller" name="test_poll_multipleBranches" time="0.001"/>
<testcase classname="buildbot.test.unit.changes.test_gitpoller.TestGitPoller" name="test_poll_multipleBranches_buildPushesWithNoCommits_default" time="0.001"/>
<testcase classname="buildbot.test.unit.changes.test_gitpoller.TestGitPoller" name="test_poll_multipleBranches_buildPushesWithNoCommits_true" time="0.001"/>
<testcase classname="buildbot.test.unit.changes.test_gitpoller.TestGitPoller" name="test_poll_multipleBranches_buildPushesWithNoCommits_true_fast_forward" time="0.002"/>
<testcase classname="buildbot.test.unit.changes.test_gitpoller.TestGitPoller" name="test_poll_multipleBranches_buildPushesWithNoCommits_true_not_tip" time="0.002"/>
<testcase classname="buildbot.test.unit.changes.test_gitpoller.TestGitPoller" name="test_poll_multipleBranches_initial" time="0.002"/>
<testcase classname="buildbot.test.unit.changes.test_gitpoller.TestGitPoller" name="test_poll_noChanges" time="0.001"/>
<testcase classname="buildbot.test.unit.changes.test_gitpoller.TestGitPoller" name="test_poll_nothingNew" time="0.001"/>
<testcase classname="buildbot.test.unit.changes.test_gitpoller.TestGitPoller" name="test_poll_old" time="0.001"/>
<testcase classname="buildbot.test.unit.changes.test_gitpoller.TestGitPoller" name="test_startService" time="0.001"/>
<testcase classname="buildbot.test.unit.changes.test_gitpoller.TestGitPoller" name="test_startService_loadLastRev" time="0.001"/>
<testcase classname="buildbot.test.unit.changes.test_gitpoller.TestGitPollerConstructor" name="test_branch_and_only_tags" time="0.001"/>
<testcase classname="buildbot.test.unit.changes.test_gitpoller.TestGitPollerConstructor" name="test_branches" time="0.001"/>
<testcase classname="buildbot.test.unit.changes.test_gitpoller.TestGitPollerConstructor" name="test_branches_True" time="0.001"/>
<testcase classname="buildbot.test.unit.changes.test_gitpoller.TestGitPollerConstructor" name="test_branches_andBranch" time="0.001"/>
<testcase classname="buildbot.test.unit.changes.test_gitpoller.TestGitPollerConstructor" name="test_branches_and_only_tags" time="0.001"/>
<testcase classname="buildbot.test.unit.changes.test_gitpoller.TestGitPollerConstructor" name="test_branches_default" time="0.001"/>
<testcase classname="buildbot.test.unit.changes.test_gitpoller.TestGitPollerConstructor" name="test_branches_oldBranch" time="0.001"/>
<testcase classname="buildbot.test.unit.changes.test_gitpoller.TestGitPollerConstructor" name="test_deprecatedFetchRefspec" time="0.001"/>
<testcase classname="buildbot.test.unit.changes.test_gitpoller.TestGitPollerConstructor" name="test_gitbin_default" time="0.001"/>
<testcase classname="buildbot.test.unit.changes.test_gitpoller.TestGitPollerConstructor" name="test_oldPollInterval" time="0.002"/>
<testcase classname="buildbot.test.unit.changes.test_gitpoller.TestGitPollerConstructor" name="test_only_tags_True" time="0.001"/>
<testcase classname="buildbot.test.unit.changes.test_gitpoller.TestGitPollerWithSshHostKey" name="test_poll_initial_2_10" time="0.002"/>
<testcase classname="buildbot.test.unit.changes.test_gitpoller.TestGitPollerWithSshKnownHosts" name="test_poll_initial_2_10" time="0.001"/>
<testcase classname="buildbot.test.unit.changes.test_gitpoller.TestGitPollerWithSshPrivateKey" name="test_check_git_features_ssh_1_7" time="0.001"/>
<testcase classname="buildbot.test.unit.changes.test_gitpoller.TestGitPollerWithSshPrivateKey" name="test_poll_failFetch_git_2_10" time="0.001"/>
<testcase classname="buildbot.test.unit.changes.test_gitpoller.TestGitPollerWithSshPrivateKey" name="test_poll_initial_2_10" time="0.001"/>
<testcase classname="buildbot.test.unit.changes.test_gitpoller.TestGitPollerWithSshPrivateKey" name="test_poll_initial_2_3" time="0.001"/>
<testcase classname="buildbot.test.unit.changes.test_hgpoller.HgPollerNoTimestamp" name="test_describe" time="0.001"/>
<testcase classname="buildbot.test.unit.changes.test_hgpoller.HgPollerNoTimestamp" name="test_hgbin_default" time="0.001"/>
<testcase classname="buildbot.test.unit.changes.test_hgpoller.HgPollerNoTimestamp" name="test_name" time="0.002"/>
<testcase classname="buildbot.test.unit.changes.test_hgpoller.HgPollerNoTimestamp" name="test_poll_force_push" time="0.003"/>
<testcase classname="buildbot.test.unit.changes.test_hgpoller.HgPollerNoTimestamp" name="test_poll_initial" time="0.002"/>
<testcase classname="buildbot.test.unit.changes.test_hgpoller.HgPollerNoTimestamp" name="test_poll_regular" time="0.002"/>
<testcase classname="buildbot.test.unit.changes.test_hgpoller.HgPollerNoTimestamp" name="test_poll_several_heads" time="0.001"/>
<testcase classname="buildbot.test.unit.changes.test_hgpoller.TestHgPoller" name="test_describe" time="0.001"/>
<testcase classname="buildbot.test.unit.changes.test_hgpoller.TestHgPoller" name="test_hgbin_default" time="0.001"/>
<testcase classname="buildbot.test.unit.changes.test_hgpoller.TestHgPoller" name="test_name" time="0.001"/>
<testcase classname="buildbot.test.unit.changes.test_hgpoller.TestHgPoller" name="test_poll_force_push" time="0.001"/>
<testcase classname="buildbot.test.unit.changes.test_hgpoller.TestHgPoller" name="test_poll_initial" time="0.002"/>
<testcase classname="buildbot.test.unit.changes.test_hgpoller.TestHgPoller" name="test_poll_regular" time="0.003"/>
<testcase classname="buildbot.test.unit.changes.test_hgpoller.TestHgPoller" name="test_poll_several_heads" time="0.002"/>
<testcase classname="buildbot.test.unit.changes.test_hgpoller.TestHgPollerBookmarks" name="test_poll_initial" time="0.002"/>
<testcase classname="buildbot.test.unit.changes.test_hgpoller.TestHgPollerBookmarks" name="test_poll_regular" time="0.001"/>
<testcase classname="buildbot.test.unit.changes.test_hgpoller.TestHgPollerBranches" name="test_poll_initial" time="0.001"/>
<testcase classname="buildbot.test.unit.changes.test_hgpoller.TestHgPollerBranches" name="test_poll_regular" time="0.002"/>
<testcase classname="buildbot.test.unit.changes.test_mail.TestMaildirSource" name="test_describe" time="0.001"/>
<testcase classname="buildbot.test.unit.changes.test_mail.TestMaildirSource" name="test_messageReceived_bzr" time="0.003"/>
<testcase classname="buildbot.test.unit.changes.test_mail.TestMaildirSource" name="test_messageReceived_svn" time="0.004"/>
<testcase classname="buildbot.test.unit.changes.test_mail_CVSMaildirSource.TestCVSMaildirSource" name="test_CVSMaildirSource_create_change_from_cvs1_11msg" time="0.002"/>
<testcase classname="buildbot.test.unit.changes.test_mail_CVSMaildirSource.TestCVSMaildirSource" name="test_CVSMaildirSource_create_change_from_cvs1_12_with_no_path" time="0.001"/>
<testcase classname="buildbot.test.unit.changes.test_mail_CVSMaildirSource.TestCVSMaildirSource" name="test_CVSMaildirSource_create_change_from_cvs1_12msg" time="0.000"/>
<testcase classname="buildbot.test.unit.changes.test_mail_CVSMaildirSource.TestCVSMaildirSource" name="test_CVSMaildirSource_create_change_with_bad_cvsmode" time="0.000"/>
<testcase classname="buildbot.test.unit.changes.test_mail_CVSMaildirSource.TestCVSMaildirSource" name="test_CVSMaildirSource_create_change_with_branch" time="0.000"/>
<testcase classname="buildbot.test.unit.changes.test_mail_CVSMaildirSource.TestCVSMaildirSource" name="test_CVSMaildirSource_create_change_with_category" time="0.000"/>
<testcase classname="buildbot.test.unit.changes.test_mail_CVSMaildirSource.TestCVSMaildirSource" name="test_CVSMaildirSource_create_change_with_no_comment" time="0.000"/>
<testcase classname="buildbot.test.unit.changes.test_mail_CVSMaildirSource.TestCVSMaildirSource" name="test_CVSMaildirSource_create_change_with_no_files" time="0.000"/>
<testcase classname="buildbot.test.unit.changes.test_mail_CVSMaildirSource.TestCVSMaildirSource" name="test_CVSMaildirSource_create_change_with_no_project" time="0.000"/>
<testcase classname="buildbot.test.unit.changes.test_mail_CVSMaildirSource.TestCVSMaildirSource" name="test_CVSMaildirSource_create_change_with_no_repository" time="0.000"/>
<testcase classname="buildbot.test.unit.changes.test_mail_CVSMaildirSource.TestCVSMaildirSource" name="test_CVSMaildirSource_create_change_with_property" time="0.000"/>
<testcase classname="buildbot.test.unit.changes.test_manager.TestChangeManager" name="test_reconfigService_add" time="0.001"/>
<testcase classname="buildbot.test.unit.changes.test_manager.TestChangeManager" name="test_reconfigService_change_legacy" time="0.001"/>
<testcase classname="buildbot.test.unit.changes.test_manager.TestChangeManager" name="test_reconfigService_change_reconfigurable" time="0.001"/>
<testcase classname="buildbot.test.unit.changes.test_manager.TestChangeManager" name="test_reconfigService_remove" time="0.001"/>
<testcase classname="buildbot.test.unit.changes.test_p4poller.TestP4Poller" name="test_acquire_ticket_auth" time="0.001"/>
<testcase classname="buildbot.test.unit.changes.test_p4poller.TestP4Poller" name="test_acquire_ticket_auth_fail" time="0.001"/>
<testcase classname="buildbot.test.unit.changes.test_p4poller.TestP4Poller" name="test_describe" time="0.001"/>
<testcase classname="buildbot.test.unit.changes.test_p4poller.TestP4Poller" name="test_name" time="0.001"/>
<testcase classname="buildbot.test.unit.changes.test_p4poller.TestP4Poller" name="test_poll_failed_changes" time="0.001"/>
<testcase classname="buildbot.test.unit.changes.test_p4poller.TestP4Poller" name="test_poll_failed_describe" time="0.001"/>
<testcase classname="buildbot.test.unit.changes.test_p4poller.TestP4Poller" name="test_poll_split_file" time="0.001"/>
<testcase classname="buildbot.test.unit.changes.test_p4poller.TestP4Poller" name="test_poll_successful_default_encoding" time="0.001"/>
<testcase classname="buildbot.test.unit.changes.test_p4poller.TestP4Poller" name="test_poll_successful_macroman_encoding" time="0.002"/>
<testcase classname="buildbot.test.unit.changes.test_p4poller.TestP4Poller" name="test_poll_unicode_error" time="0.001"/>
<testcase classname="buildbot.test.unit.changes.test_p4poller.TestP4Poller" name="test_poll_unicode_error2" time="0.001"/>
<testcase classname="buildbot.test.unit.changes.test_p4poller.TestP4Poller" name="test_resolveWho_callable" time="0.001"/>
<testcase classname="buildbot.test.unit.changes.test_p4poller.TestP4Poller" name="test_server_tz" time="0.002"/>
<testcase classname="buildbot.test.unit.changes.test_p4poller.TestSplit" name="test_get_simple_split" time="0.000"/>
<testcase classname="buildbot.test.unit.changes.test_pb.TestChangePerspective" name="test_addChange_codebase" time="0.001"/>
<testcase classname="buildbot.test.unit.changes.test_pb.TestChangePerspective" name="test_addChange_files_tuple" time="0.001"/>
<testcase classname="buildbot.test.unit.changes.test_pb.TestChangePerspective" name="test_addChange_non_utf8_bytestring" time="0.001"/>
<testcase classname="buildbot.test.unit.changes.test_pb.TestChangePerspective" name="test_addChange_noprefix" time="0.001"/>
<testcase classname="buildbot.test.unit.changes.test_pb.TestChangePerspective" name="test_addChange_old_param_names" time="0.001"/>
<testcase classname="buildbot.test.unit.changes.test_pb.TestChangePerspective" name="test_addChange_prefix" time="0.001"/>
<testcase classname="buildbot.test.unit.changes.test_pb.TestChangePerspective" name="test_addChange_sanitize_None" time="0.001"/>
<testcase classname="buildbot.test.unit.changes.test_pb.TestChangePerspective" name="test_addChange_unicode" time="0.001"/>
<testcase classname="buildbot.test.unit.changes.test_pb.TestChangePerspective" name="test_addChange_unicode_as_bytestring" time="0.001"/>
<testcase classname="buildbot.test.unit.changes.test_pb.TestChangePerspective" name="test_addChange_when_None" time="0.001"/>
<testcase classname="buildbot.test.unit.changes.test_pb.TestChangePerspective" name="test_createUserObject_git_src" time="0.001"/>
<testcase classname="buildbot.test.unit.changes.test_pb.TestPBChangeSource" name="test_describe" time="0.001"/>
<testcase classname="buildbot.test.unit.changes.test_pb.TestPBChangeSource" name="test_describe_int" time="0.001"/>
<testcase classname="buildbot.test.unit.changes.test_pb.TestPBChangeSource" name="test_describe_prefix" time="0.001"/>
<testcase classname="buildbot.test.unit.changes.test_pb.TestPBChangeSource" name="test_name" time="0.001"/>
<testcase classname="buildbot.test.unit.changes.test_pb.TestPBChangeSource" name="test_no_registration_if_master_already_claimed" time="0.001"/>
<testcase classname="buildbot.test.unit.changes.test_pb.TestPBChangeSource" name="test_perspective" time="0.001"/>
<testcase classname="buildbot.test.unit.changes.test_pb.TestPBChangeSource" name="test_reconfigService_default_changed" time="0.001"/>
<testcase classname="buildbot.test.unit.changes.test_pb.TestPBChangeSource" name="test_reconfigService_default_changed_but_inactive" time="0.001"/>
<testcase classname="buildbot.test.unit.changes.test_pb.TestPBChangeSource" name="test_reconfigService_no_change" time="0.001"/>
<testcase classname="buildbot.test.unit.changes.test_pb.TestPBChangeSource" name="test_registration_custom_port" time="0.001"/>
<testcase classname="buildbot.test.unit.changes.test_pb.TestPBChangeSource" name="test_registration_global_workerport" time="0.001"/>
<testcase classname="buildbot.test.unit.changes.test_pb.TestPBChangeSource" name="test_registration_later_if_master_can_do_it" time="0.001"/>
<testcase classname="buildbot.test.unit.changes.test_pb.TestPBChangeSource" name="test_registration_no_userpass" time="0.001"/>
<testcase classname="buildbot.test.unit.changes.test_pb.TestPBChangeSource" name="test_registration_no_userpass_no_global" time="0.001"/>
<testcase classname="buildbot.test.unit.changes.test_pb.TestPBChangeSource" name="test_registration_no_workerport" time="0.001"/>
<testcase classname="buildbot.test.unit.changes.test_svnpoller.TestSVNPoller" name="test_cachepath_bogus" time="0.004"/>
<testcase classname="buildbot.test.unit.changes.test_svnpoller.TestSVNPoller" name="test_cachepath_empty" time="0.001"/>
<testcase classname="buildbot.test.unit.changes.test_svnpoller.TestSVNPoller" name="test_cachepath_full" time="0.003"/>
<testcase classname="buildbot.test.unit.changes.test_svnpoller.TestSVNPoller" name="test_constructor_pollinterval" time="0.001"/>
<testcase classname="buildbot.test.unit.changes.test_svnpoller.TestSVNPoller" name="test_create_changes" time="0.002"/>
<testcase classname="buildbot.test.unit.changes.test_svnpoller.TestSVNPoller" name="test_create_changes_overridden_project" time="0.001"/>
<testcase classname="buildbot.test.unit.changes.test_svnpoller.TestSVNPoller" name="test_describe" time="0.001"/>
<testcase classname="buildbot.test.unit.changes.test_svnpoller.TestSVNPoller" name="test_extra_args" time="0.001"/>
<testcase classname="buildbot.test.unit.changes.test_svnpoller.TestSVNPoller" name="test_get_new_logentries" time="0.001"/>
<testcase classname="buildbot.test.unit.changes.test_svnpoller.TestSVNPoller" name="test_get_prefix_1" time="0.001"/>
<testcase classname="buildbot.test.unit.changes.test_svnpoller.TestSVNPoller" name="test_get_prefix_2" time="0.001"/>
<testcase classname="buildbot.test.unit.changes.test_svnpoller.TestSVNPoller" name="test_get_prefix_3" time="0.001"/>
<testcase classname="buildbot.test.unit.changes.test_svnpoller.TestSVNPoller" name="test_get_prefix_4" time="0.001"/>
<testcase classname="buildbot.test.unit.changes.test_svnpoller.TestSVNPoller" name="test_get_text" time="0.001"/>
<testcase classname="buildbot.test.unit.changes.test_svnpoller.TestSVNPoller" name="test_log_parsing" time="0.001"/>
<testcase classname="buildbot.test.unit.changes.test_svnpoller.TestSVNPoller" name="test_name" time="0.001"/>
<testcase classname="buildbot.test.unit.changes.test_svnpoller.TestSVNPoller" name="test_poll" time="0.001"/>
<testcase classname="buildbot.test.unit.changes.test_svnpoller.TestSVNPoller" name="test_poll_empty_password" time="0.001"/>
<testcase classname="buildbot.test.unit.changes.test_svnpoller.TestSVNPoller" name="test_poll_get_logs_exception" time="0.001"/>
<testcase classname="buildbot.test.unit.changes.test_svnpoller.TestSVNPoller" name="test_poll_get_prefix_exception" time="0.001"/>
<testcase classname="buildbot.test.unit.changes.test_svnpoller.TestSVNPoller" name="test_poll_interpolated_password" time="0.001"/>
<testcase classname="buildbot.test.unit.changes.test_svnpoller.TestSVNPoller" name="test_poll_no_password" time="0.002"/>
<testcase classname="buildbot.test.unit.changes.test_svnpoller.TestSVNPoller" name="test_strip_repourl" time="0.001"/>
<testcase classname="buildbot.test.unit.changes.test_svnpoller.TestSVNPoller" name="test_use_svnurl" time="0.001"/>
<testcase classname="buildbot.test.unit.changes.test_svnpoller.TestSplitFile" name="test_split_file_alwaystrunk" time="0.000"/>
<testcase classname="buildbot.test.unit.changes.test_svnpoller.TestSplitFile" name="test_split_file_branches_branch" time="0.000"/>
<testcase classname="buildbot.test.unit.changes.test_svnpoller.TestSplitFile" name="test_split_file_branches_branch_invalid" time="0.000"/>
<testcase classname="buildbot.test.unit.changes.test_svnpoller.TestSplitFile" name="test_split_file_branches_branch_subdir" time="0.000"/>
<testcase classname="buildbot.test.unit.changes.test_svnpoller.TestSplitFile" name="test_split_file_branches_branch_subfile" time="0.000"/>
<testcase classname="buildbot.test.unit.changes.test_svnpoller.TestSplitFile" name="test_split_file_branches_otherdir" time="0.000"/>
<testcase classname="buildbot.test.unit.changes.test_svnpoller.TestSplitFile" name="test_split_file_branches_otherfile" time="0.000"/>
<testcase classname="buildbot.test.unit.changes.test_svnpoller.TestSplitFile" name="test_split_file_branches_trunk" time="0.000"/>
<testcase classname="buildbot.test.unit.changes.test_svnpoller.TestSplitFile" name="test_split_file_branches_trunk_invalid" time="0.000"/>
<testcase classname="buildbot.test.unit.changes.test_svnpoller.TestSplitFile" name="test_split_file_branches_trunk_subdir" time="0.000"/>
<testcase classname="buildbot.test.unit.changes.test_svnpoller.TestSplitFile" name="test_split_file_branches_trunk_subfile" time="0.000"/>
<testcase classname="buildbot.test.unit.changes.test_svnpoller.TestSplitFile" name="test_split_file_projects_branches" time="0.000"/>
<testcase classname="buildbot.test.unit.config.test_builder.BuilderConfigTests" name="test_args" time="0.000"/>
<testcase classname="buildbot.test.unit.config.test_builder.BuilderConfigTests" name="test_bogus_workername" time="0.000"/>
<testcase classname="buildbot.test.unit.config.test_builder.BuilderConfigTests" name="test_bogus_workernames" time="0.000"/>
<testcase classname="buildbot.test.unit.config.test_builder.BuilderConfigTests" name="test_defaults" time="0.000"/>
<testcase classname="buildbot.test.unit.config.test_builder.BuilderConfigTests" name="test_description_wrong_format" time="0.000"/>
<testcase classname="buildbot.test.unit.config.test_builder.BuilderConfigTests" name="test_getConfigDict" time="0.000"/>
<testcase classname="buildbot.test.unit.config.test_builder.BuilderConfigTests" name="test_getConfigDict_collapseRequests" time="0.000"/>
<testcase classname="buildbot.test.unit.config.test_builder.BuilderConfigTests" name="test_init_next_worker_keyword" time="0.000"/>
<testcase classname="buildbot.test.unit.config.test_builder.BuilderConfigTests" name="test_init_workerbuilddir_keyword" time="0.000"/>
<testcase classname="buildbot.test.unit.config.test_builder.BuilderConfigTests" name="test_init_workerbuilddir_positional" time="0.000"/>
<testcase classname="buildbot.test.unit.config.test_builder.BuilderConfigTests" name="test_init_workername_keyword" time="0.000"/>
<testcase classname="buildbot.test.unit.config.test_builder.BuilderConfigTests" name="test_init_workername_positional" time="0.000"/>
<testcase classname="buildbot.test.unit.config.test_builder.BuilderConfigTests" name="test_init_workernames_keyword" time="0.000"/>
<testcase classname="buildbot.test.unit.config.test_builder.BuilderConfigTests" name="test_init_workernames_positional" time="0.000"/>
<testcase classname="buildbot.test.unit.config.test_builder.BuilderConfigTests" name="test_inv_canStartBuild" time="0.000"/>
<testcase classname="buildbot.test.unit.config.test_builder.BuilderConfigTests" name="test_inv_env" time="0.000"/>
<testcase classname="buildbot.test.unit.config.test_builder.BuilderConfigTests" name="test_inv_nextBuild" time="0.000"/>
<testcase classname="buildbot.test.unit.config.test_builder.BuilderConfigTests" name="test_inv_nextWorker" time="0.000"/>
<testcase classname="buildbot.test.unit.config.test_builder.BuilderConfigTests" name="test_no_factory" time="0.000"/>
<testcase classname="buildbot.test.unit.config.test_builder.BuilderConfigTests" name="test_no_name" time="0.000"/>
<testcase classname="buildbot.test.unit.config.test_builder.BuilderConfigTests" name="test_no_workernames" time="0.000"/>
<testcase classname="buildbot.test.unit.config.test_builder.BuilderConfigTests" name="test_reserved_name" time="0.000"/>
<testcase classname="buildbot.test.unit.config.test_builder.BuilderConfigTests" name="test_tags_must_be_list" time="0.000"/>
<testcase classname="buildbot.test.unit.config.test_builder.BuilderConfigTests" name="test_tags_must_be_list_of_str" time="0.000"/>
<testcase classname="buildbot.test.unit.config.test_builder.BuilderConfigTests" name="test_tags_no_tag_dupes" time="0.000"/>
<testcase classname="buildbot.test.unit.config.test_builder.BuilderConfigTests" name="test_too_long_default_property" time="0.000"/>
<testcase classname="buildbot.test.unit.config.test_builder.BuilderConfigTests" name="test_too_long_property" time="0.000"/>
<testcase classname="buildbot.test.unit.config.test_builder.BuilderConfigTests" name="test_unicode_name" time="0.000"/>
<testcase classname="buildbot.test.unit.config.test_builder.BuilderConfigTests" name="test_utf8_name" time="0.000"/>
<testcase classname="buildbot.test.unit.config.test_builder.BuilderConfigTests" name="test_wrong_type_factory" time="0.000"/>
<testcase classname="buildbot.test.unit.config.test_checks.TestCheckParamLength" name="test_long_interpolate" time="0.000"/>
<testcase classname="buildbot.test.unit.config.test_checks.TestCheckParamLength" name="test_long_string" time="0.000"/>
<testcase classname="buildbot.test.unit.config.test_checks.TestCheckParamLength" name="test_short_interpolate" time="0.000"/>
<testcase classname="buildbot.test.unit.config.test_checks.TestCheckParamLength" name="test_short_interpolate_args" time="0.000"/>
<testcase classname="buildbot.test.unit.config.test_checks.TestCheckParamLength" name="test_short_interpolate_kwargs" time="0.000"/>
<testcase classname="buildbot.test.unit.config.test_checks.TestCheckParamLength" name="test_short_string" time="0.000"/>
<testcase classname="buildbot.test.unit.config.test_checks.TestCheckParamType" name="test_str" time="0.000"/>
<testcase classname="buildbot.test.unit.config.test_checks.TestCheckParamType" name="test_str_none" time="0.000"/>
<testcase classname="buildbot.test.unit.config.test_checks.TestCheckParamType" name="test_str_none_wrong" time="0.000"/>
<testcase classname="buildbot.test.unit.config.test_checks.TestCheckParamType" name="test_str_wrong" time="0.000"/>
<testcase classname="buildbot.test.unit.config.test_errors.ConfigErrorsTest" name="test_addError" time="0.000"/>
<testcase classname="buildbot.test.unit.config.test_errors.ConfigErrorsTest" name="test_constr" time="0.000"/>
<testcase classname="buildbot.test.unit.config.test_errors.ConfigErrorsTest" name="test_error_no_raise" time="0.000"/>
<testcase classname="buildbot.test.unit.config.test_errors.ConfigErrorsTest" name="test_error_raises" time="0.000"/>
<testcase classname="buildbot.test.unit.config.test_errors.ConfigErrorsTest" name="test_nonempty" time="0.000"/>
<testcase classname="buildbot.test.unit.config.test_errors.ConfigErrorsTest" name="test_str" time="0.000"/>
<testcase classname="buildbot.test.unit.config.test_master.ConfigLoaderTests" name="test_loadConfig_eval_ConfigError" time="0.003"/>
<testcase classname="buildbot.test.unit.config.test_master.ConfigLoaderTests" name="test_loadConfig_eval_otherError" time="0.006"/>
<testcase classname="buildbot.test.unit.config.test_master.ConfigLoaderTests" name="test_loadConfig_missing_basedir" time="0.002"/>
<testcase classname="buildbot.test.unit.config.test_master.ConfigLoaderTests" name="test_loadConfig_missing_file" time="0.002"/>
<testcase classname="buildbot.test.unit.config.test_master.ConfigLoaderTests" name="test_loadConfig_no_BuildmasterConfig" time="0.003"/>
<testcase classname="buildbot.test.unit.config.test_master.ConfigLoaderTests" name="test_loadConfig_open_error" time="0.002"/>
<testcase classname="buildbot.test.unit.config.test_master.ConfigLoaderTests" name="test_loadConfig_parse_error" time="0.004"/>
<testcase classname="buildbot.test.unit.config.test_master.ConfigLoaderTests" name="test_loadConfig_with_local_import" time="0.004"/>
<testcase classname="buildbot.test.unit.config.test_master.MasterConfigTests" name="test_defaults" time="0.003"/>
<testcase classname="buildbot.test.unit.config.test_master.MasterConfigTests" name="test_defaults_validation" time="0.001"/>
<testcase classname="buildbot.test.unit.config.test_master.MasterConfigTests" name="test_loadConfig_eval_ConfigErrors" time="0.002"/>
<testcase classname="buildbot.test.unit.config.test_master.MasterConfigTests" name="test_loadConfig_success" time="0.003"/>
<testcase classname="buildbot.test.unit.config.test_master.MasterConfigTests" name="test_loadConfig_unknown_key" time="0.002"/>
<testcase classname="buildbot.test.unit.config.test_master.MasterConfigTests" name="test_loadConfig_unknown_keys" time="0.002"/>
<testcase classname="buildbot.test.unit.config.test_master.MasterConfigTests" name="test_preChangeGenerator" time="0.001"/>
<testcase classname="buildbot.test.unit.config.test_master.MasterConfig_checkers" name="test_check_builders" time="0.000"/>
<testcase classname="buildbot.test.unit.config.test_master.MasterConfig_checkers" name="test_check_builders_duplicate_builddir" time="0.000"/>
<testcase classname="buildbot.test.unit.config.test_master.MasterConfig_checkers" name="test_check_builders_duplicate_name" time="0.000"/>
<testcase classname="buildbot.test.unit.config.test_master.MasterConfig_checkers" name="test_check_builders_unknown_project" time="0.000"/>
<testcase classname="buildbot.test.unit.config.test_master.MasterConfig_checkers" name="test_check_builders_unknown_worker" time="0.000"/>
<testcase classname="buildbot.test.unit.config.test_master.MasterConfig_checkers" name="test_check_duplicate_projects" time="0.000"/>
<testcase classname="buildbot.test.unit.config.test_master.MasterConfig_checkers" name="test_check_locks" time="0.000"/>
<testcase classname="buildbot.test.unit.config.test_master.MasterConfig_checkers" name="test_check_locks_bare" time="0.000"/>
<testcase classname="buildbot.test.unit.config.test_master.MasterConfig_checkers" name="test_check_locks_dup_builder_lock" time="0.000"/>
<testcase classname="buildbot.test.unit.config.test_master.MasterConfig_checkers" name="test_check_locks_none" time="0.000"/>
<testcase classname="buildbot.test.unit.config.test_master.MasterConfig_checkers" name="test_check_machines_duplicate_name" time="0.000"/>
<testcase classname="buildbot.test.unit.config.test_master.MasterConfig_checkers" name="test_check_machines_unknown_name" time="0.000"/>
<testcase classname="buildbot.test.unit.config.test_master.MasterConfig_checkers" name="test_check_ports_protocols_not_set_workers" time="0.000"/>
<testcase classname="buildbot.test.unit.config.test_master.MasterConfig_checkers" name="test_check_ports_protocols_port_duplication" time="0.000"/>
<testcase classname="buildbot.test.unit.config.test_master.MasterConfig_checkers" name="test_check_ports_protocols_set" time="0.000"/>
<testcase classname="buildbot.test.unit.config.test_master.MasterConfig_checkers" name="test_check_schedulers" time="0.000"/>
<testcase classname="buildbot.test.unit.config.test_master.MasterConfig_checkers" name="test_check_schedulers_ignored_in_multiMaster" time="0.000"/>
<testcase classname="buildbot.test.unit.config.test_master.MasterConfig_checkers" name="test_check_schedulers_renderable_builderNames" time="0.000"/>
<testcase classname="buildbot.test.unit.config.test_master.MasterConfig_checkers" name="test_check_schedulers_unknown_builder" time="0.000"/>
<testcase classname="buildbot.test.unit.config.test_master.MasterConfig_checkers" name="test_check_single_master_multimaster" time="0.000"/>
<testcase classname="buildbot.test.unit.config.test_master.MasterConfig_checkers" name="test_check_single_master_no_builders" time="0.000"/>
<testcase classname="buildbot.test.unit.config.test_master.MasterConfig_checkers" name="test_check_single_master_no_workers" time="0.000"/>
<testcase classname="buildbot.test.unit.config.test_master.MasterConfig_checkers" name="test_check_single_master_renderable_builderNames" time="0.000"/>
<testcase classname="buildbot.test.unit.config.test_master.MasterConfig_checkers" name="test_check_single_master_unsch_builder" time="0.000"/>
<testcase classname="buildbot.test.unit.config.test_master.MasterConfig_loaders" name="test_load_builders" time="0.000"/>
<testcase classname="buildbot.test.unit.config.test_master.MasterConfig_loaders" name="test_load_builders_abs_builddir" time="0.001"/>
<testcase classname="buildbot.test.unit.config.test_master.MasterConfig_loaders" name="test_load_builders_defaults" time="0.000"/>
<testcase classname="buildbot.test.unit.config.test_master.MasterConfig_loaders" name="test_load_builders_dict" time="0.000"/>
<testcase classname="buildbot.test.unit.config.test_master.MasterConfig_loaders" name="test_load_builders_not_instance" time="0.000"/>
<testcase classname="buildbot.test.unit.config.test_master.MasterConfig_loaders" name="test_load_builders_not_list" time="0.000"/>
<testcase classname="buildbot.test.unit.config.test_master.MasterConfig_loaders" name="test_load_caches" time="0.000"/>
<testcase classname="buildbot.test.unit.config.test_master.MasterConfig_loaders" name="test_load_caches_buildCacheSize" time="0.000"/>
<testcase classname="buildbot.test.unit.config.test_master.MasterConfig_loaders" name="test_load_caches_buildCacheSize_and_caches" time="0.000"/>
<testcase classname="buildbot.test.unit.config.test_master.MasterConfig_loaders" name="test_load_caches_changeCacheSize" time="0.000"/>
<testcase classname="buildbot.test.unit.config.test_master.MasterConfig_loaders" name="test_load_caches_changeCacheSize_and_caches" time="0.000"/>
<testcase classname="buildbot.test.unit.config.test_master.MasterConfig_loaders" name="test_load_caches_defaults" time="0.000"/>
<testcase classname="buildbot.test.unit.config.test_master.MasterConfig_loaders" name="test_load_caches_invalid" time="0.000"/>
<testcase classname="buildbot.test.unit.config.test_master.MasterConfig_loaders" name="test_load_caches_not_int_err" time="0.000"/>
<testcase classname="buildbot.test.unit.config.test_master.MasterConfig_loaders" name="test_load_caches_to_small_err" time="0.000"/>
<testcase classname="buildbot.test.unit.config.test_master.MasterConfig_loaders" name="test_load_change_sources_defaults" time="0.000"/>
<testcase classname="buildbot.test.unit.config.test_master.MasterConfig_loaders" name="test_load_change_sources_list" time="0.000"/>
<testcase classname="buildbot.test.unit.config.test_master.MasterConfig_loaders" name="test_load_change_sources_not_instance" time="0.000"/>
<testcase classname="buildbot.test.unit.config.test_master.MasterConfig_loaders" name="test_load_change_sources_single" time="0.000"/>
<testcase classname="buildbot.test.unit.config.test_master.MasterConfig_loaders" name="test_load_configurators_norminal" time="0.000"/>
<testcase classname="buildbot.test.unit.config.test_master.MasterConfig_loaders" name="test_load_db_db_url" time="0.000"/>
<testcase classname="buildbot.test.unit.config.test_master.MasterConfig_loaders" name="test_load_db_defaults" time="0.000"/>
<testcase classname="buildbot.test.unit.config.test_master.MasterConfig_loaders" name="test_load_db_dict" time="0.000"/>
<testcase classname="buildbot.test.unit.config.test_master.MasterConfig_loaders" name="test_load_db_unk_keys" time="0.000"/>
<testcase classname="buildbot.test.unit.config.test_master.MasterConfig_loaders" name="test_load_global_buildbotNetUsageData" time="0.000"/>
<testcase classname="buildbot.test.unit.config.test_master.MasterConfig_loaders" name="test_load_global_buildbotURL" time="0.000"/>
<testcase classname="buildbot.test.unit.config.test_master.MasterConfig_loaders" name="test_load_global_changeHorizon" time="0.000"/>
<testcase classname="buildbot.test.unit.config.test_master.MasterConfig_loaders" name="test_load_global_changeHorizon_none" time="0.000"/>
<testcase classname="buildbot.test.unit.config.test_master.MasterConfig_loaders" name="test_load_global_codebaseGenerator" time="0.000"/>
<testcase classname="buildbot.test.unit.config.test_master.MasterConfig_loaders" name="test_load_global_codebaseGenerator_invalid" time="0.000"/>
<testcase classname="buildbot.test.unit.config.test_master.MasterConfig_loaders" name="test_load_global_collapseRequests_bool" time="0.000"/>
<testcase classname="buildbot.test.unit.config.test_master.MasterConfig_loaders" name="test_load_global_collapseRequests_callable" time="0.000"/>
<testcase classname="buildbot.test.unit.config.test_master.MasterConfig_loaders" name="test_load_global_collapseRequests_invalid" time="0.000"/>
<testcase classname="buildbot.test.unit.config.test_master.MasterConfig_loaders" name="test_load_global_defaults" time="0.000"/>
<testcase classname="buildbot.test.unit.config.test_master.MasterConfig_loaders" name="test_load_global_int_param_not_int" time="0.000"/>
<testcase classname="buildbot.test.unit.config.test_master.MasterConfig_loaders" name="test_load_global_logCompressionLimit" time="0.000"/>
<testcase classname="buildbot.test.unit.config.test_master.MasterConfig_loaders" name="test_load_global_logCompressionMethod" time="0.000"/>
<testcase classname="buildbot.test.unit.config.test_master.MasterConfig_loaders" name="test_load_global_logCompressionMethod_invalid" time="0.000"/>
<testcase classname="buildbot.test.unit.config.test_master.MasterConfig_loaders" name="test_load_global_logEncoding" time="0.000"/>
<testcase classname="buildbot.test.unit.config.test_master.MasterConfig_loaders" name="test_load_global_logMaxSize" time="0.000"/>
<testcase classname="buildbot.test.unit.config.test_master.MasterConfig_loaders" name="test_load_global_logMaxTailSize" time="0.000"/>
<testcase classname="buildbot.test.unit.config.test_master.MasterConfig_loaders" name="test_load_global_manhole" time="0.000"/>
<testcase classname="buildbot.test.unit.config.test_master.MasterConfig_loaders" name="test_load_global_multiMaster" time="0.000"/>
<testcase classname="buildbot.test.unit.config.test_master.MasterConfig_loaders" name="test_load_global_prioritizeBuilders_callable" time="0.000"/>
<testcase classname="buildbot.test.unit.config.test_master.MasterConfig_loaders" name="test_load_global_prioritizeBuilders_invalid" time="0.000"/>
<testcase classname="buildbot.test.unit.config.test_master.MasterConfig_loaders" name="test_load_global_projectName" time="0.000"/>
<testcase classname="buildbot.test.unit.config.test_master.MasterConfig_loaders" name="test_load_global_projectURL" time="0.000"/>
<testcase classname="buildbot.test.unit.config.test_master.MasterConfig_loaders" name="test_load_global_properties" time="0.000"/>
<testcase classname="buildbot.test.unit.config.test_master.MasterConfig_loaders" name="test_load_global_properties_invalid" time="0.000"/>
<testcase classname="buildbot.test.unit.config.test_master.MasterConfig_loaders" name="test_load_global_protocols_key_int" time="0.000"/>
<testcase classname="buildbot.test.unit.config.test_master.MasterConfig_loaders" name="test_load_global_protocols_not_dict" time="0.000"/>
<testcase classname="buildbot.test.unit.config.test_master.MasterConfig_loaders" name="test_load_global_protocols_str" time="0.000"/>
<testcase classname="buildbot.test.unit.config.test_master.MasterConfig_loaders" name="test_load_global_protocols_value_not_dict" time="0.000"/>
<testcase classname="buildbot.test.unit.config.test_master.MasterConfig_loaders" name="test_load_global_revlink_callable" time="0.000"/>
<testcase classname="buildbot.test.unit.config.test_master.MasterConfig_loaders" name="test_load_global_revlink_invalid" time="0.000"/>
<testcase classname="buildbot.test.unit.config.test_master.MasterConfig_loaders" name="test_load_global_select_next_worker_callable" time="0.000"/>
<testcase classname="buildbot.test.unit.config.test_master.MasterConfig_loaders" name="test_load_global_select_next_worker_invalid" time="0.000"/>
<testcase classname="buildbot.test.unit.config.test_master.MasterConfig_loaders" name="test_load_global_string_param_not_string" time="0.000"/>
<testcase classname="buildbot.test.unit.config.test_master.MasterConfig_loaders" name="test_load_global_title" time="0.000"/>
<testcase classname="buildbot.test.unit.config.test_master.MasterConfig_loaders" name="test_load_global_titleURL" time="0.000"/>
<testcase classname="buildbot.test.unit.config.test_master.MasterConfig_loaders" name="test_load_global_title_too_long" time="0.000"/>
<testcase classname="buildbot.test.unit.config.test_master.MasterConfig_loaders" name="test_load_machines_defaults" time="0.000"/>
<testcase classname="buildbot.test.unit.config.test_master.MasterConfig_loaders" name="test_load_machines_list" time="0.000"/>
<testcase classname="buildbot.test.unit.config.test_master.MasterConfig_loaders" name="test_load_machines_not_instance" time="0.000"/>
<testcase classname="buildbot.test.unit.config.test_master.MasterConfig_loaders" name="test_load_machines_single" time="0.000"/>
<testcase classname="buildbot.test.unit.config.test_master.MasterConfig_loaders" name="test_load_metrics" time="0.000"/>
<testcase classname="buildbot.test.unit.config.test_master.MasterConfig_loaders" name="test_load_metrics_defaults" time="0.000"/>
<testcase classname="buildbot.test.unit.config.test_master.MasterConfig_loaders" name="test_load_metrics_invalid" time="0.000"/>
<testcase classname="buildbot.test.unit.config.test_master.MasterConfig_loaders" name="test_load_mq_defaults" time="0.000"/>
<testcase classname="buildbot.test.unit.config.test_master.MasterConfig_loaders" name="test_load_mq_explicit_type" time="0.000"/>
<testcase classname="buildbot.test.unit.config.test_master.MasterConfig_loaders" name="test_load_mq_unk_keys" time="0.000"/>
<testcase classname="buildbot.test.unit.config.test_master.MasterConfig_loaders" name="test_load_mq_unk_type" time="0.000"/>
<testcase classname="buildbot.test.unit.config.test_master.MasterConfig_loaders" name="test_load_schedulers" time="0.000"/>
<testcase classname="buildbot.test.unit.config.test_master.MasterConfig_loaders" name="test_load_schedulers_defaults" time="0.000"/>
<testcase classname="buildbot.test.unit.config.test_master.MasterConfig_loaders" name="test_load_schedulers_dupe" time="0.000"/>
<testcase classname="buildbot.test.unit.config.test_master.MasterConfig_loaders" name="test_load_schedulers_not_instance" time="0.000"/>
<testcase classname="buildbot.test.unit.config.test_master.MasterConfig_loaders" name="test_load_schedulers_not_list" time="0.000"/>
<testcase classname="buildbot.test.unit.config.test_master.MasterConfig_loaders" name="test_load_services_badservice" time="0.000"/>
<testcase classname="buildbot.test.unit.config.test_master.MasterConfig_loaders" name="test_load_services_duplicate" time="0.000"/>
<testcase classname="buildbot.test.unit.config.test_master.MasterConfig_loaders" name="test_load_services_nominal" time="0.000"/>
<testcase classname="buildbot.test.unit.config.test_master.MasterConfig_loaders" name="test_load_user_managers" time="0.000"/>
<testcase classname="buildbot.test.unit.config.test_master.MasterConfig_loaders" name="test_load_user_managers_defaults" time="0.000"/>
<testcase classname="buildbot.test.unit.config.test_master.MasterConfig_loaders" name="test_load_user_managers_not_list" time="0.000"/>
<testcase classname="buildbot.test.unit.config.test_master.MasterConfig_loaders" name="test_load_validation" time="0.000"/>
<testcase classname="buildbot.test.unit.config.test_master.MasterConfig_loaders" name="test_load_validation_defaults" time="0.000"/>
<testcase classname="buildbot.test.unit.config.test_master.MasterConfig_loaders" name="test_load_validation_invalid" time="0.000"/>
<testcase classname="buildbot.test.unit.config.test_master.MasterConfig_loaders" name="test_load_validation_unk_keys" time="0.000"/>
<testcase classname="buildbot.test.unit.config.test_master.MasterConfig_loaders" name="test_load_workers" time="0.000"/>
<testcase classname="buildbot.test.unit.config.test_master.MasterConfig_loaders" name="test_load_workers_defaults" time="0.000"/>
<testcase classname="buildbot.test.unit.config.test_master.MasterConfig_loaders" name="test_load_workers_empty" time="0.000"/>
<testcase classname="buildbot.test.unit.config.test_master.MasterConfig_loaders" name="test_load_workers_not_identifiers_0_initial_digits" time="0.000"/>
<testcase classname="buildbot.test.unit.config.test_master.MasterConfig_loaders" name="test_load_workers_not_identifiers_1_spaces" time="0.000"/>
<testcase classname="buildbot.test.unit.config.test_master.MasterConfig_loaders" name="test_load_workers_not_identifiers_2_slash" time="0.000"/>
<testcase classname="buildbot.test.unit.config.test_master.MasterConfig_loaders" name="test_load_workers_not_identifiers_3_dot" time="0.000"/>
<testcase classname="buildbot.test.unit.config.test_master.MasterConfig_loaders" name="test_load_workers_not_instance" time="0.000"/>
<testcase classname="buildbot.test.unit.config.test_master.MasterConfig_loaders" name="test_load_workers_not_list" time="0.000"/>
<testcase classname="buildbot.test.unit.config.test_master.MasterConfig_loaders" name="test_load_workers_reserved_names_0_debug" time="0.000"/>
<testcase classname="buildbot.test.unit.config.test_master.MasterConfig_loaders" name="test_load_workers_reserved_names_1_change" time="0.000"/>
<testcase classname="buildbot.test.unit.config.test_master.MasterConfig_loaders" name="test_load_workers_reserved_names_2_status" time="0.000"/>
<testcase classname="buildbot.test.unit.config.test_master.MasterConfig_loaders" name="test_load_workers_too_long" time="0.000"/>
<testcase classname="buildbot.test.unit.config.test_master.MasterConfig_loaders" name="test_load_www_allowed_origins" time="0.000"/>
<testcase classname="buildbot.test.unit.config.test_master.MasterConfig_loaders" name="test_load_www_cookie_expiration_time_not_timedelta" time="0.000"/>
<testcase classname="buildbot.test.unit.config.test_master.MasterConfig_loaders" name="test_load_www_default" time="0.000"/>
<testcase classname="buildbot.test.unit.config.test_master.MasterConfig_loaders" name="test_load_www_logfileName" time="0.000"/>
<testcase classname="buildbot.test.unit.config.test_master.MasterConfig_loaders" name="test_load_www_plugin" time="0.000"/>
<testcase classname="buildbot.test.unit.config.test_master.MasterConfig_loaders" name="test_load_www_port" time="0.000"/>
<testcase classname="buildbot.test.unit.config.test_master.MasterConfig_loaders" name="test_load_www_unknown" time="0.000"/>
<testcase classname="buildbot.test.unit.config.test_master.MasterConfig_loaders" name="test_load_www_versions" time="0.000"/>
<testcase classname="buildbot.test.unit.config.test_master.MasterConfig_loaders" name="test_load_www_versions_not_list" time="0.000"/>
<testcase classname="buildbot.test.unit.config.test_master.MasterConfig_loaders" name="test_load_www_versions_value_invalid" time="0.000"/>
<testcase classname="buildbot.test.unit.config.test_master.MasterConfig_old_worker_api" name="test_workers_new_api" time="0.000"/>
<testcase classname="buildbot.test.unit.config.test_master.ReconfigurableServiceMixin" name="test_multiservice" time="0.000"/>
<testcase classname="buildbot.test.unit.config.test_master.ReconfigurableServiceMixin" name="test_multiservice_nested_failure" time="0.000"/>
<testcase classname="buildbot.test.unit.config.test_master.ReconfigurableServiceMixin" name="test_multiservice_priority" time="0.000"/>
<testcase classname="buildbot.test.unit.config.test_master.ReconfigurableServiceMixin" name="test_service" time="0.000"/>
<testcase classname="buildbot.test.unit.config.test_master.ReconfigurableServiceMixin" name="test_service_failure" time="0.000"/>
<testcase classname="buildbot.test.unit.data.test_base.Endpoint" name="test_control_spec" time="0.001"/>
<testcase classname="buildbot.test.unit.data.test_base.Endpoint" name="test_get_spec" time="0.001"/>
<testcase classname="buildbot.test.unit.data.test_base.Endpoint" name="test_rootLinkName" time="0.001"/>
<testcase classname="buildbot.test.unit.data.test_base.Endpoint" name="test_sets_master" time="0.001"/>
<testcase classname="buildbot.test.unit.data.test_base.ListResult" name="test_constructor" time="0.000"/>
<testcase classname="buildbot.test.unit.data.test_base.ListResult" name="test_eq" time="0.000"/>
<testcase classname="buildbot.test.unit.data.test_base.ListResult" name="test_eq_to_list" time="0.000"/>
<testcase classname="buildbot.test.unit.data.test_base.ListResult" name="test_repr" time="0.000"/>
<testcase classname="buildbot.test.unit.data.test_base.ResourceType" name="test_compilePatterns" time="0.001"/>
<testcase classname="buildbot.test.unit.data.test_base.ResourceType" name="test_getEndpoints_classes" time="0.000"/>
<testcase classname="buildbot.test.unit.data.test_base.ResourceType" name="test_getEndpoints_instances_fails" time="0.000"/>
<testcase classname="buildbot.test.unit.data.test_base.ResourceType" name="test_produceEvent" time="0.000"/>
<testcase classname="buildbot.test.unit.data.test_base.ResourceType" name="test_sets_master" time="0.000"/>
<testcase classname="buildbot.test.unit.data.test_build_data.TestBuildData" name="test_set_build_data" time="0.001"/>
<testcase classname="buildbot.test.unit.data.test_build_data.TestBuildData" name="test_signature_set_build_data" time="0.001"/>
<testcase classname="buildbot.test.unit.data.test_build_data.TestBuildDataEndpoint" name="test_control_spec" time="0.001"/>
<testcase classname="buildbot.test.unit.data.test_build_data.TestBuildDataEndpoint" name="test_get_existing_build_data_by_build_id" time="0.002"/>
<testcase classname="buildbot.test.unit.data.test_build_data.TestBuildDataEndpoint" name="test_get_existing_build_data_by_builder_id_build_number" time="0.001"/>
<testcase classname="buildbot.test.unit.data.test_build_data.TestBuildDataEndpoint" name="test_get_existing_build_data_by_builder_name_build_number" time="0.001"/>
<testcase classname="buildbot.test.unit.data.test_build_data.TestBuildDataEndpoint" name="test_get_missing_by_build_id_missing_build" time="0.001"/>
<testcase classname="buildbot.test.unit.data.test_build_data.TestBuildDataEndpoint" name="test_get_missing_by_build_id_missing_name" time="0.001"/>
<testcase classname="buildbot.test.unit.data.test_build_data.TestBuildDataEndpoint" name="test_get_missing_by_builder_id_build_number_missing_build" time="0.001"/>
<testcase classname="buildbot.test.unit.data.test_build_data.TestBuildDataEndpoint" name="test_get_missing_by_builder_id_build_number_missing_builder" time="0.001"/>
<testcase classname="buildbot.test.unit.data.test_build_data.TestBuildDataEndpoint" name="test_get_missing_by_builder_id_build_number_missing_name" time="0.001"/>
<testcase classname="buildbot.test.unit.data.test_build_data.TestBuildDataEndpoint" name="test_get_missing_by_builder_name_build_number_missing_build" time="0.001"/>
<testcase classname="buildbot.test.unit.data.test_build_data.TestBuildDataEndpoint" name="test_get_missing_by_builder_name_build_number_missing_builder" time="0.001"/>
<testcase classname="buildbot.test.unit.data.test_build_data.TestBuildDataEndpoint" name="test_get_missing_by_builder_name_build_number_missing_name" time="0.001"/>
<testcase classname="buildbot.test.unit.data.test_build_data.TestBuildDataEndpoint" name="test_get_spec" time="0.001"/>
<testcase classname="buildbot.test.unit.data.test_build_data.TestBuildDataEndpoint" name="test_rootLinkName" time="0.001"/>
<testcase classname="buildbot.test.unit.data.test_build_data.TestBuildDataNoValueEndpoint" name="test_control_spec" time="0.001"/>
<testcase classname="buildbot.test.unit.data.test_build_data.TestBuildDataNoValueEndpoint" name="test_get_existing_build_data_by_build_id" time="0.001"/>
<testcase classname="buildbot.test.unit.data.test_build_data.TestBuildDataNoValueEndpoint" name="test_get_existing_build_data_by_builder_id_build_number" time="0.001"/>
<testcase classname="buildbot.test.unit.data.test_build_data.TestBuildDataNoValueEndpoint" name="test_get_existing_build_data_by_builder_name_build_number" time="0.001"/>
<testcase classname="buildbot.test.unit.data.test_build_data.TestBuildDataNoValueEndpoint" name="test_get_missing_by_build_id_missing_build" time="0.001"/>
<testcase classname="buildbot.test.unit.data.test_build_data.TestBuildDataNoValueEndpoint" name="test_get_missing_by_build_id_missing_name" time="0.001"/>
<testcase classname="buildbot.test.unit.data.test_build_data.TestBuildDataNoValueEndpoint" name="test_get_missing_by_builder_id_build_number_missing_build" time="0.001"/>
<testcase classname="buildbot.test.unit.data.test_build_data.TestBuildDataNoValueEndpoint" name="test_get_missing_by_builder_id_build_number_missing_builder" time="0.001"/>
<testcase classname="buildbot.test.unit.data.test_build_data.TestBuildDataNoValueEndpoint" name="test_get_missing_by_builder_id_build_number_missing_name" time="0.001"/>
<testcase classname="buildbot.test.unit.data.test_build_data.TestBuildDataNoValueEndpoint" name="test_get_missing_by_builder_name_build_number_missing_build" time="0.001"/>
<testcase classname="buildbot.test.unit.data.test_build_data.TestBuildDataNoValueEndpoint" name="test_get_missing_by_builder_name_build_number_missing_builder" time="0.001"/>
<testcase classname="buildbot.test.unit.data.test_build_data.TestBuildDataNoValueEndpoint" name="test_get_missing_by_builder_name_build_number_missing_name" time="0.001"/>
<testcase classname="buildbot.test.unit.data.test_build_data.TestBuildDataNoValueEndpoint" name="test_get_spec" time="0.001"/>
<testcase classname="buildbot.test.unit.data.test_build_data.TestBuildDataNoValueEndpoint" name="test_rootLinkName" time="0.001"/>
<testcase classname="buildbot.test.unit.data.test_build_data.TestBuildDatasNoValueEndpoint" name="test_control_spec" time="0.001"/>
<testcase classname="buildbot.test.unit.data.test_build_data.TestBuildDatasNoValueEndpoint" name="test_get_builders_builder_id_0_multiple_values" time="0.001"/>
<testcase classname="buildbot.test.unit.data.test_build_data.TestBuildDatasNoValueEndpoint" name="test_get_builders_builder_id_1_single_value" time="0.001"/>
<testcase classname="buildbot.test.unit.data.test_build_data.TestBuildDatasNoValueEndpoint" name="test_get_builders_builder_id_2_no_values" time="0.001"/>
<testcase classname="buildbot.test.unit.data.test_build_data.TestBuildDatasNoValueEndpoint" name="test_get_builders_builder_id_3_not_existing" time="0.001"/>
<testcase classname="buildbot.test.unit.data.test_build_data.TestBuildDatasNoValueEndpoint" name="test_get_builders_builder_name_0_multiple_values" time="0.001"/>
<testcase classname="buildbot.test.unit.data.test_build_data.TestBuildDatasNoValueEndpoint" name="test_get_builders_builder_name_1_single_value" time="0.001"/>
<testcase classname="buildbot.test.unit.data.test_build_data.TestBuildDatasNoValueEndpoint" name="test_get_builders_builder_name_2_no_values" time="0.001"/>
<testcase classname="buildbot.test.unit.data.test_build_data.TestBuildDatasNoValueEndpoint" name="test_get_builders_builder_name_3_not_existing" time="0.001"/>
<testcase classname="buildbot.test.unit.data.test_build_data.TestBuildDatasNoValueEndpoint" name="test_get_builds_id_0_multiple_values" time="0.001"/>
<testcase classname="buildbot.test.unit.data.test_build_data.TestBuildDatasNoValueEndpoint" name="test_get_builds_id_1_single_value" time="0.001"/>
<testcase classname="buildbot.test.unit.data.test_build_data.TestBuildDatasNoValueEndpoint" name="test_get_builds_id_2_no_values" time="0.001"/>
<testcase classname="buildbot.test.unit.data.test_build_data.TestBuildDatasNoValueEndpoint" name="test_get_builds_id_3_not_existing" time="0.001"/>
<testcase classname="buildbot.test.unit.data.test_build_data.TestBuildDatasNoValueEndpoint" name="test_get_spec" time="0.001"/>
<testcase classname="buildbot.test.unit.data.test_build_data.TestBuildDatasNoValueEndpoint" name="test_rootLinkName" time="0.001"/>
<testcase classname="buildbot.test.unit.data.test_builders.Builder" name="test__masterDeactivated" time="0.001"/>
<testcase classname="buildbot.test.unit.data.test_builders.Builder" name="test_findBuilderId" time="0.001"/>
<testcase classname="buildbot.test.unit.data.test_builders.Builder" name="test_signature_findBuilderId" time="0.001"/>
<testcase classname="buildbot.test.unit.data.test_builders.Builder" name="test_signature_updateBuilderInfo" time="0.001"/>
<testcase classname="buildbot.test.unit.data.test_builders.Builder" name="test_signature_updateBuilderList" time="0.001"/>
<testcase classname="buildbot.test.unit.data.test_builders.Builder" name="test_updateBuilderList" time="0.001"/>
<testcase classname="buildbot.test.unit.data.test_builders.BuilderEndpoint" name="test_control_spec" time="0.001"/>
<testcase classname="buildbot.test.unit.data.test_builders.BuilderEndpoint" name="test_get_existing" time="0.001"/>
<testcase classname="buildbot.test.unit.data.test_builders.BuilderEndpoint" name="test_get_existing_with_different_master" time="0.001"/>
<testcase classname="buildbot.test.unit.data.test_builders.BuilderEndpoint" name="test_get_existing_with_master" time="0.001"/>
<testcase classname="buildbot.test.unit.data.test_builders.BuilderEndpoint" name="test_get_missing" time="0.001"/>
<testcase classname="buildbot.test.unit.data.test_builders.BuilderEndpoint" name="test_get_missing_with_master" time="0.001"/>
<testcase classname="buildbot.test.unit.data.test_builders.BuilderEndpoint" name="test_get_missing_with_name" time="0.001"/>
<testcase classname="buildbot.test.unit.data.test_builders.BuilderEndpoint" name="test_get_spec" time="0.001"/>
<testcase classname="buildbot.test.unit.data.test_builders.BuilderEndpoint" name="test_rootLinkName" time="0.001"/>
<testcase classname="buildbot.test.unit.data.test_builders.BuildersEndpoint" name="test_control_spec" time="0.001"/>
<testcase classname="buildbot.test.unit.data.test_builders.BuildersEndpoint" name="test_get" time="0.001"/>
<testcase classname="buildbot.test.unit.data.test_builders.BuildersEndpoint" name="test_get_contains_one_tag" time="0.001"/>
<testcase classname="buildbot.test.unit.data.test_builders.BuildersEndpoint" name="test_get_contains_two_tags" time="0.002"/>
<testcase classname="buildbot.test.unit.data.test_builders.BuildersEndpoint" name="test_get_contains_two_tags_one_unknown" time="0.001"/>
<testcase classname="buildbot.test.unit.data.test_builders.BuildersEndpoint" name="test_get_masterid" time="0.001"/>
<testcase classname="buildbot.test.unit.data.test_builders.BuildersEndpoint" name="test_get_masterid_missing" time="0.001"/>
<testcase classname="buildbot.test.unit.data.test_builders.BuildersEndpoint" name="test_get_projectid" time="0.001"/>
<testcase classname="buildbot.test.unit.data.test_builders.BuildersEndpoint" name="test_get_spec" time="0.001"/>
<testcase classname="buildbot.test.unit.data.test_builders.BuildersEndpoint" name="test_rootLinkName" time="0.001"/>
<testcase classname="buildbot.test.unit.data.test_buildrequests.TestBuildRequest" name="testClaimBuildRequests" time="0.001"/>
<testcase classname="buildbot.test.unit.data.test_buildrequests.TestBuildRequest" name="testClaimBuildRequestsAlreadyClaimed" time="0.001"/>
<testcase classname="buildbot.test.unit.data.test_buildrequests.TestBuildRequest" name="testClaimBuildRequestsNoBrids" time="0.001"/>
<testcase classname="buildbot.test.unit.data.test_buildrequests.TestBuildRequest" name="testClaimBuildRequestsUnknownException" time="0.001"/>
<testcase classname="buildbot.test.unit.data.test_buildrequests.TestBuildRequest" name="testCompleteBuildRequests" time="0.001"/>
<testcase classname="buildbot.test.unit.data.test_buildrequests.TestBuildRequest" name="testCompleteBuildRequestsNoBrids" time="0.001"/>
<testcase classname="buildbot.test.unit.data.test_buildrequests.TestBuildRequest" name="testCompleteBuildRequestsNotClaimed" time="0.001"/>
<testcase classname="buildbot.test.unit.data.test_buildrequests.TestBuildRequest" name="testCompleteBuildRequestsUnknownException" time="0.001"/>
<testcase classname="buildbot.test.unit.data.test_buildrequests.TestBuildRequest" name="testFakeDataClaimBuildRequests" time="0.001"/>
<testcase classname="buildbot.test.unit.data.test_buildrequests.TestBuildRequest" name="testFakeDataClaimBuildRequestsNoneArgs" time="0.001"/>
<testcase classname="buildbot.test.unit.data.test_buildrequests.TestBuildRequest" name="testFakeDataCompleteBuildRequests" time="0.001"/>
<testcase classname="buildbot.test.unit.data.test_buildrequests.TestBuildRequest" name="testFakeDataCompleteBuildRequestsNoneArgs" time="0.001"/>
<testcase classname="buildbot.test.unit.data.test_buildrequests.TestBuildRequest" name="testFakeDataUnclaimBuildRequests" time="0.001"/>
<testcase classname="buildbot.test.unit.data.test_buildrequests.TestBuildRequest" name="testFakeDataUnclaimBuildRequestsNoneArgs" time="0.081"/>
<testcase classname="buildbot.test.unit.data.test_buildrequests.TestBuildRequest" name="testRebuildBuildrequest" time="0.002"/>
<testcase classname="buildbot.test.unit.data.test_buildrequests.TestBuildRequest" name="testSignatureClaimBuildRequests" time="0.001"/>
<testcase classname="buildbot.test.unit.data.test_buildrequests.TestBuildRequest" name="testSignatureCompleteBuildRequests" time="0.001"/>
<testcase classname="buildbot.test.unit.data.test_buildrequests.TestBuildRequest" name="testSignatureUnclaimBuildRequests" time="0.001"/>
<testcase classname="buildbot.test.unit.data.test_buildrequests.TestBuildRequest" name="testUnclaimBuildRequests" time="0.001"/>
<testcase classname="buildbot.test.unit.data.test_buildrequests.TestBuildRequest" name="testUnclaimBuildRequestsNoBrids" time="0.001"/>
<testcase classname="buildbot.test.unit.data.test_buildrequests.TestBuildRequest" name="test_rebuild_buildrequest_rebuilt_build" time="0.001"/>
<testcase classname="buildbot.test.unit.data.test_buildrequests.TestBuildRequest" name="test_rebuild_buildrequest_repeated_rebuilt_build" time="0.001"/>
<testcase classname="buildbot.test.unit.data.test_buildrequests.TestBuildRequestEndpoint" name="testGetExisting" time="0.001"/>
<testcase classname="buildbot.test.unit.data.test_buildrequests.TestBuildRequestEndpoint" name="testGetMissing" time="0.001"/>
<testcase classname="buildbot.test.unit.data.test_buildrequests.TestBuildRequestEndpoint" name="testGetProperties" time="0.001"/>
<testcase classname="buildbot.test.unit.data.test_buildrequests.TestBuildRequestEndpoint" name="testGetProperty" time="0.001"/>
<testcase classname="buildbot.test.unit.data.test_buildrequests.TestBuildRequestEndpoint" name="test_control_spec" time="0.001"/>
<testcase classname="buildbot.test.unit.data.test_buildrequests.TestBuildRequestEndpoint" name="test_get_spec" time="0.001"/>
<testcase classname="buildbot.test.unit.data.test_buildrequests.TestBuildRequestEndpoint" name="test_rootLinkName" time="0.001"/>
<testcase classname="buildbot.test.unit.data.test_buildrequests.TestBuildRequestsEndpoint" name="testGetAll" time="0.001"/>
<testcase classname="buildbot.test.unit.data.test_buildrequests.TestBuildRequestsEndpoint" name="testGetBuilderid" time="0.001"/>
<testcase classname="buildbot.test.unit.data.test_buildrequests.TestBuildRequestsEndpoint" name="testGetClaimedByMasterIdFilters" time="0.001"/>
<testcase classname="buildbot.test.unit.data.test_buildrequests.TestBuildRequestsEndpoint" name="testGetFilters" time="0.001"/>
<testcase classname="buildbot.test.unit.data.test_buildrequests.TestBuildRequestsEndpoint" name="testGetNoBuildRequest" time="0.001"/>
<testcase classname="buildbot.test.unit.data.test_buildrequests.TestBuildRequestsEndpoint" name="testGetNoFilters" time="0.001"/>
<testcase classname="buildbot.test.unit.data.test_buildrequests.TestBuildRequestsEndpoint" name="testGetProperties" time="0.001"/>
<testcase classname="buildbot.test.unit.data.test_buildrequests.TestBuildRequestsEndpoint" name="testGetSortedLimit" time="0.001"/>
<testcase classname="buildbot.test.unit.data.test_buildrequests.TestBuildRequestsEndpoint" name="testGetUnknownBuilderid" time="0.001"/>
<testcase classname="buildbot.test.unit.data.test_buildrequests.TestBuildRequestsEndpoint" name="test_control_spec" time="0.001"/>
<testcase classname="buildbot.test.unit.data.test_buildrequests.TestBuildRequestsEndpoint" name="test_get_spec" time="0.001"/>
<testcase classname="buildbot.test.unit.data.test_buildrequests.TestBuildRequestsEndpoint" name="test_rootLinkName" time="0.001"/>
<testcase classname="buildbot.test.unit.data.test_builds.Build" name="test_addBuild" time="0.001"/>
<testcase classname="buildbot.test.unit.data.test_builds.Build" name="test_addBuildEvent" time="0.001"/>
<testcase classname="buildbot.test.unit.data.test_builds.Build" name="test_add_build_locks_duration" time="0.001"/>
<testcase classname="buildbot.test.unit.data.test_builds.Build" name="test_finishBuild" time="0.001"/>
<testcase classname="buildbot.test.unit.data.test_builds.Build" name="test_setBuildStateString" time="0.001"/>
<testcase classname="buildbot.test.unit.data.test_builds.Build" name="test_signature_addBuild" time="0.002"/>
<testcase classname="buildbot.test.unit.data.test_builds.Build" name="test_signature_add_build_locks_duration" time="0.001"/>
<testcase classname="buildbot.test.unit.data.test_builds.Build" name="test_signature_finishBuild" time="0.001"/>
<testcase classname="buildbot.test.unit.data.test_builds.Build" name="test_signature_setBuildStateString" time="0.001"/>
<testcase classname="buildbot.test.unit.data.test_builds.BuildEndpoint" name="test_action_rebuild" time="0.001"/>
<testcase classname="buildbot.test.unit.data.test_builds.BuildEndpoint" name="test_action_stop" time="0.001"/>
<testcase classname="buildbot.test.unit.data.test_builds.BuildEndpoint" name="test_action_stop_reason" time="0.001"/>
<testcase classname="buildbot.test.unit.data.test_builds.BuildEndpoint" name="test_control_spec" time="0.001"/>
<testcase classname="buildbot.test.unit.data.test_builds.BuildEndpoint" name="test_get_builder_missing_number" time="0.001"/>
<testcase classname="buildbot.test.unit.data.test_builds.BuildEndpoint" name="test_get_builder_number" time="0.001"/>
<testcase classname="buildbot.test.unit.data.test_builds.BuildEndpoint" name="test_get_buildername_not_existing_number" time="0.001"/>
<testcase classname="buildbot.test.unit.data.test_builds.BuildEndpoint" name="test_get_buildername_number" time="0.001"/>
<testcase classname="buildbot.test.unit.data.test_builds.BuildEndpoint" name="test_get_existing" time="0.001"/>
<testcase classname="buildbot.test.unit.data.test_builds.BuildEndpoint" name="test_get_missing" time="0.001"/>
<testcase classname="buildbot.test.unit.data.test_builds.BuildEndpoint" name="test_get_missing_builder_number" time="0.001"/>
<testcase classname="buildbot.test.unit.data.test_builds.BuildEndpoint" name="test_get_spec" time="0.001"/>
<testcase classname="buildbot.test.unit.data.test_builds.BuildEndpoint" name="test_properties_injection" time="0.001"/>
<testcase classname="buildbot.test.unit.data.test_builds.BuildEndpoint" name="test_rootLinkName" time="0.001"/>
<testcase classname="buildbot.test.unit.data.test_builds.BuildsEndpoint" name="test_control_spec" time="0.001"/>
<testcase classname="buildbot.test.unit.data.test_builds.BuildsEndpoint" name="test_get_all" time="0.001"/>
<testcase classname="buildbot.test.unit.data.test_builds.BuildsEndpoint" name="test_get_builder" time="0.001"/>
<testcase classname="buildbot.test.unit.data.test_builds.BuildsEndpoint" name="test_get_buildername" time="0.001"/>
<testcase classname="buildbot.test.unit.data.test_builds.BuildsEndpoint" name="test_get_buildername_not_existing" time="0.001"/>
<testcase classname="buildbot.test.unit.data.test_builds.BuildsEndpoint" name="test_get_buildrequest" time="0.001"/>
<testcase classname="buildbot.test.unit.data.test_builds.BuildsEndpoint" name="test_get_buildrequest_not_existing" time="0.001"/>
<testcase classname="buildbot.test.unit.data.test_builds.BuildsEndpoint" name="test_get_buildrequest_via_filter" time="0.001"/>
<testcase classname="buildbot.test.unit.data.test_builds.BuildsEndpoint" name="test_get_buildrequest_via_filter_with_string" time="0.001"/>
<testcase classname="buildbot.test.unit.data.test_builds.BuildsEndpoint" name="test_get_complete" time="0.001"/>
<testcase classname="buildbot.test.unit.data.test_builds.BuildsEndpoint" name="test_get_complete_at" time="0.001"/>
<testcase classname="buildbot.test.unit.data.test_builds.BuildsEndpoint" name="test_get_filter_eq" time="0.001"/>
<testcase classname="buildbot.test.unit.data.test_builds.BuildsEndpoint" name="test_get_filter_ne" time="0.001"/>
<testcase classname="buildbot.test.unit.data.test_builds.BuildsEndpoint" name="test_get_spec" time="0.001"/>
<testcase classname="buildbot.test.unit.data.test_builds.BuildsEndpoint" name="test_get_worker" time="0.001"/>
<testcase classname="buildbot.test.unit.data.test_builds.BuildsEndpoint" name="test_properties_injection" time="0.001"/>
<testcase classname="buildbot.test.unit.data.test_builds.BuildsEndpoint" name="test_rootLinkName" time="0.001"/>
<testcase classname="buildbot.test.unit.data.test_buildsets.Buildset" name="test_addBuildset_no_builderNames" time="0.001"/>
<testcase classname="buildbot.test.unit.data.test_buildsets.Buildset" name="test_addBuildset_two_builderNames" time="0.001"/>
<testcase classname="buildbot.test.unit.data.test_buildsets.Buildset" name="test_maybeBuildsetComplete_already_complete" time="0.001"/>
<testcase classname="buildbot.test.unit.data.test_buildsets.Buildset" name="test_maybeBuildsetComplete_complete" time="0.001"/>
<testcase classname="buildbot.test.unit.data.test_buildsets.Buildset" name="test_maybeBuildsetComplete_complete_failure" time="0.001"/>
<testcase classname="buildbot.test.unit.data.test_buildsets.Buildset" name="test_maybeBuildsetComplete_not_yet" time="0.001"/>
<testcase classname="buildbot.test.unit.data.test_buildsets.Buildset" name="test_signature_addBuildset" time="0.001"/>
<testcase classname="buildbot.test.unit.data.test_buildsets.Buildset" name="test_signature_maybeBuildsetComplete" time="0.001"/>
<testcase classname="buildbot.test.unit.data.test_buildsets.BuildsetEndpoint" name="test_control_spec" time="0.001"/>
<testcase classname="buildbot.test.unit.data.test_buildsets.BuildsetEndpoint" name="test_get_existing" time="0.001"/>
<testcase classname="buildbot.test.unit.data.test_buildsets.BuildsetEndpoint" name="test_get_existing_no_sourcestamps" time="0.001"/>
<testcase classname="buildbot.test.unit.data.test_buildsets.BuildsetEndpoint" name="test_get_missing" time="0.001"/>
<testcase classname="buildbot.test.unit.data.test_buildsets.BuildsetEndpoint" name="test_get_spec" time="0.001"/>
<testcase classname="buildbot.test.unit.data.test_buildsets.BuildsetEndpoint" name="test_rootLinkName" time="0.001"/>
<testcase classname="buildbot.test.unit.data.test_buildsets.BuildsetsEndpoint" name="test_control_spec" time="0.001"/>
<testcase classname="buildbot.test.unit.data.test_buildsets.BuildsetsEndpoint" name="test_get" time="0.002"/>
<testcase classname="buildbot.test.unit.data.test_buildsets.BuildsetsEndpoint" name="test_get_complete" time="0.001"/>
<testcase classname="buildbot.test.unit.data.test_buildsets.BuildsetsEndpoint" name="test_get_incomplete" time="0.001"/>
<testcase classname="buildbot.test.unit.data.test_buildsets.BuildsetsEndpoint" name="test_get_spec" time="0.001"/>
<testcase classname="buildbot.test.unit.data.test_buildsets.BuildsetsEndpoint" name="test_rootLinkName" time="0.001"/>
<testcase classname="buildbot.test.unit.data.test_changes.Change" name="test_addChange" time="0.001"/>
<testcase classname="buildbot.test.unit.data.test_changes.Change" name="test_addChange_repository_revision" time="0.001"/>
<testcase classname="buildbot.test.unit.data.test_changes.Change" name="test_addChange_src_codebase" time="0.001"/>
<testcase classname="buildbot.test.unit.data.test_changes.Change" name="test_addChange_src_codebaseGenerator" time="0.001"/>
<testcase classname="buildbot.test.unit.data.test_changes.Change" name="test_signature_addChange" time="0.001"/>
<testcase classname="buildbot.test.unit.data.test_changes.ChangeEndpoint" name="test_control_spec" time="0.001"/>
<testcase classname="buildbot.test.unit.data.test_changes.ChangeEndpoint" name="test_get_existing" time="0.001"/>
<testcase classname="buildbot.test.unit.data.test_changes.ChangeEndpoint" name="test_get_missing" time="0.001"/>
<testcase classname="buildbot.test.unit.data.test_changes.ChangeEndpoint" name="test_get_spec" time="0.001"/>
<testcase classname="buildbot.test.unit.data.test_changes.ChangeEndpoint" name="test_rootLinkName" time="0.001"/>
<testcase classname="buildbot.test.unit.data.test_changes.ChangesEndpoint" name="test_control_spec" time="0.001"/>
<testcase classname="buildbot.test.unit.data.test_changes.ChangesEndpoint" name="test_get" time="0.001"/>
<testcase classname="buildbot.test.unit.data.test_changes.ChangesEndpoint" name="test_getChangesOtherOffset" time="0.001"/>
<testcase classname="buildbot.test.unit.data.test_changes.ChangesEndpoint" name="test_getChangesOtherOrder" time="0.001"/>
<testcase classname="buildbot.test.unit.data.test_changes.ChangesEndpoint" name="test_getChanges_from_build" time="0.001"/>
<testcase classname="buildbot.test.unit.data.test_changes.ChangesEndpoint" name="test_getChanges_from_builder" time="0.001"/>
<testcase classname="buildbot.test.unit.data.test_changes.ChangesEndpoint" name="test_getChanges_recent" time="0.001"/>
<testcase classname="buildbot.test.unit.data.test_changes.ChangesEndpoint" name="test_get_spec" time="0.001"/>
<testcase classname="buildbot.test.unit.data.test_changes.ChangesEndpoint" name="test_rootLinkName" time="0.001"/>
<testcase classname="buildbot.test.unit.data.test_changesources.ChangeSource" name="test__masterDeactivated" time="0.001"/>
<testcase classname="buildbot.test.unit.data.test_changesources.ChangeSource" name="test_findChangeSourceId" time="0.001"/>
<testcase classname="buildbot.test.unit.data.test_changesources.ChangeSource" name="test_signature_findChangeSourceId" time="0.001"/>
<testcase classname="buildbot.test.unit.data.test_changesources.ChangeSource" name="test_signature_trySetChangeSourceMaster" time="0.001"/>
<testcase classname="buildbot.test.unit.data.test_changesources.ChangeSource" name="test_trySetChangeSourceMaster_fails" time="0.001"/>
<testcase classname="buildbot.test.unit.data.test_changesources.ChangeSource" name="test_trySetChangeSourceMaster_raisesOddException" time="0.001"/>
<testcase classname="buildbot.test.unit.data.test_changesources.ChangeSource" name="test_trySetChangeSourceMaster_succeeds" time="0.001"/>
<testcase classname="buildbot.test.unit.data.test_changesources.ChangeSourceEndpoint" name="test_control_spec" time="0.001"/>
<testcase classname="buildbot.test.unit.data.test_changesources.ChangeSourceEndpoint" name="test_get_existing" time="0.001"/>
<testcase classname="buildbot.test.unit.data.test_changesources.ChangeSourceEndpoint" name="test_get_masterid_existing" time="0.001"/>
<testcase classname="buildbot.test.unit.data.test_changesources.ChangeSourceEndpoint" name="test_get_masterid_missing" time="0.001"/>
<testcase classname="buildbot.test.unit.data.test_changesources.ChangeSourceEndpoint" name="test_get_masterid_no_match" time="0.001"/>
<testcase classname="buildbot.test.unit.data.test_changesources.ChangeSourceEndpoint" name="test_get_missing" time="0.001"/>
<testcase classname="buildbot.test.unit.data.test_changesources.ChangeSourceEndpoint" name="test_get_no_master" time="0.001"/>
<testcase classname="buildbot.test.unit.data.test_changesources.ChangeSourceEndpoint" name="test_get_spec" time="0.001"/>
<testcase classname="buildbot.test.unit.data.test_changesources.ChangeSourceEndpoint" name="test_rootLinkName" time="0.001"/>
<testcase classname="buildbot.test.unit.data.test_changesources.ChangeSourcesEndpoint" name="test_control_spec" time="0.001"/>
<testcase classname="buildbot.test.unit.data.test_changesources.ChangeSourcesEndpoint" name="test_get" time="0.001"/>
<testcase classname="buildbot.test.unit.data.test_changesources.ChangeSourcesEndpoint" name="test_get_masterid" time="0.001"/>
<testcase classname="buildbot.test.unit.data.test_changesources.ChangeSourcesEndpoint" name="test_get_masterid_missing" time="0.001"/>
<testcase classname="buildbot.test.unit.data.test_changesources.ChangeSourcesEndpoint" name="test_get_spec" time="0.001"/>
<testcase classname="buildbot.test.unit.data.test_changesources.ChangeSourcesEndpoint" name="test_rootLinkName" time="0.001"/>
<testcase classname="buildbot.test.unit.data.test_connector.DataConnector" name="test_control" time="0.000"/>
<testcase classname="buildbot.test.unit.data.test_connector.DataConnector" name="test_get" time="0.000"/>
<testcase classname="buildbot.test.unit.data.test_connector.DataConnector" name="test_getEndpoint" time="0.000"/>
<testcase classname="buildbot.test.unit.data.test_connector.DataConnector" name="test_getEndpoint_missing" time="0.000"/>
<testcase classname="buildbot.test.unit.data.test_connector.DataConnector" name="test_get_filters" time="0.000"/>
<testcase classname="buildbot.test.unit.data.test_connector.DataConnector" name="test_get_resultSpec_args" time="0.000"/>
<testcase classname="buildbot.test.unit.data.test_connector.DataConnector" name="test_scanModule" time="0.000"/>
<testcase classname="buildbot.test.unit.data.test_connector.DataConnector" name="test_sets_master" time="0.000"/>
<testcase classname="buildbot.test.unit.data.test_connector.TestDataConnector" name="test_signature_control" time="0.001"/>
<testcase classname="buildbot.test.unit.data.test_connector.TestDataConnector" name="test_signature_get" time="0.001"/>
<testcase classname="buildbot.test.unit.data.test_connector.TestDataConnector" name="test_signature_getEndpoint" time="0.001"/>
<testcase classname="buildbot.test.unit.data.test_connector.TestDataConnector" name="test_signature_updates_addBuildset" time="0.001"/>
<testcase classname="buildbot.test.unit.data.test_connector.TestDataConnector" name="test_signature_updates_addChange" time="0.001"/>
<testcase classname="buildbot.test.unit.data.test_connector.TestDataConnector" name="test_signature_updates_masterActive" time="0.001"/>
<testcase classname="buildbot.test.unit.data.test_connector.TestDataConnector" name="test_signature_updates_masterStopped" time="0.001"/>
<testcase classname="buildbot.test.unit.data.test_connector.TestDataConnector" name="test_signature_updates_maybeBuildsetComplete" time="0.001"/>
<testcase classname="buildbot.test.unit.data.test_connector.TestDataConnector" name="test_signature_updates_updateBuilderList" time="0.001"/>
<testcase classname="buildbot.test.unit.data.test_connector.TestFakeData" name="test_signature_control" time="0.001"/>
<testcase classname="buildbot.test.unit.data.test_connector.TestFakeData" name="test_signature_get" time="0.001"/>
<testcase classname="buildbot.test.unit.data.test_connector.TestFakeData" name="test_signature_getEndpoint" time="0.001"/>
<testcase classname="buildbot.test.unit.data.test_connector.TestFakeData" name="test_signature_updates_addBuildset" time="0.001"/>
<testcase classname="buildbot.test.unit.data.test_connector.TestFakeData" name="test_signature_updates_addChange" time="0.001"/>
<testcase classname="buildbot.test.unit.data.test_connector.TestFakeData" name="test_signature_updates_masterActive" time="0.001"/>
<testcase classname="buildbot.test.unit.data.test_connector.TestFakeData" name="test_signature_updates_masterStopped" time="0.001"/>
<testcase classname="buildbot.test.unit.data.test_connector.TestFakeData" name="test_signature_updates_maybeBuildsetComplete" time="0.001"/>
<testcase classname="buildbot.test.unit.data.test_connector.TestFakeData" name="test_signature_updates_updateBuilderList" time="0.001"/>
<testcase classname="buildbot.test.unit.data.test_forceschedulers.ForceSchedulersEndpoint" name="test_control_spec" time="0.001"/>
<testcase classname="buildbot.test.unit.data.test_forceschedulers.ForceSchedulersEndpoint" name="test_get_existing" time="0.001"/>
<testcase classname="buildbot.test.unit.data.test_forceschedulers.ForceSchedulersEndpoint" name="test_get_spec" time="0.001"/>
<testcase classname="buildbot.test.unit.data.test_forceschedulers.ForceSchedulersEndpoint" name="test_rootLinkName" time="0.001"/>
<testcase classname="buildbot.test.unit.data.test_forceschedulers.ForceschedulerEndpoint" name="test_control_spec" time="0.001"/>
<testcase classname="buildbot.test.unit.data.test_forceschedulers.ForceschedulerEndpoint" name="test_get_existing" time="0.001"/>
<testcase classname="buildbot.test.unit.data.test_forceschedulers.ForceschedulerEndpoint" name="test_get_missing" time="0.001"/>
<testcase classname="buildbot.test.unit.data.test_forceschedulers.ForceschedulerEndpoint" name="test_get_spec" time="0.001"/>
<testcase classname="buildbot.test.unit.data.test_forceschedulers.ForceschedulerEndpoint" name="test_rootLinkName" time="0.001"/>
<testcase classname="buildbot.test.unit.data.test_graphql.TestGraphQlConnector" name="test_get_fake_graphql_schema" time="0.007"/>
<testcase classname="buildbot.test.unit.data.test_graphql.TestGraphQlConnector" name="test_graphql_get_full_schema" time="0.216"/>
<testcase classname="buildbot.test.unit.data.test_graphql.TestGraphQlConnector" name="test_graphql_get_schema" time="0.003"/>
<testcase classname="buildbot.test.unit.data.test_graphql.TestGraphQlConnector" name="test_signature_query" time="0.000"/>
<testcase classname="buildbot.test.unit.data.test_graphql.TestGraphQlConnectorService" name="test_start_stop" time="0.073"/>
<testcase classname="buildbot.test.unit.data.test_logchunks.LogChunkEndpoint" name="test_control_spec" time="0.002"/>
<testcase classname="buildbot.test.unit.data.test_logchunks.LogChunkEndpoint" name="test_get_by_builder" time="0.001"/>
<testcase classname="buildbot.test.unit.data.test_logchunks.LogChunkEndpoint" name="test_get_by_builder_step_name" time="0.001"/>
<testcase classname="buildbot.test.unit.data.test_logchunks.LogChunkEndpoint" name="test_get_by_buildid" time="0.002"/>
<testcase classname="buildbot.test.unit.data.test_logchunks.LogChunkEndpoint" name="test_get_by_stepid" time="0.002"/>
<testcase classname="buildbot.test.unit.data.test_logchunks.LogChunkEndpoint" name="test_get_empty" time="0.002"/>
<testcase classname="buildbot.test.unit.data.test_logchunks.LogChunkEndpoint" name="test_get_logid_60" time="0.001"/>
<testcase classname="buildbot.test.unit.data.test_logchunks.LogChunkEndpoint" name="test_get_logid_61" time="0.002"/>
<testcase classname="buildbot.test.unit.data.test_logchunks.LogChunkEndpoint" name="test_get_missing" time="0.001"/>
<testcase classname="buildbot.test.unit.data.test_logchunks.LogChunkEndpoint" name="test_get_spec" time="0.001"/>
<testcase classname="buildbot.test.unit.data.test_logchunks.LogChunkEndpoint" name="test_rootLinkName" time="0.001"/>
<testcase classname="buildbot.test.unit.data.test_logchunks.LogChunkEndpointBase" name="test_control_spec" time="0.001"/>
<testcase classname="buildbot.test.unit.data.test_logchunks.LogChunkEndpointBase" name="test_get_logid_60" time="0.001"/>
<testcase classname="buildbot.test.unit.data.test_logchunks.LogChunkEndpointBase" name="test_get_logid_61" time="0.002"/>
<testcase classname="buildbot.test.unit.data.test_logchunks.LogChunkEndpointBase" name="test_get_spec" time="0.001"/>
<testcase classname="buildbot.test.unit.data.test_logchunks.LogChunkEndpointBase" name="test_rootLinkName" time="0.001"/>
<testcase classname="buildbot.test.unit.data.test_logchunks.RawLogChunkEndpoint" name="test_control_spec" time="0.001"/>
<testcase classname="buildbot.test.unit.data.test_logchunks.RawLogChunkEndpoint" name="test_get_logid_60" time="0.001"/>
<testcase classname="buildbot.test.unit.data.test_logchunks.RawLogChunkEndpoint" name="test_get_logid_61" time="0.002"/>
<testcase classname="buildbot.test.unit.data.test_logchunks.RawLogChunkEndpoint" name="test_get_spec" time="0.002"/>
<testcase classname="buildbot.test.unit.data.test_logchunks.RawLogChunkEndpoint" name="test_rootLinkName" time="0.001"/>
<testcase classname="buildbot.test.unit.data.test_logs.Log" name="test_addLog_uniquify" time="0.001"/>
<testcase classname="buildbot.test.unit.data.test_logs.Log" name="test_appendLog" time="0.001"/>
<testcase classname="buildbot.test.unit.data.test_logs.Log" name="test_compressLog" time="0.001"/>
<testcase classname="buildbot.test.unit.data.test_logs.Log" name="test_finishLog" time="0.001"/>
<testcase classname="buildbot.test.unit.data.test_logs.Log" name="test_signature_addLog" time="0.001"/>
<testcase classname="buildbot.test.unit.data.test_logs.Log" name="test_signature_appendLog" time="0.001"/>
<testcase classname="buildbot.test.unit.data.test_logs.Log" name="test_signature_compressLog" time="0.001"/>
<testcase classname="buildbot.test.unit.data.test_logs.Log" name="test_signature_finishLog" time="0.001"/>
<testcase classname="buildbot.test.unit.data.test_logs.LogEndpoint" name="test_control_spec" time="0.001"/>
<testcase classname="buildbot.test.unit.data.test_logs.LogEndpoint" name="test_get_by_builder" time="0.001"/>
<testcase classname="buildbot.test.unit.data.test_logs.LogEndpoint" name="test_get_by_builder_step_name" time="0.001"/>
<testcase classname="buildbot.test.unit.data.test_logs.LogEndpoint" name="test_get_by_buildername_step_name" time="0.001"/>
<testcase classname="buildbot.test.unit.data.test_logs.LogEndpoint" name="test_get_by_buildid" time="0.001"/>
<testcase classname="buildbot.test.unit.data.test_logs.LogEndpoint" name="test_get_by_stepid" time="0.001"/>
<testcase classname="buildbot.test.unit.data.test_logs.LogEndpoint" name="test_get_existing" time="0.001"/>
<testcase classname="buildbot.test.unit.data.test_logs.LogEndpoint" name="test_get_missing" time="0.001"/>
<testcase classname="buildbot.test.unit.data.test_logs.LogEndpoint" name="test_get_spec" time="0.001"/>
<testcase classname="buildbot.test.unit.data.test_logs.LogEndpoint" name="test_rootLinkName" time="0.001"/>
<testcase classname="buildbot.test.unit.data.test_logs.LogsEndpoint" name="test_control_spec" time="0.001"/>
<testcase classname="buildbot.test.unit.data.test_logs.LogsEndpoint" name="test_get_builder_build_number_step_name" time="0.001"/>
<testcase classname="buildbot.test.unit.data.test_logs.LogsEndpoint" name="test_get_builder_build_number_step_number" time="0.001"/>
<testcase classname="buildbot.test.unit.data.test_logs.LogsEndpoint" name="test_get_buildid_step_name" time="0.001"/>
<testcase classname="buildbot.test.unit.data.test_logs.LogsEndpoint" name="test_get_buildid_step_number" time="0.001"/>
<testcase classname="buildbot.test.unit.data.test_logs.LogsEndpoint" name="test_get_spec" time="0.001"/>
<testcase classname="buildbot.test.unit.data.test_logs.LogsEndpoint" name="test_get_stepid" time="0.001"/>
<testcase classname="buildbot.test.unit.data.test_logs.LogsEndpoint" name="test_get_stepid_empty" time="0.001"/>
<testcase classname="buildbot.test.unit.data.test_logs.LogsEndpoint" name="test_get_stepid_missing" time="0.001"/>
<testcase classname="buildbot.test.unit.data.test_logs.LogsEndpoint" name="test_rootLinkName" time="0.086"/>
<testcase classname="buildbot.test.unit.data.test_masters.Master" name="test_expireMasters" time="0.002"/>
<testcase classname="buildbot.test.unit.data.test_masters.Master" name="test_masterActive" time="0.001"/>
<testcase classname="buildbot.test.unit.data.test_masters.Master" name="test_masterDeactivated" time="0.002"/>
<testcase classname="buildbot.test.unit.data.test_masters.Master" name="test_masterStopped" time="0.001"/>
<testcase classname="buildbot.test.unit.data.test_masters.Master" name="test_masterStopped_already" time="0.001"/>
<testcase classname="buildbot.test.unit.data.test_masters.Master" name="test_signature_expireMasters" time="0.001"/>
<testcase classname="buildbot.test.unit.data.test_masters.Master" name="test_signature_masterActive" time="0.001"/>
<testcase classname="buildbot.test.unit.data.test_masters.Master" name="test_signature_masterStopped" time="0.001"/>
<testcase classname="buildbot.test.unit.data.test_masters.MasterEndpoint" name="test_control_spec" time="0.001"/>
<testcase classname="buildbot.test.unit.data.test_masters.MasterEndpoint" name="test_get_builderid_existing" time="0.001"/>
<testcase classname="buildbot.test.unit.data.test_masters.MasterEndpoint" name="test_get_builderid_missing" time="0.001"/>
<testcase classname="buildbot.test.unit.data.test_masters.MasterEndpoint" name="test_get_builderid_no_match" time="0.001"/>
<testcase classname="buildbot.test.unit.data.test_masters.MasterEndpoint" name="test_get_existing" time="0.001"/>
<testcase classname="buildbot.test.unit.data.test_masters.MasterEndpoint" name="test_get_missing" time="0.001"/>
<testcase classname="buildbot.test.unit.data.test_masters.MasterEndpoint" name="test_get_spec" time="0.001"/>
<testcase classname="buildbot.test.unit.data.test_masters.MasterEndpoint" name="test_rootLinkName" time="0.001"/>
<testcase classname="buildbot.test.unit.data.test_masters.MastersEndpoint" name="test_control_spec" time="0.001"/>
<testcase classname="buildbot.test.unit.data.test_masters.MastersEndpoint" name="test_get" time="0.001"/>
<testcase classname="buildbot.test.unit.data.test_masters.MastersEndpoint" name="test_get_builderid" time="0.001"/>
<testcase classname="buildbot.test.unit.data.test_masters.MastersEndpoint" name="test_get_builderid_missing" time="0.001"/>
<testcase classname="buildbot.test.unit.data.test_masters.MastersEndpoint" name="test_get_spec" time="0.001"/>
<testcase classname="buildbot.test.unit.data.test_masters.MastersEndpoint" name="test_rootLinkName" time="0.001"/>
<testcase classname="buildbot.test.unit.data.test_projects.Project" name="test_find_project_id" time="0.001"/>
<testcase classname="buildbot.test.unit.data.test_projects.Project" name="test_signature_find_project_id" time="0.001"/>
<testcase classname="buildbot.test.unit.data.test_projects.Project" name="test_signature_update_project_info" time="0.001"/>
<testcase classname="buildbot.test.unit.data.test_projects.Project" name="test_update_project_info" time="0.001"/>
<testcase classname="buildbot.test.unit.data.test_projects.ProjectEndpoint" name="test_control_spec" time="0.001"/>
<testcase classname="buildbot.test.unit.data.test_projects.ProjectEndpoint" name="test_get_existing_id" time="0.001"/>
<testcase classname="buildbot.test.unit.data.test_projects.ProjectEndpoint" name="test_get_existing_name" time="0.001"/>
<testcase classname="buildbot.test.unit.data.test_projects.ProjectEndpoint" name="test_get_missing" time="0.001"/>
<testcase classname="buildbot.test.unit.data.test_projects.ProjectEndpoint" name="test_get_missing_with_name" time="0.001"/>
<testcase classname="buildbot.test.unit.data.test_projects.ProjectEndpoint" name="test_get_spec" time="0.001"/>
<testcase classname="buildbot.test.unit.data.test_projects.ProjectEndpoint" name="test_rootLinkName" time="0.001"/>
<testcase classname="buildbot.test.unit.data.test_projects.ProjectsEndpoint" name="test_control_spec" time="0.001"/>
<testcase classname="buildbot.test.unit.data.test_projects.ProjectsEndpoint" name="test_get_0_no_filter" time="0.001"/>
<testcase classname="buildbot.test.unit.data.test_projects.ProjectsEndpoint" name="test_get_1_active" time="0.001"/>
<testcase classname="buildbot.test.unit.data.test_projects.ProjectsEndpoint" name="test_get_2_inactive" time="0.001"/>
<testcase classname="buildbot.test.unit.data.test_projects.ProjectsEndpoint" name="test_get_spec" time="0.002"/>
<testcase classname="buildbot.test.unit.data.test_projects.ProjectsEndpoint" name="test_rootLinkName" time="0.002"/>
<testcase classname="buildbot.test.unit.data.test_properties.BuildPropertiesEndpoint" name="test_control_spec" time="0.001"/>
<testcase classname="buildbot.test.unit.data.test_properties.BuildPropertiesEndpoint" name="test_get_properties" time="0.001"/>
<testcase classname="buildbot.test.unit.data.test_properties.BuildPropertiesEndpoint" name="test_get_properties_from_builder" time="0.001"/>
<testcase classname="buildbot.test.unit.data.test_properties.BuildPropertiesEndpoint" name="test_get_spec" time="0.001"/>
<testcase classname="buildbot.test.unit.data.test_properties.BuildPropertiesEndpoint" name="test_rootLinkName" time="0.001"/>
<testcase classname="buildbot.test.unit.data.test_properties.BuildsetPropertiesEndpoint" name="test_control_spec" time="0.001"/>
<testcase classname="buildbot.test.unit.data.test_properties.BuildsetPropertiesEndpoint" name="test_get_properties" time="0.001"/>
<testcase classname="buildbot.test.unit.data.test_properties.BuildsetPropertiesEndpoint" name="test_get_spec" time="0.001"/>
<testcase classname="buildbot.test.unit.data.test_properties.BuildsetPropertiesEndpoint" name="test_rootLinkName" time="0.001"/>
<testcase classname="buildbot.test.unit.data.test_properties.Properties" name="test_setBuildProperties" time="0.002"/>
<testcase classname="buildbot.test.unit.data.test_properties.Properties" name="test_setBuildProperty" time="0.001"/>
<testcase classname="buildbot.test.unit.data.test_properties.Properties" name="test_signature_setBuildProperty" time="0.001"/>
<testcase classname="buildbot.test.unit.data.test_resultspec.Comparator" name="test_noneComparator" time="0.001"/>
<testcase classname="buildbot.test.unit.data.test_resultspec.Comparator" name="test_noneComparison" time="0.000"/>
<testcase classname="buildbot.test.unit.data.test_resultspec.Comparator" name="test_reverseComparator" time="0.000"/>
<testcase classname="buildbot.test.unit.data.test_resultspec.Comparator" name="test_reverseComparison" time="0.000"/>
<testcase classname="buildbot.test.unit.data.test_resultspec.Comparator" name="test_reverseComparisonWithNone" time="0.000"/>
<testcase classname="buildbot.test.unit.data.test_resultspec.Filter" name="test_contains" time="0.000"/>
<testcase classname="buildbot.test.unit.data.test_resultspec.Filter" name="test_contains_plural" time="0.000"/>
<testcase classname="buildbot.test.unit.data.test_resultspec.Filter" name="test_eq" time="0.000"/>
<testcase classname="buildbot.test.unit.data.test_resultspec.Filter" name="test_eq_plural" time="0.000"/>
<testcase classname="buildbot.test.unit.data.test_resultspec.Filter" name="test_ge" time="0.000"/>
<testcase classname="buildbot.test.unit.data.test_resultspec.Filter" name="test_gt" time="0.000"/>
<testcase classname="buildbot.test.unit.data.test_resultspec.Filter" name="test_le" time="0.000"/>
<testcase classname="buildbot.test.unit.data.test_resultspec.Filter" name="test_lt" time="0.000"/>
<testcase classname="buildbot.test.unit.data.test_resultspec.Filter" name="test_ne" time="0.000"/>
<testcase classname="buildbot.test.unit.data.test_resultspec.Filter" name="test_ne_plural" time="0.000"/>
<testcase classname="buildbot.test.unit.data.test_resultspec.ResultSpec" name="test_apply_None" time="0.000"/>
<testcase classname="buildbot.test.unit.data.test_resultspec.ResultSpec" name="test_apply_collection_fields" time="0.000"/>
<testcase classname="buildbot.test.unit.data.test_resultspec.ResultSpec" name="test_apply_details_fields" time="0.000"/>
<testcase classname="buildbot.test.unit.data.test_resultspec.ResultSpec" name="test_apply_filter" time="0.000"/>
<testcase classname="buildbot.test.unit.data.test_resultspec.ResultSpec" name="test_apply_missing_fields" time="0.000"/>
<testcase classname="buildbot.test.unit.data.test_resultspec.ResultSpec" name="test_apply_ordering" time="0.000"/>
<testcase classname="buildbot.test.unit.data.test_resultspec.ResultSpec" name="test_apply_ordering_multi" time="0.000"/>
<testcase classname="buildbot.test.unit.data.test_resultspec.ResultSpec" name="test_endpoint_returns_total_without_applying_filters" time="0.000"/>
<testcase classname="buildbot.test.unit.data.test_resultspec.ResultSpec" name="test_pagination_ListResult" time="0.000"/>
<testcase classname="buildbot.test.unit.data.test_resultspec.ResultSpec" name="test_pagination_bare_list" time="0.000"/>
<testcase classname="buildbot.test.unit.data.test_resultspec.ResultSpec" name="test_pagination_prepaginated" time="0.000"/>
<testcase classname="buildbot.test.unit.data.test_resultspec.ResultSpec" name="test_pagination_prepaginated_without_clearing_resultspec" time="0.000"/>
<testcase classname="buildbot.test.unit.data.test_resultspec.ResultSpec" name="test_popBooleanFilter" time="0.000"/>
<testcase classname="buildbot.test.unit.data.test_resultspec.ResultSpec" name="test_popField" time="0.000"/>
<testcase classname="buildbot.test.unit.data.test_resultspec.ResultSpec" name="test_popField_not_present" time="0.000"/>
<testcase classname="buildbot.test.unit.data.test_resultspec.ResultSpec" name="test_popFilter" time="0.000"/>
<testcase classname="buildbot.test.unit.data.test_resultspec.ResultSpec" name="test_popIntegerFilter" time="0.000"/>
<testcase classname="buildbot.test.unit.data.test_resultspec.ResultSpec" name="test_popIntegerFilterNotInt" time="0.000"/>
<testcase classname="buildbot.test.unit.data.test_resultspec.ResultSpec" name="test_popIntegerFilterSeveral" time="0.000"/>
<testcase classname="buildbot.test.unit.data.test_resultspec.ResultSpec" name="test_popProperties" time="0.000"/>
<testcase classname="buildbot.test.unit.data.test_resultspec.ResultSpec" name="test_popStringFilter" time="0.000"/>
<testcase classname="buildbot.test.unit.data.test_resultspec.ResultSpec" name="test_popStringFilterSeveral" time="0.000"/>
<testcase classname="buildbot.test.unit.data.test_resultspec.ResultSpec" name="test_removeOrder" time="0.000"/>
<testcase classname="buildbot.test.unit.data.test_resultspec.ResultSpec" name="test_sort_null_datetimefields" time="0.000"/>
<testcase classname="buildbot.test.unit.data.test_root.RootEndpoint" name="test_control_spec" time="0.001"/>
<testcase classname="buildbot.test.unit.data.test_root.RootEndpoint" name="test_get" time="0.001"/>
<testcase classname="buildbot.test.unit.data.test_root.RootEndpoint" name="test_get_spec" time="0.001"/>
<testcase classname="buildbot.test.unit.data.test_root.RootEndpoint" name="test_rootLinkName" time="0.001"/>
<testcase classname="buildbot.test.unit.data.test_root.SpecEndpoint" name="test_control_spec" time="0.002"/>
<testcase classname="buildbot.test.unit.data.test_root.SpecEndpoint" name="test_get" time="0.003"/>
<testcase classname="buildbot.test.unit.data.test_root.SpecEndpoint" name="test_get_spec" time="0.002"/>
<testcase classname="buildbot.test.unit.data.test_root.SpecEndpoint" name="test_rootLinkName" time="0.001"/>
<testcase classname="buildbot.test.unit.data.test_schedulers.Scheduler" name="test__masterDeactivated" time="0.001"/>
<testcase classname="buildbot.test.unit.data.test_schedulers.Scheduler" name="test_findSchedulerId" time="0.001"/>
<testcase classname="buildbot.test.unit.data.test_schedulers.Scheduler" name="test_schedulerEnable" time="0.001"/>
<testcase classname="buildbot.test.unit.data.test_schedulers.Scheduler" name="test_signature_findSchedulerId" time="0.001"/>
<testcase classname="buildbot.test.unit.data.test_schedulers.Scheduler" name="test_signature_schedulerEnable" time="0.001"/>
<testcase classname="buildbot.test.unit.data.test_schedulers.Scheduler" name="test_signature_trySetSchedulerMaster" time="0.001"/>
<testcase classname="buildbot.test.unit.data.test_schedulers.Scheduler" name="test_trySetSchedulerMaster_fails" time="0.001"/>
<testcase classname="buildbot.test.unit.data.test_schedulers.Scheduler" name="test_trySetSchedulerMaster_raisesOddException" time="0.001"/>
<testcase classname="buildbot.test.unit.data.test_schedulers.Scheduler" name="test_trySetSchedulerMaster_succeeds" time="0.002"/>
<testcase classname="buildbot.test.unit.data.test_schedulers.SchedulerEndpoint" name="test_action_enable" time="0.001"/>
<testcase classname="buildbot.test.unit.data.test_schedulers.SchedulerEndpoint" name="test_control_spec" time="0.001"/>
<testcase classname="buildbot.test.unit.data.test_schedulers.SchedulerEndpoint" name="test_get_existing" time="0.001"/>
<testcase classname="buildbot.test.unit.data.test_schedulers.SchedulerEndpoint" name="test_get_masterid_existing" time="0.001"/>
<testcase classname="buildbot.test.unit.data.test_schedulers.SchedulerEndpoint" name="test_get_masterid_missing" time="0.001"/>
<testcase classname="buildbot.test.unit.data.test_schedulers.SchedulerEndpoint" name="test_get_masterid_no_match" time="0.001"/>
<testcase classname="buildbot.test.unit.data.test_schedulers.SchedulerEndpoint" name="test_get_missing" time="0.001"/>
<testcase classname="buildbot.test.unit.data.test_schedulers.SchedulerEndpoint" name="test_get_no_master" time="0.001"/>
<testcase classname="buildbot.test.unit.data.test_schedulers.SchedulerEndpoint" name="test_get_spec" time="0.001"/>
<testcase classname="buildbot.test.unit.data.test_schedulers.SchedulerEndpoint" name="test_rootLinkName" time="0.001"/>
<testcase classname="buildbot.test.unit.data.test_schedulers.SchedulersEndpoint" name="test_control_spec" time="0.001"/>
<testcase classname="buildbot.test.unit.data.test_schedulers.SchedulersEndpoint" name="test_get" time="0.001"/>
<testcase classname="buildbot.test.unit.data.test_schedulers.SchedulersEndpoint" name="test_get_masterid" time="0.001"/>
<testcase classname="buildbot.test.unit.data.test_schedulers.SchedulersEndpoint" name="test_get_masterid_missing" time="0.001"/>
<testcase classname="buildbot.test.unit.data.test_schedulers.SchedulersEndpoint" name="test_get_spec" time="0.001"/>
<testcase classname="buildbot.test.unit.data.test_schedulers.SchedulersEndpoint" name="test_rootLinkName" time="0.001"/>
<testcase classname="buildbot.test.unit.data.test_sourcestamps.SourceStampEndpoint" name="test_control_spec" time="0.001"/>
<testcase classname="buildbot.test.unit.data.test_sourcestamps.SourceStampEndpoint" name="test_get_existing" time="0.001"/>
<testcase classname="buildbot.test.unit.data.test_sourcestamps.SourceStampEndpoint" name="test_get_existing_patch" time="0.001"/>
<testcase classname="buildbot.test.unit.data.test_sourcestamps.SourceStampEndpoint" name="test_get_missing" time="0.001"/>
<testcase classname="buildbot.test.unit.data.test_sourcestamps.SourceStampEndpoint" name="test_get_spec" time="0.001"/>
<testcase classname="buildbot.test.unit.data.test_sourcestamps.SourceStampEndpoint" name="test_rootLinkName" time="0.001"/>
<testcase classname="buildbot.test.unit.data.test_sourcestamps.SourceStampsEndpoint" name="test_control_spec" time="0.001"/>
<testcase classname="buildbot.test.unit.data.test_sourcestamps.SourceStampsEndpoint" name="test_get" time="0.001"/>
<testcase classname="buildbot.test.unit.data.test_sourcestamps.SourceStampsEndpoint" name="test_get_by_buildsetid" time="0.001"/>
<testcase classname="buildbot.test.unit.data.test_sourcestamps.SourceStampsEndpoint" name="test_get_by_buildsetid_no_buildset" time="0.001"/>
<testcase classname="buildbot.test.unit.data.test_sourcestamps.SourceStampsEndpoint" name="test_get_spec" time="0.001"/>
<testcase classname="buildbot.test.unit.data.test_sourcestamps.SourceStampsEndpoint" name="test_rootLinkName" time="0.001"/>
<testcase classname="buildbot.test.unit.data.test_steps.Step" name="test_addStep" time="0.001"/>
<testcase classname="buildbot.test.unit.data.test_steps.Step" name="test_addStepURL" time="0.001"/>
<testcase classname="buildbot.test.unit.data.test_steps.Step" name="test_fake_addStep" time="0.001"/>
<testcase classname="buildbot.test.unit.data.test_steps.Step" name="test_finishStep" time="0.001"/>
<testcase classname="buildbot.test.unit.data.test_steps.Step" name="test_setStepStateString" time="0.001"/>
<testcase classname="buildbot.test.unit.data.test_steps.Step" name="test_signature_addStep" time="0.001"/>
<testcase classname="buildbot.test.unit.data.test_steps.Step" name="test_signature_addStepURL" time="0.001"/>
<testcase classname="buildbot.test.unit.data.test_steps.Step" name="test_signature_finishStep" time="0.001"/>
<testcase classname="buildbot.test.unit.data.test_steps.Step" name="test_signature_setStepStateString" time="0.001"/>
<testcase classname="buildbot.test.unit.data.test_steps.Step" name="test_signature_startStep" time="0.001"/>
<testcase classname="buildbot.test.unit.data.test_steps.Step" name="test_startStep" time="0.001"/>
<testcase classname="buildbot.test.unit.data.test_steps.Step" name="test_startStep_acquire_locks" time="0.001"/>
<testcase classname="buildbot.test.unit.data.test_steps.Step" name="test_startStep_no_locks" time="0.001"/>
<testcase classname="buildbot.test.unit.data.test_steps.StepEndpoint" name="test_control_spec" time="0.001"/>
<testcase classname="buildbot.test.unit.data.test_steps.StepEndpoint" name="test_get_existing" time="0.001"/>
<testcase classname="buildbot.test.unit.data.test_steps.StepEndpoint" name="test_get_existing_builder_name" time="0.001"/>
<testcase classname="buildbot.test.unit.data.test_steps.StepEndpoint" name="test_get_existing_builder_number" time="0.001"/>
<testcase classname="buildbot.test.unit.data.test_steps.StepEndpoint" name="test_get_existing_buildername_name" time="0.001"/>
<testcase classname="buildbot.test.unit.data.test_steps.StepEndpoint" name="test_get_existing_buildid_name" time="0.001"/>
<testcase classname="buildbot.test.unit.data.test_steps.StepEndpoint" name="test_get_existing_buildid_number" time="0.001"/>
<testcase classname="buildbot.test.unit.data.test_steps.StepEndpoint" name="test_get_missing" time="0.001"/>
<testcase classname="buildbot.test.unit.data.test_steps.StepEndpoint" name="test_get_missing_buildername_builder_number" time="0.001"/>
<testcase classname="buildbot.test.unit.data.test_steps.StepEndpoint" name="test_get_spec" time="0.001"/>
<testcase classname="buildbot.test.unit.data.test_steps.StepEndpoint" name="test_rootLinkName" time="0.001"/>
<testcase classname="buildbot.test.unit.data.test_steps.StepsEndpoint" name="test_control_spec" time="0.001"/>
<testcase classname="buildbot.test.unit.data.test_steps.StepsEndpoint" name="test_get_builder" time="0.001"/>
<testcase classname="buildbot.test.unit.data.test_steps.StepsEndpoint" name="test_get_buildername" time="0.001"/>
<testcase classname="buildbot.test.unit.data.test_steps.StepsEndpoint" name="test_get_buildid" time="0.001"/>
<testcase classname="buildbot.test.unit.data.test_steps.StepsEndpoint" name="test_get_spec" time="0.001"/>
<testcase classname="buildbot.test.unit.data.test_steps.StepsEndpoint" name="test_rootLinkName" time="0.001"/>
<testcase classname="buildbot.test.unit.data.test_test_result_sets.TestResultSet" name="test_add_test_result_set" time="0.001"/>
<testcase classname="buildbot.test.unit.data.test_test_result_sets.TestResultSet" name="test_complete_test_result_set_no_results" time="0.001"/>
<testcase classname="buildbot.test.unit.data.test_test_result_sets.TestResultSet" name="test_complete_test_result_set_with_results" time="0.001"/>
<testcase classname="buildbot.test.unit.data.test_test_result_sets.TestResultSet" name="test_signature_add_test_result_set" time="0.001"/>
<testcase classname="buildbot.test.unit.data.test_test_result_sets.TestResultSet" name="test_signature_complete_test_result_set" time="0.001"/>
<testcase classname="buildbot.test.unit.data.test_test_result_sets.TestResultSetEndpoint" name="test_control_spec" time="0.001"/>
<testcase classname="buildbot.test.unit.data.test_test_result_sets.TestResultSetEndpoint" name="test_get_existing_result_set" time="0.001"/>
<testcase classname="buildbot.test.unit.data.test_test_result_sets.TestResultSetEndpoint" name="test_get_missing_result_set" time="0.001"/>
<testcase classname="buildbot.test.unit.data.test_test_result_sets.TestResultSetEndpoint" name="test_get_spec" time="0.001"/>
<testcase classname="buildbot.test.unit.data.test_test_result_sets.TestResultSetEndpoint" name="test_rootLinkName" time="0.001"/>
<testcase classname="buildbot.test.unit.data.test_test_result_sets.TestResultSetsEndpoint" name="test_control_spec" time="0.001"/>
<testcase classname="buildbot.test.unit.data.test_test_result_sets.TestResultSetsEndpoint" name="test_get_result_sets_builders_builderid" time="0.001"/>
<testcase classname="buildbot.test.unit.data.test_test_result_sets.TestResultSetsEndpoint" name="test_get_result_sets_builders_buildername" time="0.001"/>
<testcase classname="buildbot.test.unit.data.test_test_result_sets.TestResultSetsEndpoint" name="test_get_result_sets_builds_buildid" time="0.001"/>
<testcase classname="buildbot.test.unit.data.test_test_result_sets.TestResultSetsEndpoint" name="test_get_result_sets_steps_stepid" time="0.001"/>
<testcase classname="buildbot.test.unit.data.test_test_result_sets.TestResultSetsEndpoint" name="test_get_spec" time="0.001"/>
<testcase classname="buildbot.test.unit.data.test_test_result_sets.TestResultSetsEndpoint" name="test_rootLinkName" time="0.001"/>
<testcase classname="buildbot.test.unit.data.test_test_results.TestResult" name="test_add_test_results" time="0.001"/>
<testcase classname="buildbot.test.unit.data.test_test_results.TestResult" name="test_signature_add_test_results" time="0.001"/>
<testcase classname="buildbot.test.unit.data.test_test_results.TestResultsEndpoint" name="test_control_spec" time="0.001"/>
<testcase classname="buildbot.test.unit.data.test_test_results.TestResultsEndpoint" name="test_get_existing_results" time="0.001"/>
<testcase classname="buildbot.test.unit.data.test_test_results.TestResultsEndpoint" name="test_get_missing_results" time="0.001"/>
<testcase classname="buildbot.test.unit.data.test_test_results.TestResultsEndpoint" name="test_get_spec" time="0.001"/>
<testcase classname="buildbot.test.unit.data.test_test_results.TestResultsEndpoint" name="test_rootLinkName" time="0.001"/>
<testcase classname="buildbot.test.unit.data.test_types.Binary" name="test_cmp" time="0.000"/>
<testcase classname="buildbot.test.unit.data.test_types.Binary" name="test_validate" time="0.000"/>
<testcase classname="buildbot.test.unit.data.test_types.Binary" name="test_valueFromString" time="0.000"/>
<testcase classname="buildbot.test.unit.data.test_types.Boolean" name="test_cmp" time="0.000"/>
<testcase classname="buildbot.test.unit.data.test_types.Boolean" name="test_validate" time="0.000"/>
<testcase classname="buildbot.test.unit.data.test_types.Boolean" name="test_valueFromString" time="0.000"/>
<testcase classname="buildbot.test.unit.data.test_types.DateTime" name="test_cmp" time="0.000"/>
<testcase classname="buildbot.test.unit.data.test_types.DateTime" name="test_validate" time="0.000"/>
<testcase classname="buildbot.test.unit.data.test_types.DateTime" name="test_valueFromString" time="0.000"/>
<testcase classname="buildbot.test.unit.data.test_types.Entity" name="test_cmp" time="0.000"/>
<testcase classname="buildbot.test.unit.data.test_types.Entity" name="test_validate" time="0.000"/>
<testcase classname="buildbot.test.unit.data.test_types.Entity" name="test_valueFromString" time="0.000"/>
<testcase classname="buildbot.test.unit.data.test_types.Identifier" name="test_cmp" time="0.000"/>
<testcase classname="buildbot.test.unit.data.test_types.Identifier" name="test_validate" time="0.000"/>
<testcase classname="buildbot.test.unit.data.test_types.Identifier" name="test_valueFromString" time="0.000"/>
<testcase classname="buildbot.test.unit.data.test_types.Integer" name="test_cmp" time="0.000"/>
<testcase classname="buildbot.test.unit.data.test_types.Integer" name="test_validate" time="0.000"/>
<testcase classname="buildbot.test.unit.data.test_types.Integer" name="test_valueFromString" time="0.000"/>
<testcase classname="buildbot.test.unit.data.test_types.List" name="test_cmp" time="0.000"/>
<testcase classname="buildbot.test.unit.data.test_types.List" name="test_validate" time="0.000"/>
<testcase classname="buildbot.test.unit.data.test_types.List" name="test_valueFromString" time="0.000"/>
<testcase classname="buildbot.test.unit.data.test_types.NoneOk" name="test_cmp" time="0.000"/>
<testcase classname="buildbot.test.unit.data.test_types.NoneOk" name="test_validate" time="0.000"/>
<testcase classname="buildbot.test.unit.data.test_types.NoneOk" name="test_valueFromString" time="0.000"/>
<testcase classname="buildbot.test.unit.data.test_types.SourcedProperties" name="test_cmp" time="0.000"/>
<testcase classname="buildbot.test.unit.data.test_types.SourcedProperties" name="test_validate" time="0.000"/>
<testcase classname="buildbot.test.unit.data.test_types.SourcedProperties" name="test_valueFromString" time="0.000"/>
<testcase classname="buildbot.test.unit.data.test_types.String" name="test_cmp" time="0.000"/>
<testcase classname="buildbot.test.unit.data.test_types.String" name="test_validate" time="0.000"/>
<testcase classname="buildbot.test.unit.data.test_types.String" name="test_valueFromString" time="0.000"/>
<testcase classname="buildbot.test.unit.data.test_workers.Worker" name="test_findWorkerId" time="0.001"/>
<testcase classname="buildbot.test.unit.data.test_workers.Worker" name="test_findWorkerId_not_id" time="0.001"/>
<testcase classname="buildbot.test.unit.data.test_workers.Worker" name="test_signature_findWorkerId" time="0.001"/>
<testcase classname="buildbot.test.unit.data.test_workers.Worker" name="test_signature_set_worker_graceful" time="0.001"/>
<testcase classname="buildbot.test.unit.data.test_workers.Worker" name="test_signature_set_worker_paused" time="0.001"/>
<testcase classname="buildbot.test.unit.data.test_workers.Worker" name="test_signature_workerConfigured" time="0.001"/>
<testcase classname="buildbot.test.unit.data.test_workers.WorkerEndpoint" name="test_actions" time="0.001"/>
<testcase classname="buildbot.test.unit.data.test_workers.WorkerEndpoint" name="test_bad_actions" time="0.001"/>
<testcase classname="buildbot.test.unit.data.test_workers.WorkerEndpoint" name="test_control_spec" time="0.001"/>
<testcase classname="buildbot.test.unit.data.test_workers.WorkerEndpoint" name="test_get_existing" time="0.001"/>
<testcase classname="buildbot.test.unit.data.test_workers.WorkerEndpoint" name="test_get_existing_builderid" time="0.001"/>
<testcase classname="buildbot.test.unit.data.test_workers.WorkerEndpoint" name="test_get_existing_masterid" time="0.001"/>
<testcase classname="buildbot.test.unit.data.test_workers.WorkerEndpoint" name="test_get_existing_masterid_builderid" time="0.001"/>
<testcase classname="buildbot.test.unit.data.test_workers.WorkerEndpoint" name="test_get_existing_name" time="0.001"/>
<testcase classname="buildbot.test.unit.data.test_workers.WorkerEndpoint" name="test_get_missing" time="0.001"/>
<testcase classname="buildbot.test.unit.data.test_workers.WorkerEndpoint" name="test_get_spec" time="0.001"/>
<testcase classname="buildbot.test.unit.data.test_workers.WorkerEndpoint" name="test_rootLinkName" time="0.001"/>
<testcase classname="buildbot.test.unit.data.test_workers.WorkerEndpoint" name="test_setWorkerState" time="0.001"/>
<testcase classname="buildbot.test.unit.data.test_workers.WorkerEndpoint" name="test_set_worker_graceful" time="0.002"/>
<testcase classname="buildbot.test.unit.data.test_workers.WorkerEndpoint" name="test_set_worker_paused" time="0.002"/>
<testcase classname="buildbot.test.unit.data.test_workers.WorkersEndpoint" name="test_control_spec" time="0.001"/>
<testcase classname="buildbot.test.unit.data.test_workers.WorkersEndpoint" name="test_get" time="0.001"/>
<testcase classname="buildbot.test.unit.data.test_workers.WorkersEndpoint" name="test_get_builderid" time="0.001"/>
<testcase classname="buildbot.test.unit.data.test_workers.WorkersEndpoint" name="test_get_masterid" time="0.001"/>
<testcase classname="buildbot.test.unit.data.test_workers.WorkersEndpoint" name="test_get_masterid_builderid" time="0.001"/>
<testcase classname="buildbot.test.unit.data.test_workers.WorkersEndpoint" name="test_get_spec" time="0.001"/>
<testcase classname="buildbot.test.unit.data.test_workers.WorkersEndpoint" name="test_rootLinkName" time="0.001"/>
<testcase classname="buildbot.test.unit.data.test_workers.WorkersEndpoint" name="test_set_worker_paused_find_by_paused" time="0.002"/>
<testcase classname="buildbot.test.unit.db.test_base.TestBase" name="test_checkLength_long" time="0.001"/>
<testcase classname="buildbot.test.unit.db.test_base.TestBase" name="test_checkLength_long_not_mysql" time="0.000"/>
<testcase classname="buildbot.test.unit.db.test_base.TestBase" name="test_checkLength_ok" time="0.000"/>
<testcase classname="buildbot.test.unit.db.test_base.TestBase" name="test_checkLength_text" time="0.001"/>
<testcase classname="buildbot.test.unit.db.test_base.TestBase" name="test_ensureLength_long" time="0.000"/>
<testcase classname="buildbot.test.unit.db.test_base.TestBase" name="test_ensureLength_ok" time="0.000"/>
<testcase classname="buildbot.test.unit.db.test_base.TestBase" name="test_hashColumns_None" time="0.000"/>
<testcase classname="buildbot.test.unit.db.test_base.TestBase" name="test_hashColumns_integer" time="0.000"/>
<testcase classname="buildbot.test.unit.db.test_base.TestBase" name="test_hashColumns_multiple" time="0.000"/>
<testcase classname="buildbot.test.unit.db.test_base.TestBase" name="test_hashColumns_single" time="0.000"/>
<testcase classname="buildbot.test.unit.db.test_base.TestBase" name="test_hashColumns_unicode_ascii_match" time="0.000"/>
<testcase classname="buildbot.test.unit.db.test_base.TestBaseAsConnectorComponent" name="test_findSomethingId_existing" time="0.003"/>
<testcase classname="buildbot.test.unit.db.test_base.TestBaseAsConnectorComponent" name="test_findSomethingId_new" time="0.003"/>
<testcase classname="buildbot.test.unit.db.test_base.TestBaseAsConnectorComponent" name="test_findSomethingId_new_noCreate" time="0.002"/>
<testcase classname="buildbot.test.unit.db.test_base.TestBaseAsConnectorComponent" name="test_findSomethingId_race" time="0.003"/>
<testcase classname="buildbot.test.unit.db.test_base.TestCachedDecorator" name="test_cached" time="0.001"/>
<testcase classname="buildbot.test.unit.db.test_base.TestCachedDecorator" name="test_cached_no_cache" time="0.000"/>
<testcase classname="buildbot.test.unit.db.test_build_data.TestFakeDB" name="test_add_data_get_data" time="0.001"/>
<testcase classname="buildbot.test.unit.db.test_build_data.TestFakeDB" name="test_add_data_get_data_no_value" time="0.001"/>
<testcase classname="buildbot.test.unit.db.test_build_data.TestFakeDB" name="test_add_data_insert_race" time="0.000"/>
<testcase classname="buildbot.test.unit.db.test_build_data.TestFakeDB" name="test_add_data_replace_value" time="0.000"/>
<testcase classname="buildbot.test.unit.db.test_build_data.TestFakeDB" name="test_get_all_build_data_no_values" time="0.000"/>
<testcase classname="buildbot.test.unit.db.test_build_data.TestFakeDB" name="test_get_data_no_values_non_existing" time="0.000"/>
<testcase classname="buildbot.test.unit.db.test_build_data.TestFakeDB" name="test_get_data_non_existing" time="0.000"/>
<testcase classname="buildbot.test.unit.db.test_build_data.TestFakeDB" name="test_remove_old_build_data_0" time="0.001"/>
<testcase classname="buildbot.test.unit.db.test_build_data.TestFakeDB" name="test_remove_old_build_data_1" time="0.001"/>
<testcase classname="buildbot.test.unit.db.test_build_data.TestFakeDB" name="test_remove_old_build_data_2" time="0.001"/>
<testcase classname="buildbot.test.unit.db.test_build_data.TestFakeDB" name="test_remove_old_build_data_3" time="0.001"/>
<testcase classname="buildbot.test.unit.db.test_build_data.TestFakeDB" name="test_remove_old_build_data_4" time="0.001"/>
<testcase classname="buildbot.test.unit.db.test_build_data.TestFakeDB" name="test_remove_old_build_data_5" time="0.001"/>
<testcase classname="buildbot.test.unit.db.test_build_data.TestFakeDB" name="test_signature_add_build_data" time="0.000"/>
<testcase classname="buildbot.test.unit.db.test_build_data.TestFakeDB" name="test_signature_get_all_build_data_no_values" time="0.000"/>
<testcase classname="buildbot.test.unit.db.test_build_data.TestFakeDB" name="test_signature_get_build_data" time="0.000"/>
<testcase classname="buildbot.test.unit.db.test_build_data.TestFakeDB" name="test_signature_get_build_data_no_value" time="0.000"/>
<testcase classname="buildbot.test.unit.db.test_build_data.TestRealDB" name="test_add_data_get_data" time="0.011"/>
<testcase classname="buildbot.test.unit.db.test_build_data.TestRealDB" name="test_add_data_get_data_no_value" time="0.011"/>
<testcase classname="buildbot.test.unit.db.test_build_data.TestRealDB" name="test_add_data_insert_race" time="0.011"/>
<testcase classname="buildbot.test.unit.db.test_build_data.TestRealDB" name="test_add_data_replace_value" time="0.011"/>
<testcase classname="buildbot.test.unit.db.test_build_data.TestRealDB" name="test_get_all_build_data_no_values" time="0.011"/>
<testcase classname="buildbot.test.unit.db.test_build_data.TestRealDB" name="test_get_data_no_values_non_existing" time="0.010"/>
<testcase classname="buildbot.test.unit.db.test_build_data.TestRealDB" name="test_get_data_non_existing" time="0.010"/>
<testcase classname="buildbot.test.unit.db.test_build_data.TestRealDB" name="test_remove_old_build_data_0" time="0.013"/>
<testcase classname="buildbot.test.unit.db.test_build_data.TestRealDB" name="test_remove_old_build_data_1" time="0.011"/>
<testcase classname="buildbot.test.unit.db.test_build_data.TestRealDB" name="test_remove_old_build_data_2" time="0.011"/>
<testcase classname="buildbot.test.unit.db.test_build_data.TestRealDB" name="test_remove_old_build_data_3" time="0.012"/>
<testcase classname="buildbot.test.unit.db.test_build_data.TestRealDB" name="test_remove_old_build_data_4" time="0.011"/>
<testcase classname="buildbot.test.unit.db.test_build_data.TestRealDB" name="test_remove_old_build_data_5" time="0.012"/>
<testcase classname="buildbot.test.unit.db.test_build_data.TestRealDB" name="test_signature_add_build_data" time="0.009"/>
<testcase classname="buildbot.test.unit.db.test_build_data.TestRealDB" name="test_signature_get_all_build_data_no_values" time="0.009"/>
<testcase classname="buildbot.test.unit.db.test_build_data.TestRealDB" name="test_signature_get_build_data" time="0.010"/>
<testcase classname="buildbot.test.unit.db.test_build_data.TestRealDB" name="test_signature_get_build_data_no_value" time="0.009"/>
<testcase classname="buildbot.test.unit.db.test_builders.TestFakeDB" name="test_addBuilderMaster" time="0.001"/>
<testcase classname="buildbot.test.unit.db.test_builders.TestFakeDB" name="test_addBuilderMaster_already_present" time="0.000"/>
<testcase classname="buildbot.test.unit.db.test_builders.TestFakeDB" name="test_findBuilderId_exists" time="0.000"/>
<testcase classname="buildbot.test.unit.db.test_builders.TestFakeDB" name="test_findBuilderId_new" time="0.000"/>
<testcase classname="buildbot.test.unit.db.test_builders.TestFakeDB" name="test_findBuilderId_new_no_autoCreate" time="0.000"/>
<testcase classname="buildbot.test.unit.db.test_builders.TestFakeDB" name="test_getBuilder_missing" time="0.000"/>
<testcase classname="buildbot.test.unit.db.test_builders.TestFakeDB" name="test_getBuilder_no_masters" time="0.000"/>
<testcase classname="buildbot.test.unit.db.test_builders.TestFakeDB" name="test_getBuilder_with_masters" time="0.000"/>
<testcase classname="buildbot.test.unit.db.test_builders.TestFakeDB" name="test_getBuilders" time="0.000"/>
<testcase classname="buildbot.test.unit.db.test_builders.TestFakeDB" name="test_getBuilders_empty" time="0.000"/>
<testcase classname="buildbot.test.unit.db.test_builders.TestFakeDB" name="test_getBuilders_masterid" time="0.000"/>
<testcase classname="buildbot.test.unit.db.test_builders.TestFakeDB" name="test_getBuilders_projectid" time="0.000"/>
<testcase classname="buildbot.test.unit.db.test_builders.TestFakeDB" name="test_removeBuilderMaster" time="0.000"/>
<testcase classname="buildbot.test.unit.db.test_builders.TestFakeDB" name="test_signature_addBuilderMaster" time="0.000"/>
<testcase classname="buildbot.test.unit.db.test_builders.TestFakeDB" name="test_signature_findBuilderId" time="0.000"/>
<testcase classname="buildbot.test.unit.db.test_builders.TestFakeDB" name="test_signature_getBuilder" time="0.000"/>
<testcase classname="buildbot.test.unit.db.test_builders.TestFakeDB" name="test_signature_getBuilders" time="0.000"/>
<testcase classname="buildbot.test.unit.db.test_builders.TestFakeDB" name="test_signature_removeBuilderMaster" time="0.000"/>
<testcase classname="buildbot.test.unit.db.test_builders.TestFakeDB" name="test_signature_updateBuilderInfo" time="0.000"/>
<testcase classname="buildbot.test.unit.db.test_builders.TestFakeDB" name="test_updateBuilderInfo" time="0.000"/>
<testcase classname="buildbot.test.unit.db.test_builders.TestFakeDB" name="test_update_builder_info_tags_case" time="0.000"/>
<testcase classname="buildbot.test.unit.db.test_builders.TestRealDB" name="test_addBuilderMaster" time="0.007"/>
<testcase classname="buildbot.test.unit.db.test_builders.TestRealDB" name="test_addBuilderMaster_already_present" time="0.007"/>
<testcase classname="buildbot.test.unit.db.test_builders.TestRealDB" name="test_findBuilderId_exists" time="0.008"/>
<testcase classname="buildbot.test.unit.db.test_builders.TestRealDB" name="test_findBuilderId_new" time="0.007"/>
<testcase classname="buildbot.test.unit.db.test_builders.TestRealDB" name="test_findBuilderId_new_no_autoCreate" time="0.007"/>
<testcase classname="buildbot.test.unit.db.test_builders.TestRealDB" name="test_getBuilder_missing" time="0.006"/>
<testcase classname="buildbot.test.unit.db.test_builders.TestRealDB" name="test_getBuilder_no_masters" time="0.007"/>
<testcase classname="buildbot.test.unit.db.test_builders.TestRealDB" name="test_getBuilder_with_masters" time="0.007"/>
<testcase classname="buildbot.test.unit.db.test_builders.TestRealDB" name="test_getBuilders" time="0.007"/>
<testcase classname="buildbot.test.unit.db.test_builders.TestRealDB" name="test_getBuilders_empty" time="0.008"/>
<testcase classname="buildbot.test.unit.db.test_builders.TestRealDB" name="test_getBuilders_masterid" time="0.007"/>
<testcase classname="buildbot.test.unit.db.test_builders.TestRealDB" name="test_getBuilders_projectid" time="0.008"/>
<testcase classname="buildbot.test.unit.db.test_builders.TestRealDB" name="test_removeBuilderMaster" time="0.007"/>
<testcase classname="buildbot.test.unit.db.test_builders.TestRealDB" name="test_signature_addBuilderMaster" time="0.006"/>
<testcase classname="buildbot.test.unit.db.test_builders.TestRealDB" name="test_signature_findBuilderId" time="0.006"/>
<testcase classname="buildbot.test.unit.db.test_builders.TestRealDB" name="test_signature_getBuilder" time="0.006"/>
<testcase classname="buildbot.test.unit.db.test_builders.TestRealDB" name="test_signature_getBuilders" time="0.007"/>
<testcase classname="buildbot.test.unit.db.test_builders.TestRealDB" name="test_signature_removeBuilderMaster" time="0.007"/>
<testcase classname="buildbot.test.unit.db.test_builders.TestRealDB" name="test_signature_updateBuilderInfo" time="0.006"/>
<testcase classname="buildbot.test.unit.db.test_builders.TestRealDB" name="test_updateBuilderInfo" time="0.009"/>
<testcase classname="buildbot.test.unit.db.test_builders.TestRealDB" name="test_update_builder_info_tags_case" time="0.008"/>
<testcase classname="buildbot.test.unit.db.test_buildrequests.TestFakeDB" name="test_claimBuildRequests_multiple" time="0.001"/>
<testcase classname="buildbot.test.unit.db.test_buildrequests.TestFakeDB" name="test_claimBuildRequests_other_master_claim" time="0.000"/>
<testcase classname="buildbot.test.unit.db.test_buildrequests.TestFakeDB" name="test_claimBuildRequests_other_master_claim_stress" time="0.008"/>
<testcase classname="buildbot.test.unit.db.test_buildrequests.TestFakeDB" name="test_claimBuildRequests_sequential" time="0.001"/>
<testcase classname="buildbot.test.unit.db.test_buildrequests.TestFakeDB" name="test_claimBuildRequests_single" time="0.000"/>
<testcase classname="buildbot.test.unit.db.test_buildrequests.TestFakeDB" name="test_claimBuildRequests_single_explicit_claimed_at" time="0.000"/>
<testcase classname="buildbot.test.unit.db.test_buildrequests.TestFakeDB" name="test_claimBuildRequests_stress" time="0.014"/>
<testcase classname="buildbot.test.unit.db.test_buildrequests.TestFakeDB" name="test_completeBuildRequests" time="0.001"/>
<testcase classname="buildbot.test.unit.db.test_buildrequests.TestFakeDB" name="test_completeBuildRequests_already_completed" time="0.000"/>
<testcase classname="buildbot.test.unit.db.test_buildrequests.TestFakeDB" name="test_completeBuildRequests_explicit_time" time="0.000"/>
<testcase classname="buildbot.test.unit.db.test_buildrequests.TestFakeDB" name="test_completeBuildRequests_multiple" time="0.001"/>
<testcase classname="buildbot.test.unit.db.test_buildrequests.TestFakeDB" name="test_completeBuildRequests_multiple_notmine" time="0.000"/>
<testcase classname="buildbot.test.unit.db.test_buildrequests.TestFakeDB" name="test_completeBuildRequests_no_such" time="0.000"/>
<testcase classname="buildbot.test.unit.db.test_buildrequests.TestFakeDB" name="test_completeBuildRequests_stress" time="0.007"/>
<testcase classname="buildbot.test.unit.db.test_buildrequests.TestFakeDB" name="test_getBuildRequest" time="0.001"/>
<testcase classname="buildbot.test.unit.db.test_buildrequests.TestFakeDB" name="test_getBuildRequest_missing" time="0.000"/>
<testcase classname="buildbot.test.unit.db.test_buildrequests.TestFakeDB" name="test_getBuildRequests_branch" time="0.001"/>
<testcase classname="buildbot.test.unit.db.test_buildrequests.TestFakeDB" name="test_getBuildRequests_branch_empty" time="0.001"/>
<testcase classname="buildbot.test.unit.db.test_buildrequests.TestFakeDB" name="test_getBuildRequests_bsid_arg" time="0.000"/>
<testcase classname="buildbot.test.unit.db.test_buildrequests.TestFakeDB" name="test_getBuildRequests_claimed_mine" time="0.000"/>
<testcase classname="buildbot.test.unit.db.test_buildrequests.TestFakeDB" name="test_getBuildRequests_claimed_true" time="0.000"/>
<testcase classname="buildbot.test.unit.db.test_buildrequests.TestFakeDB" name="test_getBuildRequests_combo" time="0.001"/>
<testcase classname="buildbot.test.unit.db.test_buildrequests.TestFakeDB" name="test_getBuildRequests_complete_false" time="0.000"/>
<testcase classname="buildbot.test.unit.db.test_buildrequests.TestFakeDB" name="test_getBuildRequests_complete_none" time="0.000"/>
<testcase classname="buildbot.test.unit.db.test_buildrequests.TestFakeDB" name="test_getBuildRequests_complete_true" time="0.001"/>
<testcase classname="buildbot.test.unit.db.test_buildrequests.TestFakeDB" name="test_getBuildRequests_no_claimed_arg" time="0.001"/>
<testcase classname="buildbot.test.unit.db.test_buildrequests.TestFakeDB" name="test_getBuildRequests_no_repository_nor_branch" time="0.001"/>
<testcase classname="buildbot.test.unit.db.test_buildrequests.TestFakeDB" name="test_getBuildRequests_repository" time="0.001"/>
<testcase classname="buildbot.test.unit.db.test_buildrequests.TestFakeDB" name="test_getBuildRequests_repository_and_branch" time="0.001"/>
<testcase classname="buildbot.test.unit.db.test_buildrequests.TestFakeDB" name="test_getBuildRequests_repository_empty" time="0.001"/>
<testcase classname="buildbot.test.unit.db.test_buildrequests.TestFakeDB" name="test_getBuildRequests_unclaimed" time="0.000"/>
<testcase classname="buildbot.test.unit.db.test_buildrequests.TestFakeDB" name="test_unclaimBuildRequests" time="0.001"/>
<testcase classname="buildbot.test.unit.db.test_buildrequests.TestRealDB" name="test_claimBuildRequests_multiple" time="0.015"/>
<testcase classname="buildbot.test.unit.db.test_buildrequests.TestRealDB" name="test_claimBuildRequests_other_master_claim" time="0.014"/>
<testcase classname="buildbot.test.unit.db.test_buildrequests.TestRealDB" name="test_claimBuildRequests_other_master_claim_stress" time="0.039"/>
<testcase classname="buildbot.test.unit.db.test_buildrequests.TestRealDB" name="test_claimBuildRequests_sequential" time="0.014"/>
<testcase classname="buildbot.test.unit.db.test_buildrequests.TestRealDB" name="test_claimBuildRequests_single" time="0.102"/>
<testcase classname="buildbot.test.unit.db.test_buildrequests.TestRealDB" name="test_claimBuildRequests_single_explicit_claimed_at" time="0.015"/>
<testcase classname="buildbot.test.unit.db.test_buildrequests.TestRealDB" name="test_claimBuildRequests_stress" time="0.044"/>
<testcase classname="buildbot.test.unit.db.test_buildrequests.TestRealDB" name="test_completeBuildRequests" time="0.015"/>
<testcase classname="buildbot.test.unit.db.test_buildrequests.TestRealDB" name="test_completeBuildRequests_already_completed" time="0.014"/>
<testcase classname="buildbot.test.unit.db.test_buildrequests.TestRealDB" name="test_completeBuildRequests_explicit_time" time="0.015"/>
<testcase classname="buildbot.test.unit.db.test_buildrequests.TestRealDB" name="test_completeBuildRequests_multiple" time="0.015"/>
<testcase classname="buildbot.test.unit.db.test_buildrequests.TestRealDB" name="test_completeBuildRequests_multiple_notmine" time="0.016"/>
<testcase classname="buildbot.test.unit.db.test_buildrequests.TestRealDB" name="test_completeBuildRequests_no_such" time="0.014"/>
<testcase classname="buildbot.test.unit.db.test_buildrequests.TestRealDB" name="test_completeBuildRequests_stress" time="0.029"/>
<testcase classname="buildbot.test.unit.db.test_buildrequests.TestRealDB" name="test_getBuildRequest" time="0.015"/>
<testcase classname="buildbot.test.unit.db.test_buildrequests.TestRealDB" name="test_getBuildRequest_missing" time="0.015"/>
<testcase classname="buildbot.test.unit.db.test_buildrequests.TestRealDB" name="test_getBuildRequests_branch" time="0.015"/>
<testcase classname="buildbot.test.unit.db.test_buildrequests.TestRealDB" name="test_getBuildRequests_branch_empty" time="0.015"/>
<testcase classname="buildbot.test.unit.db.test_buildrequests.TestRealDB" name="test_getBuildRequests_bsid_arg" time="0.016"/>
<testcase classname="buildbot.test.unit.db.test_buildrequests.TestRealDB" name="test_getBuildRequests_claimed_mine" time="0.015"/>
<testcase classname="buildbot.test.unit.db.test_buildrequests.TestRealDB" name="test_getBuildRequests_claimed_true" time="0.015"/>
<testcase classname="buildbot.test.unit.db.test_buildrequests.TestRealDB" name="test_getBuildRequests_combo" time="0.017"/>
<testcase classname="buildbot.test.unit.db.test_buildrequests.TestRealDB" name="test_getBuildRequests_complete_false" time="0.014"/>
<testcase classname="buildbot.test.unit.db.test_buildrequests.TestRealDB" name="test_getBuildRequests_complete_none" time="0.015"/>
<testcase classname="buildbot.test.unit.db.test_buildrequests.TestRealDB" name="test_getBuildRequests_complete_true" time="0.016"/>
<testcase classname="buildbot.test.unit.db.test_buildrequests.TestRealDB" name="test_getBuildRequests_no_claimed_arg" time="0.015"/>
<testcase classname="buildbot.test.unit.db.test_buildrequests.TestRealDB" name="test_getBuildRequests_no_repository_nor_branch" time="0.015"/>
<testcase classname="buildbot.test.unit.db.test_buildrequests.TestRealDB" name="test_getBuildRequests_repository" time="0.016"/>
<testcase classname="buildbot.test.unit.db.test_buildrequests.TestRealDB" name="test_getBuildRequests_repository_and_branch" time="0.015"/>
<testcase classname="buildbot.test.unit.db.test_buildrequests.TestRealDB" name="test_getBuildRequests_repository_empty" time="0.015"/>
<testcase classname="buildbot.test.unit.db.test_buildrequests.TestRealDB" name="test_getBuildRequests_unclaimed" time="0.016"/>
<testcase classname="buildbot.test.unit.db.test_buildrequests.TestRealDB" name="test_unclaimBuildRequests" time="0.015"/>
<testcase classname="buildbot.test.unit.db.test_builds.TestFakeDB" name="test_addBuild_existing" time="0.001"/>
<testcase classname="buildbot.test.unit.db.test_builds.TestFakeDB" name="test_addBuild_first" time="0.001"/>
<testcase classname="buildbot.test.unit.db.test_builds.TestFakeDB" name="test_add_build_locks_duration" time="0.001"/>
<testcase classname="buildbot.test.unit.db.test_builds.TestFakeDB" name="test_finishBuild" time="0.000"/>
<testcase classname="buildbot.test.unit.db.test_builds.TestFakeDB" name="test_getBuild" time="0.001"/>
<testcase classname="buildbot.test.unit.db.test_builds.TestFakeDB" name="test_getBuildByNumber" time="0.000"/>
<testcase classname="buildbot.test.unit.db.test_builds.TestFakeDB" name="test_getBuild_missing" time="0.000"/>
<testcase classname="buildbot.test.unit.db.test_builds.TestFakeDB" name="test_getBuilds" time="0.000"/>
<testcase classname="buildbot.test.unit.db.test_builds.TestFakeDB" name="test_getBuildsForChange_OneCodebase" time="0.001"/>
<testcase classname="buildbot.test.unit.db.test_builds.TestFakeDB" name="test_getBuilds_builderid" time="0.001"/>
<testcase classname="buildbot.test.unit.db.test_builds.TestFakeDB" name="test_getBuilds_buildrequestid" time="0.001"/>
<testcase classname="buildbot.test.unit.db.test_builds.TestFakeDB" name="test_getBuilds_complete" time="0.000"/>
<testcase classname="buildbot.test.unit.db.test_builds.TestFakeDB" name="test_getBuilds_workerid" time="0.001"/>
<testcase classname="buildbot.test.unit.db.test_builds.TestFakeDB" name="test_setBuildStateString" time="0.000"/>
<testcase classname="buildbot.test.unit.db.test_builds.TestFakeDB" name="test_signature_addBuild" time="0.000"/>
<testcase classname="buildbot.test.unit.db.test_builds.TestFakeDB" name="test_signature_add_build_locks_duration" time="0.000"/>
<testcase classname="buildbot.test.unit.db.test_builds.TestFakeDB" name="test_signature_finishBuild" time="0.000"/>
<testcase classname="buildbot.test.unit.db.test_builds.TestFakeDB" name="test_signature_getBuild" time="0.000"/>
<testcase classname="buildbot.test.unit.db.test_builds.TestFakeDB" name="test_signature_getBuildByNumber" time="0.000"/>
<testcase classname="buildbot.test.unit.db.test_builds.TestFakeDB" name="test_signature_getBuildProperties" time="0.000"/>
<testcase classname="buildbot.test.unit.db.test_builds.TestFakeDB" name="test_signature_getBuilds" time="0.000"/>
<testcase classname="buildbot.test.unit.db.test_builds.TestFakeDB" name="test_signature_getBuildsForChange" time="0.001"/>
<testcase classname="buildbot.test.unit.db.test_builds.TestFakeDB" name="test_signature_setBuildProperty" time="0.000"/>
<testcase classname="buildbot.test.unit.db.test_builds.TestFakeDB" name="test_signature_setBuildStateString" time="0.000"/>
<testcase classname="buildbot.test.unit.db.test_builds.TestFakeDB" name="test_testgetBuildProperties_resultSpecFilter" time="0.000"/>
<testcase classname="buildbot.test.unit.db.test_builds.TestFakeDB" name="testgetBuildPropertiesEmpty" time="0.000"/>
<testcase classname="buildbot.test.unit.db.test_builds.TestFakeDB" name="testsetandgetProperties" time="0.000"/>
<testcase classname="buildbot.test.unit.db.test_builds.TestFakeDB" name="testsetgetsetProperties" time="0.001"/>
<testcase classname="buildbot.test.unit.db.test_builds.TestRealDB" name="test_addBuild_existing" time="0.014"/>
<testcase classname="buildbot.test.unit.db.test_builds.TestRealDB" name="test_addBuild_existing_race" time="0.015"/>
<testcase classname="buildbot.test.unit.db.test_builds.TestRealDB" name="test_addBuild_first" time="0.015"/>
<testcase classname="buildbot.test.unit.db.test_builds.TestRealDB" name="test_add_build_locks_duration" time="0.014"/>
<testcase classname="buildbot.test.unit.db.test_builds.TestRealDB" name="test_finishBuild" time="0.014"/>
<testcase classname="buildbot.test.unit.db.test_builds.TestRealDB" name="test_getBuild" time="0.015"/>
<testcase classname="buildbot.test.unit.db.test_builds.TestRealDB" name="test_getBuildByNumber" time="0.014"/>
<testcase classname="buildbot.test.unit.db.test_builds.TestRealDB" name="test_getBuild_missing" time="0.013"/>
<testcase classname="buildbot.test.unit.db.test_builds.TestRealDB" name="test_getBuilds" time="0.015"/>
<testcase classname="buildbot.test.unit.db.test_builds.TestRealDB" name="test_getBuildsForChange_OneCodebase" time="0.015"/>
<testcase classname="buildbot.test.unit.db.test_builds.TestRealDB" name="test_getBuilds_builderid" time="0.014"/>
<testcase classname="buildbot.test.unit.db.test_builds.TestRealDB" name="test_getBuilds_buildrequestid" time="0.015"/>
<testcase classname="buildbot.test.unit.db.test_builds.TestRealDB" name="test_getBuilds_complete" time="0.014"/>
<testcase classname="buildbot.test.unit.db.test_builds.TestRealDB" name="test_getBuilds_limit" time="0.015"/>
<testcase classname="buildbot.test.unit.db.test_builds.TestRealDB" name="test_getBuilds_resultSpecFilter" time="0.016"/>
<testcase classname="buildbot.test.unit.db.test_builds.TestRealDB" name="test_getBuilds_resultSpecFilterContainsOneValue" time="0.014"/>
<testcase classname="buildbot.test.unit.db.test_builds.TestRealDB" name="test_getBuilds_resultSpecFilterContainsTwoValues" time="0.014"/>
<testcase classname="buildbot.test.unit.db.test_builds.TestRealDB" name="test_getBuilds_resultSpecFilterEqTwoValues" time="0.015"/>
<testcase classname="buildbot.test.unit.db.test_builds.TestRealDB" name="test_getBuilds_resultSpecFilterNeTwoValues" time="0.014"/>
<testcase classname="buildbot.test.unit.db.test_builds.TestRealDB" name="test_getBuilds_resultSpecOrder" time="0.014"/>
<testcase classname="buildbot.test.unit.db.test_builds.TestRealDB" name="test_getBuilds_workerid" time="0.015"/>
<testcase classname="buildbot.test.unit.db.test_builds.TestRealDB" name="test_setBuildStateString" time="0.014"/>
<testcase classname="buildbot.test.unit.db.test_builds.TestRealDB" name="test_signature_addBuild" time="0.012"/>
<testcase classname="buildbot.test.unit.db.test_builds.TestRealDB" name="test_signature_add_build_locks_duration" time="0.012"/>
<testcase classname="buildbot.test.unit.db.test_builds.TestRealDB" name="test_signature_finishBuild" time="0.014"/>
<testcase classname="buildbot.test.unit.db.test_builds.TestRealDB" name="test_signature_getBuild" time="0.013"/>
<testcase classname="buildbot.test.unit.db.test_builds.TestRealDB" name="test_signature_getBuildByNumber" time="0.013"/>
<testcase classname="buildbot.test.unit.db.test_builds.TestRealDB" name="test_signature_getBuildProperties" time="0.012"/>
<testcase classname="buildbot.test.unit.db.test_builds.TestRealDB" name="test_signature_getBuilds" time="0.014"/>
<testcase classname="buildbot.test.unit.db.test_builds.TestRealDB" name="test_signature_getBuildsForChange" time="0.013"/>
<testcase classname="buildbot.test.unit.db.test_builds.TestRealDB" name="test_signature_setBuildProperty" time="0.012"/>
<testcase classname="buildbot.test.unit.db.test_builds.TestRealDB" name="test_signature_setBuildStateString" time="0.012"/>
<testcase classname="buildbot.test.unit.db.test_builds.TestRealDB" name="test_testgetBuildProperties_resultSpecFilter" time="0.016"/>
<testcase classname="buildbot.test.unit.db.test_builds.TestRealDB" name="testgetBuildPropertiesEmpty" time="0.014"/>
<testcase classname="buildbot.test.unit.db.test_builds.TestRealDB" name="testsetandgetProperties" time="0.014"/>
<testcase classname="buildbot.test.unit.db.test_builds.TestRealDB" name="testsetgetsetProperties" time="0.016"/>
<testcase classname="buildbot.test.unit.db.test_buildsets.TestFakeDB" name="test_addBuildset_bad_waited_for" time="0.001"/>
<testcase classname="buildbot.test.unit.db.test_buildsets.TestFakeDB" name="test_addBuildset_getBuildset" time="0.000"/>
<testcase classname="buildbot.test.unit.db.test_buildsets.TestFakeDB" name="test_addBuildset_getBuildset_explicit_submitted_at" time="0.000"/>
<testcase classname="buildbot.test.unit.db.test_buildsets.TestFakeDB" name="test_completeBuildset" time="0.000"/>
<testcase classname="buildbot.test.unit.db.test_buildsets.TestFakeDB" name="test_completeBuildset_already_completed" time="0.001"/>
<testcase classname="buildbot.test.unit.db.test_buildsets.TestFakeDB" name="test_completeBuildset_explicit_complete_at" time="0.000"/>
<testcase classname="buildbot.test.unit.db.test_buildsets.TestFakeDB" name="test_completeBuildset_missing" time="0.000"/>
<testcase classname="buildbot.test.unit.db.test_buildsets.TestFakeDB" name="test_getBuildsetProperties_empty" time="0.000"/>
<testcase classname="buildbot.test.unit.db.test_buildsets.TestFakeDB" name="test_getBuildsetProperties_multiple" time="0.000"/>
<testcase classname="buildbot.test.unit.db.test_buildsets.TestFakeDB" name="test_getBuildsetProperties_nosuch" time="0.000"/>
<testcase classname="buildbot.test.unit.db.test_buildsets.TestFakeDB" name="test_getBuildset_complete" time="0.000"/>
<testcase classname="buildbot.test.unit.db.test_buildsets.TestFakeDB" name="test_getBuildset_incomplete_zero" time="0.000"/>
<testcase classname="buildbot.test.unit.db.test_buildsets.TestFakeDB" name="test_getBuildset_nosuch" time="0.000"/>
<testcase classname="buildbot.test.unit.db.test_buildsets.TestFakeDB" name="test_getBuildsets_all" time="0.000"/>
<testcase classname="buildbot.test.unit.db.test_buildsets.TestFakeDB" name="test_getBuildsets_complete" time="0.001"/>
<testcase classname="buildbot.test.unit.db.test_buildsets.TestFakeDB" name="test_getBuildsets_empty" time="0.000"/>
<testcase classname="buildbot.test.unit.db.test_buildsets.TestFakeDB" name="test_getBuildsets_incomplete" time="0.000"/>
<testcase classname="buildbot.test.unit.db.test_buildsets.TestFakeDB" name="test_getRecentBuildsets_all" time="0.000"/>
<testcase classname="buildbot.test.unit.db.test_buildsets.TestFakeDB" name="test_getRecentBuildsets_noBranchMatch" time="0.000"/>
<testcase classname="buildbot.test.unit.db.test_buildsets.TestFakeDB" name="test_getRecentBuildsets_noRepoMatch" time="0.000"/>
<testcase classname="buildbot.test.unit.db.test_buildsets.TestFakeDB" name="test_getRecentBuildsets_one" time="0.000"/>
<testcase classname="buildbot.test.unit.db.test_buildsets.TestFakeDB" name="test_getRecentBuildsets_zero" time="0.000"/>
<testcase classname="buildbot.test.unit.db.test_buildsets.TestFakeDB" name="test_signature_addBuildset" time="0.000"/>
<testcase classname="buildbot.test.unit.db.test_buildsets.TestFakeDB" name="test_signature_completeBuildset" time="0.000"/>
<testcase classname="buildbot.test.unit.db.test_buildsets.TestFakeDB" name="test_signature_getBuildset" time="0.001"/>
<testcase classname="buildbot.test.unit.db.test_buildsets.TestFakeDB" name="test_signature_getBuildsetProperties" time="0.000"/>
<testcase classname="buildbot.test.unit.db.test_buildsets.TestFakeDB" name="test_signature_getBuildsets" time="0.000"/>
<testcase classname="buildbot.test.unit.db.test_buildsets.TestFakeDB" name="test_signature_getRecentBuildsets" time="0.000"/>
<testcase classname="buildbot.test.unit.db.test_buildsets.TestRealDB" name="test_addBuildset_bigger" time="0.014"/>
<testcase classname="buildbot.test.unit.db.test_buildsets.TestRealDB" name="test_addBuildset_getBuildset" time="0.013"/>
<testcase classname="buildbot.test.unit.db.test_buildsets.TestRealDB" name="test_addBuildset_getBuildset_explicit_submitted_at" time="0.013"/>
<testcase classname="buildbot.test.unit.db.test_buildsets.TestRealDB" name="test_addBuildset_properties_cache" time="0.013"/>
<testcase classname="buildbot.test.unit.db.test_buildsets.TestRealDB" name="test_addBuildset_simple" time="0.013"/>
<testcase classname="buildbot.test.unit.db.test_buildsets.TestRealDB" name="test_completeBuildset" time="0.013"/>
<testcase classname="buildbot.test.unit.db.test_buildsets.TestRealDB" name="test_completeBuildset_already_completed" time="0.013"/>
<testcase classname="buildbot.test.unit.db.test_buildsets.TestRealDB" name="test_completeBuildset_explicit_complete_at" time="0.013"/>
<testcase classname="buildbot.test.unit.db.test_buildsets.TestRealDB" name="test_completeBuildset_missing" time="0.013"/>
<testcase classname="buildbot.test.unit.db.test_buildsets.TestRealDB" name="test_getBuildsetProperties_empty" time="0.013"/>
<testcase classname="buildbot.test.unit.db.test_buildsets.TestRealDB" name="test_getBuildsetProperties_multiple" time="0.013"/>
<testcase classname="buildbot.test.unit.db.test_buildsets.TestRealDB" name="test_getBuildsetProperties_nosuch" time="0.012"/>
<testcase classname="buildbot.test.unit.db.test_buildsets.TestRealDB" name="test_getBuildset_complete" time="0.013"/>
<testcase classname="buildbot.test.unit.db.test_buildsets.TestRealDB" name="test_getBuildset_incomplete_zero" time="0.014"/>
<testcase classname="buildbot.test.unit.db.test_buildsets.TestRealDB" name="test_getBuildset_nosuch" time="0.013"/>
<testcase classname="buildbot.test.unit.db.test_buildsets.TestRealDB" name="test_getBuildsets_all" time="0.013"/>
<testcase classname="buildbot.test.unit.db.test_buildsets.TestRealDB" name="test_getBuildsets_complete" time="0.014"/>
<testcase classname="buildbot.test.unit.db.test_buildsets.TestRealDB" name="test_getBuildsets_empty" time="0.096"/>
<testcase classname="buildbot.test.unit.db.test_buildsets.TestRealDB" name="test_getBuildsets_incomplete" time="0.013"/>
<testcase classname="buildbot.test.unit.db.test_buildsets.TestRealDB" name="test_getRecentBuildsets_all" time="0.014"/>
<testcase classname="buildbot.test.unit.db.test_buildsets.TestRealDB" name="test_getRecentBuildsets_noBranchMatch" time="0.013"/>
<testcase classname="buildbot.test.unit.db.test_buildsets.TestRealDB" name="test_getRecentBuildsets_noRepoMatch" time="0.013"/>
<testcase classname="buildbot.test.unit.db.test_buildsets.TestRealDB" name="test_getRecentBuildsets_one" time="0.013"/>
<testcase classname="buildbot.test.unit.db.test_buildsets.TestRealDB" name="test_getRecentBuildsets_zero" time="0.014"/>
<testcase classname="buildbot.test.unit.db.test_buildsets.TestRealDB" name="test_signature_addBuildset" time="0.013"/>
<testcase classname="buildbot.test.unit.db.test_buildsets.TestRealDB" name="test_signature_completeBuildset" time="0.012"/>
<testcase classname="buildbot.test.unit.db.test_buildsets.TestRealDB" name="test_signature_getBuildset" time="0.014"/>
<testcase classname="buildbot.test.unit.db.test_buildsets.TestRealDB" name="test_signature_getBuildsetProperties" time="0.013"/>
<testcase classname="buildbot.test.unit.db.test_buildsets.TestRealDB" name="test_signature_getBuildsets" time="0.013"/>
<testcase classname="buildbot.test.unit.db.test_buildsets.TestRealDB" name="test_signature_getRecentBuildsets" time="0.014"/>
<testcase classname="buildbot.test.unit.db.test_changes.TestFakeDB" name="test_addChange_getChange" time="0.001"/>
<testcase classname="buildbot.test.unit.db.test_changes.TestFakeDB" name="test_addChange_withParent" time="0.001"/>
<testcase classname="buildbot.test.unit.db.test_changes.TestFakeDB" name="test_getChangeUids_found" time="0.001"/>
<testcase classname="buildbot.test.unit.db.test_changes.TestFakeDB" name="test_getChangeUids_missing" time="0.000"/>
<testcase classname="buildbot.test.unit.db.test_changes.TestFakeDB" name="test_getChangeUids_multi" time="0.001"/>
<testcase classname="buildbot.test.unit.db.test_changes.TestFakeDB" name="test_getChange_chdict" time="0.000"/>
<testcase classname="buildbot.test.unit.db.test_changes.TestFakeDB" name="test_getChange_missing" time="0.000"/>
<testcase classname="buildbot.test.unit.db.test_changes.TestFakeDB" name="test_getChangesCount" time="0.000"/>
<testcase classname="buildbot.test.unit.db.test_changes.TestFakeDB" name="test_getChangesHugeCount" time="0.003"/>
<testcase classname="buildbot.test.unit.db.test_changes.TestFakeDB" name="test_getChanges_empty" time="0.001"/>
<testcase classname="buildbot.test.unit.db.test_changes.TestFakeDB" name="test_getChanges_missing" time="0.000"/>
<testcase classname="buildbot.test.unit.db.test_changes.TestFakeDB" name="test_getChanges_subset" time="0.000"/>
<testcase classname="buildbot.test.unit.db.test_changes.TestFakeDB" name="test_getLatestChangeid" time="0.000"/>
<testcase classname="buildbot.test.unit.db.test_changes.TestFakeDB" name="test_getLatestChangeid_empty" time="0.000"/>
<testcase classname="buildbot.test.unit.db.test_changes.TestFakeDB" name="test_getParentChangeIds" time="0.000"/>
<testcase classname="buildbot.test.unit.db.test_changes.TestFakeDB" name="test_signature_addChange" time="0.000"/>
<testcase classname="buildbot.test.unit.db.test_changes.TestFakeDB" name="test_signature_getChange" time="0.000"/>
<testcase classname="buildbot.test.unit.db.test_changes.TestFakeDB" name="test_signature_getChangeUids" time="0.000"/>
<testcase classname="buildbot.test.unit.db.test_changes.TestFakeDB" name="test_signature_getChanges" time="0.000"/>
<testcase classname="buildbot.test.unit.db.test_changes.TestFakeDB" name="test_signature_getLatestChangeid" time="0.000"/>
<testcase classname="buildbot.test.unit.db.test_changes.TestFakeDB" name="test_signature_getParentChangeIds" time="0.000"/>
<testcase classname="buildbot.test.unit.db.test_changes.TestRealDB" name="test_addChange" time="0.017"/>
<testcase classname="buildbot.test.unit.db.test_changes.TestRealDB" name="test_addChange_getChange" time="0.020"/>
<testcase classname="buildbot.test.unit.db.test_changes.TestRealDB" name="test_addChange_when_timestamp_None" time="0.021"/>
<testcase classname="buildbot.test.unit.db.test_changes.TestRealDB" name="test_addChange_withParent" time="0.020"/>
<testcase classname="buildbot.test.unit.db.test_changes.TestRealDB" name="test_addChange_with_uid" time="0.022"/>
<testcase classname="buildbot.test.unit.db.test_changes.TestRealDB" name="test_getChangeUids_found" time="0.018"/>
<testcase classname="buildbot.test.unit.db.test_changes.TestRealDB" name="test_getChangeUids_missing" time="0.020"/>
<testcase classname="buildbot.test.unit.db.test_changes.TestRealDB" name="test_getChangeUids_multi" time="0.020"/>
<testcase classname="buildbot.test.unit.db.test_changes.TestRealDB" name="test_getChange_chdict" time="0.019"/>
<testcase classname="buildbot.test.unit.db.test_changes.TestRealDB" name="test_getChange_missing" time="0.021"/>
<testcase classname="buildbot.test.unit.db.test_changes.TestRealDB" name="test_getChangesCount" time="0.018"/>
<testcase classname="buildbot.test.unit.db.test_changes.TestRealDB" name="test_getChangesForBuild" time="0.028"/>
<testcase classname="buildbot.test.unit.db.test_changes.TestRealDB" name="test_getChangesHugeCount" time="0.020"/>
<testcase classname="buildbot.test.unit.db.test_changes.TestRealDB" name="test_getChanges_empty" time="0.015"/>
<testcase classname="buildbot.test.unit.db.test_changes.TestRealDB" name="test_getChanges_missing" time="0.018"/>
<testcase classname="buildbot.test.unit.db.test_changes.TestRealDB" name="test_getChanges_subset" time="0.018"/>
<testcase classname="buildbot.test.unit.db.test_changes.TestRealDB" name="test_getLatestChangeid" time="0.016"/>
<testcase classname="buildbot.test.unit.db.test_changes.TestRealDB" name="test_getLatestChangeid_empty" time="0.017"/>
<testcase classname="buildbot.test.unit.db.test_changes.TestRealDB" name="test_getParentChangeIds" time="0.016"/>
<testcase classname="buildbot.test.unit.db.test_changes.TestRealDB" name="test_pruneChanges" time="0.017"/>
<testcase classname="buildbot.test.unit.db.test_changes.TestRealDB" name="test_pruneChanges_None" time="0.017"/>
<testcase classname="buildbot.test.unit.db.test_changes.TestRealDB" name="test_pruneChanges_lots" time="0.025"/>
<testcase classname="buildbot.test.unit.db.test_changes.TestRealDB" name="test_signature_addChange" time="0.021"/>
<testcase classname="buildbot.test.unit.db.test_changes.TestRealDB" name="test_signature_getChange" time="0.019"/>
<testcase classname="buildbot.test.unit.db.test_changes.TestRealDB" name="test_signature_getChangeUids" time="0.016"/>
<testcase classname="buildbot.test.unit.db.test_changes.TestRealDB" name="test_signature_getChanges" time="0.018"/>
<testcase classname="buildbot.test.unit.db.test_changes.TestRealDB" name="test_signature_getLatestChangeid" time="0.017"/>
<testcase classname="buildbot.test.unit.db.test_changes.TestRealDB" name="test_signature_getParentChangeIds" time="0.016"/>
<testcase classname="buildbot.test.unit.db.test_changesources.TestFakeDB" name="test_findChangeSourceId_existing" time="0.001"/>
<testcase classname="buildbot.test.unit.db.test_changesources.TestFakeDB" name="test_findChangeSourceId_new" time="0.000"/>
<testcase classname="buildbot.test.unit.db.test_changesources.TestFakeDB" name="test_getChangeSource" time="0.000"/>
<testcase classname="buildbot.test.unit.db.test_changesources.TestFakeDB" name="test_getChangeSource_active" time="0.000"/>
<testcase classname="buildbot.test.unit.db.test_changesources.TestFakeDB" name="test_getChangeSource_inactive_but_linked" time="0.001"/>
<testcase classname="buildbot.test.unit.db.test_changesources.TestFakeDB" name="test_getChangeSource_missing" time="0.000"/>
<testcase classname="buildbot.test.unit.db.test_changesources.TestFakeDB" name="test_getChangeSources" time="0.000"/>
<testcase classname="buildbot.test.unit.db.test_changesources.TestFakeDB" name="test_getChangeSources_active" time="0.000"/>
<testcase classname="buildbot.test.unit.db.test_changesources.TestFakeDB" name="test_getChangeSources_active_masterid" time="0.000"/>
<testcase classname="buildbot.test.unit.db.test_changesources.TestFakeDB" name="test_getChangeSources_inactive" time="0.000"/>
<testcase classname="buildbot.test.unit.db.test_changesources.TestFakeDB" name="test_getChangeSources_inactive_masterid" time="0.001"/>
<testcase classname="buildbot.test.unit.db.test_changesources.TestFakeDB" name="test_getChangeSources_masterid" time="0.001"/>
<testcase classname="buildbot.test.unit.db.test_changesources.TestFakeDB" name="test_setChangeSourceMaster_None" time="0.000"/>
<testcase classname="buildbot.test.unit.db.test_changesources.TestFakeDB" name="test_setChangeSourceMaster_None_unowned" time="0.000"/>
<testcase classname="buildbot.test.unit.db.test_changesources.TestFakeDB" name="test_setChangeSourceMaster_active" time="0.000"/>
<testcase classname="buildbot.test.unit.db.test_changesources.TestFakeDB" name="test_setChangeSourceMaster_fresh" time="0.000"/>
<testcase classname="buildbot.test.unit.db.test_changesources.TestFakeDB" name="test_setChangeSourceMaster_inactive_but_linked" time="0.000"/>
<testcase classname="buildbot.test.unit.db.test_changesources.TestFakeDB" name="test_signature_findChangeSourceId" time="0.000"/>
<testcase classname="buildbot.test.unit.db.test_changesources.TestFakeDB" name="test_signature_getChangeSource" time="0.000"/>
<testcase classname="buildbot.test.unit.db.test_changesources.TestFakeDB" name="test_signature_getChangeSources" time="0.001"/>
<testcase classname="buildbot.test.unit.db.test_changesources.TestFakeDB" name="test_signature_setChangeSourceMaster" time="0.000"/>
<testcase classname="buildbot.test.unit.db.test_changesources.TestRealDB" name="test_findChangeSourceId_existing" time="0.007"/>
<testcase classname="buildbot.test.unit.db.test_changesources.TestRealDB" name="test_findChangeSourceId_new" time="0.006"/>
<testcase classname="buildbot.test.unit.db.test_changesources.TestRealDB" name="test_getChangeSource" time="0.007"/>
<testcase classname="buildbot.test.unit.db.test_changesources.TestRealDB" name="test_getChangeSource_active" time="0.007"/>
<testcase classname="buildbot.test.unit.db.test_changesources.TestRealDB" name="test_getChangeSource_inactive_but_linked" time="0.008"/>
<testcase classname="buildbot.test.unit.db.test_changesources.TestRealDB" name="test_getChangeSource_missing" time="0.007"/>
<testcase classname="buildbot.test.unit.db.test_changesources.TestRealDB" name="test_getChangeSources" time="0.007"/>
<testcase classname="buildbot.test.unit.db.test_changesources.TestRealDB" name="test_getChangeSources_active" time="0.008"/>
<testcase classname="buildbot.test.unit.db.test_changesources.TestRealDB" name="test_getChangeSources_active_masterid" time="0.008"/>
<testcase classname="buildbot.test.unit.db.test_changesources.TestRealDB" name="test_getChangeSources_inactive" time="0.007"/>
<testcase classname="buildbot.test.unit.db.test_changesources.TestRealDB" name="test_getChangeSources_inactive_masterid" time="0.007"/>
<testcase classname="buildbot.test.unit.db.test_changesources.TestRealDB" name="test_getChangeSources_masterid" time="0.007"/>
<testcase classname="buildbot.test.unit.db.test_changesources.TestRealDB" name="test_setChangeSourceMaster_None" time="0.007"/>
<testcase classname="buildbot.test.unit.db.test_changesources.TestRealDB" name="test_setChangeSourceMaster_None_unowned" time="0.007"/>
<testcase classname="buildbot.test.unit.db.test_changesources.TestRealDB" name="test_setChangeSourceMaster_active" time="0.007"/>
<testcase classname="buildbot.test.unit.db.test_changesources.TestRealDB" name="test_setChangeSourceMaster_fresh" time="0.007"/>
<testcase classname="buildbot.test.unit.db.test_changesources.TestRealDB" name="test_setChangeSourceMaster_inactive_but_linked" time="0.008"/>
<testcase classname="buildbot.test.unit.db.test_changesources.TestRealDB" name="test_signature_findChangeSourceId" time="0.006"/>
<testcase classname="buildbot.test.unit.db.test_changesources.TestRealDB" name="test_signature_getChangeSource" time="0.006"/>
<testcase classname="buildbot.test.unit.db.test_changesources.TestRealDB" name="test_signature_getChangeSources" time="0.007"/>
<testcase classname="buildbot.test.unit.db.test_changesources.TestRealDB" name="test_signature_setChangeSourceMaster" time="0.006"/>
<testcase classname="buildbot.test.unit.db.test_connector.TestDBConnector" name="test_doCleanup_configured" time="0.013"/>
<testcase classname="buildbot.test.unit.db.test_connector.TestDBConnector" name="test_doCleanup_service" time="0.015"/>
<testcase classname="buildbot.test.unit.db.test_connector.TestDBConnector" name="test_doCleanup_unconfigured" time="0.014"/>
<testcase classname="buildbot.test.unit.db.test_connector.TestDBConnector" name="test_setup_check_version_bad" time="0.014">
<skipped>sqlite in-memory model is always upgraded at connection&#xA;</skipped>
</testcase>
<testcase classname="buildbot.test.unit.db.test_connector.TestDBConnector" name="test_setup_check_version_good" time="0.025"/>
<testcase classname="buildbot.test.unit.db.test_dbconfig.TestDbConfig" name="test_basic" time="0.025"/>
<testcase classname="buildbot.test.unit.db.test_dbconfig.TestDbConfig" name="test_default" time="0.016"/>
<testcase classname="buildbot.test.unit.db.test_dbconfig.TestDbConfig" name="test_error" time="0.016"/>
<testcase classname="buildbot.test.unit.db.test_dbconfig.TestDbConfig" name="test_init1" time="0.010"/>
<testcase classname="buildbot.test.unit.db.test_dbconfig.TestDbConfig" name="test_init2" time="0.010"/>
<testcase classname="buildbot.test.unit.db.test_dbconfig.TestDbConfig" name="test_init3" time="0.010"/>
<testcase classname="buildbot.test.unit.db.test_dbconfig.TestDbConfigNotInitialized" name="test_bad_url" time="0.028"/>
<testcase classname="buildbot.test.unit.db.test_dbconfig.TestDbConfigNotInitialized" name="test_bad_url2" time="0.007"/>
<testcase classname="buildbot.test.unit.db.test_dbconfig.TestDbConfigNotInitialized" name="test_bad_url3" time="0.006"/>
<testcase classname="buildbot.test.unit.db.test_dbconfig.TestDbConfigNotInitialized" name="test_default" time="0.008"/>
<testcase classname="buildbot.test.unit.db.test_dbconfig.TestDbConfigNotInitialized" name="test_error" time="0.008"/>
<testcase classname="buildbot.test.unit.db.test_enginestrategy.BuildbotCreateEngineTest" name="test_mysql_args" time="0.001"/>
<testcase classname="buildbot.test.unit.db.test_enginestrategy.BuildbotCreateEngineTest" name="test_mysql_bad_charset" time="0.000"/>
<testcase classname="buildbot.test.unit.db.test_enginestrategy.BuildbotCreateEngineTest" name="test_mysql_bad_use_unicode" time="0.000"/>
<testcase classname="buildbot.test.unit.db.test_enginestrategy.BuildbotCreateEngineTest" name="test_mysql_good_charset" time="0.000"/>
<testcase classname="buildbot.test.unit.db.test_enginestrategy.BuildbotCreateEngineTest" name="test_mysql_good_use_unicode" time="0.000"/>
<testcase classname="buildbot.test.unit.db.test_enginestrategy.BuildbotCreateEngineTest" name="test_mysql_local" time="0.000"/>
<testcase classname="buildbot.test.unit.db.test_enginestrategy.BuildbotCreateEngineTest" name="test_mysql_max_idle" time="0.000"/>
<testcase classname="buildbot.test.unit.db.test_enginestrategy.BuildbotCreateEngineTest" name="test_mysql_simple" time="0.000"/>
<testcase classname="buildbot.test.unit.db.test_enginestrategy.BuildbotCreateEngineTest" name="test_mysql_storage_engine" time="0.000"/>
<testcase classname="buildbot.test.unit.db.test_enginestrategy.BuildbotCreateEngineTest" name="test_mysql_userport" time="0.000"/>
<testcase classname="buildbot.test.unit.db.test_enginestrategy.BuildbotCreateEngineTest" name="test_sqlite_abspath" time="0.000"/>
<testcase classname="buildbot.test.unit.db.test_enginestrategy.BuildbotCreateEngineTest" name="test_sqlite_memory" time="0.000"/>
<testcase classname="buildbot.test.unit.db.test_enginestrategy.BuildbotCreateEngineTest" name="test_sqlite_pct_sub" time="0.000"/>
<testcase classname="buildbot.test.unit.db.test_enginestrategy.BuildbotCreateEngineTest" name="test_sqlite_relpath" time="0.000"/>
<testcase classname="buildbot.test.unit.db.test_enginestrategy.BuildbotEngineStrategy" name="test_create_engine" time="0.001"/>
<testcase classname="buildbot.test.unit.db.test_logs.TestFakeDB" name="test_addLogLines_big_chunk" time="0.001"/>
<testcase classname="buildbot.test.unit.db.test_logs.TestFakeDB" name="test_addLogLines_big_chunk_big_lines" time="0.001"/>
<testcase classname="buildbot.test.unit.db.test_logs.TestFakeDB" name="test_addLog_getLog" time="0.000"/>
<testcase classname="buildbot.test.unit.db.test_logs.TestFakeDB" name="test_appendLog_getLogLines" time="0.001"/>
<testcase classname="buildbot.test.unit.db.test_logs.TestFakeDB" name="test_compressLog" time="0.001"/>
<testcase classname="buildbot.test.unit.db.test_logs.TestFakeDB" name="test_getLog" time="0.000"/>
<testcase classname="buildbot.test.unit.db.test_logs.TestFakeDB" name="test_getLogBySlug" time="0.000"/>
<testcase classname="buildbot.test.unit.db.test_logs.TestFakeDB" name="test_getLogBySlug_missing" time="0.000"/>
<testcase classname="buildbot.test.unit.db.test_logs.TestFakeDB" name="test_getLogLines" time="0.000"/>
<testcase classname="buildbot.test.unit.db.test_logs.TestFakeDB" name="test_getLogLines_bug3101" time="0.000"/>
<testcase classname="buildbot.test.unit.db.test_logs.TestFakeDB" name="test_getLogLines_empty" time="0.000"/>
<testcase classname="buildbot.test.unit.db.test_logs.TestFakeDB" name="test_getLog_missing" time="0.000"/>
<testcase classname="buildbot.test.unit.db.test_logs.TestFakeDB" name="test_getLogs" time="0.000"/>
<testcase classname="buildbot.test.unit.db.test_logs.TestFakeDB" name="test_signature_addLog" time="0.000"/>
<testcase classname="buildbot.test.unit.db.test_logs.TestFakeDB" name="test_signature_appendLog" time="0.000"/>
<testcase classname="buildbot.test.unit.db.test_logs.TestFakeDB" name="test_signature_compressLog" time="0.000"/>
<testcase classname="buildbot.test.unit.db.test_logs.TestFakeDB" name="test_signature_deleteOldLogChunks" time="0.001"/>
<testcase classname="buildbot.test.unit.db.test_logs.TestFakeDB" name="test_signature_finishLog" time="0.000"/>
<testcase classname="buildbot.test.unit.db.test_logs.TestFakeDB" name="test_signature_getLog" time="0.000"/>
<testcase classname="buildbot.test.unit.db.test_logs.TestFakeDB" name="test_signature_getLogBySlug" time="0.000"/>
<testcase classname="buildbot.test.unit.db.test_logs.TestFakeDB" name="test_signature_getLogLines" time="0.000"/>
<testcase classname="buildbot.test.unit.db.test_logs.TestFakeDB" name="test_signature_getLogs" time="0.000"/>
<testcase classname="buildbot.test.unit.db.test_logs.TestRealDB" name="test_addLogLines_big_chunk" time="0.013"/>
<testcase classname="buildbot.test.unit.db.test_logs.TestRealDB" name="test_addLogLines_big_chunk_big_lines" time="0.014"/>
<testcase classname="buildbot.test.unit.db.test_logs.TestRealDB" name="test_addLogLines_db" time="0.015"/>
<testcase classname="buildbot.test.unit.db.test_logs.TestRealDB" name="test_addLogLines_huge_lines" time="0.014"/>
<testcase classname="buildbot.test.unit.db.test_logs.TestRealDB" name="test_addLogLines_huge_log" time="0.118"/>
<testcase classname="buildbot.test.unit.db.test_logs.TestRealDB" name="test_addLogLines_huge_log_lots_line" time="0.136"/>
<testcase classname="buildbot.test.unit.db.test_logs.TestRealDB" name="test_addLogLines_huge_log_lots_snowmans" time="0.140"/>
<testcase classname="buildbot.test.unit.db.test_logs.TestRealDB" name="test_addLog_getLog" time="0.012"/>
<testcase classname="buildbot.test.unit.db.test_logs.TestRealDB" name="test_appendLog_getLogLines" time="0.014"/>
<testcase classname="buildbot.test.unit.db.test_logs.TestRealDB" name="test_bz2_compress_big_chunk" time="0.016"/>
<testcase classname="buildbot.test.unit.db.test_logs.TestRealDB" name="test_compressLog" time="0.095"/>
<testcase classname="buildbot.test.unit.db.test_logs.TestRealDB" name="test_compressLog_empty_log" time="0.013"/>
<testcase classname="buildbot.test.unit.db.test_logs.TestRealDB" name="test_compressLog_non_existing_log" time="0.011"/>
<testcase classname="buildbot.test.unit.db.test_logs.TestRealDB" name="test_deleteOldLogChunks_basic" time="0.092"/>
<testcase classname="buildbot.test.unit.db.test_logs.TestRealDB" name="test_getLog" time="0.012"/>
<testcase classname="buildbot.test.unit.db.test_logs.TestRealDB" name="test_getLogBySlug" time="0.012"/>
<testcase classname="buildbot.test.unit.db.test_logs.TestRealDB" name="test_getLogBySlug_missing" time="0.013"/>
<testcase classname="buildbot.test.unit.db.test_logs.TestRealDB" name="test_getLogLines" time="0.016"/>
<testcase classname="buildbot.test.unit.db.test_logs.TestRealDB" name="test_getLogLines_bug3101" time="0.012"/>
<testcase classname="buildbot.test.unit.db.test_logs.TestRealDB" name="test_getLogLines_empty" time="0.013"/>
<testcase classname="buildbot.test.unit.db.test_logs.TestRealDB" name="test_getLog_missing" time="0.011"/>
<testcase classname="buildbot.test.unit.db.test_logs.TestRealDB" name="test_getLogs" time="0.012"/>
<testcase classname="buildbot.test.unit.db.test_logs.TestRealDB" name="test_gz_compress_big_chunk" time="0.013"/>
<testcase classname="buildbot.test.unit.db.test_logs.TestRealDB" name="test_lz4_compress_big_chunk" time="0.014"/>
<testcase classname="buildbot.test.unit.db.test_logs.TestRealDB" name="test_no_compress_small_chunk" time="0.013"/>
<testcase classname="buildbot.test.unit.db.test_logs.TestRealDB" name="test_raw_compress_big_chunk" time="0.013"/>
<testcase classname="buildbot.test.unit.db.test_logs.TestRealDB" name="test_signature_addLog" time="0.012"/>
<testcase classname="buildbot.test.unit.db.test_logs.TestRealDB" name="test_signature_appendLog" time="0.011"/>
<testcase classname="buildbot.test.unit.db.test_logs.TestRealDB" name="test_signature_compressLog" time="0.011"/>
<testcase classname="buildbot.test.unit.db.test_logs.TestRealDB" name="test_signature_deleteOldLogChunks" time="0.011"/>
<testcase classname="buildbot.test.unit.db.test_logs.TestRealDB" name="test_signature_finishLog" time="0.012"/>
<testcase classname="buildbot.test.unit.db.test_logs.TestRealDB" name="test_signature_getLog" time="0.011"/>
<testcase classname="buildbot.test.unit.db.test_logs.TestRealDB" name="test_signature_getLogBySlug" time="0.011"/>
<testcase classname="buildbot.test.unit.db.test_logs.TestRealDB" name="test_signature_getLogLines" time="0.012"/>
<testcase classname="buildbot.test.unit.db.test_logs.TestRealDB" name="test_signature_getLogs" time="0.014"/>
<testcase classname="buildbot.test.unit.db.test_logs.TestRealDB" name="test_splitBigChunk_unicode_misalignment" time="0.012"/>
<testcase classname="buildbot.test.unit.db.test_masters.TestFakeDB" name="test_findMasterId_exists" time="0.001"/>
<testcase classname="buildbot.test.unit.db.test_masters.TestFakeDB" name="test_findMasterId_new" time="0.000"/>
<testcase classname="buildbot.test.unit.db.test_masters.TestFakeDB" name="test_findMasterId_new_name_differs_only_by_case" time="0.000"/>
<testcase classname="buildbot.test.unit.db.test_masters.TestFakeDB" name="test_getMaster" time="0.000"/>
<testcase classname="buildbot.test.unit.db.test_masters.TestFakeDB" name="test_getMaster_missing" time="0.000"/>
<testcase classname="buildbot.test.unit.db.test_masters.TestFakeDB" name="test_getMasters" time="0.000"/>
<testcase classname="buildbot.test.unit.db.test_masters.TestFakeDB" name="test_setMasterState_false_when_active" time="0.000"/>
<testcase classname="buildbot.test.unit.db.test_masters.TestFakeDB" name="test_setMasterState_false_when_inactive" time="0.000"/>
<testcase classname="buildbot.test.unit.db.test_masters.TestFakeDB" name="test_setMasterState_true_when_active" time="0.000"/>
<testcase classname="buildbot.test.unit.db.test_masters.TestFakeDB" name="test_setMasterState_true_when_inactive" time="0.000"/>
<testcase classname="buildbot.test.unit.db.test_masters.TestFakeDB" name="test_setMasterState_when_missing" time="0.000"/>
<testcase classname="buildbot.test.unit.db.test_masters.TestFakeDB" name="test_signature_findMasterId" time="0.000"/>
<testcase classname="buildbot.test.unit.db.test_masters.TestFakeDB" name="test_signature_getMaster" time="0.000"/>
<testcase classname="buildbot.test.unit.db.test_masters.TestFakeDB" name="test_signature_getMasters" time="0.000"/>
<testcase classname="buildbot.test.unit.db.test_masters.TestFakeDB" name="test_signature_setMasterState" time="0.000"/>
<testcase classname="buildbot.test.unit.db.test_masters.TestRealDB" name="test_findMasterId_exists" time="0.004"/>
<testcase classname="buildbot.test.unit.db.test_masters.TestRealDB" name="test_findMasterId_new" time="0.004"/>
<testcase classname="buildbot.test.unit.db.test_masters.TestRealDB" name="test_findMasterId_new_name_differs_only_by_case" time="0.004"/>
<testcase classname="buildbot.test.unit.db.test_masters.TestRealDB" name="test_getMaster" time="0.004"/>
<testcase classname="buildbot.test.unit.db.test_masters.TestRealDB" name="test_getMaster_missing" time="0.004"/>
<testcase classname="buildbot.test.unit.db.test_masters.TestRealDB" name="test_getMasters" time="0.004"/>
<testcase classname="buildbot.test.unit.db.test_masters.TestRealDB" name="test_setMasterState_false_deletes_links" time="0.005"/>
<testcase classname="buildbot.test.unit.db.test_masters.TestRealDB" name="test_setMasterState_false_when_active" time="0.004"/>
<testcase classname="buildbot.test.unit.db.test_masters.TestRealDB" name="test_setMasterState_false_when_inactive" time="0.004"/>
<testcase classname="buildbot.test.unit.db.test_masters.TestRealDB" name="test_setMasterState_true_when_active" time="0.004"/>
<testcase classname="buildbot.test.unit.db.test_masters.TestRealDB" name="test_setMasterState_true_when_inactive" time="0.004"/>
<testcase classname="buildbot.test.unit.db.test_masters.TestRealDB" name="test_setMasterState_when_missing" time="0.003"/>
<testcase classname="buildbot.test.unit.db.test_masters.TestRealDB" name="test_signature_findMasterId" time="0.003"/>
<testcase classname="buildbot.test.unit.db.test_masters.TestRealDB" name="test_signature_getMaster" time="0.003"/>
<testcase classname="buildbot.test.unit.db.test_masters.TestRealDB" name="test_signature_getMasters" time="0.003"/>
<testcase classname="buildbot.test.unit.db.test_masters.TestRealDB" name="test_signature_setMasterState" time="0.004"/>
<testcase classname="buildbot.test.unit.db.test_model.DBConnector_Basic" name="test_is_current_empty" time="0.002"/>
<testcase classname="buildbot.test.unit.db.test_model.DBConnector_Basic" name="test_is_current_full" time="0.020"/>
<testcase classname="buildbot.test.unit.db.test_pool.Basic" name="test_do" time="0.001"/>
<testcase classname="buildbot.test.unit.db.test_pool.Basic" name="test_do_error" time="0.004"/>
<testcase classname="buildbot.test.unit.db.test_pool.Basic" name="test_do_exception" time="0.002"/>
<testcase classname="buildbot.test.unit.db.test_pool.Basic" name="test_do_with_engine" time="0.001"/>
<testcase classname="buildbot.test.unit.db.test_pool.Basic" name="test_do_with_engine_exception" time="0.001"/>
<testcase classname="buildbot.test.unit.db.test_pool.Basic" name="test_persistence_across_invocations" time="0.001"/>
<testcase classname="buildbot.test.unit.db.test_pool.BasicWithDebug" name="test_do" time="0.001"/>
<testcase classname="buildbot.test.unit.db.test_pool.BasicWithDebug" name="test_do_error" time="0.001"/>
<testcase classname="buildbot.test.unit.db.test_pool.BasicWithDebug" name="test_do_exception" time="0.001"/>
<testcase classname="buildbot.test.unit.db.test_pool.BasicWithDebug" name="test_do_with_engine" time="0.001"/>
<testcase classname="buildbot.test.unit.db.test_pool.BasicWithDebug" name="test_do_with_engine_exception" time="0.001"/>
<testcase classname="buildbot.test.unit.db.test_pool.BasicWithDebug" name="test_persistence_across_invocations" time="0.001"/>
<testcase classname="buildbot.test.unit.db.test_pool.Native" name="test_ddl_and_queries" time="0.002"/>
<testcase classname="buildbot.test.unit.db.test_projects.TestFakeDB" name="test_find_project_id_exists" time="0.001"/>
<testcase classname="buildbot.test.unit.db.test_projects.TestFakeDB" name="test_find_project_id_new" time="0.000"/>
<testcase classname="buildbot.test.unit.db.test_projects.TestFakeDB" name="test_find_project_id_new_no_auto_create" time="0.000"/>
<testcase classname="buildbot.test.unit.db.test_projects.TestFakeDB" name="test_get_active_projects" time="0.000"/>
<testcase classname="buildbot.test.unit.db.test_projects.TestFakeDB" name="test_get_project" time="0.000"/>
<testcase classname="buildbot.test.unit.db.test_projects.TestFakeDB" name="test_get_project_missing" time="0.000"/>
<testcase classname="buildbot.test.unit.db.test_projects.TestFakeDB" name="test_get_projects" time="0.000"/>
<testcase classname="buildbot.test.unit.db.test_projects.TestFakeDB" name="test_get_projects_empty" time="0.000"/>
<testcase classname="buildbot.test.unit.db.test_projects.TestFakeDB" name="test_signature_find_project_id" time="0.000"/>
<testcase classname="buildbot.test.unit.db.test_projects.TestFakeDB" name="test_signature_get_project" time="0.000"/>
<testcase classname="buildbot.test.unit.db.test_projects.TestFakeDB" name="test_signature_get_projects" time="0.000"/>
<testcase classname="buildbot.test.unit.db.test_projects.TestFakeDB" name="test_signature_update_project_info" time="0.000"/>
<testcase classname="buildbot.test.unit.db.test_projects.TestFakeDB" name="test_update_project_info" time="0.000"/>
<testcase classname="buildbot.test.unit.db.test_projects.TestRealDB" name="test_find_project_id_exists" time="0.005"/>
<testcase classname="buildbot.test.unit.db.test_projects.TestRealDB" name="test_find_project_id_new" time="0.006"/>
<testcase classname="buildbot.test.unit.db.test_projects.TestRealDB" name="test_find_project_id_new_no_auto_create" time="0.005"/>
<testcase classname="buildbot.test.unit.db.test_projects.TestRealDB" name="test_get_active_projects" time="0.006"/>
<testcase classname="buildbot.test.unit.db.test_projects.TestRealDB" name="test_get_project" time="0.006"/>
<testcase classname="buildbot.test.unit.db.test_projects.TestRealDB" name="test_get_project_missing" time="0.005"/>
<testcase classname="buildbot.test.unit.db.test_projects.TestRealDB" name="test_get_projects" time="0.006"/>
<testcase classname="buildbot.test.unit.db.test_projects.TestRealDB" name="test_get_projects_empty" time="0.005"/>
<testcase classname="buildbot.test.unit.db.test_projects.TestRealDB" name="test_signature_find_project_id" time="0.004"/>
<testcase classname="buildbot.test.unit.db.test_projects.TestRealDB" name="test_signature_get_project" time="0.005"/>
<testcase classname="buildbot.test.unit.db.test_projects.TestRealDB" name="test_signature_get_projects" time="0.005"/>
<testcase classname="buildbot.test.unit.db.test_projects.TestRealDB" name="test_signature_update_project_info" time="0.004"/>
<testcase classname="buildbot.test.unit.db.test_projects.TestRealDB" name="test_update_project_info" time="0.005"/>
<testcase classname="buildbot.test.unit.db.test_schedulers.TestFakeDB" name="test_classifyChanges" time="0.001"/>
<testcase classname="buildbot.test.unit.db.test_schedulers.TestFakeDB" name="test_classifyChanges_again" time="0.000"/>
<testcase classname="buildbot.test.unit.db.test_schedulers.TestFakeDB" name="test_enable" time="0.000"/>
<testcase classname="buildbot.test.unit.db.test_schedulers.TestFakeDB" name="test_findSchedulerId_existing" time="0.001"/>
<testcase classname="buildbot.test.unit.db.test_schedulers.TestFakeDB" name="test_findSchedulerId_new" time="0.000"/>
<testcase classname="buildbot.test.unit.db.test_schedulers.TestFakeDB" name="test_flushChangeClassifications" time="0.000"/>
<testcase classname="buildbot.test.unit.db.test_schedulers.TestFakeDB" name="test_flushChangeClassifications_less_than" time="0.000"/>
<testcase classname="buildbot.test.unit.db.test_schedulers.TestFakeDB" name="test_getChangeClassifications" time="0.000"/>
<testcase classname="buildbot.test.unit.db.test_schedulers.TestFakeDB" name="test_getChangeClassifications_branch" time="0.000"/>
<testcase classname="buildbot.test.unit.db.test_schedulers.TestFakeDB" name="test_getScheduler" time="0.000"/>
<testcase classname="buildbot.test.unit.db.test_schedulers.TestFakeDB" name="test_getScheduler_active" time="0.000"/>
<testcase classname="buildbot.test.unit.db.test_schedulers.TestFakeDB" name="test_getScheduler_inactive_but_linked" time="0.000"/>
<testcase classname="buildbot.test.unit.db.test_schedulers.TestFakeDB" name="test_getScheduler_missing" time="0.000"/>
<testcase classname="buildbot.test.unit.db.test_schedulers.TestFakeDB" name="test_getSchedulers" time="0.000"/>
<testcase classname="buildbot.test.unit.db.test_schedulers.TestFakeDB" name="test_getSchedulers_active" time="0.000"/>
<testcase classname="buildbot.test.unit.db.test_schedulers.TestFakeDB" name="test_getSchedulers_active_masterid" time="0.000"/>
<testcase classname="buildbot.test.unit.db.test_schedulers.TestFakeDB" name="test_getSchedulers_inactive" time="0.000"/>
<testcase classname="buildbot.test.unit.db.test_schedulers.TestFakeDB" name="test_getSchedulers_inactive_masterid" time="0.000"/>
<testcase classname="buildbot.test.unit.db.test_schedulers.TestFakeDB" name="test_getSchedulers_masterid" time="0.000"/>
<testcase classname="buildbot.test.unit.db.test_schedulers.TestFakeDB" name="test_setSchedulerMaster_None" time="0.000"/>
<testcase classname="buildbot.test.unit.db.test_schedulers.TestFakeDB" name="test_setSchedulerMaster_None_unowned" time="0.000"/>
<testcase classname="buildbot.test.unit.db.test_schedulers.TestFakeDB" name="test_setSchedulerMaster_active" time="0.000"/>
<testcase classname="buildbot.test.unit.db.test_schedulers.TestFakeDB" name="test_setSchedulerMaster_fresh" time="0.000"/>
<testcase classname="buildbot.test.unit.db.test_schedulers.TestFakeDB" name="test_setSchedulerMaster_inactive_but_linked" time="0.000"/>
<testcase classname="buildbot.test.unit.db.test_schedulers.TestFakeDB" name="test_setSchedulerMaster_inactive_but_linked_to_this_master" time="0.000"/>
<testcase classname="buildbot.test.unit.db.test_schedulers.TestFakeDB" name="test_signature_classifyChanges" time="0.000"/>
<testcase classname="buildbot.test.unit.db.test_schedulers.TestFakeDB" name="test_signature_enable" time="0.000"/>
<testcase classname="buildbot.test.unit.db.test_schedulers.TestFakeDB" name="test_signature_findSchedulerId" time="0.000"/>
<testcase classname="buildbot.test.unit.db.test_schedulers.TestFakeDB" name="test_signature_flushChangeClassifications" time="0.000"/>
<testcase classname="buildbot.test.unit.db.test_schedulers.TestFakeDB" name="test_signature_getChangeClassifications" time="0.000"/>
<testcase classname="buildbot.test.unit.db.test_schedulers.TestFakeDB" name="test_signature_getScheduler" time="0.000"/>
<testcase classname="buildbot.test.unit.db.test_schedulers.TestFakeDB" name="test_signature_getSchedulers" time="0.000"/>
<testcase classname="buildbot.test.unit.db.test_schedulers.TestFakeDB" name="test_signature_setSchedulerMaster" time="0.000"/>
<testcase classname="buildbot.test.unit.db.test_schedulers.TestRealDB" name="test_classifyChanges" time="0.008"/>
<testcase classname="buildbot.test.unit.db.test_schedulers.TestRealDB" name="test_classifyChanges_again" time="0.009"/>
<testcase classname="buildbot.test.unit.db.test_schedulers.TestRealDB" name="test_enable" time="0.008"/>
<testcase classname="buildbot.test.unit.db.test_schedulers.TestRealDB" name="test_findSchedulerId_existing" time="0.007"/>
<testcase classname="buildbot.test.unit.db.test_schedulers.TestRealDB" name="test_findSchedulerId_new" time="0.008"/>
<testcase classname="buildbot.test.unit.db.test_schedulers.TestRealDB" name="test_flushChangeClassifications" time="0.009"/>
<testcase classname="buildbot.test.unit.db.test_schedulers.TestRealDB" name="test_flushChangeClassifications_less_than" time="0.009"/>
<testcase classname="buildbot.test.unit.db.test_schedulers.TestRealDB" name="test_getChangeClassifications" time="0.009"/>
<testcase classname="buildbot.test.unit.db.test_schedulers.TestRealDB" name="test_getChangeClassifications_branch" time="0.009"/>
<testcase classname="buildbot.test.unit.db.test_schedulers.TestRealDB" name="test_getScheduler" time="0.008"/>
<testcase classname="buildbot.test.unit.db.test_schedulers.TestRealDB" name="test_getScheduler_active" time="0.008"/>
<testcase classname="buildbot.test.unit.db.test_schedulers.TestRealDB" name="test_getScheduler_inactive_but_linked" time="0.008"/>
<testcase classname="buildbot.test.unit.db.test_schedulers.TestRealDB" name="test_getScheduler_missing" time="0.008"/>
<testcase classname="buildbot.test.unit.db.test_schedulers.TestRealDB" name="test_getSchedulers" time="0.010"/>
<testcase classname="buildbot.test.unit.db.test_schedulers.TestRealDB" name="test_getSchedulers_active" time="0.009"/>
<testcase classname="buildbot.test.unit.db.test_schedulers.TestRealDB" name="test_getSchedulers_active_masterid" time="0.008"/>
<testcase classname="buildbot.test.unit.db.test_schedulers.TestRealDB" name="test_getSchedulers_inactive" time="0.009"/>
<testcase classname="buildbot.test.unit.db.test_schedulers.TestRealDB" name="test_getSchedulers_inactive_masterid" time="0.009"/>
<testcase classname="buildbot.test.unit.db.test_schedulers.TestRealDB" name="test_getSchedulers_masterid" time="0.009"/>
<testcase classname="buildbot.test.unit.db.test_schedulers.TestRealDB" name="test_setSchedulerMaster_None" time="0.010"/>
<testcase classname="buildbot.test.unit.db.test_schedulers.TestRealDB" name="test_setSchedulerMaster_None_unowned" time="0.008"/>
<testcase classname="buildbot.test.unit.db.test_schedulers.TestRealDB" name="test_setSchedulerMaster_active" time="0.008"/>
<testcase classname="buildbot.test.unit.db.test_schedulers.TestRealDB" name="test_setSchedulerMaster_fresh" time="0.008"/>
<testcase classname="buildbot.test.unit.db.test_schedulers.TestRealDB" name="test_setSchedulerMaster_inactive_but_linked" time="0.008"/>
<testcase classname="buildbot.test.unit.db.test_schedulers.TestRealDB" name="test_setSchedulerMaster_inactive_but_linked_to_this_master" time="0.009"/>
<testcase classname="buildbot.test.unit.db.test_schedulers.TestRealDB" name="test_signature_classifyChanges" time="0.008"/>
<testcase classname="buildbot.test.unit.db.test_schedulers.TestRealDB" name="test_signature_enable" time="0.007"/>
<testcase classname="buildbot.test.unit.db.test_schedulers.TestRealDB" name="test_signature_findSchedulerId" time="0.007"/>
<testcase classname="buildbot.test.unit.db.test_schedulers.TestRealDB" name="test_signature_flushChangeClassifications" time="0.008"/>
<testcase classname="buildbot.test.unit.db.test_schedulers.TestRealDB" name="test_signature_getChangeClassifications" time="0.007"/>
<testcase classname="buildbot.test.unit.db.test_schedulers.TestRealDB" name="test_signature_getScheduler" time="0.008"/>
<testcase classname="buildbot.test.unit.db.test_schedulers.TestRealDB" name="test_signature_getSchedulers" time="0.008"/>
<testcase classname="buildbot.test.unit.db.test_schedulers.TestRealDB" name="test_signature_setSchedulerMaster" time="0.008"/>
<testcase classname="buildbot.test.unit.db.test_sourcestamps.TestFakeDB" name="test_findSourceStampId_patch" time="0.001"/>
<testcase classname="buildbot.test.unit.db.test_sourcestamps.TestFakeDB" name="test_findSourceStampId_simple" time="0.000"/>
<testcase classname="buildbot.test.unit.db.test_sourcestamps.TestFakeDB" name="test_findSourceStampId_simple_unique" time="0.000"/>
<testcase classname="buildbot.test.unit.db.test_sourcestamps.TestFakeDB" name="test_findSourceStampId_simple_unique_patch" time="0.000"/>
<testcase classname="buildbot.test.unit.db.test_sourcestamps.TestFakeDB" name="test_getSourceStamp_nosuch" time="0.000"/>
<testcase classname="buildbot.test.unit.db.test_sourcestamps.TestFakeDB" name="test_getSourceStamp_patch" time="0.000"/>
<testcase classname="buildbot.test.unit.db.test_sourcestamps.TestFakeDB" name="test_getSourceStamp_simple" time="0.000"/>
<testcase classname="buildbot.test.unit.db.test_sourcestamps.TestFakeDB" name="test_getSourceStamp_simple_None" time="0.000"/>
<testcase classname="buildbot.test.unit.db.test_sourcestamps.TestFakeDB" name="test_getSourceStamps" time="0.000"/>
<testcase classname="buildbot.test.unit.db.test_sourcestamps.TestFakeDB" name="test_getSourceStampsForBuild_3CodeBases" time="0.001"/>
<testcase classname="buildbot.test.unit.db.test_sourcestamps.TestFakeDB" name="test_getSourceStampsForBuild_OneCodeBase" time="0.001"/>
<testcase classname="buildbot.test.unit.db.test_sourcestamps.TestFakeDB" name="test_getSourceStamps_empty" time="0.000"/>
<testcase classname="buildbot.test.unit.db.test_sourcestamps.TestFakeDB" name="test_get_sourcestamps_for_buildset_one_codebase" time="0.000"/>
<testcase classname="buildbot.test.unit.db.test_sourcestamps.TestFakeDB" name="test_get_sourcestamps_for_buildset_three_codebases" time="0.000"/>
<testcase classname="buildbot.test.unit.db.test_sourcestamps.TestFakeDB" name="test_signature_findSourceStampId" time="0.000"/>
<testcase classname="buildbot.test.unit.db.test_sourcestamps.TestFakeDB" name="test_signature_getSourceStamp" time="0.000"/>
<testcase classname="buildbot.test.unit.db.test_sourcestamps.TestFakeDB" name="test_signature_getSourceStamps" time="0.000"/>
<testcase classname="buildbot.test.unit.db.test_sourcestamps.TestFakeDB" name="test_signature_getSourceStampsForBuild" time="0.000"/>
<testcase classname="buildbot.test.unit.db.test_sourcestamps.TestFakeDB" name="test_signature_get_sourcestamps_for_buildset" time="0.000"/>
<testcase classname="buildbot.test.unit.db.test_sourcestamps.TestRealDB" name="test_findSourceStampId_patch" time="0.012"/>
<testcase classname="buildbot.test.unit.db.test_sourcestamps.TestRealDB" name="test_findSourceStampId_simple" time="0.012"/>
<testcase classname="buildbot.test.unit.db.test_sourcestamps.TestRealDB" name="test_findSourceStampId_simple_unique" time="0.012"/>
<testcase classname="buildbot.test.unit.db.test_sourcestamps.TestRealDB" name="test_findSourceStampId_simple_unique_patch" time="0.012"/>
<testcase classname="buildbot.test.unit.db.test_sourcestamps.TestRealDB" name="test_getSourceStamp_nosuch" time="0.012"/>
<testcase classname="buildbot.test.unit.db.test_sourcestamps.TestRealDB" name="test_getSourceStamp_patch" time="0.011"/>
<testcase classname="buildbot.test.unit.db.test_sourcestamps.TestRealDB" name="test_getSourceStamp_simple" time="0.011"/>
<testcase classname="buildbot.test.unit.db.test_sourcestamps.TestRealDB" name="test_getSourceStamp_simple_None" time="0.011"/>
<testcase classname="buildbot.test.unit.db.test_sourcestamps.TestRealDB" name="test_getSourceStamps" time="0.012"/>
<testcase classname="buildbot.test.unit.db.test_sourcestamps.TestRealDB" name="test_getSourceStampsForBuild_3CodeBases" time="0.013"/>
<testcase classname="buildbot.test.unit.db.test_sourcestamps.TestRealDB" name="test_getSourceStampsForBuild_OneCodeBase" time="0.012"/>
<testcase classname="buildbot.test.unit.db.test_sourcestamps.TestRealDB" name="test_getSourceStamps_empty" time="0.011"/>
<testcase classname="buildbot.test.unit.db.test_sourcestamps.TestRealDB" name="test_get_sourcestamps_for_buildset_one_codebase" time="0.013"/>
<testcase classname="buildbot.test.unit.db.test_sourcestamps.TestRealDB" name="test_get_sourcestamps_for_buildset_three_codebases" time="0.012"/>
<testcase classname="buildbot.test.unit.db.test_sourcestamps.TestRealDB" name="test_signature_findSourceStampId" time="0.010"/>
<testcase classname="buildbot.test.unit.db.test_sourcestamps.TestRealDB" name="test_signature_getSourceStamp" time="0.011"/>
<testcase classname="buildbot.test.unit.db.test_sourcestamps.TestRealDB" name="test_signature_getSourceStamps" time="0.011"/>
<testcase classname="buildbot.test.unit.db.test_sourcestamps.TestRealDB" name="test_signature_getSourceStampsForBuild" time="0.010"/>
<testcase classname="buildbot.test.unit.db.test_sourcestamps.TestRealDB" name="test_signature_get_sourcestamps_for_buildset" time="0.011"/>
<testcase classname="buildbot.test.unit.db.test_state.TestStateConnectorComponent" name="test_atomicCreateState" time="0.004"/>
<testcase classname="buildbot.test.unit.db.test_state.TestStateConnectorComponent" name="test_atomicCreateState_conflict" time="0.004"/>
<testcase classname="buildbot.test.unit.db.test_state.TestStateConnectorComponent" name="test_atomicCreateState_nojsonable" time="0.004"/>
<testcase classname="buildbot.test.unit.db.test_state.TestStateConnectorComponent" name="test_getObjectId_conflict" time="0.004"/>
<testcase classname="buildbot.test.unit.db.test_state.TestStateConnectorComponent" name="test_getObjectId_existing" time="0.003"/>
<testcase classname="buildbot.test.unit.db.test_state.TestStateConnectorComponent" name="test_getObjectId_new" time="0.003"/>
<testcase classname="buildbot.test.unit.db.test_state.TestStateConnectorComponent" name="test_getObjectId_new_big_name" time="0.004"/>
<testcase classname="buildbot.test.unit.db.test_state.TestStateConnectorComponent" name="test_getState_badjson" time="0.004"/>
<testcase classname="buildbot.test.unit.db.test_state.TestStateConnectorComponent" name="test_getState_missing" time="0.004"/>
<testcase classname="buildbot.test.unit.db.test_state.TestStateConnectorComponent" name="test_getState_missing_default" time="0.003"/>
<testcase classname="buildbot.test.unit.db.test_state.TestStateConnectorComponent" name="test_getState_missing_default_None" time="0.003"/>
<testcase classname="buildbot.test.unit.db.test_state.TestStateConnectorComponent" name="test_getState_present" time="0.003"/>
<testcase classname="buildbot.test.unit.db.test_state.TestStateConnectorComponent" name="test_setState" time="0.003"/>
<testcase classname="buildbot.test.unit.db.test_state.TestStateConnectorComponent" name="test_setState_badjson" time="0.003"/>
<testcase classname="buildbot.test.unit.db.test_state.TestStateConnectorComponent" name="test_setState_conflict" time="0.004"/>
<testcase classname="buildbot.test.unit.db.test_state.TestStateConnectorComponent" name="test_setState_existing" time="0.003"/>
<testcase classname="buildbot.test.unit.db.test_steps.TestFakeDB" name="test_addStep_getStep" time="0.001"/>
<testcase classname="buildbot.test.unit.db.test_steps.TestFakeDB" name="test_addStep_getStep_existing_step" time="0.000"/>
<testcase classname="buildbot.test.unit.db.test_steps.TestFakeDB" name="test_addStep_getStep_locks_acquired_already" time="0.000"/>
<testcase classname="buildbot.test.unit.db.test_steps.TestFakeDB" name="test_addStep_getStep_locks_acquired_later" time="0.000"/>
<testcase classname="buildbot.test.unit.db.test_steps.TestFakeDB" name="test_addStep_getStep_name_collisions" time="0.001"/>
<testcase classname="buildbot.test.unit.db.test_steps.TestFakeDB" name="test_addURL" time="0.000"/>
<testcase classname="buildbot.test.unit.db.test_steps.TestFakeDB" name="test_addURL_no_duplicate" time="0.000"/>
<testcase classname="buildbot.test.unit.db.test_steps.TestFakeDB" name="test_addURL_race" time="0.000"/>
<testcase classname="buildbot.test.unit.db.test_steps.TestFakeDB" name="test_finishStep" time="0.000"/>
<testcase classname="buildbot.test.unit.db.test_steps.TestFakeDB" name="test_finishStep_hidden" time="0.000"/>
<testcase classname="buildbot.test.unit.db.test_steps.TestFakeDB" name="test_getStep" time="0.000"/>
<testcase classname="buildbot.test.unit.db.test_steps.TestFakeDB" name="test_getStep_invalid" time="0.000"/>
<testcase classname="buildbot.test.unit.db.test_steps.TestFakeDB" name="test_getStep_missing" time="0.000"/>
<testcase classname="buildbot.test.unit.db.test_steps.TestFakeDB" name="test_getStep_name" time="0.000"/>
<testcase classname="buildbot.test.unit.db.test_steps.TestFakeDB" name="test_getStep_name_missing" time="0.000"/>
<testcase classname="buildbot.test.unit.db.test_steps.TestFakeDB" name="test_getStep_number" time="0.000"/>
<testcase classname="buildbot.test.unit.db.test_steps.TestFakeDB" name="test_getStep_number_missing" time="0.000"/>
<testcase classname="buildbot.test.unit.db.test_steps.TestFakeDB" name="test_getSteps" time="0.002"/>
<testcase classname="buildbot.test.unit.db.test_steps.TestFakeDB" name="test_getSteps_none" time="0.001"/>
<testcase classname="buildbot.test.unit.db.test_steps.TestFakeDB" name="test_setStepStateString" time="0.000"/>
<testcase classname="buildbot.test.unit.db.test_steps.TestFakeDB" name="test_signature_addStep" time="0.000"/>
<testcase classname="buildbot.test.unit.db.test_steps.TestFakeDB" name="test_signature_finishStep" time="0.000"/>
<testcase classname="buildbot.test.unit.db.test_steps.TestFakeDB" name="test_signature_getStep" time="0.000"/>
<testcase classname="buildbot.test.unit.db.test_steps.TestFakeDB" name="test_signature_getSteps" time="0.000"/>
<testcase classname="buildbot.test.unit.db.test_steps.TestFakeDB" name="test_signature_setStepStateString" time="0.000"/>
<testcase classname="buildbot.test.unit.db.test_steps.TestFakeDB" name="test_signature_startStep" time="0.000"/>
<testcase classname="buildbot.test.unit.db.test_steps.TestRealDB" name="test_addStep_getStep" time="0.011"/>
<testcase classname="buildbot.test.unit.db.test_steps.TestRealDB" name="test_addStep_getStep_existing_step" time="0.011"/>
<testcase classname="buildbot.test.unit.db.test_steps.TestRealDB" name="test_addStep_getStep_locks_acquired_already" time="0.012"/>
<testcase classname="buildbot.test.unit.db.test_steps.TestRealDB" name="test_addStep_getStep_locks_acquired_later" time="0.012"/>
<testcase classname="buildbot.test.unit.db.test_steps.TestRealDB" name="test_addStep_getStep_name_collisions" time="0.011"/>
<testcase classname="buildbot.test.unit.db.test_steps.TestRealDB" name="test_addStep_getStep_name_collisions_too_long" time="0.011"/>
<testcase classname="buildbot.test.unit.db.test_steps.TestRealDB" name="test_addStep_getStep_name_collisions_too_long_extra_digits" time="0.015"/>
<testcase classname="buildbot.test.unit.db.test_steps.TestRealDB" name="test_addURL" time="0.011"/>
<testcase classname="buildbot.test.unit.db.test_steps.TestRealDB" name="test_addURL_no_duplicate" time="0.011"/>
<testcase classname="buildbot.test.unit.db.test_steps.TestRealDB" name="test_addURL_race" time="0.025"/>
<testcase classname="buildbot.test.unit.db.test_steps.TestRealDB" name="test_finishStep" time="0.011"/>
<testcase classname="buildbot.test.unit.db.test_steps.TestRealDB" name="test_finishStep_hidden" time="0.011"/>
<testcase classname="buildbot.test.unit.db.test_steps.TestRealDB" name="test_getStep" time="0.016"/>
<testcase classname="buildbot.test.unit.db.test_steps.TestRealDB" name="test_getStep_invalid" time="0.011"/>
<testcase classname="buildbot.test.unit.db.test_steps.TestRealDB" name="test_getStep_missing" time="0.009"/>
<testcase classname="buildbot.test.unit.db.test_steps.TestRealDB" name="test_getStep_name" time="0.010"/>
<testcase classname="buildbot.test.unit.db.test_steps.TestRealDB" name="test_getStep_name_missing" time="0.010"/>
<testcase classname="buildbot.test.unit.db.test_steps.TestRealDB" name="test_getStep_number" time="0.010"/>
<testcase classname="buildbot.test.unit.db.test_steps.TestRealDB" name="test_getStep_number_missing" time="0.097"/>
<testcase classname="buildbot.test.unit.db.test_steps.TestRealDB" name="test_getSteps" time="0.010"/>
<testcase classname="buildbot.test.unit.db.test_steps.TestRealDB" name="test_getSteps_none" time="0.010"/>
<testcase classname="buildbot.test.unit.db.test_steps.TestRealDB" name="test_setStepStateString" time="0.011"/>
<testcase classname="buildbot.test.unit.db.test_steps.TestRealDB" name="test_signature_addStep" time="0.010"/>
<testcase classname="buildbot.test.unit.db.test_steps.TestRealDB" name="test_signature_finishStep" time="0.010"/>
<testcase classname="buildbot.test.unit.db.test_steps.TestRealDB" name="test_signature_getStep" time="0.010"/>
<testcase classname="buildbot.test.unit.db.test_steps.TestRealDB" name="test_signature_getSteps" time="0.009"/>
<testcase classname="buildbot.test.unit.db.test_steps.TestRealDB" name="test_signature_setStepStateString" time="0.010"/>
<testcase classname="buildbot.test.unit.db.test_steps.TestRealDB" name="test_signature_startStep" time="0.009"/>
<testcase classname="buildbot.test.unit.db.test_test_result_sets.TestFakeDB" name="test_add_set_get_set" time="0.001"/>
<testcase classname="buildbot.test.unit.db.test_test_result_sets.TestFakeDB" name="test_complete_already_completed_set" time="0.001"/>
<testcase classname="buildbot.test.unit.db.test_test_result_sets.TestFakeDB" name="test_complete_set_with_test_counts" time="0.001"/>
<testcase classname="buildbot.test.unit.db.test_test_result_sets.TestFakeDB" name="test_complete_set_without_test_counts" time="0.001"/>
<testcase classname="buildbot.test.unit.db.test_test_result_sets.TestFakeDB" name="test_get_non_existing_set" time="0.001"/>
<testcase classname="buildbot.test.unit.db.test_test_result_sets.TestFakeDB" name="test_get_set_from_data" time="0.001"/>
<testcase classname="buildbot.test.unit.db.test_test_result_sets.TestFakeDB" name="test_get_sets" time="0.001"/>
<testcase classname="buildbot.test.unit.db.test_test_result_sets.TestFakeDB" name="test_signature_add_test_result_set" time="0.000"/>
<testcase classname="buildbot.test.unit.db.test_test_result_sets.TestFakeDB" name="test_signature_complete_test_result_set" time="0.000"/>
<testcase classname="buildbot.test.unit.db.test_test_result_sets.TestFakeDB" name="test_signature_get_test_result_set" time="0.000"/>
<testcase classname="buildbot.test.unit.db.test_test_result_sets.TestFakeDB" name="test_signature_get_test_result_sets" time="0.000"/>
<testcase classname="buildbot.test.unit.db.test_test_result_sets.TestRealDB" name="test_add_set_get_set" time="0.011"/>
<testcase classname="buildbot.test.unit.db.test_test_result_sets.TestRealDB" name="test_complete_already_completed_set" time="0.013"/>
<testcase classname="buildbot.test.unit.db.test_test_result_sets.TestRealDB" name="test_complete_set_with_test_counts" time="0.012"/>
<testcase classname="buildbot.test.unit.db.test_test_result_sets.TestRealDB" name="test_complete_set_without_test_counts" time="0.012"/>
<testcase classname="buildbot.test.unit.db.test_test_result_sets.TestRealDB" name="test_get_non_existing_set" time="0.010"/>
<testcase classname="buildbot.test.unit.db.test_test_result_sets.TestRealDB" name="test_get_set_from_data" time="0.012"/>
<testcase classname="buildbot.test.unit.db.test_test_result_sets.TestRealDB" name="test_get_sets" time="0.013"/>
<testcase classname="buildbot.test.unit.db.test_test_result_sets.TestRealDB" name="test_signature_add_test_result_set" time="0.010"/>
<testcase classname="buildbot.test.unit.db.test_test_result_sets.TestRealDB" name="test_signature_complete_test_result_set" time="0.011"/>
<testcase classname="buildbot.test.unit.db.test_test_result_sets.TestRealDB" name="test_signature_get_test_result_set" time="0.010"/>
<testcase classname="buildbot.test.unit.db.test_test_result_sets.TestRealDB" name="test_signature_get_test_result_sets" time="0.010"/>
<testcase classname="buildbot.test.unit.db.test_test_results.TestFakeDB" name="test_add_set_results" time="0.001"/>
<testcase classname="buildbot.test.unit.db.test_test_results.TestFakeDB" name="test_get_code_paths" time="0.001"/>
<testcase classname="buildbot.test.unit.db.test_test_results.TestFakeDB" name="test_get_names" time="0.000"/>
<testcase classname="buildbot.test.unit.db.test_test_results.TestFakeDB" name="test_signature_add_test_results" time="0.000"/>
<testcase classname="buildbot.test.unit.db.test_test_results.TestFakeDB" name="test_signature_get_test_code_paths" time="0.000"/>
<testcase classname="buildbot.test.unit.db.test_test_results.TestFakeDB" name="test_signature_get_test_names" time="0.000"/>
<testcase classname="buildbot.test.unit.db.test_test_results.TestFakeDB" name="test_signature_get_test_result" time="0.000"/>
<testcase classname="buildbot.test.unit.db.test_test_results.TestFakeDB" name="test_signature_get_test_results" time="0.000"/>
<testcase classname="buildbot.test.unit.db.test_test_results.TestRealDB" name="test_add_set_results" time="0.016"/>
<testcase classname="buildbot.test.unit.db.test_test_results.TestRealDB" name="test_get_code_paths" time="0.014"/>
<testcase classname="buildbot.test.unit.db.test_test_results.TestRealDB" name="test_get_names" time="0.014"/>
<testcase classname="buildbot.test.unit.db.test_test_results.TestRealDB" name="test_signature_add_test_results" time="0.014"/>
<testcase classname="buildbot.test.unit.db.test_test_results.TestRealDB" name="test_signature_get_test_code_paths" time="0.012"/>
<testcase classname="buildbot.test.unit.db.test_test_results.TestRealDB" name="test_signature_get_test_names" time="0.012"/>
<testcase classname="buildbot.test.unit.db.test_test_results.TestRealDB" name="test_signature_get_test_result" time="0.013"/>
<testcase classname="buildbot.test.unit.db.test_test_results.TestRealDB" name="test_signature_get_test_results" time="0.014"/>
<testcase classname="buildbot.test.unit.db.test_users.TestUsersConnectorComponent" name="test_addUser_existing" time="0.008"/>
<testcase classname="buildbot.test.unit.db.test_users.TestUsersConnectorComponent" name="test_addUser_existing_identifier" time="0.009"/>
<testcase classname="buildbot.test.unit.db.test_users.TestUsersConnectorComponent" name="test_addUser_new" time="0.008"/>
<testcase classname="buildbot.test.unit.db.test_users.TestUsersConnectorComponent" name="test_addUser_race" time="0.008"/>
<testcase classname="buildbot.test.unit.db.test_users.TestUsersConnectorComponent" name="test_findUser_existing" time="0.008"/>
<testcase classname="buildbot.test.unit.db.test_users.TestUsersConnectorComponent" name="test_getUser" time="0.009"/>
<testcase classname="buildbot.test.unit.db.test_users.TestUsersConnectorComponent" name="test_getUserByUsername" time="0.008"/>
<testcase classname="buildbot.test.unit.db.test_users.TestUsersConnectorComponent" name="test_getUserByUsername_no_match" time="0.008"/>
<testcase classname="buildbot.test.unit.db.test_users.TestUsersConnectorComponent" name="test_getUser_bb" time="0.008"/>
<testcase classname="buildbot.test.unit.db.test_users.TestUsersConnectorComponent" name="test_getUser_multi_attr" time="0.008"/>
<testcase classname="buildbot.test.unit.db.test_users.TestUsersConnectorComponent" name="test_getUser_no_match" time="0.007"/>
<testcase classname="buildbot.test.unit.db.test_users.TestUsersConnectorComponent" name="test_getUsers" time="0.009"/>
<testcase classname="buildbot.test.unit.db.test_users.TestUsersConnectorComponent" name="test_getUsers_multiple" time="0.008"/>
<testcase classname="buildbot.test.unit.db.test_users.TestUsersConnectorComponent" name="test_getUsers_none" time="0.007"/>
<testcase classname="buildbot.test.unit.db.test_users.TestUsersConnectorComponent" name="test_identifierToUid_NoMatch" time="0.008"/>
<testcase classname="buildbot.test.unit.db.test_users.TestUsersConnectorComponent" name="test_identifierToUid_match" time="0.008"/>
<testcase classname="buildbot.test.unit.db.test_users.TestUsersConnectorComponent" name="test_removeNoMatch" time="0.008"/>
<testcase classname="buildbot.test.unit.db.test_users.TestUsersConnectorComponent" name="test_removeUser_uid" time="0.009"/>
<testcase classname="buildbot.test.unit.db.test_users.TestUsersConnectorComponent" name="test_updateUser_all" time="0.008"/>
<testcase classname="buildbot.test.unit.db.test_users.TestUsersConnectorComponent" name="test_updateUser_bb" time="0.008"/>
<testcase classname="buildbot.test.unit.db.test_users.TestUsersConnectorComponent" name="test_updateUser_existing_type" time="0.008"/>
<testcase classname="buildbot.test.unit.db.test_users.TestUsersConnectorComponent" name="test_updateUser_identifier" time="0.008"/>
<testcase classname="buildbot.test.unit.db.test_users.TestUsersConnectorComponent" name="test_updateUser_new_type" time="0.009"/>
<testcase classname="buildbot.test.unit.db.test_users.TestUsersConnectorComponent" name="test_updateUser_race" time="0.010"/>
<testcase classname="buildbot.test.unit.db.test_users.TestUsersConnectorComponent" name="test_update_NoMatch_attribute" time="0.008"/>
<testcase classname="buildbot.test.unit.db.test_users.TestUsersConnectorComponent" name="test_update_NoMatch_bb" time="0.008"/>
<testcase classname="buildbot.test.unit.db.test_users.TestUsersConnectorComponent" name="test_update_NoMatch_identifier" time="0.008"/>
<testcase classname="buildbot.test.unit.db.test_workers.TestFakeDB" name="test_deconfiguredAllWorkers" time="0.001"/>
<testcase classname="buildbot.test.unit.db.test_workers.TestFakeDB" name="test_findWorkerId_existing" time="0.000"/>
<testcase classname="buildbot.test.unit.db.test_workers.TestFakeDB" name="test_findWorkerId_insert" time="0.000"/>
<testcase classname="buildbot.test.unit.db.test_workers.TestFakeDB" name="test_getWorker_by_name_no_such" time="0.000"/>
<testcase classname="buildbot.test.unit.db.test_workers.TestFakeDB" name="test_getWorker_by_name_not_configured" time="0.001"/>
<testcase classname="buildbot.test.unit.db.test_workers.TestFakeDB" name="test_getWorker_by_name_with_multiple_masters_builderid_masterid" time="0.001"/>
<testcase classname="buildbot.test.unit.db.test_workers.TestFakeDB" name="test_getWorker_connected" time="0.000"/>
<testcase classname="buildbot.test.unit.db.test_workers.TestFakeDB" name="test_getWorker_connected_not_configured" time="0.000"/>
<testcase classname="buildbot.test.unit.db.test_workers.TestFakeDB" name="test_getWorker_multiple_connections" time="0.001"/>
<testcase classname="buildbot.test.unit.db.test_workers.TestFakeDB" name="test_getWorker_no_such" time="0.000"/>
<testcase classname="buildbot.test.unit.db.test_workers.TestFakeDB" name="test_getWorker_not_configured" time="0.000"/>
<testcase classname="buildbot.test.unit.db.test_workers.TestFakeDB" name="test_getWorker_not_connected" time="0.000"/>
<testcase classname="buildbot.test.unit.db.test_workers.TestFakeDB" name="test_getWorker_with_multiple_masters" time="0.000"/>
<testcase classname="buildbot.test.unit.db.test_workers.TestFakeDB" name="test_getWorker_with_multiple_masters_builderid" time="0.001"/>
<testcase classname="buildbot.test.unit.db.test_workers.TestFakeDB" name="test_getWorker_with_multiple_masters_builderid_masterid" time="0.001"/>
<testcase classname="buildbot.test.unit.db.test_workers.TestFakeDB" name="test_getWorker_with_multiple_masters_masterid" time="0.000"/>
<testcase classname="buildbot.test.unit.db.test_workers.TestFakeDB" name="test_getWorkers_empty" time="0.000"/>
<testcase classname="buildbot.test.unit.db.test_workers.TestFakeDB" name="test_getWorkers_no_config" time="0.000"/>
<testcase classname="buildbot.test.unit.db.test_workers.TestFakeDB" name="test_getWorkers_with_config" time="0.000"/>
<testcase classname="buildbot.test.unit.db.test_workers.TestFakeDB" name="test_getWorkers_with_config_builderid" time="0.000"/>
<testcase classname="buildbot.test.unit.db.test_workers.TestFakeDB" name="test_getWorkers_with_config_masterid_10" time="0.000"/>
<testcase classname="buildbot.test.unit.db.test_workers.TestFakeDB" name="test_getWorkers_with_config_masterid_11" time="0.000"/>
<testcase classname="buildbot.test.unit.db.test_workers.TestFakeDB" name="test_getWorkers_with_config_masterid_11_builderid_22" time="0.000"/>
<testcase classname="buildbot.test.unit.db.test_workers.TestFakeDB" name="test_getWorkers_with_graceful" time="0.000"/>
<testcase classname="buildbot.test.unit.db.test_workers.TestFakeDB" name="test_getWorkers_with_paused" time="0.000"/>
<testcase classname="buildbot.test.unit.db.test_workers.TestFakeDB" name="test_nothingConfigured" time="0.001"/>
<testcase classname="buildbot.test.unit.db.test_workers.TestFakeDB" name="test_set_worker_graceful_existing" time="0.000"/>
<testcase classname="buildbot.test.unit.db.test_workers.TestFakeDB" name="test_set_worker_paused_existing" time="0.000"/>
<testcase classname="buildbot.test.unit.db.test_workers.TestFakeDB" name="test_signature_deconfigureAllWorkersForMaster" time="0.000"/>
<testcase classname="buildbot.test.unit.db.test_workers.TestFakeDB" name="test_signature_findWorkerId" time="0.000"/>
<testcase classname="buildbot.test.unit.db.test_workers.TestFakeDB" name="test_signature_getWorker" time="0.000"/>
<testcase classname="buildbot.test.unit.db.test_workers.TestFakeDB" name="test_signature_getWorkers" time="0.000"/>
<testcase classname="buildbot.test.unit.db.test_workers.TestFakeDB" name="test_signature_set_worker_graceful" time="0.000"/>
<testcase classname="buildbot.test.unit.db.test_workers.TestFakeDB" name="test_signature_set_worker_paused" time="0.000"/>
<testcase classname="buildbot.test.unit.db.test_workers.TestFakeDB" name="test_signature_workerConfigured" time="0.000"/>
<testcase classname="buildbot.test.unit.db.test_workers.TestFakeDB" name="test_signature_workerConnected" time="0.000"/>
<testcase classname="buildbot.test.unit.db.test_workers.TestFakeDB" name="test_signature_workerDisconnected" time="0.000"/>
<testcase classname="buildbot.test.unit.db.test_workers.TestFakeDB" name="test_workerConfigured" time="0.000"/>
<testcase classname="buildbot.test.unit.db.test_workers.TestFakeDB" name="test_workerConfiguredTwice" time="0.001"/>
<testcase classname="buildbot.test.unit.db.test_workers.TestFakeDB" name="test_workerConnected_already_connected" time="0.000"/>
<testcase classname="buildbot.test.unit.db.test_workers.TestFakeDB" name="test_workerConnected_existing" time="0.000"/>
<testcase classname="buildbot.test.unit.db.test_workers.TestFakeDB" name="test_workerDisconnected" time="0.000"/>
<testcase classname="buildbot.test.unit.db.test_workers.TestFakeDB" name="test_workerDisconnected_already_disconnected" time="0.001"/>
<testcase classname="buildbot.test.unit.db.test_workers.TestFakeDB" name="test_workerReConfigured" time="0.001"/>
<testcase classname="buildbot.test.unit.db.test_workers.TestFakeDB" name="test_workerReConfigured_should_not_affect_other_worker" time="0.001"/>
<testcase classname="buildbot.test.unit.db.test_workers.TestFakeDB" name="test_workerUnconfigured" time="0.001"/>
<testcase classname="buildbot.test.unit.db.test_workers.TestRealDB" name="test_deconfiguredAllWorkers" time="0.009"/>
<testcase classname="buildbot.test.unit.db.test_workers.TestRealDB" name="test_findWorkerId_existing" time="0.009"/>
<testcase classname="buildbot.test.unit.db.test_workers.TestRealDB" name="test_findWorkerId_insert" time="0.009"/>
<testcase classname="buildbot.test.unit.db.test_workers.TestRealDB" name="test_getWorker_by_name_no_such" time="0.010"/>
<testcase classname="buildbot.test.unit.db.test_workers.TestRealDB" name="test_getWorker_by_name_not_configured" time="0.009"/>
<testcase classname="buildbot.test.unit.db.test_workers.TestRealDB" name="test_getWorker_by_name_with_multiple_masters_builderid_masterid" time="0.010"/>
<testcase classname="buildbot.test.unit.db.test_workers.TestRealDB" name="test_getWorker_connected" time="0.009"/>
<testcase classname="buildbot.test.unit.db.test_workers.TestRealDB" name="test_getWorker_connected_not_configured" time="0.009"/>
<testcase classname="buildbot.test.unit.db.test_workers.TestRealDB" name="test_getWorker_multiple_connections" time="0.011"/>
<testcase classname="buildbot.test.unit.db.test_workers.TestRealDB" name="test_getWorker_no_such" time="0.009"/>
<testcase classname="buildbot.test.unit.db.test_workers.TestRealDB" name="test_getWorker_not_configured" time="0.009"/>
<testcase classname="buildbot.test.unit.db.test_workers.TestRealDB" name="test_getWorker_not_connected" time="0.009"/>
<testcase classname="buildbot.test.unit.db.test_workers.TestRealDB" name="test_getWorker_with_multiple_masters" time="0.010"/>
<testcase classname="buildbot.test.unit.db.test_workers.TestRealDB" name="test_getWorker_with_multiple_masters_builderid" time="0.010"/>
<testcase classname="buildbot.test.unit.db.test_workers.TestRealDB" name="test_getWorker_with_multiple_masters_builderid_masterid" time="0.009"/>
<testcase classname="buildbot.test.unit.db.test_workers.TestRealDB" name="test_getWorker_with_multiple_masters_masterid" time="0.009"/>
<testcase classname="buildbot.test.unit.db.test_workers.TestRealDB" name="test_getWorkers_empty" time="0.009"/>
<testcase classname="buildbot.test.unit.db.test_workers.TestRealDB" name="test_getWorkers_no_config" time="0.009"/>
<testcase classname="buildbot.test.unit.db.test_workers.TestRealDB" name="test_getWorkers_with_config" time="0.009"/>
<testcase classname="buildbot.test.unit.db.test_workers.TestRealDB" name="test_getWorkers_with_config_builderid" time="0.010"/>
<testcase classname="buildbot.test.unit.db.test_workers.TestRealDB" name="test_getWorkers_with_config_masterid_10" time="0.011"/>
<testcase classname="buildbot.test.unit.db.test_workers.TestRealDB" name="test_getWorkers_with_config_masterid_11" time="0.015"/>
<testcase classname="buildbot.test.unit.db.test_workers.TestRealDB" name="test_getWorkers_with_config_masterid_11_builderid_22" time="0.010"/>
<testcase classname="buildbot.test.unit.db.test_workers.TestRealDB" name="test_getWorkers_with_graceful" time="0.010"/>
<testcase classname="buildbot.test.unit.db.test_workers.TestRealDB" name="test_getWorkers_with_paused" time="0.010"/>
<testcase classname="buildbot.test.unit.db.test_workers.TestRealDB" name="test_nothingConfigured" time="0.011"/>
<testcase classname="buildbot.test.unit.db.test_workers.TestRealDB" name="test_set_worker_graceful_existing" time="0.010"/>
<testcase classname="buildbot.test.unit.db.test_workers.TestRealDB" name="test_set_worker_paused_existing" time="0.009"/>
<testcase classname="buildbot.test.unit.db.test_workers.TestRealDB" name="test_signature_deconfigureAllWorkersForMaster" time="0.008"/>
<testcase classname="buildbot.test.unit.db.test_workers.TestRealDB" name="test_signature_findWorkerId" time="0.008"/>
<testcase classname="buildbot.test.unit.db.test_workers.TestRealDB" name="test_signature_getWorker" time="0.007"/>
<testcase classname="buildbot.test.unit.db.test_workers.TestRealDB" name="test_signature_getWorkers" time="0.009"/>
<testcase classname="buildbot.test.unit.db.test_workers.TestRealDB" name="test_signature_set_worker_graceful" time="0.008"/>
<testcase classname="buildbot.test.unit.db.test_workers.TestRealDB" name="test_signature_set_worker_paused" time="0.008"/>
<testcase classname="buildbot.test.unit.db.test_workers.TestRealDB" name="test_signature_workerConfigured" time="0.007"/>
<testcase classname="buildbot.test.unit.db.test_workers.TestRealDB" name="test_signature_workerConnected" time="0.008"/>
<testcase classname="buildbot.test.unit.db.test_workers.TestRealDB" name="test_signature_workerDisconnected" time="0.008"/>
<testcase classname="buildbot.test.unit.db.test_workers.TestRealDB" name="test_workerConfigured" time="0.012"/>
<testcase classname="buildbot.test.unit.db.test_workers.TestRealDB" name="test_workerConfiguredMany" time="0.051"/>
<testcase classname="buildbot.test.unit.db.test_workers.TestRealDB" name="test_workerConfiguredManyBuilders" time="0.138"/>
<testcase classname="buildbot.test.unit.db.test_workers.TestRealDB" name="test_workerConfiguredTwice" time="0.010"/>
<testcase classname="buildbot.test.unit.db.test_workers.TestRealDB" name="test_workerConnected_already_connected" time="0.008"/>
<testcase classname="buildbot.test.unit.db.test_workers.TestRealDB" name="test_workerConnected_existing" time="0.009"/>
<testcase classname="buildbot.test.unit.db.test_workers.TestRealDB" name="test_workerDisconnected" time="0.009"/>
<testcase classname="buildbot.test.unit.db.test_workers.TestRealDB" name="test_workerDisconnected_already_disconnected" time="0.009"/>
<testcase classname="buildbot.test.unit.db.test_workers.TestRealDB" name="test_workerReConfigured" time="0.010"/>
<testcase classname="buildbot.test.unit.db.test_workers.TestRealDB" name="test_workerReConfigured_should_not_affect_other_worker" time="0.011"/>
<testcase classname="buildbot.test.unit.db.test_workers.TestRealDB" name="test_workerUnconfigured" time="0.089"/>
<testcase classname="buildbot.test.unit.db_migrate.test_versions_060_add_builder_projects.Migration" name="test_update" time="0.015"/>
<testcase classname="buildbot.test.unit.db_migrate.test_versions_061_add_builder_description_format.Migration" name="test_update" time="0.011"/>
<testcase classname="buildbot.test.unit.db_migrate.test_versions_062_add_project_description_format.Migration" name="test_update" time="0.010"/>
<testcase classname="buildbot.test.unit.db_migrate.test_versions_063_add_steps_locks_acquired_at.Migration" name="test_update" time="0.011"/>
<testcase classname="buildbot.test.unit.db_migrate.test_versions_064_add_worker_pause_reason.Migration" name="test_update" time="0.012"/>
<testcase classname="buildbot.test.unit.db_migrate.test_versions_065_add_buildsets_rebuilt_buildid.Migration" name="test_update" time="0.014"/>
<testcase classname="buildbot.test.unit.db_migrate.test_versions_066_add_build_locks_duration_s.Migration" name="test_update" time="0.030"/>
<testcase classname="buildbot.test.unit.process.test_botmaster_BotMaster.TestBotMaster" name="test_maybeStartBuildsForAll" time="0.002"/>
<testcase classname="buildbot.test.unit.process.test_botmaster_BotMaster.TestBotMaster" name="test_maybeStartBuildsForBuilder" time="0.002"/>
<testcase classname="buildbot.test.unit.process.test_botmaster_BotMaster.TestBotMaster" name="test_maybeStartBuildsForWorker" time="0.001"/>
<testcase classname="buildbot.test.unit.process.test_botmaster_BotMaster.TestBotMaster" name="test_reconfigServiceBuilders_add_remove" time="0.001"/>
<testcase classname="buildbot.test.unit.process.test_botmaster_BotMaster.TestBotMaster" name="test_reconfigServiceWithBuildbotConfig" time="0.001"/>
<testcase classname="buildbot.test.unit.process.test_botmaster_BotMaster.TestCleanShutdown" name="test_shutdown_busy" time="0.001"/>
<testcase classname="buildbot.test.unit.process.test_botmaster_BotMaster.TestCleanShutdown" name="test_shutdown_busy_quick" time="0.003"/>
<testcase classname="buildbot.test.unit.process.test_botmaster_BotMaster.TestCleanShutdown" name="test_shutdown_busy_quick_cancelled" time="0.002"/>
<testcase classname="buildbot.test.unit.process.test_botmaster_BotMaster.TestCleanShutdown" name="test_shutdown_cancel" time="0.001"/>
<testcase classname="buildbot.test.unit.process.test_botmaster_BotMaster.TestCleanShutdown" name="test_shutdown_cancel_not_shutting_down" time="0.001"/>
<testcase classname="buildbot.test.unit.process.test_botmaster_BotMaster.TestCleanShutdown" name="test_shutdown_idle" time="0.002"/>
<testcase classname="buildbot.test.unit.process.test_build.TestBuild" name="testAddStepsAfterCurrentStep" time="0.004"/>
<testcase classname="buildbot.test.unit.process.test_build.TestBuild" name="testAddStepsAfterLastStep" time="0.004"/>
<testcase classname="buildbot.test.unit.process.test_build.TestBuild" name="testAlwaysRunStepStopBuild" time="0.005"/>
<testcase classname="buildbot.test.unit.process.test_build.TestBuild" name="testBuildLocksAcquired" time="0.005"/>
<testcase classname="buildbot.test.unit.process.test_build.TestBuild" name="testBuildLocksOrder" time="0.015"/>
<testcase classname="buildbot.test.unit.process.test_build.TestBuild" name="testBuildWaitingForLocks" time="0.004"/>
<testcase classname="buildbot.test.unit.process.test_build.TestBuild" name="testBuilddirPropType" time="0.003"/>
<testcase classname="buildbot.test.unit.process.test_build.TestBuild" name="testGetUrl" time="0.002"/>
<testcase classname="buildbot.test.unit.process.test_build.TestBuild" name="testGetUrlForVirtualBuilder" time="0.003"/>
<testcase classname="buildbot.test.unit.process.test_build.TestBuild" name="testRunSuccessfulBuild" time="0.009"/>
<testcase classname="buildbot.test.unit.process.test_build.TestBuild" name="testStepDone" time="0.005"/>
<testcase classname="buildbot.test.unit.process.test_build.TestBuild" name="testStepDoneFail" time="0.007"/>
<testcase classname="buildbot.test.unit.process.test_build.TestBuild" name="testStepDoneFailOverridesWarnings" time="0.003"/>
<testcase classname="buildbot.test.unit.process.test_build.TestBuild" name="testStepDoneFlunkOnWarnings" time="0.002"/>
<testcase classname="buildbot.test.unit.process.test_build.TestBuild" name="testStepDoneFlunkOnWarningsFlunkOnFailure" time="0.005"/>
<testcase classname="buildbot.test.unit.process.test_build.TestBuild" name="testStepDoneHaltOnFailure" time="0.002"/>
<testcase classname="buildbot.test.unit.process.test_build.TestBuild" name="testStepDoneHaltOnFailureFlunkOnWarnings" time="0.008"/>
<testcase classname="buildbot.test.unit.process.test_build.TestBuild" name="testStepDoneHaltOnFailureNoFlunkOnFailure" time="0.002"/>
<testcase classname="buildbot.test.unit.process.test_build.TestBuild" name="testStepDoneNoWarnOnWarnings" time="0.002"/>
<testcase classname="buildbot.test.unit.process.test_build.TestBuild" name="testStepDoneRetryOverridesAnythingElse" time="0.002"/>
<testcase classname="buildbot.test.unit.process.test_build.TestBuild" name="testStepDoneWarnOnFailure" time="0.002"/>
<testcase classname="buildbot.test.unit.process.test_build.TestBuild" name="testStepDoneWarnings" time="0.001"/>
<testcase classname="buildbot.test.unit.process.test_build.TestBuild" name="testStepDoneWarningsDontOverrideFailure" time="0.002"/>
<testcase classname="buildbot.test.unit.process.test_build.TestBuild" name="testStepNamesDuplicate" time="0.003"/>
<testcase classname="buildbot.test.unit.process.test_build.TestBuild" name="testStepNamesDuplicateAfterAdd" time="0.002"/>
<testcase classname="buildbot.test.unit.process.test_build.TestBuild" name="testStepNamesUnique" time="0.002"/>
<testcase classname="buildbot.test.unit.process.test_build.TestBuild" name="testStopBuild" time="0.002"/>
<testcase classname="buildbot.test.unit.process.test_build.TestBuild" name="testStopBuildWaitingForLocks" time="0.002"/>
<testcase classname="buildbot.test.unit.process.test_build.TestBuild" name="testStopBuildWaitingForLocks_lostRemote" time="0.002"/>
<testcase classname="buildbot.test.unit.process.test_build.TestBuild" name="testStopBuildWaitingForStepLocks" time="0.002"/>
<testcase classname="buildbot.test.unit.process.test_build.TestBuild" name="test_active_builds_metric" time="0.002"/>
<testcase classname="buildbot.test.unit.process.test_build.TestBuild" name="test_active_builds_metric_failure" time="0.005"/>
<testcase classname="buildbot.test.unit.process.test_build.TestBuild" name="test_build_cancelled_when_worker_substantiate_returns_false_due_to_cancel" time="0.003"/>
<testcase classname="buildbot.test.unit.process.test_build.TestBuild" name="test_build_retry_when_worker_substantiate_returns_false" time="0.003"/>
<testcase classname="buildbot.test.unit.process.test_build.TestBuild" name="test_build_retry_when_worker_substantiate_returns_false_due_to_cancel" time="0.003"/>
<testcase classname="buildbot.test.unit.process.test_build.TestBuild" name="test_getSummaryStatistic" time="0.002"/>
<testcase classname="buildbot.test.unit.process.test_build.TestBuild" name="test_start_build_sets_properties" time="0.002"/>
<testcase classname="buildbot.test.unit.process.test_build.TestBuild" name="test_start_step_throws_exception" time="0.002"/>
<testcase classname="buildbot.test.unit.process.test_build.TestBuildBlameList" name="test_blamelist_for_changes" time="0.001"/>
<testcase classname="buildbot.test.unit.process.test_build.TestBuildBlameList" name="test_blamelist_for_patch" time="0.000"/>
<testcase classname="buildbot.test.unit.process.test_build.TestMultipleSourceStamps" name="test_buildReturnSourceStamp" time="0.000"/>
<testcase classname="buildbot.test.unit.process.test_build.TestMultipleSourceStamps" name="test_buildReturnSourceStamp_empty_codebase" time="0.000"/>
<testcase classname="buildbot.test.unit.process.test_build.TestSetupProperties_MultipleSources" name="test_sourcestamp_properties_not_set" time="0.001"/>
<testcase classname="buildbot.test.unit.process.test_build.TestSetupProperties_SingleSource" name="test_properties_branch" time="0.001"/>
<testcase classname="buildbot.test.unit.process.test_build.TestSetupProperties_SingleSource" name="test_properties_codebase" time="0.001"/>
<testcase classname="buildbot.test.unit.process.test_build.TestSetupProperties_SingleSource" name="test_properties_repository" time="0.001"/>
<testcase classname="buildbot.test.unit.process.test_build.TestSetupProperties_SingleSource" name="test_properties_revision" time="0.001"/>
<testcase classname="buildbot.test.unit.process.test_build.TestSetupProperties_SingleSource" name="test_property_project" time="0.001"/>
<testcase classname="buildbot.test.unit.process.test_builder.TestBuilder" name="test_canStartBuild_cant_acquire_locks_but_no_locks" time="0.001"/>
<testcase classname="buildbot.test.unit.process.test_builder.TestBuilder" name="test_canStartBuild_config_canStartBuild_returns_deferred" time="0.002"/>
<testcase classname="buildbot.test.unit.process.test_builder.TestBuilder" name="test_canStartBuild_config_canStartBuild_returns_value" time="0.002"/>
<testcase classname="buildbot.test.unit.process.test_builder.TestBuilder" name="test_canStartBuild_enforceChosenWorker" time="0.002"/>
<testcase classname="buildbot.test.unit.process.test_builder.TestBuilder" name="test_canStartBuild_no_constraints" time="0.003"/>
<testcase classname="buildbot.test.unit.process.test_builder.TestBuilder" name="test_canStartBuild_with_incompatible_latent_worker" time="0.002"/>
<testcase classname="buildbot.test.unit.process.test_builder.TestBuilder" name="test_canStartBuild_with_locks" time="0.001"/>
<testcase classname="buildbot.test.unit.process.test_builder.TestBuilder" name="test_canStartBuild_with_renderable_locks" time="0.001"/>
<testcase classname="buildbot.test.unit.process.test_builder.TestBuilder" name="test_canStartBuild_with_renderable_locks_with_compatible_latent_worker" time="0.001"/>
<testcase classname="buildbot.test.unit.process.test_builder.TestBuilder" name="test_defaultProperties" time="0.003"/>
<testcase classname="buildbot.test.unit.process.test_builder.TestBuilder" name="test_expectations_deprecated" time="0.002"/>
<testcase classname="buildbot.test.unit.process.test_builder.TestBuilder" name="test_getBuilderId" time="0.003"/>
<testcase classname="buildbot.test.unit.process.test_builder.TestBuilder" name="test_getCollapseRequestsFn_builder_False" time="0.002"/>
<testcase classname="buildbot.test.unit.process.test_builder.TestBuilder" name="test_getCollapseRequestsFn_builder_True" time="0.001"/>
<testcase classname="buildbot.test.unit.process.test_builder.TestBuilder" name="test_getCollapseRequestsFn_builder_function" time="0.001"/>
<testcase classname="buildbot.test.unit.process.test_builder.TestBuilder" name="test_getCollapseRequestsFn_defaults" time="0.001"/>
<testcase classname="buildbot.test.unit.process.test_builder.TestBuilder" name="test_getCollapseRequestsFn_global_False" time="0.001"/>
<testcase classname="buildbot.test.unit.process.test_builder.TestBuilder" name="test_getCollapseRequestsFn_global_True" time="0.001"/>
<testcase classname="buildbot.test.unit.process.test_builder.TestBuilder" name="test_getCollapseRequestsFn_global_function" time="0.001"/>
<testcase classname="buildbot.test.unit.process.test_builder.TestBuilder" name="test_maybeStartBuild" time="0.002"/>
<testcase classname="buildbot.test.unit.process.test_builder.TestBuilder" name="test_maybeStartBuild_builder_stopped" time="0.002"/>
<testcase classname="buildbot.test.unit.process.test_builder.TestBuilder" name="test_maybeStartBuild_failsToStart" time="0.002"/>
<testcase classname="buildbot.test.unit.process.test_builder.TestGetBuilderId" name="test_getBuilderId" time="0.002"/>
<testcase classname="buildbot.test.unit.process.test_builder.TestGetHighestPriority" name="test_ghp_all_claimed" time="0.006"/>
<testcase classname="buildbot.test.unit.process.test_builder.TestGetHighestPriority" name="test_ghp_unclaimed" time="0.004"/>
<testcase classname="buildbot.test.unit.process.test_builder.TestGetNewestCompleteTime" name="test_gnct_completed" time="0.005"/>
<testcase classname="buildbot.test.unit.process.test_builder.TestGetNewestCompleteTime" name="test_gnct_no_completed" time="0.008"/>
<testcase classname="buildbot.test.unit.process.test_builder.TestGetOldestRequestTime" name="test_gort_all_claimed" time="0.003"/>
<testcase classname="buildbot.test.unit.process.test_builder.TestGetOldestRequestTime" name="test_gort_bldr_name_not_identifier" time="0.003"/>
<testcase classname="buildbot.test.unit.process.test_builder.TestGetOldestRequestTime" name="test_gort_unclaimed" time="0.002"/>
<testcase classname="buildbot.test.unit.process.test_builder.TestReconfig" name="test_does_not_reconfig_identical" time="0.003"/>
<testcase classname="buildbot.test.unit.process.test_builder.TestReconfig" name="test_reconfig" time="0.003"/>
<testcase classname="buildbot.test.unit.process.test_builder.TestReconfig" name="test_reconfig_changed_0_only_description" time="0.003"/>
<testcase classname="buildbot.test.unit.process.test_builder.TestReconfig" name="test_reconfig_changed_1_only_project" time="0.004"/>
<testcase classname="buildbot.test.unit.process.test_builder.TestReconfig" name="test_reconfig_changed_2_only_tags" time="0.002"/>
<testcase classname="buildbot.test.unit.process.test_buildrequest.TestBuildRequest" name="test_canBeCollapsed_different_codebases_raises_error" time="0.002"/>
<testcase classname="buildbot.test.unit.process.test_buildrequest.TestBuildRequest" name="test_fromBrdict" time="0.002"/>
<testcase classname="buildbot.test.unit.process.test_buildrequest.TestBuildRequest" name="test_fromBrdict_multiple_sourcestamps" time="0.003"/>
<testcase classname="buildbot.test.unit.process.test_buildrequest.TestBuildRequest" name="test_fromBrdict_no_sourcestamps" time="0.001"/>
<testcase classname="buildbot.test.unit.process.test_buildrequest.TestBuildRequest" name="test_fromBrdict_submittedAt_NULL" time="0.001"/>
<testcase classname="buildbot.test.unit.process.test_buildrequest.TestBuildRequest" name="test_mergeSourceStampsWith_common_codebases" time="0.002"/>
<testcase classname="buildbot.test.unit.process.test_buildrequest.TestBuildRequestCollapser" name="test_collapseRequests_collapse_all" time="0.002"/>
<testcase classname="buildbot.test.unit.process.test_buildrequest.TestBuildRequestCollapser" name="test_collapseRequests_collapse_all_duplicates" time="0.002"/>
<testcase classname="buildbot.test.unit.process.test_buildrequest.TestBuildRequestCollapser" name="test_collapseRequests_collapse_default_does_not_collapse_concurrent_claims" time="0.002"/>
<testcase classname="buildbot.test.unit.process.test_buildrequest.TestBuildRequestCollapser" name="test_collapseRequests_collapse_default_does_not_collapse_older" time="0.003"/>
<testcase classname="buildbot.test.unit.process.test_buildrequest.TestBuildRequestCollapser" name="test_collapseRequests_collapse_default_does_not_collapse_scheduler_props" time="0.005"/>
<testcase classname="buildbot.test.unit.process.test_buildrequest.TestBuildRequestCollapser" name="test_collapseRequests_collapse_default_with_a_patch" time="0.003"/>
<testcase classname="buildbot.test.unit.process.test_buildrequest.TestBuildRequestCollapser" name="test_collapseRequests_collapse_default_with_changes" time="0.004"/>
<testcase classname="buildbot.test.unit.process.test_buildrequest.TestBuildRequestCollapser" name="test_collapseRequests_collapse_default_with_codebases" time="0.004"/>
<testcase classname="buildbot.test.unit.process.test_buildrequest.TestBuildRequestCollapser" name="test_collapseRequests_collapse_default_with_codebases_branches" time="0.003"/>
<testcase classname="buildbot.test.unit.process.test_buildrequest.TestBuildRequestCollapser" name="test_collapseRequests_collapse_default_with_codebases_projects" time="0.003"/>
<testcase classname="buildbot.test.unit.process.test_buildrequest.TestBuildRequestCollapser" name="test_collapseRequests_collapse_default_with_codebases_repository" time="0.003"/>
<testcase classname="buildbot.test.unit.process.test_buildrequest.TestBuildRequestCollapser" name="test_collapseRequests_collapse_default_with_non_matching_revision" time="0.003"/>
<testcase classname="buildbot.test.unit.process.test_buildrequest.TestBuildRequestCollapser" name="test_collapseRequests_no_collapse" time="0.002"/>
<testcase classname="buildbot.test.unit.process.test_buildrequest.TestBuildRequestCollapser" name="test_collapseRequests_no_other_request" time="0.002"/>
<testcase classname="buildbot.test.unit.process.test_buildrequest.TestSourceStamp" name="test_asdict_minimal" time="0.001"/>
<testcase classname="buildbot.test.unit.process.test_buildrequest.TestSourceStamp" name="test_asdict_no_patch" time="0.001"/>
<testcase classname="buildbot.test.unit.process.test_buildrequest.TestSourceStamp" name="test_asdict_with_patch" time="0.000"/>
<testcase classname="buildbot.test.unit.process.test_buildrequestdistributor.Test" name="test_maybeStartBuildsOn_builders_missing" time="0.002"/>
<testcase classname="buildbot.test.unit.process.test_buildrequestdistributor.Test" name="test_maybeStartBuildsOn_collapsing" time="0.002"/>
<testcase classname="buildbot.test.unit.process.test_buildrequestdistributor.Test" name="test_maybeStartBuildsOn_exception" time="0.002"/>
<testcase classname="buildbot.test.unit.process.test_buildrequestdistributor.Test" name="test_maybeStartBuildsOn_parallel" time="0.003"/>
<testcase classname="buildbot.test.unit.process.test_buildrequestdistributor.Test" name="test_maybeStartBuildsOn_simple" time="0.002"/>
<testcase classname="buildbot.test.unit.process.test_buildrequestdistributor.Test" name="test_sortBuilders_custom" time="0.002"/>
<testcase classname="buildbot.test.unit.process.test_buildrequestdistributor.Test" name="test_sortBuilders_custom_async" time="0.002"/>
<testcase classname="buildbot.test.unit.process.test_buildrequestdistributor.Test" name="test_sortBuilders_custom_exception" time="0.004"/>
<testcase classname="buildbot.test.unit.process.test_buildrequestdistributor.Test" name="test_sortBuilders_default_None" time="0.003"/>
<testcase classname="buildbot.test.unit.process.test_buildrequestdistributor.Test" name="test_sortBuilders_default_asyn" time="0.002"/>
<testcase classname="buildbot.test.unit.process.test_buildrequestdistributor.Test" name="test_sortBuilders_default_priority_match" time="0.001"/>
<testcase classname="buildbot.test.unit.process.test_buildrequestdistributor.Test" name="test_sortBuilders_default_sync" time="0.001"/>
<testcase classname="buildbot.test.unit.process.test_buildrequestdistributor.Test" name="test_stopService" time="0.002"/>
<testcase classname="buildbot.test.unit.process.test_buildrequestdistributor.TestMaybeStartBuilds" name="test_bldr_maybeStartBuild_fails_always" time="0.003"/>
<testcase classname="buildbot.test.unit.process.test_buildrequestdistributor.TestMaybeStartBuilds" name="test_bldr_maybeStartBuild_fails_once" time="0.005"/>
<testcase classname="buildbot.test.unit.process.test_buildrequestdistributor.TestMaybeStartBuilds" name="test_claim_race" time="0.003"/>
<testcase classname="buildbot.test.unit.process.test_buildrequestdistributor.TestMaybeStartBuilds" name="test_limited_by_available_workers" time="0.002"/>
<testcase classname="buildbot.test.unit.process.test_buildrequestdistributor.TestMaybeStartBuilds" name="test_limited_by_canStartBuild" time="0.002"/>
<testcase classname="buildbot.test.unit.process.test_buildrequestdistributor.TestMaybeStartBuilds" name="test_limited_by_canStartBuild_deferreds" time="0.002"/>
<testcase classname="buildbot.test.unit.process.test_buildrequestdistributor.TestMaybeStartBuilds" name="test_limited_by_requests" time="0.003"/>
<testcase classname="buildbot.test.unit.process.test_buildrequestdistributor.TestMaybeStartBuilds" name="test_limited_by_workers" time="0.002"/>
<testcase classname="buildbot.test.unit.process.test_buildrequestdistributor.TestMaybeStartBuilds" name="test_nextBuild_None" time="0.002"/>
<testcase classname="buildbot.test.unit.process.test_buildrequestdistributor.TestMaybeStartBuilds" name="test_nextBuild_bogus" time="0.002"/>
<testcase classname="buildbot.test.unit.process.test_buildrequestdistributor.TestMaybeStartBuilds" name="test_nextBuild_default" time="0.002"/>
<testcase classname="buildbot.test.unit.process.test_buildrequestdistributor.TestMaybeStartBuilds" name="test_nextBuild_deferred" time="0.002"/>
<testcase classname="buildbot.test.unit.process.test_buildrequestdistributor.TestMaybeStartBuilds" name="test_nextBuild_exception" time="0.002"/>
<testcase classname="buildbot.test.unit.process.test_buildrequestdistributor.TestMaybeStartBuilds" name="test_nextBuild_fails" time="0.001"/>
<testcase classname="buildbot.test.unit.process.test_buildrequestdistributor.TestMaybeStartBuilds" name="test_nextBuild_failure" time="0.002"/>
<testcase classname="buildbot.test.unit.process.test_buildrequestdistributor.TestMaybeStartBuilds" name="test_nextBuild_simple" time="0.003"/>
<testcase classname="buildbot.test.unit.process.test_buildrequestdistributor.TestMaybeStartBuilds" name="test_nextWorker_None" time="0.001"/>
<testcase classname="buildbot.test.unit.process.test_buildrequestdistributor.TestMaybeStartBuilds" name="test_nextWorker_bogus" time="0.002"/>
<testcase classname="buildbot.test.unit.process.test_buildrequestdistributor.TestMaybeStartBuilds" name="test_nextWorker_default_0" time="0.002"/>
<testcase classname="buildbot.test.unit.process.test_buildrequestdistributor.TestMaybeStartBuilds" name="test_nextWorker_default_1" time="0.002"/>
<testcase classname="buildbot.test.unit.process.test_buildrequestdistributor.TestMaybeStartBuilds" name="test_nextWorker_deferred_0" time="0.001"/>
<testcase classname="buildbot.test.unit.process.test_buildrequestdistributor.TestMaybeStartBuilds" name="test_nextWorker_deferred_1" time="0.001"/>
<testcase classname="buildbot.test.unit.process.test_buildrequestdistributor.TestMaybeStartBuilds" name="test_nextWorker_exception_0" time="0.001"/>
<testcase classname="buildbot.test.unit.process.test_buildrequestdistributor.TestMaybeStartBuilds" name="test_nextWorker_exception_1" time="0.001"/>
<testcase classname="buildbot.test.unit.process.test_buildrequestdistributor.TestMaybeStartBuilds" name="test_nextWorker_failure_0" time="0.002"/>
<testcase classname="buildbot.test.unit.process.test_buildrequestdistributor.TestMaybeStartBuilds" name="test_nextWorker_failure_1" time="0.002"/>
<testcase classname="buildbot.test.unit.process.test_buildrequestdistributor.TestMaybeStartBuilds" name="test_nextWorker_gets_buildrequest_0" time="0.001"/>
<testcase classname="buildbot.test.unit.process.test_buildrequestdistributor.TestMaybeStartBuilds" name="test_nextWorker_gets_buildrequest_1" time="0.002"/>
<testcase classname="buildbot.test.unit.process.test_buildrequestdistributor.TestMaybeStartBuilds" name="test_nextWorker_simple_0" time="0.002"/>
<testcase classname="buildbot.test.unit.process.test_buildrequestdistributor.TestMaybeStartBuilds" name="test_nextWorker_simple_1" time="0.001"/>
<testcase classname="buildbot.test.unit.process.test_buildrequestdistributor.TestMaybeStartBuilds" name="test_no_buildrequests" time="0.001"/>
<testcase classname="buildbot.test.unit.process.test_buildrequestdistributor.TestMaybeStartBuilds" name="test_no_workerforbuilders" time="0.001"/>
<testcase classname="buildbot.test.unit.process.test_buildrequestdistributor.TestMaybeStartBuilds" name="test_slow_db" time="0.001"/>
<testcase classname="buildbot.test.unit.process.test_buildrequestdistributor.TestMaybeStartBuilds" name="test_sorted_by_submit_time" time="0.001"/>
<testcase classname="buildbot.test.unit.process.test_buildrequestdistributor.TestMaybeStartBuilds" name="test_unlimited" time="0.002"/>
<testcase classname="buildbot.test.unit.process.test_buildstep.TestBuildStep" name="testRunRaisesException" time="0.002"/>
<testcase classname="buildbot.test.unit.process.test_buildstep.TestBuildStep" name="test_acquire_multiple_locks_after_not_available" time="0.002"/>
<testcase classname="buildbot.test.unit.process.test_buildstep.TestBuildStep" name="test_arg_changes" time="0.002"/>
<testcase classname="buildbot.test.unit.process.test_buildstep.TestBuildStep" name="test_arg_changes_set_step_arg" time="0.002"/>
<testcase classname="buildbot.test.unit.process.test_buildstep.TestBuildStep" name="test_cancel_when_lock_available" time="0.002"/>
<testcase classname="buildbot.test.unit.process.test_buildstep.TestBuildStep" name="test_cancel_when_lock_not_available" time="0.002"/>
<testcase classname="buildbot.test.unit.process.test_buildstep.TestBuildStep" name="test_checks_step_and_builder_locks_not_same" time="0.001"/>
<testcase classname="buildbot.test.unit.process.test_buildstep.TestBuildStep" name="test_compare" time="0.001"/>
<testcase classname="buildbot.test.unit.process.test_buildstep.TestBuildStep" name="test_doStepIf_false" time="0.001"/>
<testcase classname="buildbot.test.unit.process.test_buildstep.TestBuildStep" name="test_doStepIf_renderable_false" time="0.002"/>
<testcase classname="buildbot.test.unit.process.test_buildstep.TestBuildStep" name="test_doStepIf_returns_deferred_false" time="0.001"/>
<testcase classname="buildbot.test.unit.process.test_buildstep.TestBuildStep" name="test_doStepIf_returns_false" time="0.001"/>
<testcase classname="buildbot.test.unit.process.test_buildstep.TestBuildStep" name="test_getCurrentSummary" time="0.001"/>
<testcase classname="buildbot.test.unit.process.test_buildstep.TestBuildStep" name="test_getCurrentSummary_description" time="0.002"/>
<testcase classname="buildbot.test.unit.process.test_buildstep.TestBuildStep" name="test_getCurrentSummary_descriptionSuffix" time="0.001"/>
<testcase classname="buildbot.test.unit.process.test_buildstep.TestBuildStep" name="test_getCurrentSummary_descriptionSuffix_list" time="0.001"/>
<testcase classname="buildbot.test.unit.process.test_buildstep.TestBuildStep" name="test_getCurrentSummary_description_list" time="0.001"/>
<testcase classname="buildbot.test.unit.process.test_buildstep.TestBuildStep" name="test_getProperty" time="0.002"/>
<testcase classname="buildbot.test.unit.process.test_buildstep.TestBuildStep" name="test_getResultSummary" time="0.001"/>
<testcase classname="buildbot.test.unit.process.test_buildstep.TestBuildStep" name="test_getResultSummary_description" time="0.001"/>
<testcase classname="buildbot.test.unit.process.test_buildstep.TestBuildStep" name="test_getResultSummary_descriptionDone" time="0.001"/>
<testcase classname="buildbot.test.unit.process.test_buildstep.TestBuildStep" name="test_getResultSummary_descriptionDone_and_Suffix" time="0.001"/>
<testcase classname="buildbot.test.unit.process.test_buildstep.TestBuildStep" name="test_getResultSummary_descriptionSuffix" time="0.001"/>
<testcase classname="buildbot.test.unit.process.test_buildstep.TestBuildStep" name="test_getResultSummary_descriptionSuffix_failure" time="0.001"/>
<testcase classname="buildbot.test.unit.process.test_buildstep.TestBuildStep" name="test_getResultSummary_descriptionSuffix_list" time="0.001"/>
<testcase classname="buildbot.test.unit.process.test_buildstep.TestBuildStep" name="test_getResultSummary_descriptionSuffix_skipped" time="0.001"/>
<testcase classname="buildbot.test.unit.process.test_buildstep.TestBuildStep" name="test_getResultSummary_description_failure_timed_out" time="0.001"/>
<testcase classname="buildbot.test.unit.process.test_buildstep.TestBuildStep" name="test_getResultSummary_description_list" time="0.001"/>
<testcase classname="buildbot.test.unit.process.test_buildstep.TestBuildStep" name="test_getStatistic" time="0.001"/>
<testcase classname="buildbot.test.unit.process.test_buildstep.TestBuildStep" name="test_getStatistics" time="0.001"/>
<testcase classname="buildbot.test.unit.process.test_buildstep.TestBuildStep" name="test_hasStatistic" time="0.001"/>
<testcase classname="buildbot.test.unit.process.test_buildstep.TestBuildStep" name="test_hideStepIf_Callable_Exception" time="0.005"/>
<testcase classname="buildbot.test.unit.process.test_buildstep.TestBuildStep" name="test_hideStepIf_Callable_False" time="0.003"/>
<testcase classname="buildbot.test.unit.process.test_buildstep.TestBuildStep" name="test_hideStepIf_Callable_True" time="0.003"/>
<testcase classname="buildbot.test.unit.process.test_buildstep.TestBuildStep" name="test_hideStepIf_False" time="0.003"/>
<testcase classname="buildbot.test.unit.process.test_buildstep.TestBuildStep" name="test_hideStepIf_True" time="0.004"/>
<testcase classname="buildbot.test.unit.process.test_buildstep.TestBuildStep" name="test_hideStepIf_fails" time="0.002"/>
<testcase classname="buildbot.test.unit.process.test_buildstep.TestBuildStep" name="test_lost_remote_during_interrupt" time="0.002"/>
<testcase classname="buildbot.test.unit.process.test_buildstep.TestBuildStep" name="test_multiple_cancel" time="0.001"/>
<testcase classname="buildbot.test.unit.process.test_buildstep.TestBuildStep" name="test_nameIsntString" time="0.001"/>
<testcase classname="buildbot.test.unit.process.test_buildstep.TestBuildStep" name="test_name_too_long" time="0.001"/>
<testcase classname="buildbot.test.unit.process.test_buildstep.TestBuildStep" name="test_regularLocks" time="0.002"/>
<testcase classname="buildbot.test.unit.process.test_buildstep.TestBuildStep" name="test_regular_locks_skip_step" time="0.002"/>
<testcase classname="buildbot.test.unit.process.test_buildstep.TestBuildStep" name="test_renderableLocks" time="0.002"/>
<testcase classname="buildbot.test.unit.process.test_buildstep.TestBuildStep" name="test_repr" time="0.001"/>
<testcase classname="buildbot.test.unit.process.test_buildstep.TestBuildStep" name="test_runCommand" time="0.001"/>
<testcase classname="buildbot.test.unit.process.test_buildstep.TestBuildStep" name="test_run_command_after_interrupt" time="0.002"/>
<testcase classname="buildbot.test.unit.process.test_buildstep.TestBuildStep" name="test_setProperty" time="0.001"/>
<testcase classname="buildbot.test.unit.process.test_buildstep.TestBuildStep" name="test_setStatistic" time="0.001"/>
<testcase classname="buildbot.test.unit.process.test_buildstep.TestBuildStep" name="test_start_returns_SKIPPED" time="0.001"/>
<testcase classname="buildbot.test.unit.process.test_buildstep.TestBuildStep" name="test_step_getLog" time="0.001"/>
<testcase classname="buildbot.test.unit.process.test_buildstep.TestBuildStep" name="test_step_renders_flunkOnFailure" time="0.001"/>
<testcase classname="buildbot.test.unit.process.test_buildstep.TestBuildStep" name="test_unexpectedKeywordArgument" time="0.001"/>
<testcase classname="buildbot.test.unit.process.test_buildstep.TestBuildStep" name="test_updateBuildSummaryPolicyBadType" time="0.001"/>
<testcase classname="buildbot.test.unit.process.test_buildstep.TestBuildStep" name="test_updateBuildSummaryPolicyDefaults" time="0.001"/>
<testcase classname="buildbot.test.unit.process.test_buildstep.TestBuildStep" name="test_updateSummary_finished" time="0.002"/>
<testcase classname="buildbot.test.unit.process.test_buildstep.TestBuildStep" name="test_updateSummary_finished_empty_dict" time="0.002"/>
<testcase classname="buildbot.test.unit.process.test_buildstep.TestBuildStep" name="test_updateSummary_finished_not_dict" time="0.003"/>
<testcase classname="buildbot.test.unit.process.test_buildstep.TestBuildStep" name="test_updateSummary_running" time="0.002"/>
<testcase classname="buildbot.test.unit.process.test_buildstep.TestBuildStep" name="test_updateSummary_running_empty_dict" time="0.002"/>
<testcase classname="buildbot.test.unit.process.test_buildstep.TestBuildStep" name="test_updateSummary_running_not_dict" time="0.002"/>
<testcase classname="buildbot.test.unit.process.test_buildstep.TestBuildStep" name="test_updateSummary_running_not_unicode" time="0.001"/>
<testcase classname="buildbot.test.unit.process.test_buildstep.TestBuildStep" name="testcheckWorkerHasCommandGood" time="0.001"/>
<testcase classname="buildbot.test.unit.process.test_buildstep.TestBuildStep" name="testcheckWorkerHasCommandTooOld" time="0.001"/>
<testcase classname="buildbot.test.unit.process.test_buildstep.TestCommandMixin" name="test_glob" time="0.002"/>
<testcase classname="buildbot.test.unit.process.test_buildstep.TestCommandMixin" name="test_glob_empty" time="0.002"/>
<testcase classname="buildbot.test.unit.process.test_buildstep.TestCommandMixin" name="test_glob_fail" time="0.003"/>
<testcase classname="buildbot.test.unit.process.test_buildstep.TestCommandMixin" name="test_pathExists" time="0.003"/>
<testcase classname="buildbot.test.unit.process.test_buildstep.TestCommandMixin" name="test_pathExists_doesnt" time="0.003"/>
<testcase classname="buildbot.test.unit.process.test_buildstep.TestCommandMixin" name="test_pathExists_logging" time="0.002"/>
<testcase classname="buildbot.test.unit.process.test_buildstep.TestCommandMixin" name="test_runMkdir" time="0.002"/>
<testcase classname="buildbot.test.unit.process.test_buildstep.TestCommandMixin" name="test_runMkdir_fails" time="0.001"/>
<testcase classname="buildbot.test.unit.process.test_buildstep.TestCommandMixin" name="test_runMkdir_fails_no_abandon" time="0.002"/>
<testcase classname="buildbot.test.unit.process.test_buildstep.TestCommandMixin" name="test_runRmdir" time="0.002"/>
<testcase classname="buildbot.test.unit.process.test_buildstep.TestFakeItfc" name="test_signature_addCompleteLog" time="0.001"/>
<testcase classname="buildbot.test.unit.process.test_buildstep.TestFakeItfc" name="test_signature_addHTMLLog" time="0.002"/>
<testcase classname="buildbot.test.unit.process.test_buildstep.TestFakeItfc" name="test_signature_addLog" time="0.001"/>
<testcase classname="buildbot.test.unit.process.test_buildstep.TestFakeItfc" name="test_signature_addLogObserver" time="0.001"/>
<testcase classname="buildbot.test.unit.process.test_buildstep.TestFakeItfc" name="test_signature_addURL" time="0.001"/>
<testcase classname="buildbot.test.unit.process.test_buildstep.TestFakeItfc" name="test_signature_attributes" time="0.001"/>
<testcase classname="buildbot.test.unit.process.test_buildstep.TestFakeItfc" name="test_signature_getLog" time="0.001"/>
<testcase classname="buildbot.test.unit.process.test_buildstep.TestFakeItfc" name="test_signature_getWorkerName" time="0.001"/>
<testcase classname="buildbot.test.unit.process.test_buildstep.TestFakeItfc" name="test_signature_interrupt" time="0.001"/>
<testcase classname="buildbot.test.unit.process.test_buildstep.TestFakeItfc" name="test_signature_run" time="0.001"/>
<testcase classname="buildbot.test.unit.process.test_buildstep.TestFakeItfc" name="test_signature_runCommand" time="0.001"/>
<testcase classname="buildbot.test.unit.process.test_buildstep.TestFakeItfc" name="test_signature_setBuild" time="0.001"/>
<testcase classname="buildbot.test.unit.process.test_buildstep.TestFakeItfc" name="test_signature_setProgress" time="0.001"/>
<testcase classname="buildbot.test.unit.process.test_buildstep.TestFakeItfc" name="test_signature_setWorker" time="0.001"/>
<testcase classname="buildbot.test.unit.process.test_buildstep.TestFakeItfc" name="test_signature_setupProgress" time="0.001"/>
<testcase classname="buildbot.test.unit.process.test_buildstep.TestFakeItfc" name="test_signature_startStep" time="0.002"/>
<testcase classname="buildbot.test.unit.process.test_buildstep.TestFakeItfc" name="test_signature_workerVersion" time="0.001"/>
<testcase classname="buildbot.test.unit.process.test_buildstep.TestFakeItfc" name="test_signature_workerVersionIsOlderThan" time="0.001"/>
<testcase classname="buildbot.test.unit.process.test_buildstep.TestRealItfc" name="test_signature_addCompleteLog" time="0.000"/>
<testcase classname="buildbot.test.unit.process.test_buildstep.TestRealItfc" name="test_signature_addHTMLLog" time="0.000"/>
<testcase classname="buildbot.test.unit.process.test_buildstep.TestRealItfc" name="test_signature_addLog" time="0.000"/>
<testcase classname="buildbot.test.unit.process.test_buildstep.TestRealItfc" name="test_signature_addLogObserver" time="0.000"/>
<testcase classname="buildbot.test.unit.process.test_buildstep.TestRealItfc" name="test_signature_addURL" time="0.000"/>
<testcase classname="buildbot.test.unit.process.test_buildstep.TestRealItfc" name="test_signature_attributes" time="0.000"/>
<testcase classname="buildbot.test.unit.process.test_buildstep.TestRealItfc" name="test_signature_getLog" time="0.000"/>
<testcase classname="buildbot.test.unit.process.test_buildstep.TestRealItfc" name="test_signature_getWorkerName" time="0.000"/>
<testcase classname="buildbot.test.unit.process.test_buildstep.TestRealItfc" name="test_signature_interrupt" time="0.000"/>
<testcase classname="buildbot.test.unit.process.test_buildstep.TestRealItfc" name="test_signature_run" time="0.000"/>
<testcase classname="buildbot.test.unit.process.test_buildstep.TestRealItfc" name="test_signature_runCommand" time="0.000"/>
<testcase classname="buildbot.test.unit.process.test_buildstep.TestRealItfc" name="test_signature_setBuild" time="0.000"/>
<testcase classname="buildbot.test.unit.process.test_buildstep.TestRealItfc" name="test_signature_setProgress" time="0.000"/>
<testcase classname="buildbot.test.unit.process.test_buildstep.TestRealItfc" name="test_signature_setWorker" time="0.000"/>
<testcase classname="buildbot.test.unit.process.test_buildstep.TestRealItfc" name="test_signature_setupProgress" time="0.000"/>
<testcase classname="buildbot.test.unit.process.test_buildstep.TestRealItfc" name="test_signature_startStep" time="0.000"/>
<testcase classname="buildbot.test.unit.process.test_buildstep.TestRealItfc" name="test_signature_workerVersion" time="0.000"/>
<testcase classname="buildbot.test.unit.process.test_buildstep.TestRealItfc" name="test_signature_workerVersionIsOlderThan" time="0.000"/>
<testcase classname="buildbot.test.unit.process.test_buildstep.TestShellMixin" name="test_build_workdir" time="0.002"/>
<testcase classname="buildbot.test.unit.process.test_buildstep.TestShellMixin" name="test_build_workdir_callable" time="0.003"/>
<testcase classname="buildbot.test.unit.process.test_buildstep.TestShellMixin" name="test_build_workdir_callable_error" time="0.003"/>
<testcase classname="buildbot.test.unit.process.test_buildstep.TestShellMixin" name="test_build_workdir_renderable" time="0.002"/>
<testcase classname="buildbot.test.unit.process.test_buildstep.TestShellMixin" name="test_constructor_defaults" time="0.001"/>
<testcase classname="buildbot.test.unit.process.test_buildstep.TestShellMixin" name="test_description" time="0.001"/>
<testcase classname="buildbot.test.unit.process.test_buildstep.TestShellMixin" name="test_description_timed_out_0_timeout" time="0.001"/>
<testcase classname="buildbot.test.unit.process.test_buildstep.TestShellMixin" name="test_description_timed_out_1_timeout_without_output" time="0.001"/>
<testcase classname="buildbot.test.unit.process.test_buildstep.TestShellMixin" name="test_env" time="0.001"/>
<testcase classname="buildbot.test.unit.process.test_buildstep.TestShellMixin" name="test_extra_logfile" time="0.001"/>
<testcase classname="buildbot.test.unit.process.test_buildstep.TestShellMixin" name="test_getResultSummary" time="0.001"/>
<testcase classname="buildbot.test.unit.process.test_buildstep.TestShellMixin" name="test_lazy_logfiles_logfile" time="0.002"/>
<testcase classname="buildbot.test.unit.process.test_buildstep.TestShellMixin" name="test_lazy_logfiles_no_logfile" time="0.003"/>
<testcase classname="buildbot.test.unit.process.test_buildstep.TestShellMixin" name="test_lazy_logfiles_stdout_has_stdout" time="0.002"/>
<testcase classname="buildbot.test.unit.process.test_buildstep.TestShellMixin" name="test_lazy_logfiles_stdout_no_stdout" time="0.002"/>
<testcase classname="buildbot.test.unit.process.test_buildstep.TestShellMixin" name="test_new_worker_args" time="0.094"/>
<testcase classname="buildbot.test.unit.process.test_buildstep.TestShellMixin" name="test_no_default_workdir" time="0.002"/>
<testcase classname="buildbot.test.unit.process.test_buildstep.TestShellMixin" name="test_old_worker_args" time="0.002"/>
<testcase classname="buildbot.test.unit.process.test_buildstep.TestShellMixin" name="test_prohibit_args" time="0.002"/>
<testcase classname="buildbot.test.unit.process.test_buildstep.TestShellMixin" name="test_setupShellMixin_bad_arg" time="0.002"/>
<testcase classname="buildbot.test.unit.process.test_buildstep.TestShellMixin" name="test_setupShellMixin_prohibited_arg" time="0.002"/>
<testcase classname="buildbot.test.unit.process.test_buildstep.TestShellMixin" name="test_step_env_default" time="0.002"/>
<testcase classname="buildbot.test.unit.process.test_buildstep.TestShellMixin" name="test_step_env_overridden" time="0.002"/>
<testcase classname="buildbot.test.unit.process.test_buildstep.TestShellMixin" name="test_step_renderable_workdir" time="0.002"/>
<testcase classname="buildbot.test.unit.process.test_buildstep.TestShellMixin" name="test_step_workdir" time="0.002"/>
<testcase classname="buildbot.test.unit.process.test_buildstep.TestShellMixin" name="test_step_workdir_overridden" time="0.001"/>
<testcase classname="buildbot.test.unit.process.test_cache.CacheManager" name="test_get_cache_idempotency" time="0.000"/>
<testcase classname="buildbot.test.unit.process.test_cache.CacheManager" name="test_get_metrics" time="0.000"/>
<testcase classname="buildbot.test.unit.process.test_cache.CacheManager" name="test_reconfigServiceWithBuildbotConfig" time="0.000"/>
<testcase classname="buildbot.test.unit.process.test_debug.TestDebugServices" name="test_reconfigService_manhole" time="0.000"/>
<testcase classname="buildbot.test.unit.process.test_factory.TestBuildFactory" name="test_addStep" time="0.000"/>
<testcase classname="buildbot.test.unit.process.test_factory.TestBuildFactory" name="test_addStep_ArgumentsInTheWrongPlace" time="0.000"/>
<testcase classname="buildbot.test.unit.process.test_factory.TestBuildFactory" name="test_addStep_notAStep" time="0.000"/>
<testcase classname="buildbot.test.unit.process.test_factory.TestBuildFactory" name="test_addSteps" time="0.000"/>
<testcase classname="buildbot.test.unit.process.test_factory.TestBuildFactory" name="test_init" time="0.000"/>
<testcase classname="buildbot.test.unit.process.test_factory.TestBuildFactory" name="test_s" time="0.000"/>
<testcase classname="buildbot.test.unit.process.test_factory.TestGNUAutoconf" name="test_addStep" time="0.001"/>
<testcase classname="buildbot.test.unit.process.test_factory.TestGNUAutoconf" name="test_addStep_ArgumentsInTheWrongPlace" time="0.000"/>
<testcase classname="buildbot.test.unit.process.test_factory.TestGNUAutoconf" name="test_addStep_notAStep" time="0.000"/>
<testcase classname="buildbot.test.unit.process.test_factory.TestGNUAutoconf" name="test_addSteps" time="0.000"/>
<testcase classname="buildbot.test.unit.process.test_factory.TestGNUAutoconf" name="test_init" time="0.000"/>
<testcase classname="buildbot.test.unit.process.test_factory.TestGNUAutoconf" name="test_init_none" time="0.000"/>
<testcase classname="buildbot.test.unit.process.test_factory.TestGNUAutoconf" name="test_init_reconf" time="0.001"/>
<testcase classname="buildbot.test.unit.process.test_factory.TestGNUAutoconf" name="test_s" time="0.000"/>
<testcase classname="buildbot.test.unit.process.test_log.TestErrorRaised" name="testErrorOnPlainLog" time="0.001"/>
<testcase classname="buildbot.test.unit.process.test_log.TestErrorRaised" name="testErrorOnPlainLogFlush" time="0.000"/>
<testcase classname="buildbot.test.unit.process.test_log.TestErrorRaised" name="testErrorOnStreamLog" time="0.000"/>
<testcase classname="buildbot.test.unit.process.test_log.TestFakeLogFile" name="test_getName" time="0.000"/>
<testcase classname="buildbot.test.unit.process.test_log.TestFakeLogFile" name="test_signature_addHeader" time="0.000"/>
<testcase classname="buildbot.test.unit.process.test_log.TestFakeLogFile" name="test_signature_addStderr" time="0.000"/>
<testcase classname="buildbot.test.unit.process.test_log.TestFakeLogFile" name="test_signature_addStdout" time="0.000"/>
<testcase classname="buildbot.test.unit.process.test_log.TestFakeLogFile" name="test_signature_finish" time="0.000"/>
<testcase classname="buildbot.test.unit.process.test_log.TestFakeLogFile" name="test_signature_getChunks_removed" time="0.000"/>
<testcase classname="buildbot.test.unit.process.test_log.TestFakeLogFile" name="test_signature_getName" time="0.000"/>
<testcase classname="buildbot.test.unit.process.test_log.TestFakeLogFile" name="test_signature_getStep_removed" time="0.000"/>
<testcase classname="buildbot.test.unit.process.test_log.TestFakeLogFile" name="test_signature_getTextWithHeaders_removed" time="0.000"/>
<testcase classname="buildbot.test.unit.process.test_log.TestFakeLogFile" name="test_signature_getText_removed" time="0.000"/>
<testcase classname="buildbot.test.unit.process.test_log.TestFakeLogFile" name="test_signature_hasContents_removed" time="0.000"/>
<testcase classname="buildbot.test.unit.process.test_log.TestFakeLogFile" name="test_signature_isFinished" time="0.000"/>
<testcase classname="buildbot.test.unit.process.test_log.TestFakeLogFile" name="test_signature_readlines_removed" time="0.000"/>
<testcase classname="buildbot.test.unit.process.test_log.TestFakeLogFile" name="test_signature_subscribe" time="0.000"/>
<testcase classname="buildbot.test.unit.process.test_log.TestFakeLogFile" name="test_signature_subscribeConsumer_removed" time="0.000"/>
<testcase classname="buildbot.test.unit.process.test_log.TestFakeLogFile" name="test_signature_unsubscribe" time="0.000"/>
<testcase classname="buildbot.test.unit.process.test_log.TestFakeLogFile" name="test_signature_waitUntilFinished" time="0.000"/>
<testcase classname="buildbot.test.unit.process.test_log.TestProcessItfc" name="test_getName" time="0.000"/>
<testcase classname="buildbot.test.unit.process.test_log.TestProcessItfc" name="test_signature_addHeader" time="0.000"/>
<testcase classname="buildbot.test.unit.process.test_log.TestProcessItfc" name="test_signature_addStderr" time="0.000"/>
<testcase classname="buildbot.test.unit.process.test_log.TestProcessItfc" name="test_signature_addStdout" time="0.000"/>
<testcase classname="buildbot.test.unit.process.test_log.TestProcessItfc" name="test_signature_finish" time="0.000"/>
<testcase classname="buildbot.test.unit.process.test_log.TestProcessItfc" name="test_signature_getChunks_removed" time="0.000"/>
<testcase classname="buildbot.test.unit.process.test_log.TestProcessItfc" name="test_signature_getName" time="0.000"/>
<testcase classname="buildbot.test.unit.process.test_log.TestProcessItfc" name="test_signature_getStep_removed" time="0.000"/>
<testcase classname="buildbot.test.unit.process.test_log.TestProcessItfc" name="test_signature_getTextWithHeaders_removed" time="0.000"/>
<testcase classname="buildbot.test.unit.process.test_log.TestProcessItfc" name="test_signature_getText_removed" time="0.000"/>
<testcase classname="buildbot.test.unit.process.test_log.TestProcessItfc" name="test_signature_hasContents_removed" time="0.000"/>
<testcase classname="buildbot.test.unit.process.test_log.TestProcessItfc" name="test_signature_isFinished" time="0.000"/>
<testcase classname="buildbot.test.unit.process.test_log.TestProcessItfc" name="test_signature_readlines_removed" time="0.000"/>
<testcase classname="buildbot.test.unit.process.test_log.TestProcessItfc" name="test_signature_subscribe" time="0.000"/>
<testcase classname="buildbot.test.unit.process.test_log.TestProcessItfc" name="test_signature_subscribeConsumer_removed" time="0.000"/>
<testcase classname="buildbot.test.unit.process.test_log.TestProcessItfc" name="test_signature_unsubscribe" time="0.000"/>
<testcase classname="buildbot.test.unit.process.test_log.TestProcessItfc" name="test_signature_waitUntilFinished" time="0.000"/>
<testcase classname="buildbot.test.unit.process.test_log.Tests" name="test_creation" time="0.001"/>
<testcase classname="buildbot.test.unit.process.test_log.Tests" name="test_isFinished" time="0.001"/>
<testcase classname="buildbot.test.unit.process.test_log.Tests" name="test_logDecodeFunctionFromConfig" time="0.001"/>
<testcase classname="buildbot.test.unit.process.test_log.Tests" name="test_subscription_plain" time="0.001"/>
<testcase classname="buildbot.test.unit.process.test_log.Tests" name="test_subscription_stream" time="0.001"/>
<testcase classname="buildbot.test.unit.process.test_log.Tests" name="test_subscription_unsubscribe" time="0.001"/>
<testcase classname="buildbot.test.unit.process.test_log.Tests" name="test_unyielded_finish" time="0.001"/>
<testcase classname="buildbot.test.unit.process.test_log.Tests" name="test_updates_different_encoding" time="0.001"/>
<testcase classname="buildbot.test.unit.process.test_log.Tests" name="test_updates_plain" time="0.001"/>
<testcase classname="buildbot.test.unit.process.test_log.Tests" name="test_updates_stream" time="0.001"/>
<testcase classname="buildbot.test.unit.process.test_log.Tests" name="test_updates_unicode_input" time="0.001"/>
<testcase classname="buildbot.test.unit.process.test_log.Tests" name="test_waitUntilFinished" time="0.001"/>
<testcase classname="buildbot.test.unit.process.test_logobserver.TestBufferObserver" name="test_both" time="0.001"/>
<testcase classname="buildbot.test.unit.process.test_logobserver.TestBufferObserver" name="test_stdout_only" time="0.001"/>
<testcase classname="buildbot.test.unit.process.test_logobserver.TestLineConsumerLogObesrver" name="test_sequence_finish" time="0.001"/>
<testcase classname="buildbot.test.unit.process.test_logobserver.TestLineConsumerLogObesrver" name="test_sequence_no_finish" time="0.001"/>
<testcase classname="buildbot.test.unit.process.test_logobserver.TestLogLineObserver" name="test_old_setMaxLineLength" time="0.001"/>
<testcase classname="buildbot.test.unit.process.test_logobserver.TestLogLineObserver" name="test_sequence" time="0.001"/>
<testcase classname="buildbot.test.unit.process.test_logobserver.TestLogObserver" name="test_sequence" time="0.001"/>
<testcase classname="buildbot.test.unit.process.test_logobserver.TestOutputProgressObserver" name="test_sequence" time="0.001"/>
<testcase classname="buildbot.test.unit.process.test_metrics.TestMetricCountEvent" name="testAbsolute" time="0.000"/>
<testcase classname="buildbot.test.unit.process.test_metrics.TestMetricCountEvent" name="testCountMethod" time="0.000"/>
<testcase classname="buildbot.test.unit.process.test_metrics.TestMetricCountEvent" name="testDecrement" time="0.000"/>
<testcase classname="buildbot.test.unit.process.test_metrics.TestMetricCountEvent" name="testIncrement" time="0.000"/>
<testcase classname="buildbot.test.unit.process.test_metrics.TestMetricTimeEvent" name="testAverages" time="0.000"/>
<testcase classname="buildbot.test.unit.process.test_metrics.TestMetricTimeEvent" name="testManualEvent" time="0.000"/>
<testcase classname="buildbot.test.unit.process.test_metrics.TestMetricTimeEvent" name="testStartStopDecorators" time="0.000"/>
<testcase classname="buildbot.test.unit.process.test_metrics.TestMetricTimeEvent" name="testTimeMethod" time="0.000"/>
<testcase classname="buildbot.test.unit.process.test_metrics.TestMetricTimeEvent" name="testTimer" time="0.000"/>
<testcase classname="buildbot.test.unit.process.test_metrics.TestPeriodicChecks" name="testGetRSS" time="0.000">
<skipped>only available on linux platforms&#xA;</skipped>
</testcase>
<testcase classname="buildbot.test.unit.process.test_metrics.TestPeriodicChecks" name="testPeriodicCheck" time="0.000"/>
<testcase classname="buildbot.test.unit.process.test_metrics.TestPeriodicChecks" name="testUncollectable" time="0.000"/>
<testcase classname="buildbot.test.unit.process.test_metrics.TestReconfig" name="testReconfig" time="0.001"/>
<testcase classname="buildbot.test.unit.process.test_metrics.TestReports" name="testMetricAlarmReport" time="0.000"/>
<testcase classname="buildbot.test.unit.process.test_metrics.TestReports" name="testMetricCountReport" time="0.000"/>
<testcase classname="buildbot.test.unit.process.test_metrics.TestReports" name="testMetricTimeReport" time="0.000"/>
<testcase classname="buildbot.test.unit.process.test_project.ProjectConfigTests" name="test_description_wrong_format" time="0.000"/>
<testcase classname="buildbot.test.unit.process.test_properties.Compare" name="test_Interpolate_constant" time="0.000"/>
<testcase classname="buildbot.test.unit.process.test_properties.Compare" name="test_Interpolate_kwarg" time="0.000"/>
<testcase classname="buildbot.test.unit.process.test_properties.Compare" name="test_Interpolate_positional" time="0.000"/>
<testcase classname="buildbot.test.unit.process.test_properties.Compare" name="test_Interpolate_worker" time="0.000"/>
<testcase classname="buildbot.test.unit.process.test_properties.Compare" name="test_Lazy" time="0.000"/>
<testcase classname="buildbot.test.unit.process.test_properties.Compare" name="test_Lookup_default" time="0.000"/>
<testcase classname="buildbot.test.unit.process.test_properties.Compare" name="test_Lookup_defaultWhenFalse" time="0.000"/>
<testcase classname="buildbot.test.unit.process.test_properties.Compare" name="test_Lookup_elideNoneAs" time="0.000"/>
<testcase classname="buildbot.test.unit.process.test_properties.Compare" name="test_Lookup_hasKey" time="0.000"/>
<testcase classname="buildbot.test.unit.process.test_properties.Compare" name="test_Lookup_simple" time="0.000"/>
<testcase classname="buildbot.test.unit.process.test_properties.Compare" name="test_SourceStampDict" time="0.000"/>
<testcase classname="buildbot.test.unit.process.test_properties.Compare" name="test_WithProperties_lambda" time="0.000"/>
<testcase classname="buildbot.test.unit.process.test_properties.Compare" name="test_WithProperties_positional" time="0.000"/>
<testcase classname="buildbot.test.unit.process.test_properties.Compare" name="test_renderer" time="0.000"/>
<testcase classname="buildbot.test.unit.process.test_properties.Renderer" name="test_interpolate_worker" time="0.001"/>
<testcase classname="buildbot.test.unit.process.test_properties.Renderer" name="test_renderer" time="0.000"/>
<testcase classname="buildbot.test.unit.process.test_properties.Renderer" name="test_renderer_called" time="0.000"/>
<testcase classname="buildbot.test.unit.process.test_properties.Renderer" name="test_renderer_decorator" time="0.000"/>
<testcase classname="buildbot.test.unit.process.test_properties.Renderer" name="test_renderer_decorator_with_state" time="0.000"/>
<testcase classname="buildbot.test.unit.process.test_properties.Renderer" name="test_renderer_decorator_with_state_does_not_share_state" time="0.000"/>
<testcase classname="buildbot.test.unit.process.test_properties.Renderer" name="test_renderer_deferred" time="0.000"/>
<testcase classname="buildbot.test.unit.process.test_properties.Renderer" name="test_renderer_deferred_with_state" time="0.000"/>
<testcase classname="buildbot.test.unit.process.test_properties.Renderer" name="test_renderer_fails" time="0.001"/>
<testcase classname="buildbot.test.unit.process.test_properties.Renderer" name="test_renderer_fails_with_state" time="0.000"/>
<testcase classname="buildbot.test.unit.process.test_properties.Renderer" name="test_renderer_recursive" time="0.001"/>
<testcase classname="buildbot.test.unit.process.test_properties.Renderer" name="test_renderer_recursive_with_state" time="0.001"/>
<testcase classname="buildbot.test.unit.process.test_properties.Renderer" name="test_renderer_repr" time="0.000"/>
<testcase classname="buildbot.test.unit.process.test_properties.Renderer" name="test_renderer_repr_with_state" time="0.000"/>
<testcase classname="buildbot.test.unit.process.test_properties.Renderer" name="test_renderer_with_state" time="0.001"/>
<testcase classname="buildbot.test.unit.process.test_properties.Renderer" name="test_renderer_with_state_called" time="0.000"/>
<testcase classname="buildbot.test.unit.process.test_properties.Renderer" name="test_renderer_with_state_renders_args" time="0.000"/>
<testcase classname="buildbot.test.unit.process.test_properties.TestInterpolateConfigure" name="test_colon_ternary_hash_bad_delimeter" time="0.000"/>
<testcase classname="buildbot.test.unit.process.test_properties.TestInterpolateConfigure" name="test_colon_ternary_missing_delimeter" time="0.000"/>
<testcase classname="buildbot.test.unit.process.test_properties.TestInterpolateConfigure" name="test_colon_ternary_paren_delimiter" time="0.000"/>
<testcase classname="buildbot.test.unit.process.test_properties.TestInterpolateConfigure" name="test_invalid_args_and_kwargs" time="0.000"/>
<testcase classname="buildbot.test.unit.process.test_properties.TestInterpolateConfigure" name="test_invalid_default_type" time="0.000"/>
<testcase classname="buildbot.test.unit.process.test_properties.TestInterpolateConfigure" name="test_invalid_selector" time="0.000"/>
<testcase classname="buildbot.test.unit.process.test_properties.TestInterpolateConfigure" name="test_kw_invalid_character" time="0.000"/>
<testcase classname="buildbot.test.unit.process.test_properties.TestInterpolateConfigure" name="test_nested_invalid_selector" time="0.000"/>
<testcase classname="buildbot.test.unit.process.test_properties.TestInterpolateConfigure" name="test_no_selector" time="0.000"/>
<testcase classname="buildbot.test.unit.process.test_properties.TestInterpolateConfigure" name="test_prop_invalid_character" time="0.000"/>
<testcase classname="buildbot.test.unit.process.test_properties.TestInterpolateConfigure" name="test_src_attr_invalid_character" time="0.000"/>
<testcase classname="buildbot.test.unit.process.test_properties.TestInterpolateConfigure" name="test_src_codebase_invalid_character" time="0.000"/>
<testcase classname="buildbot.test.unit.process.test_properties.TestInterpolateConfigure" name="test_src_missing_attr" time="0.000"/>
<testcase classname="buildbot.test.unit.process.test_properties.TestInterpolateKwargs" name="test_kwarg" time="0.001"/>
<testcase classname="buildbot.test.unit.process.test_properties.TestInterpolateKwargs" name="test_kwarg_colon_minus_available" time="0.000"/>
<testcase classname="buildbot.test.unit.process.test_properties.TestInterpolateKwargs" name="test_kwarg_colon_minus_not_available" time="0.001"/>
<testcase classname="buildbot.test.unit.process.test_properties.TestInterpolateKwargs" name="test_kwarg_colon_minus_not_available_default" time="0.001"/>
<testcase classname="buildbot.test.unit.process.test_properties.TestInterpolateKwargs" name="test_kwarg_colon_plus_false" time="0.001"/>
<testcase classname="buildbot.test.unit.process.test_properties.TestInterpolateKwargs" name="test_kwarg_colon_plus_true" time="0.000"/>
<testcase classname="buildbot.test.unit.process.test_properties.TestInterpolateKwargs" name="test_kwarg_colon_tilde_false" time="0.000"/>
<testcase classname="buildbot.test.unit.process.test_properties.TestInterpolateKwargs" name="test_kwarg_colon_tilde_none" time="0.000"/>
<testcase classname="buildbot.test.unit.process.test_properties.TestInterpolateKwargs" name="test_kwarg_colon_tilde_true" time="0.001"/>
<testcase classname="buildbot.test.unit.process.test_properties.TestInterpolateKwargs" name="test_kwarg_deferred" time="0.000"/>
<testcase classname="buildbot.test.unit.process.test_properties.TestInterpolateKwargs" name="test_kwarg_kwarg" time="0.001"/>
<testcase classname="buildbot.test.unit.process.test_properties.TestInterpolateKwargs" name="test_kwarg_not_mapped" time="0.000"/>
<testcase classname="buildbot.test.unit.process.test_properties.TestInterpolateKwargs" name="test_kwargs_colon_minus_false_src_as_replacement" time="0.001"/>
<testcase classname="buildbot.test.unit.process.test_properties.TestInterpolateKwargs" name="test_kwargs_deferred" time="0.000"/>
<testcase classname="buildbot.test.unit.process.test_properties.TestInterpolateKwargs" name="test_kwargs_renderable" time="0.000"/>
<testcase classname="buildbot.test.unit.process.test_properties.TestInterpolateKwargs" name="test_nested_kwarg_deferred" time="0.000"/>
<testcase classname="buildbot.test.unit.process.test_properties.TestInterpolatePositional" name="test_deferred" time="0.000"/>
<testcase classname="buildbot.test.unit.process.test_properties.TestInterpolatePositional" name="test_renderable" time="0.000"/>
<testcase classname="buildbot.test.unit.process.test_properties.TestInterpolatePositional" name="test_string" time="0.000"/>
<testcase classname="buildbot.test.unit.process.test_properties.TestInterpolatePositional" name="test_twoString" time="0.000"/>
<testcase classname="buildbot.test.unit.process.test_properties.TestInterpolateProperties" name="test_deepcopy" time="0.001"/>
<testcase classname="buildbot.test.unit.process.test_properties.TestInterpolateProperties" name="test_nested_property" time="0.001"/>
<testcase classname="buildbot.test.unit.process.test_properties.TestInterpolateProperties" name="test_properties" time="0.000"/>
<testcase classname="buildbot.test.unit.process.test_properties.TestInterpolateProperties" name="test_properties_newline" time="0.000"/>
<testcase classname="buildbot.test.unit.process.test_properties.TestInterpolateProperties" name="test_property_colon_minus" time="0.000"/>
<testcase classname="buildbot.test.unit.process.test_properties.TestInterpolateProperties" name="test_property_colon_plus" time="0.000"/>
<testcase classname="buildbot.test.unit.process.test_properties.TestInterpolateProperties" name="test_property_colon_ternary_hash_false" time="0.000"/>
<testcase classname="buildbot.test.unit.process.test_properties.TestInterpolateProperties" name="test_property_colon_ternary_hash_true" time="0.001"/>
<testcase classname="buildbot.test.unit.process.test_properties.TestInterpolateProperties" name="test_property_colon_ternary_missing" time="0.000"/>
<testcase classname="buildbot.test.unit.process.test_properties.TestInterpolateProperties" name="test_property_colon_ternary_present" time="0.000"/>
<testcase classname="buildbot.test.unit.process.test_properties.TestInterpolateProperties" name="test_property_colon_ternary_substitute_recursively_delimited_false" time="0.001"/>
<testcase classname="buildbot.test.unit.process.test_properties.TestInterpolateProperties" name="test_property_colon_ternary_substitute_recursively_delimited_true" time="0.001"/>
<testcase classname="buildbot.test.unit.process.test_properties.TestInterpolateProperties" name="test_property_colon_ternary_substitute_recursively_false" time="0.001"/>
<testcase classname="buildbot.test.unit.process.test_properties.TestInterpolateProperties" name="test_property_colon_ternary_substitute_recursively_true" time="0.001"/>
<testcase classname="buildbot.test.unit.process.test_properties.TestInterpolateProperties" name="test_property_colon_tilde_false" time="0.001"/>
<testcase classname="buildbot.test.unit.process.test_properties.TestInterpolateProperties" name="test_property_colon_tilde_true" time="0.001"/>
<testcase classname="buildbot.test.unit.process.test_properties.TestInterpolateProperties" name="test_property_not_set" time="0.001"/>
<testcase classname="buildbot.test.unit.process.test_properties.TestInterpolateProperties" name="test_property_substitute_recursively" time="0.001"/>
<testcase classname="buildbot.test.unit.process.test_properties.TestInterpolateSrc" name="test_src" time="0.001"/>
<testcase classname="buildbot.test.unit.process.test_properties.TestInterpolateSrc" name="test_src_attr_codebase_notfound" time="0.001"/>
<testcase classname="buildbot.test.unit.process.test_properties.TestInterpolateSrc" name="test_src_attr_empty" time="0.001"/>
<testcase classname="buildbot.test.unit.process.test_properties.TestInterpolateSrc" name="test_src_colon_minus" time="0.001"/>
<testcase classname="buildbot.test.unit.process.test_properties.TestInterpolateSrc" name="test_src_colon_minus_codebase_notfound" time="0.001"/>
<testcase classname="buildbot.test.unit.process.test_properties.TestInterpolateSrc" name="test_src_colon_minus_false" time="0.001"/>
<testcase classname="buildbot.test.unit.process.test_properties.TestInterpolateSrc" name="test_src_colon_minus_true" time="0.000"/>
<testcase classname="buildbot.test.unit.process.test_properties.TestInterpolateSrc" name="test_src_colon_plus_false" time="0.000"/>
<testcase classname="buildbot.test.unit.process.test_properties.TestInterpolateSrc" name="test_src_colon_plus_true" time="0.000"/>
<testcase classname="buildbot.test.unit.process.test_properties.TestInterpolateSrc" name="test_src_colon_tilde_codebase_notfound" time="0.000"/>
<testcase classname="buildbot.test.unit.process.test_properties.TestInterpolateSrc" name="test_src_colon_tilde_false" time="0.001"/>
<testcase classname="buildbot.test.unit.process.test_properties.TestInterpolateSrc" name="test_src_colon_tilde_false_src_as_replacement" time="0.001"/>
<testcase classname="buildbot.test.unit.process.test_properties.TestInterpolateSrc" name="test_src_colon_tilde_true" time="0.000"/>
<testcase classname="buildbot.test.unit.process.test_properties.TestInterpolateSrc" name="test_src_src" time="0.001"/>
<testcase classname="buildbot.test.unit.process.test_properties.TestProperties" name="testAsDict" time="0.000"/>
<testcase classname="buildbot.test.unit.process.test_properties.TestProperties" name="testAsList" time="0.000"/>
<testcase classname="buildbot.test.unit.process.test_properties.TestProperties" name="testDictBehavior" time="0.000"/>
<testcase classname="buildbot.test.unit.process.test_properties.TestProperties" name="testUpdate" time="0.000"/>
<testcase classname="buildbot.test.unit.process.test_properties.TestProperties" name="testUpdateFromProperties" time="0.000"/>
<testcase classname="buildbot.test.unit.process.test_properties.TestProperties" name="testUpdateFromPropertiesNoRuntime" time="0.000"/>
<testcase classname="buildbot.test.unit.process.test_properties.TestProperties" name="testUpdateRuntime" time="0.000"/>
<testcase classname="buildbot.test.unit.process.test_properties.TestProperties" name="test_build_attributes" time="0.000"/>
<testcase classname="buildbot.test.unit.process.test_properties.TestProperties" name="test_getBuild" time="0.000"/>
<testcase classname="buildbot.test.unit.process.test_properties.TestProperties" name="test_getProperties" time="0.000"/>
<testcase classname="buildbot.test.unit.process.test_properties.TestProperties" name="test_getProperty" time="0.000"/>
<testcase classname="buildbot.test.unit.process.test_properties.TestProperties" name="test_getProperty_default" time="0.000"/>
<testcase classname="buildbot.test.unit.process.test_properties.TestProperties" name="test_getProperty_default_None" time="0.000"/>
<testcase classname="buildbot.test.unit.process.test_properties.TestProperties" name="test_hasProperty_false" time="0.000"/>
<testcase classname="buildbot.test.unit.process.test_properties.TestProperties" name="test_hasProperty_true" time="0.000"/>
<testcase classname="buildbot.test.unit.process.test_properties.TestProperties" name="test_has_key_false" time="0.000"/>
<testcase classname="buildbot.test.unit.process.test_properties.TestProperties" name="test_own_attributes" time="0.000"/>
<testcase classname="buildbot.test.unit.process.test_properties.TestProperties" name="test_render" time="0.000"/>
<testcase classname="buildbot.test.unit.process.test_properties.TestProperties" name="test_setProperty" time="0.000"/>
<testcase classname="buildbot.test.unit.process.test_properties.TestProperties" name="test_setProperty_no_source" time="0.000"/>
<testcase classname="buildbot.test.unit.process.test_properties.TestProperties" name="test_setProperty_notJsonable" time="0.000"/>
<testcase classname="buildbot.test.unit.process.test_properties.TestProperties" name="test_setProperty_runtime" time="0.000"/>
<testcase classname="buildbot.test.unit.process.test_properties.TestProperties" name="test_unset_changes" time="0.000"/>
<testcase classname="buildbot.test.unit.process.test_properties.TestProperties" name="test_unset_sourcestamps" time="0.000"/>
<testcase classname="buildbot.test.unit.process.test_properties.TestPropertiesMixin" name="test_getProperty" time="0.000"/>
<testcase classname="buildbot.test.unit.process.test_properties.TestPropertiesMixin" name="test_hasProperty" time="0.000"/>
<testcase classname="buildbot.test.unit.process.test_properties.TestPropertiesMixin" name="test_has_key" time="0.000"/>
<testcase classname="buildbot.test.unit.process.test_properties.TestPropertiesMixin" name="test_render" time="0.000"/>
<testcase classname="buildbot.test.unit.process.test_properties.TestPropertiesMixin" name="test_setProperty" time="0.000"/>
<testcase classname="buildbot.test.unit.process.test_properties.TestPropertiesMixin" name="test_setProperty_no_source" time="0.000"/>
<testcase classname="buildbot.test.unit.process.test_properties.TestProperty" name="testCompEq" time="0.001"/>
<testcase classname="buildbot.test.unit.process.test_properties.TestProperty" name="testCompGe" time="0.000"/>
<testcase classname="buildbot.test.unit.process.test_properties.TestProperty" name="testCompGt" time="0.000"/>
<testcase classname="buildbot.test.unit.process.test_properties.TestProperty" name="testCompLe" time="0.000"/>
<testcase classname="buildbot.test.unit.process.test_properties.TestProperty" name="testCompLt" time="0.000"/>
<testcase classname="buildbot.test.unit.process.test_properties.TestProperty" name="testCompNe" time="0.000"/>
<testcase classname="buildbot.test.unit.process.test_properties.TestProperty" name="testDefaultValue" time="0.000"/>
<testcase classname="buildbot.test.unit.process.test_properties.TestProperty" name="testDefaultValueNested" time="0.000"/>
<testcase classname="buildbot.test.unit.process.test_properties.TestProperty" name="testDefaultWhenFalse" time="0.000"/>
<testcase classname="buildbot.test.unit.process.test_properties.TestProperty" name="testDeferredDefault" time="0.000"/>
<testcase classname="buildbot.test.unit.process.test_properties.TestProperty" name="testFlattenList" time="0.000"/>
<testcase classname="buildbot.test.unit.process.test_properties.TestProperty" name="testFlattenListAdd" time="0.000"/>
<testcase classname="buildbot.test.unit.process.test_properties.TestProperty" name="testFlattenListAdd2" time="0.000"/>
<testcase classname="buildbot.test.unit.process.test_properties.TestProperty" name="testIgnoreDefaultValue" time="0.000"/>
<testcase classname="buildbot.test.unit.process.test_properties.TestProperty" name="testIgnoreFalseValue" time="0.000"/>
<testcase classname="buildbot.test.unit.process.test_properties.TestProperty" name="testIntCompLe" time="0.000"/>
<testcase classname="buildbot.test.unit.process.test_properties.TestProperty" name="testIntProperty" time="0.000"/>
<testcase classname="buildbot.test.unit.process.test_properties.TestProperty" name="testMissingProperty" time="0.000"/>
<testcase classname="buildbot.test.unit.process.test_properties.TestProperty" name="testPropAdd" time="0.000"/>
<testcase classname="buildbot.test.unit.process.test_properties.TestProperty" name="testPropCompGe" time="0.000"/>
<testcase classname="buildbot.test.unit.process.test_properties.TestProperty" name="testPropDiv" time="0.000"/>
<testcase classname="buildbot.test.unit.process.test_properties.TestProperty" name="testPropFDiv" time="0.000"/>
<testcase classname="buildbot.test.unit.process.test_properties.TestProperty" name="testPropIn" time="0.000"/>
<testcase classname="buildbot.test.unit.process.test_properties.TestProperty" name="testPropIn2" time="0.000"/>
<testcase classname="buildbot.test.unit.process.test_properties.TestProperty" name="testPropMod" time="0.000"/>
<testcase classname="buildbot.test.unit.process.test_properties.TestProperty" name="testPropMult" time="0.000"/>
<testcase classname="buildbot.test.unit.process.test_properties.TestProperty" name="testPropSub" time="0.000"/>
<testcase classname="buildbot.test.unit.process.test_properties.TestProperty" name="testStringCompEq" time="0.000"/>
<testcase classname="buildbot.test.unit.process.test_properties.TestProperty" name="testStringProperty" time="0.000"/>
<testcase classname="buildbot.test.unit.process.test_properties.TestPropertyMap" name="testClearTempValues" time="0.000"/>
<testcase classname="buildbot.test.unit.process.test_properties.TestPropertyMap" name="testColonMinusEmpty" time="0.000"/>
<testcase classname="buildbot.test.unit.process.test_properties.TestPropertyMap" name="testColonMinusFalse" time="0.000"/>
<testcase classname="buildbot.test.unit.process.test_properties.TestPropertyMap" name="testColonMinusNone" time="0.001"/>
<testcase classname="buildbot.test.unit.process.test_properties.TestPropertyMap" name="testColonMinusOne" time="0.001"/>
<testcase classname="buildbot.test.unit.process.test_properties.TestPropertyMap" name="testColonMinusSet" time="0.000"/>
<testcase classname="buildbot.test.unit.process.test_properties.TestPropertyMap" name="testColonMinusTrue" time="0.000"/>
<testcase classname="buildbot.test.unit.process.test_properties.TestPropertyMap" name="testColonMinusUnset" time="0.000"/>
<testcase classname="buildbot.test.unit.process.test_properties.TestPropertyMap" name="testColonMinusZero" time="0.000"/>
<testcase classname="buildbot.test.unit.process.test_properties.TestPropertyMap" name="testColonPlusEmpty" time="0.001"/>
<testcase classname="buildbot.test.unit.process.test_properties.TestPropertyMap" name="testColonPlusFalse" time="0.000"/>
<testcase classname="buildbot.test.unit.process.test_properties.TestPropertyMap" name="testColonPlusNone" time="0.000"/>
<testcase classname="buildbot.test.unit.process.test_properties.TestPropertyMap" name="testColonPlusOne" time="0.000"/>
<testcase classname="buildbot.test.unit.process.test_properties.TestPropertyMap" name="testColonPlusSet" time="0.000"/>
<testcase classname="buildbot.test.unit.process.test_properties.TestPropertyMap" name="testColonPlusTrue" time="0.000"/>
<testcase classname="buildbot.test.unit.process.test_properties.TestPropertyMap" name="testColonPlusUnset" time="0.000"/>
<testcase classname="buildbot.test.unit.process.test_properties.TestPropertyMap" name="testColonPlusZero" time="0.000"/>
<testcase classname="buildbot.test.unit.process.test_properties.TestPropertyMap" name="testColonTildeEmpty" time="0.000"/>
<testcase classname="buildbot.test.unit.process.test_properties.TestPropertyMap" name="testColonTildeFalse" time="0.000"/>
<testcase classname="buildbot.test.unit.process.test_properties.TestPropertyMap" name="testColonTildeNone" time="0.001"/>
<testcase classname="buildbot.test.unit.process.test_properties.TestPropertyMap" name="testColonTildeOne" time="0.000"/>
<testcase classname="buildbot.test.unit.process.test_properties.TestPropertyMap" name="testColonTildeSet" time="0.000"/>
<testcase classname="buildbot.test.unit.process.test_properties.TestPropertyMap" name="testColonTildeTrue" time="0.000"/>
<testcase classname="buildbot.test.unit.process.test_properties.TestPropertyMap" name="testColonTildeUnset" time="0.000"/>
<testcase classname="buildbot.test.unit.process.test_properties.TestPropertyMap" name="testColonTildeZero" time="0.000"/>
<testcase classname="buildbot.test.unit.process.test_properties.TestPropertyMap" name="testSimpleEmpty" time="0.000"/>
<testcase classname="buildbot.test.unit.process.test_properties.TestPropertyMap" name="testSimpleFalse" time="0.000"/>
<testcase classname="buildbot.test.unit.process.test_properties.TestPropertyMap" name="testSimpleList" time="0.000"/>
<testcase classname="buildbot.test.unit.process.test_properties.TestPropertyMap" name="testSimpleNone" time="0.000"/>
<testcase classname="buildbot.test.unit.process.test_properties.TestPropertyMap" name="testSimpleOne" time="0.000"/>
<testcase classname="buildbot.test.unit.process.test_properties.TestPropertyMap" name="testSimpleStr" time="0.000"/>
<testcase classname="buildbot.test.unit.process.test_properties.TestPropertyMap" name="testSimpleTrue" time="0.000"/>
<testcase classname="buildbot.test.unit.process.test_properties.TestPropertyMap" name="testSimpleUnset" time="0.001"/>
<testcase classname="buildbot.test.unit.process.test_properties.TestPropertyMap" name="testSimpleZero" time="0.000"/>
<testcase classname="buildbot.test.unit.process.test_properties.TestPropertyMap" name="testTempValue" time="0.000"/>
<testcase classname="buildbot.test.unit.process.test_properties.TestPropertyMap" name="testTempValueColonMinusSet" time="0.001"/>
<testcase classname="buildbot.test.unit.process.test_properties.TestPropertyMap" name="testTempValueColonMinusUnset" time="0.001"/>
<testcase classname="buildbot.test.unit.process.test_properties.TestPropertyMap" name="testTempValueColonTildeFalseBlank" time="0.000"/>
<testcase classname="buildbot.test.unit.process.test_properties.TestPropertyMap" name="testTempValueColonTildeFalseFalse" time="0.000"/>
<testcase classname="buildbot.test.unit.process.test_properties.TestPropertyMap" name="testTempValueColonTildeFalseZero" time="0.001"/>
<testcase classname="buildbot.test.unit.process.test_properties.TestPropertyMap" name="testTempValueColonTildeNoneBlank" time="0.001"/>
<testcase classname="buildbot.test.unit.process.test_properties.TestPropertyMap" name="testTempValueColonTildeNoneFalse" time="0.000"/>
<testcase classname="buildbot.test.unit.process.test_properties.TestPropertyMap" name="testTempValueColonTildeNoneZero" time="0.001"/>
<testcase classname="buildbot.test.unit.process.test_properties.TestPropertyMap" name="testTempValueColonTildeTrueBlank" time="0.000"/>
<testcase classname="buildbot.test.unit.process.test_properties.TestPropertyMap" name="testTempValueColonTildeTrueFalse" time="0.000"/>
<testcase classname="buildbot.test.unit.process.test_properties.TestPropertyMap" name="testTempValueColonTildeTrueSet" time="0.000"/>
<testcase classname="buildbot.test.unit.process.test_properties.TestPropertyMap" name="testTempValueColonTildeTrueUnset" time="0.000"/>
<testcase classname="buildbot.test.unit.process.test_properties.TestPropertyMap" name="testTempValueColonTildeTrueZero" time="0.000"/>
<testcase classname="buildbot.test.unit.process.test_properties.TestPropertyMap" name="testTempValueOverrides" time="0.000"/>
<testcase classname="buildbot.test.unit.process.test_properties.TestPropertyMap" name="testTempValuePlusSetSet" time="0.000"/>
<testcase classname="buildbot.test.unit.process.test_properties.TestPropertyMap" name="testTempValuePlusUnsetSet" time="0.000"/>
<testcase classname="buildbot.test.unit.process.test_properties.TestRenderableAdapters" name="test_dict" time="0.000"/>
<testcase classname="buildbot.test.unit.process.test_properties.TestRenderableAdapters" name="test_list_deferred" time="0.000"/>
<testcase classname="buildbot.test.unit.process.test_properties.TestRenderableAdapters" name="test_tuple_deferred" time="0.000"/>
<testcase classname="buildbot.test.unit.process.test_properties.TestTransform" name="test_argless" time="0.000"/>
<testcase classname="buildbot.test.unit.process.test_properties.TestTransform" name="test_argless_renderable" time="0.000"/>
<testcase classname="buildbot.test.unit.process.test_properties.TestTransform" name="test_args" time="0.000"/>
<testcase classname="buildbot.test.unit.process.test_properties.TestTransform" name="test_deferred" time="0.000"/>
<testcase classname="buildbot.test.unit.process.test_properties.TestTransform" name="test_invalid_first_arg" time="0.000"/>
<testcase classname="buildbot.test.unit.process.test_properties.TestTransform" name="test_kwargs" time="0.000"/>
<testcase classname="buildbot.test.unit.process.test_properties.TestWithProperties" name="testBasic" time="0.000"/>
<testcase classname="buildbot.test.unit.process.test_properties.TestWithProperties" name="testColon" time="0.000"/>
<testcase classname="buildbot.test.unit.process.test_properties.TestWithProperties" name="testColon_colon" time="0.000"/>
<testcase classname="buildbot.test.unit.process.test_properties.TestWithProperties" name="testColon_default" time="0.000"/>
<testcase classname="buildbot.test.unit.process.test_properties.TestWithProperties" name="testDict" time="0.000"/>
<testcase classname="buildbot.test.unit.process.test_properties.TestWithProperties" name="testDictColonMinus" time="0.000"/>
<testcase classname="buildbot.test.unit.process.test_properties.TestWithProperties" name="testDictColonPlus" time="0.000"/>
<testcase classname="buildbot.test.unit.process.test_properties.TestWithProperties" name="testEmpty" time="0.000"/>
<testcase classname="buildbot.test.unit.process.test_properties.TestWithProperties" name="testInvalidParams" time="0.000"/>
<testcase classname="buildbot.test.unit.process.test_properties.TestWithProperties" name="testLambdaCallable" time="0.000"/>
<testcase classname="buildbot.test.unit.process.test_properties.TestWithProperties" name="testLambdaHasattr" time="0.000"/>
<testcase classname="buildbot.test.unit.process.test_properties.TestWithProperties" name="testLambdaOverride" time="0.001"/>
<testcase classname="buildbot.test.unit.process.test_properties.TestWithProperties" name="testLambdaSubst" time="0.001"/>
<testcase classname="buildbot.test.unit.process.test_properties.TestWithProperties" name="testLambdaUseExisting" time="0.001"/>
<testcase classname="buildbot.test.unit.process.test_properties.TestWithProperties" name="testRecursiveDict" time="0.001"/>
<testcase classname="buildbot.test.unit.process.test_properties.TestWithProperties" name="testRecursiveList" time="0.000"/>
<testcase classname="buildbot.test.unit.process.test_properties.TestWithProperties" name="testRecursiveTuple" time="0.000"/>
<testcase classname="buildbot.test.unit.process.test_remotecommand.TestRemoteShellCommand" name="test_not_obfuscated_arguments" time="0.000"/>
<testcase classname="buildbot.test.unit.process.test_remotecommand.TestRemoteShellCommand" name="test_obfuscated_arguments" time="0.000"/>
<testcase classname="buildbot.test.unit.process.test_remotecommand.TestWorkerTransition" name="test_RemoteShellCommand_usePTY" time="0.000"/>
<testcase classname="buildbot.test.unit.process.test_remotecommand.Tests" name="test_RemoteShellCommand_constructor" time="0.000"/>
<testcase classname="buildbot.test.unit.process.test_remotecommand.Tests" name="test_RemoteShellCommand_usePTY_on_worker_2_16" time="0.000"/>
<testcase classname="buildbot.test.unit.process.test_remotecommand.Tests" name="test_notStdioLog" time="0.000"/>
<testcase classname="buildbot.test.unit.process.test_remotecommand.Tests" name="test_signature_RemoteCommand_constructor" time="0.000"/>
<testcase classname="buildbot.test.unit.process.test_remotecommand.Tests" name="test_signature_RemoteShellCommand_constructor" time="0.000"/>
<testcase classname="buildbot.test.unit.process.test_remotecommand.Tests" name="test_signature_active" time="0.000"/>
<testcase classname="buildbot.test.unit.process.test_remotecommand.Tests" name="test_signature_didFail" time="0.000"/>
<testcase classname="buildbot.test.unit.process.test_remotecommand.Tests" name="test_signature_interrupt" time="0.000"/>
<testcase classname="buildbot.test.unit.process.test_remotecommand.Tests" name="test_signature_logs" time="0.000"/>
<testcase classname="buildbot.test.unit.process.test_remotecommand.Tests" name="test_signature_run" time="0.000"/>
<testcase classname="buildbot.test.unit.process.test_remotecommand.Tests" name="test_signature_useLog" time="0.000"/>
<testcase classname="buildbot.test.unit.process.test_remotecommand.Tests" name="test_signature_useLogDelayed" time="0.000"/>
<testcase classname="buildbot.test.unit.process.test_remotetransfer.TestFileWriter" name="testInit" time="0.001"/>
<testcase classname="buildbot.test.unit.process.test_remotetransfer.TestStringFileWriter" name="testBasic" time="0.000"/>
<testcase classname="buildbot.test.unit.process.test_results.TestResults" name="test_Results" time="0.000"/>
<testcase classname="buildbot.test.unit.process.test_results.TestResults" name="test_carc_cancelled" time="0.001"/>
<testcase classname="buildbot.test.unit.process.test_results.TestResults" name="test_carc_exception" time="0.001"/>
<testcase classname="buildbot.test.unit.process.test_results.TestResults" name="test_carc_failure_after_failure" time="0.001"/>
<testcase classname="buildbot.test.unit.process.test_results.TestResults" name="test_carc_failure_after_success" time="0.001"/>
<testcase classname="buildbot.test.unit.process.test_results.TestResults" name="test_carc_failure_after_warnings" time="0.001"/>
<testcase classname="buildbot.test.unit.process.test_results.TestResults" name="test_carc_retry" time="0.001"/>
<testcase classname="buildbot.test.unit.process.test_results.TestResults" name="test_carc_skipped" time="0.001"/>
<testcase classname="buildbot.test.unit.process.test_results.TestResults" name="test_carc_success_after_failure" time="0.001"/>
<testcase classname="buildbot.test.unit.process.test_results.TestResults" name="test_carc_success_after_success" time="0.001"/>
<testcase classname="buildbot.test.unit.process.test_results.TestResults" name="test_carc_success_after_warnings" time="0.001"/>
<testcase classname="buildbot.test.unit.process.test_results.TestResults" name="test_carc_warnings_after_failure" time="0.001"/>
<testcase classname="buildbot.test.unit.process.test_results.TestResults" name="test_carc_warnings_after_success" time="0.001"/>
<testcase classname="buildbot.test.unit.process.test_results.TestResults" name="test_carc_warnings_after_warnings" time="0.001"/>
<testcase classname="buildbot.test.unit.process.test_results.TestResults" name="test_sort_worst_status" time="0.000"/>
<testcase classname="buildbot.test.unit.process.test_results.TestResults" name="test_worst_status" time="0.000"/>
<testcase classname="buildbot.test.unit.process.test_users_manager.TestUserManager" name="test_reconfigServiceWithBuildbotConfig" time="0.000"/>
<testcase classname="buildbot.test.unit.process.test_users_manual.TestCommandlineUserManager" name="test_no_port" time="0.000"/>
<testcase classname="buildbot.test.unit.process.test_users_manual.TestCommandlineUserManager" name="test_no_userpass" time="0.000"/>
<testcase classname="buildbot.test.unit.process.test_users_manual.TestCommandlineUserManager" name="test_service" time="0.001"/>
<testcase classname="buildbot.test.unit.process.test_users_manual.TestCommandlineUserManagerPerspective" name="test_perspective_commandline_add" time="0.000"/>
<testcase classname="buildbot.test.unit.process.test_users_manual.TestCommandlineUserManagerPerspective" name="test_perspective_commandline_add_format" time="0.000"/>
<testcase classname="buildbot.test.unit.process.test_users_manual.TestCommandlineUserManagerPerspective" name="test_perspective_commandline_get" time="0.000"/>
<testcase classname="buildbot.test.unit.process.test_users_manual.TestCommandlineUserManagerPerspective" name="test_perspective_commandline_get_format" time="0.000"/>
<testcase classname="buildbot.test.unit.process.test_users_manual.TestCommandlineUserManagerPerspective" name="test_perspective_commandline_get_multiple_attrs" time="0.000"/>
<testcase classname="buildbot.test.unit.process.test_users_manual.TestCommandlineUserManagerPerspective" name="test_perspective_commandline_get_no_match_format" time="0.000"/>
<testcase classname="buildbot.test.unit.process.test_users_manual.TestCommandlineUserManagerPerspective" name="test_perspective_commandline_remove" time="0.000"/>
<testcase classname="buildbot.test.unit.process.test_users_manual.TestCommandlineUserManagerPerspective" name="test_perspective_commandline_remove_format" time="0.000"/>
<testcase classname="buildbot.test.unit.process.test_users_manual.TestCommandlineUserManagerPerspective" name="test_perspective_commandline_remove_no_match_format" time="0.000"/>
<testcase classname="buildbot.test.unit.process.test_users_manual.TestCommandlineUserManagerPerspective" name="test_perspective_commandline_update" time="0.000"/>
<testcase classname="buildbot.test.unit.process.test_users_manual.TestCommandlineUserManagerPerspective" name="test_perspective_commandline_update_bb" time="0.000"/>
<testcase classname="buildbot.test.unit.process.test_users_manual.TestCommandlineUserManagerPerspective" name="test_perspective_commandline_update_both" time="0.000"/>
<testcase classname="buildbot.test.unit.process.test_users_manual.TestCommandlineUserManagerPerspective" name="test_perspective_commandline_update_format" time="0.000"/>
<testcase classname="buildbot.test.unit.process.test_users_users.UsersTests" name="test_check_passwd" time="0.000"/>
<testcase classname="buildbot.test.unit.process.test_users_users.UsersTests" name="test_createUserObject_bzr" time="0.000"/>
<testcase classname="buildbot.test.unit.process.test_users_users.UsersTests" name="test_createUserObject_cvs" time="0.000"/>
<testcase classname="buildbot.test.unit.process.test_users_users.UsersTests" name="test_createUserObject_darcs" time="0.000"/>
<testcase classname="buildbot.test.unit.process.test_users_users.UsersTests" name="test_createUserObject_git" time="0.001"/>
<testcase classname="buildbot.test.unit.process.test_users_users.UsersTests" name="test_createUserObject_hg" time="0.001"/>
<testcase classname="buildbot.test.unit.process.test_users_users.UsersTests" name="test_createUserObject_no_src" time="0.000"/>
<testcase classname="buildbot.test.unit.process.test_users_users.UsersTests" name="test_createUserObject_svn" time="0.000"/>
<testcase classname="buildbot.test.unit.process.test_users_users.UsersTests" name="test_createUserObject_unrecognized_src" time="0.000"/>
<testcase classname="buildbot.test.unit.process.test_users_users.UsersTests" name="test_getUserContact_found" time="0.000"/>
<testcase classname="buildbot.test.unit.process.test_users_users.UsersTests" name="test_getUserContact_key_not_found" time="0.000"/>
<testcase classname="buildbot.test.unit.process.test_users_users.UsersTests" name="test_getUserContact_uid_not_found" time="0.000"/>
<testcase classname="buildbot.test.unit.process.test_workerforbuilder.TestAbstractWorkerForBuilder" name="test_buildStarted_called" time="0.000"/>
<testcase classname="buildbot.test.unit.process.test_workerforbuilder.TestAbstractWorkerForBuilder" name="test_buildStarted_missing" time="0.000"/>
<testcase classname="buildbot.test.unit.reporters.test_base.TestReporterBase" name="test_buildMessage_nominal" time="0.002"/>
<testcase classname="buildbot.test.unit.reporters.test_base.TestReporterBase" name="test_check_config_raises_error_when_generators_not_list" time="0.001"/>
<testcase classname="buildbot.test.unit.reporters.test_base.TestReporterBase" name="test_generator_throw_exception_on_generate" time="0.002"/>
<testcase classname="buildbot.test.unit.reporters.test_base.TestReporterBase" name="test_generators_resubscribes_on_reconfig" time="0.001"/>
<testcase classname="buildbot.test.unit.reporters.test_base.TestReporterBase" name="test_generators_subscribes_equal_different_events_once" time="0.001"/>
<testcase classname="buildbot.test.unit.reporters.test_base.TestReporterBase" name="test_generators_subscribes_equal_events_once" time="0.001"/>
<testcase classname="buildbot.test.unit.reporters.test_base.TestReporterBase" name="test_generators_subscribes_events" time="0.001"/>
<testcase classname="buildbot.test.unit.reporters.test_base.TestReporterBase" name="test_generators_unsubscribes_on_stop_service" time="0.001"/>
<testcase classname="buildbot.test.unit.reporters.test_base.TestReporterBase" name="test_reports_sent_in_order_and_asap_for_multiple_builds" time="0.001"/>
<testcase classname="buildbot.test.unit.reporters.test_base.TestReporterBase" name="test_reports_sent_in_order_despite_multiple_slow_generators" time="0.001"/>
<testcase classname="buildbot.test.unit.reporters.test_base.TestReporterBase" name="test_reports_sent_in_order_despite_slow_generator" time="0.001"/>
<testcase classname="buildbot.test.unit.reporters.test_base.TestReporterBase" name="test_worker_missing_sends_message" time="0.002"/>
<testcase classname="buildbot.test.unit.reporters.test_bitbucket.TestBitbucketStatusPush" name="test_basic" time="0.003"/>
<testcase classname="buildbot.test.unit.reporters.test_bitbucket.TestBitbucketStatusPush" name="test_empty_repository" time="0.002"/>
<testcase classname="buildbot.test.unit.reporters.test_bitbucket.TestBitbucketStatusPush" name="test_success_return_codes" time="0.005"/>
<testcase classname="buildbot.test.unit.reporters.test_bitbucket.TestBitbucketStatusPush" name="test_unable_to_authenticate" time="0.002"/>
<testcase classname="buildbot.test.unit.reporters.test_bitbucket.TestBitbucketStatusPush" name="test_unable_to_send_status" time="0.003"/>
<testcase classname="buildbot.test.unit.reporters.test_bitbucket.TestBitbucketStatusPushConfig" name="test_auth_error" time="0.001"/>
<testcase classname="buildbot.test.unit.reporters.test_bitbucket.TestBitbucketStatusPushProperties" name="test_properties" time="0.006"/>
<testcase classname="buildbot.test.unit.reporters.test_bitbucket.TestBitbucketStatusPushRepoParsing" name="test_parse_no_scheme" time="0.002"/>
<testcase classname="buildbot.test.unit.reporters.test_bitbucket.TestBitbucketStatusPushRepoParsing" name="test_parse_with_scheme" time="0.001"/>
<testcase classname="buildbot.test.unit.reporters.test_bitbucketserver.TestBitbucketServerCoreAPIStatusPush" name="test_basic" time="0.004"/>
<testcase classname="buildbot.test.unit.reporters.test_bitbucketserver.TestBitbucketServerCoreAPIStatusPush" name="test_basic_epoch" time="0.003"/>
<testcase classname="buildbot.test.unit.reporters.test_bitbucketserver.TestBitbucketServerCoreAPIStatusPush" name="test_buildrequest" time="0.002"/>
<testcase classname="buildbot.test.unit.reporters.test_bitbucketserver.TestBitbucketServerCoreAPIStatusPush" name="test_config_auth_and_token_mutually_exclusive" time="0.000"/>
<testcase classname="buildbot.test.unit.reporters.test_bitbucketserver.TestBitbucketServerCoreAPIStatusPush" name="test_config_no_base_url" time="0.000"/>
<testcase classname="buildbot.test.unit.reporters.test_bitbucketserver.TestBitbucketServerCoreAPIStatusPush" name="test_error" time="0.002"/>
<testcase classname="buildbot.test.unit.reporters.test_bitbucketserver.TestBitbucketServerCoreAPIStatusPush" name="test_error_setup_status" time="0.004"/>
<testcase classname="buildbot.test.unit.reporters.test_bitbucketserver.TestBitbucketServerCoreAPIStatusPush" name="test_verbose" time="0.002"/>
<testcase classname="buildbot.test.unit.reporters.test_bitbucketserver.TestBitbucketServerCoreAPIStatusPush" name="test_with_full_ref" time="0.003"/>
<testcase classname="buildbot.test.unit.reporters.test_bitbucketserver.TestBitbucketServerCoreAPIStatusPush" name="test_with_no_ref" time="0.003"/>
<testcase classname="buildbot.test.unit.reporters.test_bitbucketserver.TestBitbucketServerCoreAPIStatusPush" name="test_with_no_repo" time="0.002"/>
<testcase classname="buildbot.test.unit.reporters.test_bitbucketserver.TestBitbucketServerCoreAPIStatusPush" name="test_with_no_revision" time="0.002"/>
<testcase classname="buildbot.test.unit.reporters.test_bitbucketserver.TestBitbucketServerCoreAPIStatusPush" name="test_with_parent" time="0.003"/>
<testcase classname="buildbot.test.unit.reporters.test_bitbucketserver.TestBitbucketServerCoreAPIStatusPush" name="test_with_renderers" time="0.002"/>
<testcase classname="buildbot.test.unit.reporters.test_bitbucketserver.TestBitbucketServerCoreAPIStatusPush" name="test_with_test_results" time="0.002"/>
<testcase classname="buildbot.test.unit.reporters.test_bitbucketserver.TestBitbucketServerCoreAPIStatusPush" name="test_with_token" time="0.003"/>
<testcase classname="buildbot.test.unit.reporters.test_bitbucketserver.TestBitbucketServerPRCommentPush" name="test_reporter_basic" time="0.002"/>
<testcase classname="buildbot.test.unit.reporters.test_bitbucketserver.TestBitbucketServerPRCommentPush" name="test_reporter_basic_without_logging" time="0.002"/>
<testcase classname="buildbot.test.unit.reporters.test_bitbucketserver.TestBitbucketServerPRCommentPush" name="test_reporter_does_not_log_return_code_on_valid_return_code" time="0.003"/>
<testcase classname="buildbot.test.unit.reporters.test_bitbucketserver.TestBitbucketServerPRCommentPush" name="test_reporter_logs_error_code_and_content_on_invalid_return_code" time="0.003"/>
<testcase classname="buildbot.test.unit.reporters.test_bitbucketserver.TestBitbucketServerPRCommentPush" name="test_reporter_logs_error_code_without_content_on_invalid_return_code" time="0.002"/>
<testcase classname="buildbot.test.unit.reporters.test_bitbucketserver.TestBitbucketServerPRCommentPush" name="test_reporter_with_buildset" time="0.002"/>
<testcase classname="buildbot.test.unit.reporters.test_bitbucketserver.TestBitbucketServerPRCommentPush" name="test_reporter_without_pullrequest" time="0.003"/>
<testcase classname="buildbot.test.unit.reporters.test_bitbucketserver.TestBitbucketServerStatusPush" name="test_basic" time="0.003"/>
<testcase classname="buildbot.test.unit.reporters.test_bitbucketserver.TestBitbucketServerStatusPush" name="test_basic_with_no_revision" time="0.003"/>
<testcase classname="buildbot.test.unit.reporters.test_bitbucketserver.TestBitbucketServerStatusPush" name="test_error" time="0.003"/>
<testcase classname="buildbot.test.unit.reporters.test_bitbucketserver.TestBitbucketServerStatusPush" name="test_setting_options" time="0.003"/>
<testcase classname="buildbot.test.unit.reporters.test_generators_build.TestBuildGenerator" name="test_build_message_addLogs" time="0.005"/>
<testcase classname="buildbot.test.unit.reporters.test_generators_build.TestBuildGenerator" name="test_build_message_add_patch" time="0.006"/>
<testcase classname="buildbot.test.unit.reporters.test_generators_build.TestBuildGenerator" name="test_build_message_add_patch_no_patch" time="0.005"/>
<testcase classname="buildbot.test.unit.reporters.test_generators_build.TestBuildGenerator" name="test_build_message_no_result" time="0.005"/>
<testcase classname="buildbot.test.unit.reporters.test_generators_build.TestBuildGenerator" name="test_build_message_no_result_formatter_no_subject" time="0.006"/>
<testcase classname="buildbot.test.unit.reporters.test_generators_build.TestBuildGenerator" name="test_build_message_nominal" time="0.005"/>
<testcase classname="buildbot.test.unit.reporters.test_generators_build.TestBuildGenerator" name="test_build_subject_deprecated" time="0.005"/>
<testcase classname="buildbot.test.unit.reporters.test_generators_build.TestBuildGenerator" name="test_generate_finished" time="0.006"/>
<testcase classname="buildbot.test.unit.reporters.test_generators_build.TestBuildGenerator" name="test_generate_finished_non_matching_builder" time="0.005"/>
<testcase classname="buildbot.test.unit.reporters.test_generators_build.TestBuildGenerator" name="test_generate_finished_non_matching_result" time="0.005"/>
<testcase classname="buildbot.test.unit.reporters.test_generators_build.TestBuildGenerator" name="test_generate_new" time="0.005"/>
<testcase classname="buildbot.test.unit.reporters.test_generators_build.TestBuildStartEndGenerator" name="test_build_message_add_logs" time="0.002"/>
<testcase classname="buildbot.test.unit.reporters.test_generators_build.TestBuildStartEndGenerator" name="test_build_message_add_patch" time="0.001"/>
<testcase classname="buildbot.test.unit.reporters.test_generators_build.TestBuildStartEndGenerator" name="test_build_message_add_patch_no_patch" time="0.001"/>
<testcase classname="buildbot.test.unit.reporters.test_generators_build.TestBuildStartEndGenerator" name="test_build_message_start" time="0.002"/>
<testcase classname="buildbot.test.unit.reporters.test_generators_build.TestBuildStartEndGenerator" name="test_build_message_start_no_result" time="0.001"/>
<testcase classname="buildbot.test.unit.reporters.test_generators_build.TestBuildStartEndGenerator" name="test_generate_finished" time="0.002"/>
<testcase classname="buildbot.test.unit.reporters.test_generators_build.TestBuildStartEndGenerator" name="test_generate_new" time="0.002"/>
<testcase classname="buildbot.test.unit.reporters.test_generators_build.TestBuildStartEndGenerator" name="test_generate_none" time="0.001"/>
<testcase classname="buildbot.test.unit.reporters.test_generators_build.TestBuildStartEndGenerator" name="test_is_message_needed_ignores_unspecified_tags" time="0.001"/>
<testcase classname="buildbot.test.unit.reporters.test_generators_build.TestBuildStartEndGenerator" name="test_is_message_needed_tags" time="0.001"/>
<testcase classname="buildbot.test.unit.reporters.test_generators_build.TestBuildStartEndGenerator" name="test_list_params_check_raises_0_tags" time="0.001"/>
<testcase classname="buildbot.test.unit.reporters.test_generators_build.TestBuildStartEndGenerator" name="test_list_params_check_raises_1_tags" time="0.001"/>
<testcase classname="buildbot.test.unit.reporters.test_generators_build.TestBuildStartEndGenerator" name="test_list_params_check_raises_2_builders" time="0.001"/>
<testcase classname="buildbot.test.unit.reporters.test_generators_build.TestBuildStartEndGenerator" name="test_list_params_check_raises_3_builders" time="0.001"/>
<testcase classname="buildbot.test.unit.reporters.test_generators_build.TestBuildStartEndGenerator" name="test_list_params_check_raises_4_schedulers" time="0.001"/>
<testcase classname="buildbot.test.unit.reporters.test_generators_build.TestBuildStartEndGenerator" name="test_list_params_check_raises_5_schedulers" time="0.001"/>
<testcase classname="buildbot.test.unit.reporters.test_generators_build.TestBuildStartEndGenerator" name="test_list_params_check_raises_6_branches" time="0.001"/>
<testcase classname="buildbot.test.unit.reporters.test_generators_build.TestBuildStartEndGenerator" name="test_list_params_check_raises_7_branches" time="0.001"/>
<testcase classname="buildbot.test.unit.reporters.test_generators_buildrequest.TestBuildRequestGenerator" name="test_build_message_add_patch" time="0.001"/>
<testcase classname="buildbot.test.unit.reporters.test_generators_buildrequest.TestBuildRequestGenerator" name="test_build_message_add_patch_no_patch" time="0.002"/>
<testcase classname="buildbot.test.unit.reporters.test_generators_buildrequest.TestBuildRequestGenerator" name="test_build_message_start_no_result" time="0.002"/>
<testcase classname="buildbot.test.unit.reporters.test_generators_buildrequest.TestBuildRequestGenerator" name="test_generate_cancel" time="0.002"/>
<testcase classname="buildbot.test.unit.reporters.test_generators_buildrequest.TestBuildRequestGenerator" name="test_generate_new" time="0.002"/>
<testcase classname="buildbot.test.unit.reporters.test_generators_buildrequest.TestBuildRequestGenerator" name="test_generate_none" time="0.001"/>
<testcase classname="buildbot.test.unit.reporters.test_generators_buildrequest.TestBuildRequestGenerator" name="test_list_params_check_raises_0_tags" time="0.001"/>
<testcase classname="buildbot.test.unit.reporters.test_generators_buildrequest.TestBuildRequestGenerator" name="test_list_params_check_raises_1_tags" time="0.001"/>
<testcase classname="buildbot.test.unit.reporters.test_generators_buildrequest.TestBuildRequestGenerator" name="test_list_params_check_raises_2_builders" time="0.001"/>
<testcase classname="buildbot.test.unit.reporters.test_generators_buildrequest.TestBuildRequestGenerator" name="test_list_params_check_raises_3_builders" time="0.001"/>
<testcase classname="buildbot.test.unit.reporters.test_generators_buildrequest.TestBuildRequestGenerator" name="test_list_params_check_raises_4_schedulers" time="0.001"/>
<testcase classname="buildbot.test.unit.reporters.test_generators_buildrequest.TestBuildRequestGenerator" name="test_list_params_check_raises_5_schedulers" time="0.001"/>
<testcase classname="buildbot.test.unit.reporters.test_generators_buildrequest.TestBuildRequestGenerator" name="test_list_params_check_raises_6_branches" time="0.001"/>
<testcase classname="buildbot.test.unit.reporters.test_generators_buildrequest.TestBuildRequestGenerator" name="test_list_params_check_raises_7_branches" time="0.001"/>
<testcase classname="buildbot.test.unit.reporters.test_generators_buildset.TestBuildSetCombinedGenerator" name="test_buildset_message_no_builds" time="0.005"/>
<testcase classname="buildbot.test.unit.reporters.test_generators_buildset.TestBuildSetCombinedGenerator" name="test_buildset_message_no_builds_no_result" time="0.005"/>
<testcase classname="buildbot.test.unit.reporters.test_generators_buildset.TestBuildSetCombinedGenerator" name="test_buildset_message_no_result" time="0.004"/>
<testcase classname="buildbot.test.unit.reporters.test_generators_buildset.TestBuildSetCombinedGenerator" name="test_buildset_message_no_result_formatter_no_subject" time="0.004"/>
<testcase classname="buildbot.test.unit.reporters.test_generators_buildset.TestBuildSetCombinedGenerator" name="test_buildset_message_normal" time="0.005"/>
<testcase classname="buildbot.test.unit.reporters.test_generators_buildset.TestBuildSetCombinedGenerator" name="test_generate_complete" time="0.005"/>
<testcase classname="buildbot.test.unit.reporters.test_generators_buildset.TestBuildSetCombinedGenerator" name="test_generate_complete_with_builds" time="0.005"/>
<testcase classname="buildbot.test.unit.reporters.test_generators_buildset.TestBuildSetGenerator" name="test_buildset_message_no_result" time="0.005"/>
<testcase classname="buildbot.test.unit.reporters.test_generators_buildset.TestBuildSetGenerator" name="test_buildset_message_no_result_formatter_no_subject" time="0.005"/>
<testcase classname="buildbot.test.unit.reporters.test_generators_buildset.TestBuildSetGenerator" name="test_buildset_message_nominal" time="0.005"/>
<testcase classname="buildbot.test.unit.reporters.test_generators_buildset.TestBuildSetGenerator" name="test_buildset_subject_deprecated" time="0.005"/>
<testcase classname="buildbot.test.unit.reporters.test_generators_buildset.TestBuildSetGenerator" name="test_generate_complete" time="0.006"/>
<testcase classname="buildbot.test.unit.reporters.test_generators_buildset.TestBuildSetGenerator" name="test_generate_complete_no_builds" time="0.005"/>
<testcase classname="buildbot.test.unit.reporters.test_generators_buildset.TestBuildSetGenerator" name="test_generate_complete_non_matching_builder" time="0.005"/>
<testcase classname="buildbot.test.unit.reporters.test_generators_buildset.TestBuildSetGenerator" name="test_generate_complete_non_matching_result" time="0.005"/>
<testcase classname="buildbot.test.unit.reporters.test_generators_utils.TestBuildGenerator" name="test_generate_name" time="0.001"/>
<testcase classname="buildbot.test.unit.reporters.test_generators_utils.TestBuildGenerator" name="test_is_message_needed_branches_doesnt_send_mail" time="0.001"/>
<testcase classname="buildbot.test.unit.reporters.test_generators_utils.TestBuildGenerator" name="test_is_message_needed_branches_sends_mail" time="0.001"/>
<testcase classname="buildbot.test.unit.reporters.test_generators_utils.TestBuildGenerator" name="test_is_message_needed_ignores_unspecified_tags" time="0.001"/>
<testcase classname="buildbot.test.unit.reporters.test_generators_utils.TestBuildGenerator" name="test_is_message_needed_mode_all_for_cancelled" time="0.001"/>
<testcase classname="buildbot.test.unit.reporters.test_generators_utils.TestBuildGenerator" name="test_is_message_needed_mode_all_for_exception" time="0.001"/>
<testcase classname="buildbot.test.unit.reporters.test_generators_utils.TestBuildGenerator" name="test_is_message_needed_mode_all_for_failure" time="0.001"/>
<testcase classname="buildbot.test.unit.reporters.test_generators_utils.TestBuildGenerator" name="test_is_message_needed_mode_all_for_success" time="0.001"/>
<testcase classname="buildbot.test.unit.reporters.test_generators_utils.TestBuildGenerator" name="test_is_message_needed_mode_all_for_warnings" time="0.001"/>
<testcase classname="buildbot.test.unit.reporters.test_generators_utils.TestBuildGenerator" name="test_is_message_needed_mode_change_ignores_first_build" time="0.001"/>
<testcase classname="buildbot.test.unit.reporters.test_generators_utils.TestBuildGenerator" name="test_is_message_needed_mode_change_ignores_first_build2" time="0.001"/>
<testcase classname="buildbot.test.unit.reporters.test_generators_utils.TestBuildGenerator" name="test_is_message_needed_mode_change_ignores_same_result_in_sequence" time="0.002"/>
<testcase classname="buildbot.test.unit.reporters.test_generators_utils.TestBuildGenerator" name="test_is_message_needed_mode_change_ignores_same_result_in_sequence2" time="0.002"/>
<testcase classname="buildbot.test.unit.reporters.test_generators_utils.TestBuildGenerator" name="test_is_message_needed_mode_change_sends_on_change" time="0.001"/>
<testcase classname="buildbot.test.unit.reporters.test_generators_utils.TestBuildGenerator" name="test_is_message_needed_mode_change_sends_on_failure" time="0.001"/>
<testcase classname="buildbot.test.unit.reporters.test_generators_utils.TestBuildGenerator" name="test_is_message_needed_mode_exception_for_exception" time="0.001"/>
<testcase classname="buildbot.test.unit.reporters.test_generators_utils.TestBuildGenerator" name="test_is_message_needed_mode_exception_for_failure" time="0.001"/>
<testcase classname="buildbot.test.unit.reporters.test_generators_utils.TestBuildGenerator" name="test_is_message_needed_mode_exception_for_success" time="0.001"/>
<testcase classname="buildbot.test.unit.reporters.test_generators_utils.TestBuildGenerator" name="test_is_message_needed_mode_exception_for_warnings" time="0.001"/>
<testcase classname="buildbot.test.unit.reporters.test_generators_utils.TestBuildGenerator" name="test_is_message_needed_mode_failing_for_exception" time="0.001"/>
<testcase classname="buildbot.test.unit.reporters.test_generators_utils.TestBuildGenerator" name="test_is_message_needed_mode_failing_for_failure" time="0.001"/>
<testcase classname="buildbot.test.unit.reporters.test_generators_utils.TestBuildGenerator" name="test_is_message_needed_mode_failing_for_success" time="0.001"/>
<testcase classname="buildbot.test.unit.reporters.test_generators_utils.TestBuildGenerator" name="test_is_message_needed_mode_failing_for_warnings" time="0.001"/>
<testcase classname="buildbot.test.unit.reporters.test_generators_utils.TestBuildGenerator" name="test_is_message_needed_mode_passing_for_exception" time="0.001"/>
<testcase classname="buildbot.test.unit.reporters.test_generators_utils.TestBuildGenerator" name="test_is_message_needed_mode_passing_for_failure" time="0.001"/>
<testcase classname="buildbot.test.unit.reporters.test_generators_utils.TestBuildGenerator" name="test_is_message_needed_mode_passing_for_success" time="0.001"/>
<testcase classname="buildbot.test.unit.reporters.test_generators_utils.TestBuildGenerator" name="test_is_message_needed_mode_passing_for_warnings" time="0.001"/>
<testcase classname="buildbot.test.unit.reporters.test_generators_utils.TestBuildGenerator" name="test_is_message_needed_mode_problem_ignores_successful_build" time="0.001"/>
<testcase classname="buildbot.test.unit.reporters.test_generators_utils.TestBuildGenerator" name="test_is_message_needed_mode_problem_ignores_two_failed_builds_in_sequence" time="0.001"/>
<testcase classname="buildbot.test.unit.reporters.test_generators_utils.TestBuildGenerator" name="test_is_message_needed_mode_problem_sends_on_problem" time="0.001"/>
<testcase classname="buildbot.test.unit.reporters.test_generators_utils.TestBuildGenerator" name="test_is_message_needed_mode_warnings_for_exception" time="0.001"/>
<testcase classname="buildbot.test.unit.reporters.test_generators_utils.TestBuildGenerator" name="test_is_message_needed_mode_warnings_for_failure" time="0.001"/>
<testcase classname="buildbot.test.unit.reporters.test_generators_utils.TestBuildGenerator" name="test_is_message_needed_mode_warnings_for_success" time="0.001"/>
<testcase classname="buildbot.test.unit.reporters.test_generators_utils.TestBuildGenerator" name="test_is_message_needed_mode_warnings_for_warnings" time="0.001"/>
<testcase classname="buildbot.test.unit.reporters.test_generators_utils.TestBuildGenerator" name="test_is_message_needed_schedulers_doesnt_send_mail" time="0.001"/>
<testcase classname="buildbot.test.unit.reporters.test_generators_utils.TestBuildGenerator" name="test_is_message_needed_schedulers_sends_mail" time="0.001"/>
<testcase classname="buildbot.test.unit.reporters.test_generators_utils.TestBuildGenerator" name="test_is_message_needed_tags" time="0.001"/>
<testcase classname="buildbot.test.unit.reporters.test_generators_utils.TestBuildGenerator" name="test_list_params_check_raises_0_tags" time="0.001"/>
<testcase classname="buildbot.test.unit.reporters.test_generators_utils.TestBuildGenerator" name="test_list_params_check_raises_1_tags" time="0.001"/>
<testcase classname="buildbot.test.unit.reporters.test_generators_utils.TestBuildGenerator" name="test_list_params_check_raises_2_builders" time="0.001"/>
<testcase classname="buildbot.test.unit.reporters.test_generators_utils.TestBuildGenerator" name="test_list_params_check_raises_3_builders" time="0.001"/>
<testcase classname="buildbot.test.unit.reporters.test_generators_utils.TestBuildGenerator" name="test_list_params_check_raises_4_schedulers" time="0.001"/>
<testcase classname="buildbot.test.unit.reporters.test_generators_utils.TestBuildGenerator" name="test_list_params_check_raises_5_schedulers" time="0.001"/>
<testcase classname="buildbot.test.unit.reporters.test_generators_utils.TestBuildGenerator" name="test_list_params_check_raises_6_branches" time="0.001"/>
<testcase classname="buildbot.test.unit.reporters.test_generators_utils.TestBuildGenerator" name="test_list_params_check_raises_7_branches" time="0.001"/>
<testcase classname="buildbot.test.unit.reporters.test_generators_utils.TestBuildGenerator" name="test_merge_body_0_both_none" time="0.001"/>
<testcase classname="buildbot.test.unit.reporters.test_generators_utils.TestBuildGenerator" name="test_merge_body_1_old_none" time="0.001"/>
<testcase classname="buildbot.test.unit.reporters.test_generators_utils.TestBuildGenerator" name="test_merge_body_2_new_none" time="0.001"/>
<testcase classname="buildbot.test.unit.reporters.test_generators_utils.TestBuildGenerator" name="test_merge_body_3_both_str" time="0.001"/>
<testcase classname="buildbot.test.unit.reporters.test_generators_utils.TestBuildGenerator" name="test_merge_body_4_both_list" time="0.001"/>
<testcase classname="buildbot.test.unit.reporters.test_generators_utils.TestBuildGenerator" name="test_merge_body_5_both_dict" time="0.001"/>
<testcase classname="buildbot.test.unit.reporters.test_generators_utils.TestBuildGenerator" name="test_merge_body_6_str_list" time="0.001"/>
<testcase classname="buildbot.test.unit.reporters.test_generators_utils.TestBuildGenerator" name="test_merge_info_0_both_none" time="0.001"/>
<testcase classname="buildbot.test.unit.reporters.test_generators_utils.TestBuildGenerator" name="test_merge_info_1_old_none" time="0.001"/>
<testcase classname="buildbot.test.unit.reporters.test_generators_utils.TestBuildGenerator" name="test_merge_info_2_new_none" time="0.001"/>
<testcase classname="buildbot.test.unit.reporters.test_generators_utils.TestBuildGenerator" name="test_merge_info_3_both_same_key" time="0.001"/>
<testcase classname="buildbot.test.unit.reporters.test_generators_utils.TestBuildGenerator" name="test_merge_info_4_both_same_key_conflict" time="0.001"/>
<testcase classname="buildbot.test.unit.reporters.test_generators_utils.TestBuildGenerator" name="test_merge_msgtype_0_both_none" time="0.001"/>
<testcase classname="buildbot.test.unit.reporters.test_generators_utils.TestBuildGenerator" name="test_merge_msgtype_1_old_none" time="0.001"/>
<testcase classname="buildbot.test.unit.reporters.test_generators_utils.TestBuildGenerator" name="test_merge_msgtype_2_new_none" time="0.001"/>
<testcase classname="buildbot.test.unit.reporters.test_generators_utils.TestBuildGenerator" name="test_merge_msgtype_3_same" time="0.001"/>
<testcase classname="buildbot.test.unit.reporters.test_generators_utils.TestBuildGenerator" name="test_merge_msgtype_4_different" time="0.001"/>
<testcase classname="buildbot.test.unit.reporters.test_generators_utils.TestBuildGenerator" name="test_merge_subject_0_both_none" time="0.001"/>
<testcase classname="buildbot.test.unit.reporters.test_generators_utils.TestBuildGenerator" name="test_merge_subject_1_old_none" time="0.001"/>
<testcase classname="buildbot.test.unit.reporters.test_generators_utils.TestBuildGenerator" name="test_merge_subject_2_new_none" time="0.001"/>
<testcase classname="buildbot.test.unit.reporters.test_generators_utils.TestBuildGenerator" name="test_merge_subject_3_same" time="0.001"/>
<testcase classname="buildbot.test.unit.reporters.test_generators_utils.TestBuildGenerator" name="test_merge_subject_4_different" time="0.001"/>
<testcase classname="buildbot.test.unit.reporters.test_generators_utils.TestBuildGenerator" name="test_should_attach_log_0_bool_true" time="0.001"/>
<testcase classname="buildbot.test.unit.reporters.test_generators_utils.TestBuildGenerator" name="test_should_attach_log_1_bool_false" time="0.001"/>
<testcase classname="buildbot.test.unit.reporters.test_generators_utils.TestBuildGenerator" name="test_should_attach_log_2_match_by_log_name" time="0.001"/>
<testcase classname="buildbot.test.unit.reporters.test_generators_utils.TestBuildGenerator" name="test_should_attach_log_3_no_match_by_log_name" time="0.001"/>
<testcase classname="buildbot.test.unit.reporters.test_generators_utils.TestBuildGenerator" name="test_should_attach_log_4_match_by_log_step_name" time="0.001"/>
<testcase classname="buildbot.test.unit.reporters.test_generators_utils.TestBuildGenerator" name="test_should_attach_log_5_no_match_by_log_step_name" time="0.001"/>
<testcase classname="buildbot.test.unit.reporters.test_generators_utils.TestBuildGenerator" name="test_subject_newlines_not_allowed" time="0.001"/>
<testcase classname="buildbot.test.unit.reporters.test_generators_utils.TestBuildGenerator" name="test_tag_check_raises_0_unknown_str" time="0.001"/>
<testcase classname="buildbot.test.unit.reporters.test_generators_utils.TestBuildGenerator" name="test_tag_check_raises_1_unknown_list" time="0.001"/>
<testcase classname="buildbot.test.unit.reporters.test_generators_utils.TestBuildGenerator" name="test_tag_check_raises_2_unknown_list_two" time="0.001"/>
<testcase classname="buildbot.test.unit.reporters.test_generators_utils.TestBuildGenerator" name="test_tag_check_raises_3_all_in_list" time="0.001"/>
<testcase classname="buildbot.test.unit.reporters.test_generators_worker.TestWorkerMissingGenerator" name="test_report_matched_worker_0" time="0.002"/>
<testcase classname="buildbot.test.unit.reporters.test_generators_worker.TestWorkerMissingGenerator" name="test_report_matched_worker_1_all" time="0.002"/>
<testcase classname="buildbot.test.unit.reporters.test_generators_worker.TestWorkerMissingGenerator" name="test_report_not_matched_worker" time="0.002"/>
<testcase classname="buildbot.test.unit.reporters.test_generators_worker.TestWorkerMissingGenerator" name="test_unsupported_workers" time="0.002"/>
<testcase classname="buildbot.test.unit.reporters.test_gerrit.TestGerritStatusPush" name="testBuildGerritCommand" time="0.002"/>
<testcase classname="buildbot.test.unit.reporters.test_gerrit.TestGerritStatusPush" name="test_buildComplete_failure_sends_review" time="0.002"/>
<testcase classname="buildbot.test.unit.reporters.test_gerrit.TestGerritStatusPush" name="test_buildComplete_failure_sends_review_legacy" time="0.002"/>
<testcase classname="buildbot.test.unit.reporters.test_gerrit.TestGerritStatusPush" name="test_buildComplete_success_sends_review" time="0.002"/>
<testcase classname="buildbot.test.unit.reporters.test_gerrit.TestGerritStatusPush" name="test_buildComplete_success_sends_review_legacy" time="0.002"/>
<testcase classname="buildbot.test.unit.reporters.test_gerrit.TestGerritStatusPush" name="test_buildsetComplete_failure_sends_summary_review" time="0.003"/>
<testcase classname="buildbot.test.unit.reporters.test_gerrit.TestGerritStatusPush" name="test_buildsetComplete_failure_sends_summary_review_legacy" time="0.002"/>
<testcase classname="buildbot.test.unit.reporters.test_gerrit.TestGerritStatusPush" name="test_buildsetComplete_mixed_sends_summary_review" time="0.002"/>
<testcase classname="buildbot.test.unit.reporters.test_gerrit.TestGerritStatusPush" name="test_buildsetComplete_mixed_sends_summary_review_legacy" time="0.002"/>
<testcase classname="buildbot.test.unit.reporters.test_gerrit.TestGerritStatusPush" name="test_buildsetComplete_success_sends_summary_review" time="0.002"/>
<testcase classname="buildbot.test.unit.reporters.test_gerrit.TestGerritStatusPush" name="test_buildsetComplete_success_sends_summary_review_deferred" time="0.002"/>
<testcase classname="buildbot.test.unit.reporters.test_gerrit.TestGerritStatusPush" name="test_buildsetComplete_success_sends_summary_review_legacy" time="0.002"/>
<testcase classname="buildbot.test.unit.reporters.test_gerrit.TestGerritStatusPush" name="test_buildset_complete_filtered_builder_0_matched" time="0.002"/>
<testcase classname="buildbot.test.unit.reporters.test_gerrit.TestGerritStatusPush" name="test_buildset_complete_filtered_builder_1_not_matched" time="0.002"/>
<testcase classname="buildbot.test.unit.reporters.test_gerrit.TestGerritStatusPush" name="test_callWithVersion_bytes_output" time="0.001"/>
<testcase classname="buildbot.test.unit.reporters.test_gerrit.TestGerritStatusPush" name="test_defaultReviewCBSuccess" time="0.001"/>
<testcase classname="buildbot.test.unit.reporters.test_gerrit.TestGerritStatusPush" name="test_defaultSummaryCB" time="0.001"/>
<testcase classname="buildbot.test.unit.reporters.test_gerrit.TestGerritStatusPush" name="test_default_name" time="0.001"/>
<testcase classname="buildbot.test.unit.reporters.test_gerrit.TestGerritStatusPush" name="test_extract_project_revision" time="0.001"/>
<testcase classname="buildbot.test.unit.reporters.test_gerrit.TestGerritStatusPush" name="test_extract_project_revision_no_build" time="0.001"/>
<testcase classname="buildbot.test.unit.reporters.test_gerrit.TestGerritStatusPush" name="test_gerrit_ssh_cmd" time="0.001"/>
<testcase classname="buildbot.test.unit.reporters.test_gerrit.TestGerritStatusPush" name="test_name_as_class_attribute" time="0.001"/>
<testcase classname="buildbot.test.unit.reporters.test_gerrit.TestGerritStatusPush" name="test_name_as_kwarg" time="0.001"/>
<testcase classname="buildbot.test.unit.reporters.test_gerrit.TestGerritStatusPush" name="test_single_build_filtered_0_matched" time="0.002"/>
<testcase classname="buildbot.test.unit.reporters.test_gerrit.TestGerritStatusPush" name="test_single_build_filtered_1_not_matched" time="0.002"/>
<testcase classname="buildbot.test.unit.reporters.test_gerrit.TestGerritStatusPush" name="test_single_build_generators_0_success" time="0.002"/>
<testcase classname="buildbot.test.unit.reporters.test_gerrit.TestGerritStatusPush" name="test_single_build_generators_1_failure" time="0.002"/>
<testcase classname="buildbot.test.unit.reporters.test_gerrit.TestGerritStatusPush" name="test_single_buildset_generators_0_success" time="0.002"/>
<testcase classname="buildbot.test.unit.reporters.test_gerrit.TestGerritStatusPush" name="test_single_buildset_generators_1_failure" time="0.002"/>
<testcase classname="buildbot.test.unit.reporters.test_gerrit.TestGerritStatusPush" name="test_single_buildset_generators_override_label" time="0.002"/>
<testcase classname="buildbot.test.unit.reporters.test_gerrit_verify_status.TestGerritVerifyStatusPush" name="test_basic" time="0.003"/>
<testcase classname="buildbot.test.unit.reporters.test_gerrit_verify_status.TestGerritVerifyStatusPush" name="test_custom_abstain" time="0.002"/>
<testcase classname="buildbot.test.unit.reporters.test_gerrit_verify_status.TestGerritVerifyStatusPush" name="test_custom_category" time="0.003"/>
<testcase classname="buildbot.test.unit.reporters.test_gerrit_verify_status.TestGerritVerifyStatusPush" name="test_custom_description" time="0.003"/>
<testcase classname="buildbot.test.unit.reporters.test_gerrit_verify_status.TestGerritVerifyStatusPush" name="test_custom_name" time="0.002"/>
<testcase classname="buildbot.test.unit.reporters.test_gerrit_verify_status.TestGerritVerifyStatusPush" name="test_custom_reporter" time="0.002"/>
<testcase classname="buildbot.test.unit.reporters.test_gerrit_verify_status.TestGerritVerifyStatusPush" name="test_format_duration" time="0.001"/>
<testcase classname="buildbot.test.unit.reporters.test_gerrit_verify_status.TestGerritVerifyStatusPush" name="test_gerrit_changes" time="0.001"/>
<testcase classname="buildbot.test.unit.reporters.test_gerrit_verify_status.TestGerritVerifyStatusPush" name="test_not_verbose" time="0.002"/>
<testcase classname="buildbot.test.unit.reporters.test_gerrit_verify_status.TestGerritVerifyStatusPush" name="test_verbose" time="0.002"/>
<testcase classname="buildbot.test.unit.reporters.test_github.TestGitHubCommentPush" name="test_basic" time="0.002"/>
<testcase classname="buildbot.test.unit.reporters.test_github.TestGitHubCommentPush" name="test_basic_branch_head" time="0.002"/>
<testcase classname="buildbot.test.unit.reporters.test_github.TestGitHubCommentPush" name="test_empty" time="0.002"/>
<testcase classname="buildbot.test.unit.reporters.test_github.TestGitHubCommentPush" name="test_multiple_source_stamps_no_props" time="0.003"/>
<testcase classname="buildbot.test.unit.reporters.test_github.TestGitHubCommentPush" name="test_source_stamp_no_props_nightly_scheduler" time="0.002"/>
<testcase classname="buildbot.test.unit.reporters.test_github.TestGitHubStatusPush" name="test_basic" time="0.002"/>
<testcase classname="buildbot.test.unit.reporters.test_github.TestGitHubStatusPush" name="test_empty" time="0.002"/>
<testcase classname="buildbot.test.unit.reporters.test_github.TestGitHubStatusPush" name="test_multiple_source_stamps_no_props" time="0.002"/>
<testcase classname="buildbot.test.unit.reporters.test_github.TestGitHubStatusPush" name="test_source_stamp_no_props_nightly_scheduler" time="0.002"/>
<testcase classname="buildbot.test.unit.reporters.test_github.TestGitHubStatusPushURL" name="test_https" time="0.003"/>
<testcase classname="buildbot.test.unit.reporters.test_github.TestGitHubStatusPushURL" name="test_ssh" time="0.002"/>
<testcase classname="buildbot.test.unit.reporters.test_gitlab.TestGitLabStatusPush" name="test_badchange" time="0.003"/>
<testcase classname="buildbot.test.unit.reporters.test_gitlab.TestGitLabStatusPush" name="test_basic" time="0.004"/>
<testcase classname="buildbot.test.unit.reporters.test_gitlab.TestGitLabStatusPush" name="test_buildrequest" time="0.002"/>
<testcase classname="buildbot.test.unit.reporters.test_gitlab.TestGitLabStatusPush" name="test_merge_request_forked" time="0.002"/>
<testcase classname="buildbot.test.unit.reporters.test_gitlab.TestGitLabStatusPush" name="test_noproject" time="0.002"/>
<testcase classname="buildbot.test.unit.reporters.test_gitlab.TestGitLabStatusPush" name="test_nourl" time="0.002"/>
<testcase classname="buildbot.test.unit.reporters.test_gitlab.TestGitLabStatusPush" name="test_senderror" time="0.002"/>
<testcase classname="buildbot.test.unit.reporters.test_gitlab.TestGitLabStatusPush" name="test_sshurl" time="0.002"/>
<testcase classname="buildbot.test.unit.reporters.test_http.TestHttpStatusPush" name="test_basic" time="0.002"/>
<testcase classname="buildbot.test.unit.reporters.test_http.TestHttpStatusPush" name="test_basic_noauth" time="0.002"/>
<testcase classname="buildbot.test.unit.reporters.test_http.TestHttpStatusPush" name="test_header" time="0.002"/>
<testcase classname="buildbot.test.unit.reporters.test_http.TestHttpStatusPush" name="test_http200" time="0.002"/>
<testcase classname="buildbot.test.unit.reporters.test_http.TestHttpStatusPush" name="test_http201" time="0.002"/>
<testcase classname="buildbot.test.unit.reporters.test_http.TestHttpStatusPush" name="test_http202" time="0.002"/>
<testcase classname="buildbot.test.unit.reporters.test_irc.TestIRC" name="test_allowForce_allowShutdown" time="0.000"/>
<testcase classname="buildbot.test.unit.reporters.test_irc.TestIRC" name="test_allowForce_with_authz" time="0.000"/>
<testcase classname="buildbot.test.unit.reporters.test_irc.TestIRC" name="test_allowShutdown_with_authz" time="0.000"/>
<testcase classname="buildbot.test.unit.reporters.test_irc.TestIRC" name="test_constr" time="0.000"/>
<testcase classname="buildbot.test.unit.reporters.test_irc.TestIRC" name="test_constr_args" time="0.000"/>
<testcase classname="buildbot.test.unit.reporters.test_irc.TestIRC" name="test_service" time="0.000"/>
<testcase classname="buildbot.test.unit.reporters.test_irc.TestIrcContact" name="test_act" time="0.001"/>
<testcase classname="buildbot.test.unit.reporters.test_irc.TestIrcContact" name="test_command_dance" time="0.001"/>
<testcase classname="buildbot.test.unit.reporters.test_irc.TestIrcContact" name="test_command_destroy" time="0.001"/>
<testcase classname="buildbot.test.unit.reporters.test_irc.TestIrcContact" name="test_command_hustle" time="0.001"/>
<testcase classname="buildbot.test.unit.reporters.test_irc.TestIrcContact" name="test_command_mute" time="0.001"/>
<testcase classname="buildbot.test.unit.reporters.test_irc.TestIrcContact" name="test_command_mute_unauthorized" time="0.001"/>
<testcase classname="buildbot.test.unit.reporters.test_irc.TestIrcContact" name="test_command_notify" time="0.001"/>
<testcase classname="buildbot.test.unit.reporters.test_irc.TestIrcContact" name="test_command_notify_unauthorized" time="0.001"/>
<testcase classname="buildbot.test.unit.reporters.test_irc.TestIrcContact" name="test_command_unmute" time="0.092"/>
<testcase classname="buildbot.test.unit.reporters.test_irc.TestIrcContact" name="test_command_unmute_not_muted" time="0.002"/>
<testcase classname="buildbot.test.unit.reporters.test_irc.TestIrcContact" name="test_command_unmute_unauthorized" time="0.001"/>
<testcase classname="buildbot.test.unit.reporters.test_irc.TestIrcContact" name="test_handleAction_ignored" time="0.001"/>
<testcase classname="buildbot.test.unit.reporters.test_irc.TestIrcContact" name="test_handleAction_kick" time="0.001"/>
<testcase classname="buildbot.test.unit.reporters.test_irc.TestIrcContact" name="test_handleAction_stupid" time="0.001"/>
<testcase classname="buildbot.test.unit.reporters.test_irc.TestIrcContact" name="test_op_required_authz" time="0.001"/>
<testcase classname="buildbot.test.unit.reporters.test_irc.TestIrcContact" name="test_op_required_operator" time="0.001"/>
<testcase classname="buildbot.test.unit.reporters.test_irc.TestIrcContact" name="test_op_required_unauthorized" time="0.001"/>
<testcase classname="buildbot.test.unit.reporters.test_irc.TestIrcContact" name="test_send" time="0.001"/>
<testcase classname="buildbot.test.unit.reporters.test_irc.TestIrcStatusBot" name="test_action_related" time="0.000"/>
<testcase classname="buildbot.test.unit.reporters.test_irc.TestIrcStatusBot" name="test_action_unrelated" time="0.000"/>
<testcase classname="buildbot.test.unit.reporters.test_irc.TestIrcStatusBot" name="test_action_unrelated_buildbot" time="0.000"/>
<testcase classname="buildbot.test.unit.reporters.test_irc.TestIrcStatusBot" name="test_format_build_status" time="0.000"/>
<testcase classname="buildbot.test.unit.reporters.test_irc.TestIrcStatusBot" name="test_format_build_status_colors" time="0.000"/>
<testcase classname="buildbot.test.unit.reporters.test_irc.TestIrcStatusBot" name="test_format_build_status_short" time="0.000"/>
<testcase classname="buildbot.test.unit.reporters.test_irc.TestIrcStatusBot" name="test_getChannelOps" time="0.000"/>
<testcase classname="buildbot.test.unit.reporters.test_irc.TestIrcStatusBot" name="test_getContact" time="0.000"/>
<testcase classname="buildbot.test.unit.reporters.test_irc.TestIrcStatusBot" name="test_getContact_case_insensitive" time="0.000"/>
<testcase classname="buildbot.test.unit.reporters.test_irc.TestIrcStatusBot" name="test_getContact_invalid" time="0.000"/>
<testcase classname="buildbot.test.unit.reporters.test_irc.TestIrcStatusBot" name="test_getContact_valid" time="0.000"/>
<testcase classname="buildbot.test.unit.reporters.test_irc.TestIrcStatusBot" name="test_getNames" time="0.000"/>
<testcase classname="buildbot.test.unit.reporters.test_irc.TestIrcStatusBot" name="test_groupChat" time="0.000"/>
<testcase classname="buildbot.test.unit.reporters.test_irc.TestIrcStatusBot" name="test_groupChat_notice" time="0.000"/>
<testcase classname="buildbot.test.unit.reporters.test_irc.TestIrcStatusBot" name="test_groupDescribe" time="0.000"/>
<testcase classname="buildbot.test.unit.reporters.test_irc.TestIrcStatusBot" name="test_joined" time="0.001"/>
<testcase classname="buildbot.test.unit.reporters.test_irc.TestIrcStatusBot" name="test_msg" time="0.000"/>
<testcase classname="buildbot.test.unit.reporters.test_irc.TestIrcStatusBot" name="test_other" time="0.000"/>
<testcase classname="buildbot.test.unit.reporters.test_irc.TestIrcStatusBot" name="test_privmsg_channel_related" time="0.000"/>
<testcase classname="buildbot.test.unit.reporters.test_irc.TestIrcStatusBot" name="test_privmsg_channel_unrelated" time="0.000"/>
<testcase classname="buildbot.test.unit.reporters.test_irc.TestIrcStatusBot" name="test_privmsg_user" time="0.000"/>
<testcase classname="buildbot.test.unit.reporters.test_irc.TestIrcStatusBot" name="test_privmsg_user_uppercase" time="0.000"/>
<testcase classname="buildbot.test.unit.reporters.test_irc.TestIrcStatusBot" name="test_register_SASL" time="0.000"/>
<testcase classname="buildbot.test.unit.reporters.test_irc.TestIrcStatusBot" name="test_register_legacy" time="0.000"/>
<testcase classname="buildbot.test.unit.reporters.test_irc.TestIrcStatusBot" name="test_signedOn" time="0.000"/>
<testcase classname="buildbot.test.unit.reporters.test_irc.TestIrcStatusBot" name="test_userLeft_or_userKicked" time="0.000"/>
<testcase classname="buildbot.test.unit.reporters.test_irc.TestIrcStatusBot" name="test_userQuit" time="0.000"/>
<testcase classname="buildbot.test.unit.reporters.test_irc.TestIrcStatusFactory" name="test_shutdown" time="0.000"/>
<testcase classname="buildbot.test.unit.reporters.test_mail.TestMailNotifier" name="test_buildMessage" time="0.002"/>
<testcase classname="buildbot.test.unit.reporters.test_mail.TestMailNotifier" name="test_buildMessage_sendToInterestedUsers_extraRecipients" time="0.010"/>
<testcase classname="buildbot.test.unit.reporters.test_mail.TestMailNotifier" name="test_buildMessage_sendToInterestedUsers_no_lookup" time="0.009"/>
<testcase classname="buildbot.test.unit.reporters.test_mail.TestMailNotifier" name="test_change_name" time="0.009"/>
<testcase classname="buildbot.test.unit.reporters.test_mail.TestMailNotifier" name="test_createEmail_extraHeaders_one_build" time="0.009"/>
<testcase classname="buildbot.test.unit.reporters.test_mail.TestMailNotifier" name="test_createEmail_extraHeaders_two_builds" time="0.009"/>
<testcase classname="buildbot.test.unit.reporters.test_mail.TestMailNotifier" name="test_createEmail_message_content_transfer_encoding_7bit" time="0.010"/>
<testcase classname="buildbot.test.unit.reporters.test_mail.TestMailNotifier" name="test_createEmail_message_content_transfer_encoding_8bit" time="0.010"/>
<testcase classname="buildbot.test.unit.reporters.test_mail.TestMailNotifier" name="test_createEmail_message_with_patch_and_log_containing_unicode" time="0.005"/>
<testcase classname="buildbot.test.unit.reporters.test_mail.TestMailNotifier" name="test_createEmail_message_without_patch_and_log_contains_unicode" time="0.009"/>
<testcase classname="buildbot.test.unit.reporters.test_mail.TestMailNotifier" name="test_hostname_for_client_context_for_plan_tcp" time="0.009"/>
<testcase classname="buildbot.test.unit.reporters.test_mail.TestMailNotifier" name="test_hostname_for_client_context_for_tcp_over_tls" time="0.011"/>
<testcase classname="buildbot.test.unit.reporters.test_mail.TestMailNotifier" name="test_hostname_for_client_context_for_tcp_over_tls_auth" time="0.011"/>
<testcase classname="buildbot.test.unit.reporters.test_mail.TestMailNotifier" name="test_invalid_email" time="0.036"/>
<testcase classname="buildbot.test.unit.reporters.test_mail.TestMailNotifier" name="test_sendMail_real_name_addresses" time="0.010"/>
<testcase classname="buildbot.test.unit.reporters.test_mail.TestMailNotifier" name="test_sendMessageOverSsl" time="0.003"/>
<testcase classname="buildbot.test.unit.reporters.test_mail.TestMailNotifier" name="test_sendMessageOverTcp" time="0.002"/>
<testcase classname="buildbot.test.unit.reporters.test_mail.TestMailNotifier" name="test_sendMessageWithInterpolatedConfig" time="0.002"/>
<testcase classname="buildbot.test.unit.reporters.test_mail.TestMailNotifier" name="test_sendToInterestedUsers_False" time="0.010"/>
<testcase classname="buildbot.test.unit.reporters.test_mail.TestMailNotifier" name="test_sendToInterestedUsers_lookup" time="0.009"/>
<testcase classname="buildbot.test.unit.reporters.test_mail.TestMailNotifier" name="test_valid_emails" time="0.005"/>
<testcase classname="buildbot.test.unit.reporters.test_message.TestMessageFormatter" name="test_inline_templates" time="0.002"/>
<testcase classname="buildbot.test.unit.reporters.test_message.TestMessageFormatter" name="test_inline_templates_extra_info" time="0.002"/>
<testcase classname="buildbot.test.unit.reporters.test_message.TestMessageFormatter" name="test_message_failure" time="0.005"/>
<testcase classname="buildbot.test.unit.reporters.test_message.TestMessageFormatter" name="test_message_failure_change" time="0.005"/>
<testcase classname="buildbot.test.unit.reporters.test_message.TestMessageFormatter" name="test_message_failure_nochange" time="0.004"/>
<testcase classname="buildbot.test.unit.reporters.test_message.TestMessageFormatter" name="test_message_success_change" time="0.005"/>
<testcase classname="buildbot.test.unit.reporters.test_message.TestMessageFormatter" name="test_message_success_html" time="0.005"/>
<testcase classname="buildbot.test.unit.reporters.test_message.TestMessageFormatter" name="test_message_success_html_with_steps" time="0.005"/>
<testcase classname="buildbot.test.unit.reporters.test_message.TestMessageFormatter" name="test_message_success_nochange" time="0.004"/>
<testcase classname="buildbot.test.unit.reporters.test_message.TestMessageFormatter" name="test_message_success_plain_no_steps" time="0.005"/>
<testcase classname="buildbot.test.unit.reporters.test_message.TestMessageFormatter" name="test_message_success_plain_with_steps" time="0.004"/>
<testcase classname="buildbot.test.unit.reporters.test_message.TestMessageFormatter" name="test_unknown_template_type_for_default_message" time="0.001"/>
<testcase classname="buildbot.test.unit.reporters.test_message.TestMessageFormatter" name="test_want_logs_deprecated" time="0.004"/>
<testcase classname="buildbot.test.unit.reporters.test_message.TestMessageFormatter" name="test_want_properties_deprecated" time="0.005"/>
<testcase classname="buildbot.test.unit.reporters.test_message.TestMessageFormatter" name="test_want_steps_deprecated" time="0.004"/>
<testcase classname="buildbot.test.unit.reporters.test_message.TestMessageFormatterFunction" name="test_basic" time="0.001"/>
<testcase classname="buildbot.test.unit.reporters.test_message.TestMessageFormatterFunctionRaw" name="test_basic" time="0.001"/>
<testcase classname="buildbot.test.unit.reporters.test_message.TestMessageFormatterFunctionRaw" name="test_basic_buildset" time="0.001"/>
<testcase classname="buildbot.test.unit.reporters.test_message.TestMessageFormatterMissingWorker" name="test_basic" time="0.002"/>
<testcase classname="buildbot.test.unit.reporters.test_message.TestMessageFormatterMissingWorker" name="test_unknown_template_type_for_default_message" time="0.001"/>
<testcase classname="buildbot.test.unit.reporters.test_message.TestMessageFormatterRenderable" name="test_basic" time="0.002"/>
<testcase classname="buildbot.test.unit.reporters.test_message.TestMessageFormatting" name="test_get_detected_status_text_exception" time="0.000"/>
<testcase classname="buildbot.test.unit.reporters.test_message.TestMessageFormatting" name="test_get_detected_status_text_failure" time="0.000"/>
<testcase classname="buildbot.test.unit.reporters.test_message.TestMessageFormatting" name="test_get_detected_status_text_other" time="0.000"/>
<testcase classname="buildbot.test.unit.reporters.test_message.TestMessageFormatting" name="test_get_detected_status_text_success" time="0.000"/>
<testcase classname="buildbot.test.unit.reporters.test_message.TestMessageFormatting" name="test_get_detected_status_text_warnings" time="0.000"/>
<testcase classname="buildbot.test.unit.reporters.test_message.TestMessageFormatting" name="test_get_message_source_stamp_text_empty" time="0.000"/>
<testcase classname="buildbot.test.unit.reporters.test_message.TestMessageFormatting" name="test_get_message_source_stamp_text_multiple" time="0.000"/>
<testcase classname="buildbot.test.unit.reporters.test_message.TestMessageFormatting" name="test_get_message_source_stamp_text_with_props" time="0.000"/>
<testcase classname="buildbot.test.unit.reporters.test_message.TestMessageFormatting" name="test_get_message_summary_text_cancelled" time="0.000"/>
<testcase classname="buildbot.test.unit.reporters.test_message.TestMessageFormatting" name="test_get_message_summary_text_skipped" time="0.000"/>
<testcase classname="buildbot.test.unit.reporters.test_message.TestMessageFormatting" name="test_get_message_summary_text_success" time="0.000"/>
<testcase classname="buildbot.test.unit.reporters.test_message.TestMessageFormatting" name="test_get_message_summary_text_warnings" time="0.000"/>
<testcase classname="buildbot.test.unit.reporters.test_pushjet.TestPushjetNotifier" name="test_sendMessage" time="0.005"/>
<testcase classname="buildbot.test.unit.reporters.test_pushjet.TestPushjetNotifier" name="test_sendNotification" time="0.005"/>
<testcase classname="buildbot.test.unit.reporters.test_pushjet.TestPushjetNotifier" name="test_sendRealNotification" time="0.001">
<skipped>real pushjet test runs only if the variable TEST_PUSHJET_SECRET is defined&#xA;</skipped>
</testcase>
<testcase classname="buildbot.test.unit.reporters.test_pushover.TestPushoverNotifier" name="test_sendMessage" time="0.004"/>
<testcase classname="buildbot.test.unit.reporters.test_pushover.TestPushoverNotifier" name="test_sendNotification" time="0.005"/>
<testcase classname="buildbot.test.unit.reporters.test_pushover.TestPushoverNotifier" name="test_sendRealNotification" time="0.001">
<skipped>real pushover test runs only if the variable TEST_PUSHOVER_CREDENTIALS is defined&#xA;</skipped>
</testcase>
<testcase classname="buildbot.test.unit.reporters.test_telegram.TestTelegramContact" name="testDescribeUser" time="0.001"/>
<testcase classname="buildbot.test.unit.reporters.test_telegram.TestTelegramContact" name="testDescribeUserInGroup" time="0.001"/>
<testcase classname="buildbot.test.unit.reporters.test_telegram.TestTelegramContact" name="test_access_denied" time="0.001"/>
<testcase classname="buildbot.test.unit.reporters.test_telegram.TestTelegramContact" name="test_access_denied_group" time="0.001"/>
<testcase classname="buildbot.test.unit.reporters.test_telegram.TestTelegramContact" name="test_ask_reply_group" time="0.001"/>
<testcase classname="buildbot.test.unit.reporters.test_telegram.TestTelegramContact" name="test_ask_reply_group_no_username" time="0.001"/>
<testcase classname="buildbot.test.unit.reporters.test_telegram.TestTelegramContact" name="test_ask_reply_group_no_username_no_greeting" time="0.001"/>
<testcase classname="buildbot.test.unit.reporters.test_telegram.TestTelegramContact" name="test_ask_reply_private_no_greeting" time="0.001"/>
<testcase classname="buildbot.test.unit.reporters.test_telegram.TestTelegramContact" name="test_command_force_ask" time="0.001"/>
<testcase classname="buildbot.test.unit.reporters.test_telegram.TestTelegramContact" name="test_command_force_bad_builder" time="0.002"/>
<testcase classname="buildbot.test.unit.reporters.test_telegram.TestTelegramContact" name="test_command_force_bad_command" time="0.002"/>
<testcase classname="buildbot.test.unit.reporters.test_telegram.TestTelegramContact" name="test_command_force_bad_scheduler" time="0.001"/>
<testcase classname="buildbot.test.unit.reporters.test_telegram.TestTelegramContact" name="test_command_force_build" time="0.001"/>
<testcase classname="buildbot.test.unit.reporters.test_telegram.TestTelegramContact" name="test_command_force_build_missing" time="0.001"/>
<testcase classname="buildbot.test.unit.reporters.test_telegram.TestTelegramContact" name="test_command_force_config" time="0.001"/>
<testcase classname="buildbot.test.unit.reporters.test_telegram.TestTelegramContact" name="test_command_force_config_more" time="0.001"/>
<testcase classname="buildbot.test.unit.reporters.test_telegram.TestTelegramContact" name="test_command_force_config_nothing_missing" time="0.001"/>
<testcase classname="buildbot.test.unit.reporters.test_telegram.TestTelegramContact" name="test_command_force_no_schedulers" time="0.001"/>
<testcase classname="buildbot.test.unit.reporters.test_telegram.TestTelegramContact" name="test_command_force_noargs" time="0.001"/>
<testcase classname="buildbot.test.unit.reporters.test_telegram.TestTelegramContact" name="test_command_force_noargs_multiple_schedulers" time="0.001"/>
<testcase classname="buildbot.test.unit.reporters.test_telegram.TestTelegramContact" name="test_command_force_only_bad_command" time="0.001"/>
<testcase classname="buildbot.test.unit.reporters.test_telegram.TestTelegramContact" name="test_command_force_only_scheduler" time="0.001"/>
<testcase classname="buildbot.test.unit.reporters.test_telegram.TestTelegramContact" name="test_command_getid_group" time="0.001"/>
<testcase classname="buildbot.test.unit.reporters.test_telegram.TestTelegramContact" name="test_command_getid_private" time="0.001"/>
<testcase classname="buildbot.test.unit.reporters.test_telegram.TestTelegramContact" name="test_command_list" time="0.001"/>
<testcase classname="buildbot.test.unit.reporters.test_telegram.TestTelegramContact" name="test_command_list_builders" time="0.001"/>
<testcase classname="buildbot.test.unit.reporters.test_telegram.TestTelegramContact" name="test_command_list_changes" time="0.001"/>
<testcase classname="buildbot.test.unit.reporters.test_telegram.TestTelegramContact" name="test_command_list_changes_long" time="0.008"/>
<testcase classname="buildbot.test.unit.reporters.test_telegram.TestTelegramContact" name="test_command_list_workers" time="0.001"/>
<testcase classname="buildbot.test.unit.reporters.test_telegram.TestTelegramContact" name="test_command_list_workers_online" time="0.001"/>
<testcase classname="buildbot.test.unit.reporters.test_telegram.TestTelegramContact" name="test_command_nay" time="0.001"/>
<testcase classname="buildbot.test.unit.reporters.test_telegram.TestTelegramContact" name="test_command_nay_reply_markup" time="0.001"/>
<testcase classname="buildbot.test.unit.reporters.test_telegram.TestTelegramContact" name="test_command_notify_list_with_query" time="0.001"/>
<testcase classname="buildbot.test.unit.reporters.test_telegram.TestTelegramContact" name="test_command_notify_no_args" time="0.001"/>
<testcase classname="buildbot.test.unit.reporters.test_telegram.TestTelegramContact" name="test_command_notify_toggle" time="0.001"/>
<testcase classname="buildbot.test.unit.reporters.test_telegram.TestTelegramContact" name="test_command_shutdown" time="0.001"/>
<testcase classname="buildbot.test.unit.reporters.test_telegram.TestTelegramContact" name="test_command_shutdown_shutting_down" time="0.001"/>
<testcase classname="buildbot.test.unit.reporters.test_telegram.TestTelegramContact" name="test_command_start" time="0.001"/>
<testcase classname="buildbot.test.unit.reporters.test_telegram.TestTelegramContact" name="test_command_stop_ask_reason" time="0.001"/>
<testcase classname="buildbot.test.unit.reporters.test_telegram.TestTelegramContact" name="test_command_stop_no_args" time="0.001"/>
<testcase classname="buildbot.test.unit.reporters.test_telegram.TestTelegramContact" name="test_command_watch" time="0.001"/>
<testcase classname="buildbot.test.unit.reporters.test_telegram.TestTelegramContact" name="test_command_watch_no_builds" time="0.001"/>
<testcase classname="buildbot.test.unit.reporters.test_telegram.TestTelegramContact" name="test_commmand_commands" time="0.001"/>
<testcase classname="buildbot.test.unit.reporters.test_telegram.TestTelegramContact" name="test_commmand_commands_botfather" time="0.001"/>
<testcase classname="buildbot.test.unit.reporters.test_telegram.TestTelegramContact" name="test_list_notified_events" time="0.001"/>
<testcase classname="buildbot.test.unit.reporters.test_telegram.TestTelegramContact" name="test_list_notified_events_empty" time="0.001"/>
<testcase classname="buildbot.test.unit.reporters.test_telegram.TestTelegramContact" name="test_query_button_cache" time="0.001"/>
<testcase classname="buildbot.test.unit.reporters.test_telegram.TestTelegramContact" name="test_query_button_cache_conflict" time="0.001"/>
<testcase classname="buildbot.test.unit.reporters.test_telegram.TestTelegramContact" name="test_query_button_long" time="0.001"/>
<testcase classname="buildbot.test.unit.reporters.test_telegram.TestTelegramContact" name="test_query_button_non_str" time="0.001"/>
<testcase classname="buildbot.test.unit.reporters.test_telegram.TestTelegramContact" name="test_query_button_short" time="0.001"/>
<testcase classname="buildbot.test.unit.reporters.test_telegram.TestTelegramService" name="test_delete_message" time="0.001"/>
<testcase classname="buildbot.test.unit.reporters.test_telegram.TestTelegramService" name="test_edit_message" time="0.001"/>
<testcase classname="buildbot.test.unit.reporters.test_telegram.TestTelegramService" name="test_format_build_status" time="0.001"/>
<testcase classname="buildbot.test.unit.reporters.test_telegram.TestTelegramService" name="test_format_build_status_short" time="0.001"/>
<testcase classname="buildbot.test.unit.reporters.test_telegram.TestTelegramService" name="test_getContact" time="0.001"/>
<testcase classname="buildbot.test.unit.reporters.test_telegram.TestTelegramService" name="test_getContact_invalid" time="0.001"/>
<testcase classname="buildbot.test.unit.reporters.test_telegram.TestTelegramService" name="test_getContact_update" time="0.001"/>
<testcase classname="buildbot.test.unit.reporters.test_telegram.TestTelegramService" name="test_getContact_valid" time="0.001"/>
<testcase classname="buildbot.test.unit.reporters.test_telegram.TestTelegramService" name="test_get_update" time="0.001"/>
<testcase classname="buildbot.test.unit.reporters.test_telegram.TestTelegramService" name="test_get_update_bad_content_type" time="0.001"/>
<testcase classname="buildbot.test.unit.reporters.test_telegram.TestTelegramService" name="test_parse_query_bad" time="0.001"/>
<testcase classname="buildbot.test.unit.reporters.test_telegram.TestTelegramService" name="test_parse_query_cached" time="0.001"/>
<testcase classname="buildbot.test.unit.reporters.test_telegram.TestTelegramService" name="test_parse_query_cached_dict" time="0.001"/>
<testcase classname="buildbot.test.unit.reporters.test_telegram.TestTelegramService" name="test_parse_query_explicit" time="0.001"/>
<testcase classname="buildbot.test.unit.reporters.test_telegram.TestTelegramService" name="test_polling" time="0.001"/>
<testcase classname="buildbot.test.unit.reporters.test_telegram.TestTelegramService" name="test_polling_need_repeat" time="0.002"/>
<testcase classname="buildbot.test.unit.reporters.test_telegram.TestTelegramService" name="test_post_need_repeat" time="0.001"/>
<testcase classname="buildbot.test.unit.reporters.test_telegram.TestTelegramService" name="test_post_not_ok" time="0.001"/>
<testcase classname="buildbot.test.unit.reporters.test_telegram.TestTelegramService" name="test_render_POST" time="0.001"/>
<testcase classname="buildbot.test.unit.reporters.test_telegram.TestTelegramService" name="test_send_message" time="0.001"/>
<testcase classname="buildbot.test.unit.reporters.test_telegram.TestTelegramService" name="test_send_message_long" time="0.001"/>
<testcase classname="buildbot.test.unit.reporters.test_telegram.TestTelegramService" name="test_send_sticker" time="0.001"/>
<testcase classname="buildbot.test.unit.reporters.test_telegram.TestTelegramService" name="test_set_nickname" time="0.001"/>
<testcase classname="buildbot.test.unit.reporters.test_telegram.TestTelegramService" name="test_set_webhook" time="0.001"/>
<testcase classname="buildbot.test.unit.reporters.test_telegram.TestTelegramService" name="test_set_webhook_cert" time="0.001"/>
<testcase classname="buildbot.test.unit.reporters.test_utils.TestDataUtils" name="test_getDetailsForBuild" time="0.001"/>
<testcase classname="buildbot.test.unit.reporters.test_utils.TestDataUtils" name="test_getDetailsForBuildWithParent" time="0.001"/>
<testcase classname="buildbot.test.unit.reporters.test_utils.TestDataUtils" name="test_getDetailsForBuildset" time="0.001"/>
<testcase classname="buildbot.test.unit.reporters.test_utils.TestDataUtils" name="test_getDetailsForBuildsetWithLogs" time="0.002"/>
<testcase classname="buildbot.test.unit.reporters.test_utils.TestDataUtils" name="test_getPreviousBuild" time="0.001"/>
<testcase classname="buildbot.test.unit.reporters.test_utils.TestDataUtils" name="test_getPreviousBuildWithRetry" time="0.001"/>
<testcase classname="buildbot.test.unit.reporters.test_utils.TestDataUtils" name="test_getResponsibleUsers" time="0.001"/>
<testcase classname="buildbot.test.unit.reporters.test_utils.TestDataUtils" name="test_getResponsibleUsersForBuild" time="0.001"/>
<testcase classname="buildbot.test.unit.reporters.test_utils.TestDataUtils" name="test_getResponsibleUsersForBuildWithBadOwner" time="0.001"/>
<testcase classname="buildbot.test.unit.reporters.test_utils.TestDataUtils" name="test_getResponsibleUsersForBuildWithOwners" time="0.001"/>
<testcase classname="buildbot.test.unit.reporters.test_utils.TestDataUtils" name="test_getResponsibleUsersFromPatch" time="0.001"/>
<testcase classname="buildbot.test.unit.reporters.test_utils.TestDataUtils" name="test_get_details_for_buildset_all" time="0.002"/>
<testcase classname="buildbot.test.unit.reporters.test_utils.TestDataUtils" name="test_get_responsible_users_for_buildset_no_owner" time="0.001"/>
<testcase classname="buildbot.test.unit.reporters.test_utils.TestDataUtils" name="test_get_responsible_users_for_buildset_with_owner" time="0.001"/>
<testcase classname="buildbot.test.unit.reporters.test_utils.TestURLUtils" name="test_UrlForBuild" time="0.000"/>
<testcase classname="buildbot.test.unit.reporters.test_words.TestContact" name="test_access_denied" time="0.001"/>
<testcase classname="buildbot.test.unit.reporters.test_words.TestContact" name="test_bot_loadState" time="0.001"/>
<testcase classname="buildbot.test.unit.reporters.test_words.TestContact" name="test_buildStarted" time="0.001"/>
<testcase classname="buildbot.test.unit.reporters.test_words.TestContact" name="test_channel_service" time="0.001"/>
<testcase classname="buildbot.test.unit.reporters.test_words.TestContact" name="test_command_commands" time="0.001"/>
<testcase classname="buildbot.test.unit.reporters.test_words.TestContact" name="test_command_force" time="0.001"/>
<testcase classname="buildbot.test.unit.reporters.test_words.TestContact" name="test_command_force_build_no_args" time="0.001"/>
<testcase classname="buildbot.test.unit.reporters.test_words.TestContact" name="test_command_force_no_args" time="0.001"/>
<testcase classname="buildbot.test.unit.reporters.test_words.TestContact" name="test_command_force_wrong_first_arg" time="0.001"/>
<testcase classname="buildbot.test.unit.reporters.test_words.TestContact" name="test_command_hello" time="0.001"/>
<testcase classname="buildbot.test.unit.reporters.test_words.TestContact" name="test_command_help_arg" time="0.001"/>
<testcase classname="buildbot.test.unit.reporters.test_words.TestContact" name="test_command_help_dict_command" time="0.001"/>
<testcase classname="buildbot.test.unit.reporters.test_words.TestContact" name="test_command_help_dict_command_arg" time="0.001"/>
<testcase classname="buildbot.test.unit.reporters.test_words.TestContact" name="test_command_help_dict_command_arg_no_usage" time="0.001"/>
<testcase classname="buildbot.test.unit.reporters.test_words.TestContact" name="test_command_help_dict_command_arg_subarg" time="0.001"/>
<testcase classname="buildbot.test.unit.reporters.test_words.TestContact" name="test_command_help_dict_command_arg_subarg_no_usage" time="0.001"/>
<testcase classname="buildbot.test.unit.reporters.test_words.TestContact" name="test_command_help_dict_command_no_usage" time="0.001"/>
<testcase classname="buildbot.test.unit.reporters.test_words.TestContact" name="test_command_help_no_usage" time="0.001"/>
<testcase classname="buildbot.test.unit.reporters.test_words.TestContact" name="test_command_help_noargs" time="0.001"/>
<testcase classname="buildbot.test.unit.reporters.test_words.TestContact" name="test_command_help_nosuch" time="0.001"/>
<testcase classname="buildbot.test.unit.reporters.test_words.TestContact" name="test_command_last" time="0.001"/>
<testcase classname="buildbot.test.unit.reporters.test_words.TestContact" name="test_command_last_all" time="0.001"/>
<testcase classname="buildbot.test.unit.reporters.test_words.TestContact" name="test_command_last_builder0" time="0.001"/>
<testcase classname="buildbot.test.unit.reporters.test_words.TestContact" name="test_command_last_builder1" time="0.001"/>
<testcase classname="buildbot.test.unit.reporters.test_words.TestContact" name="test_command_last_builder_bogus" time="0.001"/>
<testcase classname="buildbot.test.unit.reporters.test_words.TestContact" name="test_command_list" time="0.001"/>
<testcase classname="buildbot.test.unit.reporters.test_words.TestContact" name="test_command_list_builders" time="0.001"/>
<testcase classname="buildbot.test.unit.reporters.test_words.TestContact" name="test_command_list_builders_connected" time="0.001"/>
<testcase classname="buildbot.test.unit.reporters.test_words.TestContact" name="test_command_list_builders_not_connected" time="0.001"/>
<testcase classname="buildbot.test.unit.reporters.test_words.TestContact" name="test_command_list_changes" time="0.001"/>
<testcase classname="buildbot.test.unit.reporters.test_words.TestContact" name="test_command_list_workers" time="0.001"/>
<testcase classname="buildbot.test.unit.reporters.test_words.TestContact" name="test_command_list_workers_online" time="0.001"/>
<testcase classname="buildbot.test.unit.reporters.test_words.TestContact" name="test_command_notify0" time="0.001"/>
<testcase classname="buildbot.test.unit.reporters.test_words.TestContact" name="test_command_notify_build_better" time="0.001"/>
<testcase classname="buildbot.test.unit.reporters.test_words.TestContact" name="test_command_notify_build_finished" time="0.001"/>
<testcase classname="buildbot.test.unit.reporters.test_words.TestContact" name="test_command_notify_build_problem" time="0.001"/>
<testcase classname="buildbot.test.unit.reporters.test_words.TestContact" name="test_command_notify_build_recovery" time="0.002"/>
<testcase classname="buildbot.test.unit.reporters.test_words.TestContact" name="test_command_notify_build_started" time="0.002"/>
<testcase classname="buildbot.test.unit.reporters.test_words.TestContact" name="test_command_notify_build_started_finished" time="0.001"/>
<testcase classname="buildbot.test.unit.reporters.test_words.TestContact" name="test_command_notify_build_worse" time="0.001"/>
<testcase classname="buildbot.test.unit.reporters.test_words.TestContact" name="test_command_shutdown" time="0.001"/>
<testcase classname="buildbot.test.unit.reporters.test_words.TestContact" name="test_command_shutdown_check_running" time="0.001"/>
<testcase classname="buildbot.test.unit.reporters.test_words.TestContact" name="test_command_shutdown_check_shutting_down" time="0.001"/>
<testcase classname="buildbot.test.unit.reporters.test_words.TestContact" name="test_command_shutdown_now" time="0.001"/>
<testcase classname="buildbot.test.unit.reporters.test_words.TestContact" name="test_command_shutdown_start" time="0.001"/>
<testcase classname="buildbot.test.unit.reporters.test_words.TestContact" name="test_command_shutdown_stop" time="0.001"/>
<testcase classname="buildbot.test.unit.reporters.test_words.TestContact" name="test_command_source" time="0.001"/>
<testcase classname="buildbot.test.unit.reporters.test_words.TestContact" name="test_command_status" time="0.001"/>
<testcase classname="buildbot.test.unit.reporters.test_words.TestContact" name="test_command_status_all" time="0.001"/>
<testcase classname="buildbot.test.unit.reporters.test_words.TestContact" name="test_command_status_bogus" time="0.001"/>
<testcase classname="buildbot.test.unit.reporters.test_words.TestContact" name="test_command_status_builder0_offline" time="0.001"/>
<testcase classname="buildbot.test.unit.reporters.test_words.TestContact" name="test_command_status_builder0_running" time="0.001"/>
<testcase classname="buildbot.test.unit.reporters.test_words.TestContact" name="test_command_status_online" time="0.001"/>
<testcase classname="buildbot.test.unit.reporters.test_words.TestContact" name="test_command_stop" time="0.001"/>
<testcase classname="buildbot.test.unit.reporters.test_words.TestContact" name="test_command_stop_bogus_builder" time="0.002"/>
<testcase classname="buildbot.test.unit.reporters.test_words.TestContact" name="test_command_stop_builder0_1_builds" time="0.003"/>
<testcase classname="buildbot.test.unit.reporters.test_words.TestContact" name="test_command_stop_builder0_no_builds" time="0.001"/>
<testcase classname="buildbot.test.unit.reporters.test_words.TestContact" name="test_command_watch" time="0.002"/>
<testcase classname="buildbot.test.unit.reporters.test_words.TestContact" name="test_command_watch_builder0" time="0.003"/>
<testcase classname="buildbot.test.unit.reporters.test_words.TestContact" name="test_command_watch_builder0_get_notifications" time="0.002"/>
<testcase classname="buildbot.test.unit.reporters.test_words.TestContact" name="test_command_watch_builder0_no_builds" time="0.000"/>
<testcase classname="buildbot.test.unit.reporters.test_words.TestContact" name="test_command_watch_builder1" time="0.002"/>
<testcase classname="buildbot.test.unit.reporters.test_words.TestContact" name="test_getCommandMethod_authz_default" time="0.002"/>
<testcase classname="buildbot.test.unit.reporters.test_words.TestContact" name="test_getCommandMethod_exclamation" time="0.002"/>
<testcase classname="buildbot.test.unit.reporters.test_words.TestContact" name="test_getCommandMethod_exclamation_override" time="0.001"/>
<testcase classname="buildbot.test.unit.reporters.test_words.TestContact" name="test_getCommandMethod_explicit_allow" time="0.004"/>
<testcase classname="buildbot.test.unit.reporters.test_words.TestContact" name="test_getCommandMethod_explicit_default" time="0.000"/>
<testcase classname="buildbot.test.unit.reporters.test_words.TestContact" name="test_getCommandMethod_explicit_disallow" time="0.000"/>
<testcase classname="buildbot.test.unit.reporters.test_words.TestContact" name="test_getCommandMethod_explicit_multi" time="0.000"/>
<testcase classname="buildbot.test.unit.reporters.test_words.TestContact" name="test_handleMessage_UsageError" time="0.001"/>
<testcase classname="buildbot.test.unit.reporters.test_words.TestContact" name="test_handleMessage_exception" time="0.003"/>
<testcase classname="buildbot.test.unit.reporters.test_words.TestContact" name="test_handleMessage_excited" time="0.002"/>
<testcase classname="buildbot.test.unit.reporters.test_words.TestContact" name="test_handleMessage_long_command" time="0.001"/>
<testcase classname="buildbot.test.unit.reporters.test_words.TestContact" name="test_handleMessage_short_command" time="0.002"/>
<testcase classname="buildbot.test.unit.reporters.test_words.TestContact" name="test_notify_missing_worker" time="0.001"/>
<testcase classname="buildbot.test.unit.reporters.test_words.TestContact" name="test_notify_worker_is_back" time="0.001"/>
<testcase classname="buildbot.test.unit.reporters.test_words.TestContact" name="test_unclosed_quote" time="0.001"/>
<testcase classname="buildbot.test.unit.reporters.test_zulip.TestZulipStatusPush" name="test_build_finished" time="0.002"/>
<testcase classname="buildbot.test.unit.reporters.test_zulip.TestZulipStatusPush" name="test_build_started" time="0.002"/>
<testcase classname="buildbot.test.unit.reporters.test_zulip.TestZulipStatusPush" name="test_endpoint_string" time="0.001"/>
<testcase classname="buildbot.test.unit.reporters.test_zulip.TestZulipStatusPush" name="test_invalid_json_data" time="0.002"/>
<testcase classname="buildbot.test.unit.reporters.test_zulip.TestZulipStatusPush" name="test_invalid_token" time="0.002"/>
<testcase classname="buildbot.test.unit.reporters.test_zulip.TestZulipStatusPush" name="test_invalid_url" time="0.002"/>
<testcase classname="buildbot.test.unit.reporters.test_zulip.TestZulipStatusPush" name="test_stream_none" time="0.002"/>
<testcase classname="buildbot.test.unit.reporters.test_zulip.TestZulipStatusPush" name="test_token_string" time="0.002"/>
<testcase classname="buildbot.test.unit.schedulers.test_base.BaseScheduler" name="test_activation" time="0.002"/>
<testcase classname="buildbot.test.unit.schedulers.test_base.BaseScheduler" name="test_activation_activate_fails" time="0.001"/>
<testcase classname="buildbot.test.unit.schedulers.test_base.BaseScheduler" name="test_activation_claim_raises" time="0.001"/>
<testcase classname="buildbot.test.unit.schedulers.test_base.BaseScheduler" name="test_addBuildsetForChanges_codebases_set_multiple_codebases" time="0.001"/>
<testcase classname="buildbot.test.unit.schedulers.test_base.BaseScheduler" name="test_addBuildsetForChanges_multiple_changes_same_codebase" time="0.001"/>
<testcase classname="buildbot.test.unit.schedulers.test_base.BaseScheduler" name="test_addBuildsetForChanges_one_change" time="0.001"/>
<testcase classname="buildbot.test.unit.schedulers.test_base.BaseScheduler" name="test_addBuildsetForChanges_properties" time="0.001"/>
<testcase classname="buildbot.test.unit.schedulers.test_base.BaseScheduler" name="test_addBuildsetForChanges_properties_with_virtual_builders" time="0.001"/>
<testcase classname="buildbot.test.unit.schedulers.test_base.BaseScheduler" name="test_addBuildsetForSourceStamp" time="0.001"/>
<testcase classname="buildbot.test.unit.schedulers.test_base.BaseScheduler" name="test_addBuildsetForSourceStamp_combine_change_properties" time="0.001"/>
<testcase classname="buildbot.test.unit.schedulers.test_base.BaseScheduler" name="test_addBuildsetForSourceStamp_explicit_builderNames" time="0.001"/>
<testcase classname="buildbot.test.unit.schedulers.test_base.BaseScheduler" name="test_addBuildsetForSourceStamp_list_of_renderable_builderNames" time="0.001"/>
<testcase classname="buildbot.test.unit.schedulers.test_base.BaseScheduler" name="test_addBuildsetForSourceStamp_properties" time="0.002"/>
<testcase classname="buildbot.test.unit.schedulers.test_base.BaseScheduler" name="test_addBuildsetForSourceStamp_renderable_builderNames" time="0.001"/>
<testcase classname="buildbot.test.unit.schedulers.test_base.BaseScheduler" name="test_addBuildsetForSourceStampsWithDefaults" time="0.001"/>
<testcase classname="buildbot.test.unit.schedulers.test_base.BaseScheduler" name="test_addBuildsetForSourceStampsWithDefaults_fill_in_codebases" time="0.001"/>
<testcase classname="buildbot.test.unit.schedulers.test_base.BaseScheduler" name="test_addBuildsetForSourceStampsWithDefaults_no_repository" time="0.001"/>
<testcase classname="buildbot.test.unit.schedulers.test_base.BaseScheduler" name="test_addBuildsetForSourceStamps_unknown_codbases" time="0.001"/>
<testcase classname="buildbot.test.unit.schedulers.test_base.BaseScheduler" name="test_change_consumption_change_filter_False" time="0.001"/>
<testcase classname="buildbot.test.unit.schedulers.test_base.BaseScheduler" name="test_change_consumption_change_filter_True" time="0.001"/>
<testcase classname="buildbot.test.unit.schedulers.test_base.BaseScheduler" name="test_change_consumption_change_filter_gerrit_filters_branch_new" time="0.001"/>
<testcase classname="buildbot.test.unit.schedulers.test_base.BaseScheduler" name="test_change_consumption_change_filter_gerrit_filters_branch_new_not_match" time="0.001"/>
<testcase classname="buildbot.test.unit.schedulers.test_base.BaseScheduler" name="test_change_consumption_change_filter_gerrit_ref_updates" time="0.001"/>
<testcase classname="buildbot.test.unit.schedulers.test_base.BaseScheduler" name="test_change_consumption_change_filter_gerrit_ref_updates_with_refs" time="0.001"/>
<testcase classname="buildbot.test.unit.schedulers.test_base.BaseScheduler" name="test_change_consumption_defaults" time="0.001"/>
<testcase classname="buildbot.test.unit.schedulers.test_base.BaseScheduler" name="test_change_consumption_fileIsImportant_False" time="0.001"/>
<testcase classname="buildbot.test.unit.schedulers.test_base.BaseScheduler" name="test_change_consumption_fileIsImportant_False_onlyImportant" time="0.001"/>
<testcase classname="buildbot.test.unit.schedulers.test_base.BaseScheduler" name="test_change_consumption_fileIsImportant_True" time="0.001"/>
<testcase classname="buildbot.test.unit.schedulers.test_base.BaseScheduler" name="test_change_consumption_fileIsImportant_True_onlyImportant" time="0.001"/>
<testcase classname="buildbot.test.unit.schedulers.test_base.BaseScheduler" name="test_change_consumption_fileIsImportant_exception" time="0.002"/>
<testcase classname="buildbot.test.unit.schedulers.test_base.BaseScheduler" name="test_change_consumption_refs_heads_branch_deprecated_0_branch" time="0.001"/>
<testcase classname="buildbot.test.unit.schedulers.test_base.BaseScheduler" name="test_change_consumption_refs_heads_branch_deprecated_1_branch_re" time="0.001"/>
<testcase classname="buildbot.test.unit.schedulers.test_base.BaseScheduler" name="test_change_consumption_refs_heads_branch_deprecated_2_branch_re_no_match" time="0.001"/>
<testcase classname="buildbot.test.unit.schedulers.test_base.BaseScheduler" name="test_constructor_builderNames" time="0.001"/>
<testcase classname="buildbot.test.unit.schedulers.test_base.BaseScheduler" name="test_constructor_builderNames_renderable" time="0.001"/>
<testcase classname="buildbot.test.unit.schedulers.test_base.BaseScheduler" name="test_constructor_builderNames_unicode" time="0.001"/>
<testcase classname="buildbot.test.unit.schedulers.test_base.BaseScheduler" name="test_constructor_codebases_invalid" time="0.001"/>
<testcase classname="buildbot.test.unit.schedulers.test_base.BaseScheduler" name="test_constructor_codebases_valid" time="0.001"/>
<testcase classname="buildbot.test.unit.schedulers.test_base.BaseScheduler" name="test_constructor_codebases_valid_list" time="0.001"/>
<testcase classname="buildbot.test.unit.schedulers.test_base.BaseScheduler" name="test_enabled_callback" time="0.001"/>
<testcase classname="buildbot.test.unit.schedulers.test_base.BaseScheduler" name="test_getCodebaseDict" time="0.001"/>
<testcase classname="buildbot.test.unit.schedulers.test_base.BaseScheduler" name="test_getCodebaseDict_constructedFromList" time="0.001"/>
<testcase classname="buildbot.test.unit.schedulers.test_base.BaseScheduler" name="test_getCodebaseDict_not_found" time="0.001"/>
<testcase classname="buildbot.test.unit.schedulers.test_base.BaseScheduler" name="test_listBuilderNames" time="0.001"/>
<testcase classname="buildbot.test.unit.schedulers.test_base.BaseScheduler" name="test_signature_addBuildsetForChanges" time="0.001"/>
<testcase classname="buildbot.test.unit.schedulers.test_base.BaseScheduler" name="test_signature_addBuildsetForSourceStamps" time="0.001"/>
<testcase classname="buildbot.test.unit.schedulers.test_base.BaseScheduler" name="test_signature_addBuildsetForSourceStampsWithDefaults" time="0.001"/>
<testcase classname="buildbot.test.unit.schedulers.test_base.BaseScheduler" name="test_startConsumingChanges_fileIsImportant_check" time="0.001"/>
<testcase classname="buildbot.test.unit.schedulers.test_basic.AnyBranchScheduler" name="test_constructor_branch_forbidden" time="0.001"/>
<testcase classname="buildbot.test.unit.schedulers.test_basic.AnyBranchScheduler" name="test_gotChange_treeStableTimer_multiple_branches" time="0.001"/>
<testcase classname="buildbot.test.unit.schedulers.test_basic.AnyBranchScheduler" name="test_gotChange_treeStableTimer_multiple_codebases" time="0.001"/>
<testcase classname="buildbot.test.unit.schedulers.test_basic.AnyBranchScheduler" name="test_gotChange_treeStableTimer_multiple_projects" time="0.001"/>
<testcase classname="buildbot.test.unit.schedulers.test_basic.AnyBranchScheduler" name="test_gotChange_treeStableTimer_multiple_repositories" time="0.001"/>
<testcase classname="buildbot.test.unit.schedulers.test_basic.BaseBasicScheduler" name="test_activate_no_treeStableTimer" time="0.001"/>
<testcase classname="buildbot.test.unit.schedulers.test_basic.BaseBasicScheduler" name="test_activate_treeStableTimer" time="0.001"/>
<testcase classname="buildbot.test.unit.schedulers.test_basic.BaseBasicScheduler" name="test_constructor_positional_exception" time="0.001"/>
<testcase classname="buildbot.test.unit.schedulers.test_basic.BaseBasicScheduler" name="test_disabled_activate" time="0.001"/>
<testcase classname="buildbot.test.unit.schedulers.test_basic.BaseBasicScheduler" name="test_disabled_deactivate" time="0.001"/>
<testcase classname="buildbot.test.unit.schedulers.test_basic.BaseBasicScheduler" name="test_enabled_callback" time="0.002"/>
<testcase classname="buildbot.test.unit.schedulers.test_basic.BaseBasicScheduler" name="test_gotChange_no_treeStableTimer_important" time="0.002"/>
<testcase classname="buildbot.test.unit.schedulers.test_basic.BaseBasicScheduler" name="test_gotChange_no_treeStableTimer_unimportant" time="0.002"/>
<testcase classname="buildbot.test.unit.schedulers.test_basic.BaseBasicScheduler" name="test_gotChange_treeStableTimer_important" time="0.002"/>
<testcase classname="buildbot.test.unit.schedulers.test_basic.BaseBasicScheduler" name="test_gotChange_treeStableTimer_sequence" time="0.003"/>
<testcase classname="buildbot.test.unit.schedulers.test_basic.BaseBasicScheduler" name="test_gotChange_treeStableTimer_unimportant" time="0.003"/>
<testcase classname="buildbot.test.unit.schedulers.test_basic.BaseBasicScheduler" name="test_subclass_fileIsImportant" time="0.002"/>
<testcase classname="buildbot.test.unit.schedulers.test_basic.SingleBranchScheduler" name="test_constructor_branch_mandatory" time="0.002"/>
<testcase classname="buildbot.test.unit.schedulers.test_basic.SingleBranchScheduler" name="test_constructor_branches_forbidden" time="0.002"/>
<testcase classname="buildbot.test.unit.schedulers.test_basic.SingleBranchScheduler" name="test_constructor_no_branch_but_filter" time="0.002"/>
<testcase classname="buildbot.test.unit.schedulers.test_basic.SingleBranchScheduler" name="test_constructor_no_reason" time="0.002"/>
<testcase classname="buildbot.test.unit.schedulers.test_basic.SingleBranchScheduler" name="test_constructor_priority_function" time="0.001"/>
<testcase classname="buildbot.test.unit.schedulers.test_basic.SingleBranchScheduler" name="test_constructor_priority_int" time="0.002"/>
<testcase classname="buildbot.test.unit.schedulers.test_basic.SingleBranchScheduler" name="test_constructor_priority_none" time="0.002"/>
<testcase classname="buildbot.test.unit.schedulers.test_basic.SingleBranchScheduler" name="test_constructor_reason" time="0.002"/>
<testcase classname="buildbot.test.unit.schedulers.test_basic.SingleBranchScheduler" name="test_getCodebaseDict" time="0.001"/>
<testcase classname="buildbot.test.unit.schedulers.test_basic.SingleBranchScheduler" name="test_getCodebaseDict_no_createAbsoluteSourceStamps" time="0.001"/>
<testcase classname="buildbot.test.unit.schedulers.test_basic.SingleBranchScheduler" name="test_gotChange_createAbsoluteSourceStamps_older_change" time="0.002"/>
<testcase classname="buildbot.test.unit.schedulers.test_basic.SingleBranchScheduler" name="test_gotChange_createAbsoluteSourceStamps_saveCodebase" time="0.002"/>
<testcase classname="buildbot.test.unit.schedulers.test_basic.SingleBranchScheduler" name="test_gotChange_treeStableTimer_important" time="0.002"/>
<testcase classname="buildbot.test.unit.schedulers.test_basic.SingleBranchScheduler" name="test_gotChange_with_priority" time="0.002"/>
<testcase classname="buildbot.test.unit.schedulers.test_canceller.TestFilterSet" name="test_empty_filter" time="0.000"/>
<testcase classname="buildbot.test.unit.schedulers.test_canceller.TestFilterSet" name="test_multiple_filters_on_builder_0_other_builder" time="0.000"/>
<testcase classname="buildbot.test.unit.schedulers.test_canceller.TestFilterSet" name="test_multiple_filters_on_builder_1_nothing" time="0.000"/>
<testcase classname="buildbot.test.unit.schedulers.test_canceller.TestFilterSet" name="test_multiple_filters_on_builder_2_single1" time="0.000"/>
<testcase classname="buildbot.test.unit.schedulers.test_canceller.TestFilterSet" name="test_multiple_filters_on_builder_3_single2" time="0.000"/>
<testcase classname="buildbot.test.unit.schedulers.test_canceller.TestFilterSet" name="test_multiple_filters_on_builder_4_all" time="0.000"/>
<testcase classname="buildbot.test.unit.schedulers.test_canceller.TestOldBuildCanceller" name="test_build_finished_then_new_commit_no_cancel" time="0.002"/>
<testcase classname="buildbot.test.unit.schedulers.test_canceller.TestOldBuildCanceller" name="test_buildrequest_no_branch" time="0.002"/>
<testcase classname="buildbot.test.unit.schedulers.test_canceller.TestOldBuildCanceller" name="test_cancel_buildrequest_after_new_commit_gerrit_branch_filter" time="0.002"/>
<testcase classname="buildbot.test.unit.schedulers.test_canceller.TestOldBuildCanceller" name="test_cancel_buildrequest_after_new_commit_with_buildrequest" time="0.003"/>
<testcase classname="buildbot.test.unit.schedulers.test_canceller.TestOldBuildCanceller" name="test_no_cancel_buildrequest_after_only_new_commit" time="0.003"/>
<testcase classname="buildbot.test.unit.schedulers.test_canceller.TestOldBuildCanceller" name="test_reconfig_defers_finished_builds_to_after_registration" time="0.003"/>
<testcase classname="buildbot.test.unit.schedulers.test_canceller.TestOldBuildCanceller" name="test_reconfig_no_longer_matched_tracked_build_cancelled" time="0.002"/>
<testcase classname="buildbot.test.unit.schedulers.test_canceller.TestOldBuildCancellerUtils" name="test_check_builders_keys_not_list_0_dict" time="0.002"/>
<testcase classname="buildbot.test.unit.schedulers.test_canceller.TestOldBuildCancellerUtils" name="test_check_builders_keys_not_list_1_list_int" time="0.000"/>
<testcase classname="buildbot.test.unit.schedulers.test_canceller.TestOldBuildCancellerUtils" name="test_check_filters_invalid_uple" time="0.000"/>
<testcase classname="buildbot.test.unit.schedulers.test_canceller.TestOldBuildCancellerUtils" name="test_check_filters_not_dict_0_dict" time="0.000"/>
<testcase classname="buildbot.test.unit.schedulers.test_canceller.TestOldBuildCancellerUtils" name="test_check_filters_not_dict_1_list_list" time="0.000"/>
<testcase classname="buildbot.test.unit.schedulers.test_canceller.TestOldBuildCancellerUtils" name="test_check_filters_valid_0_only_builder" time="0.000"/>
<testcase classname="buildbot.test.unit.schedulers.test_canceller.TestOldBuildCancellerUtils" name="test_check_filters_valid_1_with_codebase" time="0.000"/>
<testcase classname="buildbot.test.unit.schedulers.test_canceller.TestOldBuildCancellerUtils" name="test_check_filters_valid_2_with_repository" time="0.000"/>
<testcase classname="buildbot.test.unit.schedulers.test_canceller.TestOldBuildCancellerUtils" name="test_check_filters_valid_3_with_branch" time="0.000"/>
<testcase classname="buildbot.test.unit.schedulers.test_canceller.TestOldBuildCancellerUtils" name="test_check_filters_valid_4_all" time="0.000"/>
<testcase classname="buildbot.test.unit.schedulers.test_canceller.TestOldBuildrequestTracker" name="test_cancel_buildrequest" time="0.000"/>
<testcase classname="buildbot.test.unit.schedulers.test_canceller.TestOldBuildrequestTracker" name="test_cancel_buildrequest_identical_times" time="0.000"/>
<testcase classname="buildbot.test.unit.schedulers.test_canceller.TestOldBuildrequestTracker" name="test_cancel_multi_codebase_buildrequest_0_first" time="0.000"/>
<testcase classname="buildbot.test.unit.schedulers.test_canceller.TestOldBuildrequestTracker" name="test_cancel_multi_codebase_buildrequest_1_second" time="0.000"/>
<testcase classname="buildbot.test.unit.schedulers.test_canceller.TestOldBuildrequestTracker" name="test_cancel_multi_codebase_buildrequest_ignores_non_matching_change_in_tracked_br" time="0.000"/>
<testcase classname="buildbot.test.unit.schedulers.test_canceller.TestOldBuildrequestTracker" name="test_cancel_multi_codebase_multiple_buildrequests" time="0.000"/>
<testcase classname="buildbot.test.unit.schedulers.test_canceller.TestOldBuildrequestTracker" name="test_cancel_multiple_buildrequests" time="0.000"/>
<testcase classname="buildbot.test.unit.schedulers.test_canceller.TestOldBuildrequestTracker" name="test_multi_codebase_tracks_if_at_least_one_ss_match" time="0.000"/>
<testcase classname="buildbot.test.unit.schedulers.test_canceller.TestOldBuildrequestTracker" name="test_multi_codebase_unknown_branch_not_tracked" time="0.000"/>
<testcase classname="buildbot.test.unit.schedulers.test_canceller.TestOldBuildrequestTracker" name="test_multi_codebase_unmatched_ss_not_tracked" time="0.000"/>
<testcase classname="buildbot.test.unit.schedulers.test_canceller.TestOldBuildrequestTracker" name="test_not_cancel_buildrequest_different_builder" time="0.000"/>
<testcase classname="buildbot.test.unit.schedulers.test_canceller.TestOldBuildrequestTracker" name="test_not_cancel_buildrequest_too_new" time="0.000"/>
<testcase classname="buildbot.test.unit.schedulers.test_canceller.TestOldBuildrequestTracker" name="test_not_cancel_finished_buildrequest" time="0.000"/>
<testcase classname="buildbot.test.unit.schedulers.test_canceller.TestOldBuildrequestTracker" name="test_unknown_branch_not_tracked" time="0.000"/>
<testcase classname="buildbot.test.unit.schedulers.test_canceller.TestOldBuildrequestTracker" name="test_unmatched_ss_not_tracked" time="0.000"/>
<testcase classname="buildbot.test.unit.schedulers.test_canceller_buildset.TestOldBuildCanceller" name="test_cancel_buildrequests_builder_filter_does_not_match" time="0.002"/>
<testcase classname="buildbot.test.unit.schedulers.test_canceller_buildset.TestOldBuildCanceller" name="test_cancel_buildrequests_matches" time="0.002"/>
<testcase classname="buildbot.test.unit.schedulers.test_canceller_buildset.TestOldBuildCanceller" name="test_cancel_buildrequests_matches_any_builder" time="0.001"/>
<testcase classname="buildbot.test.unit.schedulers.test_canceller_buildset.TestOldBuildCanceller" name="test_cancel_buildrequests_not_failure" time="0.001"/>
<testcase classname="buildbot.test.unit.schedulers.test_canceller_buildset.TestOldBuildCanceller" name="test_cancel_buildrequests_ss_filter_does_not_match" time="0.002"/>
<testcase classname="buildbot.test.unit.schedulers.test_dependent.Dependent" name="test_activate" time="0.001"/>
<testcase classname="buildbot.test.unit.schedulers.test_dependent.Dependent" name="test_constructor_string_arg" time="0.001"/>
<testcase classname="buildbot.test.unit.schedulers.test_dependent.Dependent" name="test_disabled_activate" time="0.001"/>
<testcase classname="buildbot.test.unit.schedulers.test_dependent.Dependent" name="test_disabled_deactivate" time="0.001"/>
<testcase classname="buildbot.test.unit.schedulers.test_dependent.Dependent" name="test_enabled_callback" time="0.001"/>
<testcase classname="buildbot.test.unit.schedulers.test_dependent.Dependent" name="test_getUpstreamBuildsets_missing" time="0.001"/>
<testcase classname="buildbot.test.unit.schedulers.test_dependent.Dependent" name="test_related_buildset_FAILURE" time="0.002"/>
<testcase classname="buildbot.test.unit.schedulers.test_dependent.Dependent" name="test_related_buildset_SUCCESS" time="0.002"/>
<testcase classname="buildbot.test.unit.schedulers.test_dependent.Dependent" name="test_related_buildset_WARNINGS" time="0.001"/>
<testcase classname="buildbot.test.unit.schedulers.test_dependent.Dependent" name="test_unrelated_buildset" time="0.001"/>
<testcase classname="buildbot.test.unit.schedulers.test_forcesched.TestForceScheduler" name="test_BooleanParameter_False" time="0.001"/>
<testcase classname="buildbot.test.unit.schedulers.test_forcesched.TestForceScheduler" name="test_BooleanParameter_True" time="0.001"/>
<testcase classname="buildbot.test.unit.schedulers.test_forcesched.TestForceScheduler" name="test_ChoiceParameter" time="0.001"/>
<testcase classname="buildbot.test.unit.schedulers.test_forcesched.TestForceScheduler" name="test_ChoiceParameterError" time="0.001"/>
<testcase classname="buildbot.test.unit.schedulers.test_forcesched.TestForceScheduler" name="test_ChoiceParameterError_notStrict" time="0.001"/>
<testcase classname="buildbot.test.unit.schedulers.test_forcesched.TestForceScheduler" name="test_ChoiceParameterMultiple" time="0.091"/>
<testcase classname="buildbot.test.unit.schedulers.test_forcesched.TestForceScheduler" name="test_ChoiceParameterMultipleError" time="0.002"/>
<testcase classname="buildbot.test.unit.schedulers.test_forcesched.TestForceScheduler" name="test_FileParameter" time="0.001"/>
<testcase classname="buildbot.test.unit.schedulers.test_forcesched.TestForceScheduler" name="test_FileParameter_maxsize" time="0.001"/>
<testcase classname="buildbot.test.unit.schedulers.test_forcesched.TestForceScheduler" name="test_FixedParameter" time="0.001"/>
<testcase classname="buildbot.test.unit.schedulers.test_forcesched.TestForceScheduler" name="test_IntParameter" time="0.001"/>
<testcase classname="buildbot.test.unit.schedulers.test_forcesched.TestForceScheduler" name="test_NestedNestedParameter" time="0.001"/>
<testcase classname="buildbot.test.unit.schedulers.test_forcesched.TestForceScheduler" name="test_NestedParameter" time="0.001"/>
<testcase classname="buildbot.test.unit.schedulers.test_forcesched.TestForceScheduler" name="test_NestedParameter_nullname" time="0.001"/>
<testcase classname="buildbot.test.unit.schedulers.test_forcesched.TestForceScheduler" name="test_PatchParameter" time="0.001"/>
<testcase classname="buildbot.test.unit.schedulers.test_forcesched.TestForceScheduler" name="test_StringParameter" time="0.001"/>
<testcase classname="buildbot.test.unit.schedulers.test_forcesched.TestForceScheduler" name="test_StringParameter_Required" time="0.001"/>
<testcase classname="buildbot.test.unit.schedulers.test_forcesched.TestForceScheduler" name="test_StringParameter_maxsize" time="0.001"/>
<testcase classname="buildbot.test.unit.schedulers.test_forcesched.TestForceScheduler" name="test_UserNameParameter" time="0.001"/>
<testcase classname="buildbot.test.unit.schedulers.test_forcesched.TestForceScheduler" name="test_UserNameParameterIsValidMail" time="0.001"/>
<testcase classname="buildbot.test.unit.schedulers.test_forcesched.TestForceScheduler" name="test_UserNameParameterIsValidMailBis" time="0.001"/>
<testcase classname="buildbot.test.unit.schedulers.test_forcesched.TestForceScheduler" name="test_bad_codebases" time="0.001"/>
<testcase classname="buildbot.test.unit.schedulers.test_forcesched.TestForceScheduler" name="test_bad_reason" time="0.001"/>
<testcase classname="buildbot.test.unit.schedulers.test_forcesched.TestForceScheduler" name="test_bad_username" time="0.001"/>
<testcase classname="buildbot.test.unit.schedulers.test_forcesched.TestForceScheduler" name="test_basicForce" time="0.001"/>
<testcase classname="buildbot.test.unit.schedulers.test_forcesched.TestForceScheduler" name="test_basicForce_reasonString" time="0.001"/>
<testcase classname="buildbot.test.unit.schedulers.test_forcesched.TestForceScheduler" name="test_codebase_with_patch" time="0.001"/>
<testcase classname="buildbot.test.unit.schedulers.test_forcesched.TestForceScheduler" name="test_compare_branch" time="0.001"/>
<testcase classname="buildbot.test.unit.schedulers.test_forcesched.TestForceScheduler" name="test_compare_codebases" time="0.001"/>
<testcase classname="buildbot.test.unit.schedulers.test_forcesched.TestForceScheduler" name="test_compare_project" time="0.001"/>
<testcase classname="buildbot.test.unit.schedulers.test_forcesched.TestForceScheduler" name="test_compare_properties" time="0.001"/>
<testcase classname="buildbot.test.unit.schedulers.test_forcesched.TestForceScheduler" name="test_compare_reason" time="0.001"/>
<testcase classname="buildbot.test.unit.schedulers.test_forcesched.TestForceScheduler" name="test_compare_repository" time="0.001"/>
<testcase classname="buildbot.test.unit.schedulers.test_forcesched.TestForceScheduler" name="test_compare_revision" time="0.001"/>
<testcase classname="buildbot.test.unit.schedulers.test_forcesched.TestForceScheduler" name="test_compare_username" time="0.001"/>
<testcase classname="buildbot.test.unit.schedulers.test_forcesched.TestForceScheduler" name="test_emptystring_name" time="0.001"/>
<testcase classname="buildbot.test.unit.schedulers.test_forcesched.TestForceScheduler" name="test_force_allBuilders" time="0.002"/>
<testcase classname="buildbot.test.unit.schedulers.test_forcesched.TestForceScheduler" name="test_force_someBuilders" time="0.002"/>
<testcase classname="buildbot.test.unit.schedulers.test_forcesched.TestForceScheduler" name="test_good_codebases" time="0.001"/>
<testcase classname="buildbot.test.unit.schedulers.test_forcesched.TestForceScheduler" name="test_integer_builderNames" time="0.001"/>
<testcase classname="buildbot.test.unit.schedulers.test_forcesched.TestForceScheduler" name="test_integer_properties" time="0.001"/>
<testcase classname="buildbot.test.unit.schedulers.test_forcesched.TestForceScheduler" name="test_listofints_builderNames" time="0.001"/>
<testcase classname="buildbot.test.unit.schedulers.test_forcesched.TestForceScheduler" name="test_listofints_properties" time="0.001"/>
<testcase classname="buildbot.test.unit.schedulers.test_forcesched.TestForceScheduler" name="test_listofmixed_builderNames" time="0.001"/>
<testcase classname="buildbot.test.unit.schedulers.test_forcesched.TestForceScheduler" name="test_listofmixed_properties" time="0.001"/>
<testcase classname="buildbot.test.unit.schedulers.test_forcesched.TestForceScheduler" name="test_listofunicode_builderNames" time="0.001"/>
<testcase classname="buildbot.test.unit.schedulers.test_forcesched.TestForceScheduler" name="test_notidentifier_name" time="0.001"/>
<testcase classname="buildbot.test.unit.schedulers.test_forcesched.TestForceScheduler" name="test_notstring_name" time="0.001"/>
<testcase classname="buildbot.test.unit.schedulers.test_forcesched.TestForceScheduler" name="test_novalue_to_parameter" time="0.001"/>
<testcase classname="buildbot.test.unit.schedulers.test_manager.SchedulerManager" name="test_reconfigService_add_and_change_and_remove" time="0.001"/>
<testcase classname="buildbot.test.unit.schedulers.test_manager.SchedulerManager" name="test_reconfigService_class_name_change" time="0.001"/>
<testcase classname="buildbot.test.unit.schedulers.test_manager.SchedulerManager" name="test_reconfigService_not_reconfigurable" time="0.001"/>
<testcase classname="buildbot.test.unit.schedulers.test_manager.SchedulerManager" name="test_reconfigService_not_reconfigurable_no_change" time="0.001"/>
<testcase classname="buildbot.test.unit.schedulers.test_timed_Nightly.Nightly" name="test_constructor_change_filter" time="0.002"/>
<testcase classname="buildbot.test.unit.schedulers.test_timed_Nightly.Nightly" name="test_constructor_month" time="0.001"/>
<testcase classname="buildbot.test.unit.schedulers.test_timed_Nightly.Nightly" name="test_constructor_no_reason" time="0.001"/>
<testcase classname="buildbot.test.unit.schedulers.test_timed_Nightly.Nightly" name="test_constructor_priority_function" time="0.001"/>
<testcase classname="buildbot.test.unit.schedulers.test_timed_Nightly.Nightly" name="test_constructor_priority_int" time="0.001"/>
<testcase classname="buildbot.test.unit.schedulers.test_timed_Nightly.Nightly" name="test_constructor_priority_none" time="0.001"/>
<testcase classname="buildbot.test.unit.schedulers.test_timed_Nightly.Nightly" name="test_constructor_reason" time="0.001"/>
<testcase classname="buildbot.test.unit.schedulers.test_timed_Nightly.Nightly" name="test_disabled_activate" time="0.001"/>
<testcase classname="buildbot.test.unit.schedulers.test_timed_Nightly.Nightly" name="test_disabled_deactivate" time="0.001"/>
<testcase classname="buildbot.test.unit.schedulers.test_timed_Nightly.Nightly" name="test_disabled_start_build" time="0.001"/>
<testcase classname="buildbot.test.unit.schedulers.test_timed_Nightly.Nightly" name="test_enabled_callback" time="0.001"/>
<testcase classname="buildbot.test.unit.schedulers.test_timed_Nightly.Nightly" name="test_iterations_onlyIfChanged_changes_existing_scheduler_update_to_v3_5_0" time="0.002"/>
<testcase classname="buildbot.test.unit.schedulers.test_timed_Nightly.Nightly" name="test_iterations_onlyIfChanged_createAbsoluteSourceStamps_bothChanged" time="0.002"/>
<testcase classname="buildbot.test.unit.schedulers.test_timed_Nightly.Nightly" name="test_iterations_onlyIfChanged_createAbsoluteSourceStamps_oneChanged" time="0.002"/>
<testcase classname="buildbot.test.unit.schedulers.test_timed_Nightly.Nightly" name="test_iterations_onlyIfChanged_createAbsoluteSourceStamps_oneChanged_loadOther" time="0.002"/>
<testcase classname="buildbot.test.unit.schedulers.test_timed_Nightly.Nightly" name="test_iterations_onlyIfChanged_mixed_changes" time="0.001"/>
<testcase classname="buildbot.test.unit.schedulers.test_timed_Nightly.Nightly" name="test_iterations_onlyIfChanged_no_changes_existing_scheduler" time="0.001"/>
<testcase classname="buildbot.test.unit.schedulers.test_timed_Nightly.Nightly" name="test_iterations_onlyIfChanged_no_changes_existing_scheduler_setting_changed" time="0.001"/>
<testcase classname="buildbot.test.unit.schedulers.test_timed_Nightly.Nightly" name="test_iterations_onlyIfChanged_no_changes_existing_scheduler_update_to_v3_5_0" time="0.002"/>
<testcase classname="buildbot.test.unit.schedulers.test_timed_Nightly.Nightly" name="test_iterations_onlyIfChanged_no_changes_force_at" time="0.002"/>
<testcase classname="buildbot.test.unit.schedulers.test_timed_Nightly.Nightly" name="test_iterations_onlyIfChanged_no_changes_new_scheduler" time="0.001"/>
<testcase classname="buildbot.test.unit.schedulers.test_timed_Nightly.Nightly" name="test_iterations_onlyIfChanged_off_branch_changes" time="0.001"/>
<testcase classname="buildbot.test.unit.schedulers.test_timed_Nightly.Nightly" name="test_iterations_onlyIfChanged_unimp_changes_calls_for_new_scheduler" time="0.002"/>
<testcase classname="buildbot.test.unit.schedulers.test_timed_Nightly.Nightly" name="test_iterations_onlyIfChanged_unimp_changes_existing_sched_changed_only_if_changed" time="0.002"/>
<testcase classname="buildbot.test.unit.schedulers.test_timed_Nightly.Nightly" name="test_iterations_onlyIfChanged_unimp_changes_existing_sched_same_only_if_changed" time="0.003"/>
<testcase classname="buildbot.test.unit.schedulers.test_timed_Nightly.Nightly" name="test_iterations_onlyIfChanged_unimp_changes_force_at" time="0.002"/>
<testcase classname="buildbot.test.unit.schedulers.test_timed_Nightly.Nightly" name="test_iterations_simple" time="0.001"/>
<testcase classname="buildbot.test.unit.schedulers.test_timed_Nightly.Nightly" name="test_iterations_simple_with_branch" time="0.002"/>
<testcase classname="buildbot.test.unit.schedulers.test_timed_NightlyBase.NightlyBase" name="test_getNextBuildTime_dayOfMonth_hours_minutes" time="0.001"/>
<testcase classname="buildbot.test.unit.schedulers.test_timed_NightlyBase.NightlyBase" name="test_getNextBuildTime_dayOfMonth_multiple" time="0.001"/>
<testcase classname="buildbot.test.unit.schedulers.test_timed_NightlyBase.NightlyBase" name="test_getNextBuildTime_dayOfMonth_single" time="0.001"/>
<testcase classname="buildbot.test.unit.schedulers.test_timed_NightlyBase.NightlyBase" name="test_getNextBuildTime_dayOfWeek_dayOfMonth" time="0.001"/>
<testcase classname="buildbot.test.unit.schedulers.test_timed_NightlyBase.NightlyBase" name="test_getNextBuildTime_dayOfWeek_multiple_as_string" time="0.001"/>
<testcase classname="buildbot.test.unit.schedulers.test_timed_NightlyBase.NightlyBase" name="test_getNextBuildTime_dayOfWeek_multiple_hours" time="0.001"/>
<testcase classname="buildbot.test.unit.schedulers.test_timed_NightlyBase.NightlyBase" name="test_getNextBuildTime_dayOfWeek_single" time="0.001"/>
<testcase classname="buildbot.test.unit.schedulers.test_timed_NightlyBase.NightlyBase" name="test_getNextBuildTime_dayOfWeek_single_as_string" time="0.001"/>
<testcase classname="buildbot.test.unit.schedulers.test_timed_NightlyBase.NightlyBase" name="test_getNextBuildTime_hourly" time="0.001"/>
<testcase classname="buildbot.test.unit.schedulers.test_timed_NightlyBase.NightlyBase" name="test_getNextBuildTime_hours_minutes" time="0.001"/>
<testcase classname="buildbot.test.unit.schedulers.test_timed_NightlyBase.NightlyBase" name="test_getNextBuildTime_hours_multiple" time="0.001"/>
<testcase classname="buildbot.test.unit.schedulers.test_timed_NightlyBase.NightlyBase" name="test_getNextBuildTime_hours_single" time="0.001"/>
<testcase classname="buildbot.test.unit.schedulers.test_timed_NightlyBase.NightlyBase" name="test_getNextBuildTime_minutes_multiple" time="0.001"/>
<testcase classname="buildbot.test.unit.schedulers.test_timed_NightlyBase.NightlyBase" name="test_getNextBuildTime_minutes_single" time="0.001"/>
<testcase classname="buildbot.test.unit.schedulers.test_timed_NightlyBase.NightlyBase" name="test_getNextBuildTime_minutes_star" time="0.001"/>
<testcase classname="buildbot.test.unit.schedulers.test_timed_NightlyBase.NightlyBase" name="test_getNextBuildTime_month_dayOfMonth" time="0.003">
<failure type="testtools.testresult.real._StringException">testtools.testresult.real._StringException: Traceback (most recent call last):
  File "/Users/plimawal/Desktop/cs489/buildbot-1/.venv/lib/python3.12/site-packages/twisted/internet/defer.py", line 2000, in _inlineCallbacks
    result = context.run(gen.send, result)
  File "/Users/plimawal/Desktop/cs489/buildbot-1/master/buildbot/test/unit/schedulers/test_timed_NightlyBase.py", line 47, in do_getNextBuildTime_test
    self.assertEqual(
  File "/Users/plimawal/Desktop/cs489/buildbot-1/.venv/lib/python3.12/site-packages/twisted/trial/_synctest.py", line 444, in assertEqual
    super().assertEqual(first, second, msg)
  File "/Library/Frameworks/Python.framework/Versions/3.12/lib/python3.12/unittest/case.py", line 885, in assertEqual
    assertion_func(first, second, msg=msg)
  File "/Library/Frameworks/Python.framework/Versions/3.12/lib/python3.12/unittest/case.py", line 878, in _baseAssertEqual
    raise self.failureException(msg)
twisted.trial.unittest.FailTest: 1300165200.0 != 1300161600.0 : (2011, 2, 12, 3, 11) -> time.struct_time(tm_year=2011, tm_mon=3, tm_mday=15, tm_hour=1, tm_min=0, tm_sec=0, tm_wday=1, tm_yday=74, tm_isdst=1) != (2011, 3, 15, 0, 0)

</failure>
</testcase>
<testcase classname="buildbot.test.unit.schedulers.test_timed_NightlyBase.NightlyBase" name="test_getNextBuildTime_month_multiple" time="0.001"/>
<testcase classname="buildbot.test.unit.schedulers.test_timed_NightlyBase.NightlyBase" name="test_getNextBuildTime_month_single" time="0.001"/>
<testcase classname="buildbot.test.unit.schedulers.test_timed_NightlyTriggerable.NightlyTriggerable" name="test_constructor_month" time="0.001"/>
<testcase classname="buildbot.test.unit.schedulers.test_timed_NightlyTriggerable.NightlyTriggerable" name="test_constructor_no_reason" time="0.001"/>
<testcase classname="buildbot.test.unit.schedulers.test_timed_NightlyTriggerable.NightlyTriggerable" name="test_constructor_reason" time="0.001"/>
<testcase classname="buildbot.test.unit.schedulers.test_timed_NightlyTriggerable.NightlyTriggerable" name="test_saveTrigger" time="0.001"/>
<testcase classname="buildbot.test.unit.schedulers.test_timed_NightlyTriggerable.NightlyTriggerable" name="test_saveTrigger_noTrigger" time="0.002"/>
<testcase classname="buildbot.test.unit.schedulers.test_timed_NightlyTriggerable.NightlyTriggerable" name="test_savedProperties" time="0.001"/>
<testcase classname="buildbot.test.unit.schedulers.test_timed_NightlyTriggerable.NightlyTriggerable" name="test_savedTrigger" time="0.001"/>
<testcase classname="buildbot.test.unit.schedulers.test_timed_NightlyTriggerable.NightlyTriggerable" name="test_savedTrigger_dict" time="0.001"/>
<testcase classname="buildbot.test.unit.schedulers.test_timed_NightlyTriggerable.NightlyTriggerable" name="test_timer_noBuilds" time="0.001"/>
<testcase classname="buildbot.test.unit.schedulers.test_timed_NightlyTriggerable.NightlyTriggerable" name="test_timer_oneTrigger" time="0.001"/>
<testcase classname="buildbot.test.unit.schedulers.test_timed_NightlyTriggerable.NightlyTriggerable" name="test_timer_oneTrigger_then_noBuild" time="0.001"/>
<testcase classname="buildbot.test.unit.schedulers.test_timed_NightlyTriggerable.NightlyTriggerable" name="test_timer_oneTriggers_then_oneTrigger" time="0.002"/>
<testcase classname="buildbot.test.unit.schedulers.test_timed_NightlyTriggerable.NightlyTriggerable" name="test_timer_twoTriggers" time="0.001"/>
<testcase classname="buildbot.test.unit.schedulers.test_timed_NightlyTriggerable.NightlyTriggerable" name="test_triggerProperties" time="0.001"/>
<testcase classname="buildbot.test.unit.schedulers.test_timed_Periodic.Periodic" name="test_constructor_invalid" time="0.001"/>
<testcase classname="buildbot.test.unit.schedulers.test_timed_Periodic.Periodic" name="test_constructor_no_reason" time="0.001"/>
<testcase classname="buildbot.test.unit.schedulers.test_timed_Periodic.Periodic" name="test_constructor_reason" time="0.001"/>
<testcase classname="buildbot.test.unit.schedulers.test_timed_Periodic.Periodic" name="test_disabled_activate" time="0.001"/>
<testcase classname="buildbot.test.unit.schedulers.test_timed_Periodic.Periodic" name="test_disabled_deactivate" time="0.001"/>
<testcase classname="buildbot.test.unit.schedulers.test_timed_Periodic.Periodic" name="test_disabled_start_build" time="0.001"/>
<testcase classname="buildbot.test.unit.schedulers.test_timed_Periodic.Periodic" name="test_enabled_callback" time="0.001"/>
<testcase classname="buildbot.test.unit.schedulers.test_timed_Periodic.Periodic" name="test_getNextBuildTime_None" time="0.001"/>
<testcase classname="buildbot.test.unit.schedulers.test_timed_Periodic.Periodic" name="test_getNextBuildTime_given" time="0.001"/>
<testcase classname="buildbot.test.unit.schedulers.test_timed_Periodic.Periodic" name="test_iterations_long" time="0.001"/>
<testcase classname="buildbot.test.unit.schedulers.test_timed_Periodic.Periodic" name="test_iterations_simple" time="0.001"/>
<testcase classname="buildbot.test.unit.schedulers.test_timed_Periodic.Periodic" name="test_iterations_simple_branch" time="0.001"/>
<testcase classname="buildbot.test.unit.schedulers.test_timed_Periodic.Periodic" name="test_iterations_stop_while_starting_build" time="0.001"/>
<testcase classname="buildbot.test.unit.schedulers.test_timed_Periodic.Periodic" name="test_iterations_with_initial_state" time="0.001"/>
<testcase classname="buildbot.test.unit.schedulers.test_timed_Periodic.Periodic" name="test_start_build_error" time="0.002"/>
<testcase classname="buildbot.test.unit.schedulers.test_triggerable.Triggerable" name="test_constructor_explicit_reason" time="0.001"/>
<testcase classname="buildbot.test.unit.schedulers.test_triggerable.Triggerable" name="test_constructor_no_reason" time="0.001"/>
<testcase classname="buildbot.test.unit.schedulers.test_triggerable.Triggerable" name="test_constructor_priority_function" time="0.001"/>
<testcase classname="buildbot.test.unit.schedulers.test_triggerable.Triggerable" name="test_constructor_priority_int" time="0.001"/>
<testcase classname="buildbot.test.unit.schedulers.test_triggerable.Triggerable" name="test_constructor_priority_none" time="0.001"/>
<testcase classname="buildbot.test.unit.schedulers.test_triggerable.Triggerable" name="test_startService_stopService" time="0.001"/>
<testcase classname="buildbot.test.unit.schedulers.test_triggerable.Triggerable" name="test_trigger" time="0.001"/>
<testcase classname="buildbot.test.unit.schedulers.test_triggerable.Triggerable" name="test_trigger_overlapping" time="0.001"/>
<testcase classname="buildbot.test.unit.schedulers.test_triggerable.Triggerable" name="test_trigger_with_reason" time="0.001"/>
<testcase classname="buildbot.test.unit.schedulers.test_triggerable.Triggerable" name="test_trigger_with_sourcestamp" time="0.001"/>
<testcase classname="buildbot.test.unit.schedulers.test_triggerable.Triggerable" name="test_trigger_without_sourcestamps" time="0.001"/>
<testcase classname="buildbot.test.unit.schedulers.test_triggerable.TriggerableInterfaceTest" name="test_interface" time="0.000"/>
<testcase classname="buildbot.test.unit.schedulers.test_trysched.JobdirService" name="test_messageReceived" time="0.004"/>
<testcase classname="buildbot.test.unit.schedulers.test_trysched.TryBase" name="test_disabled_activate" time="0.001"/>
<testcase classname="buildbot.test.unit.schedulers.test_trysched.TryBase" name="test_disabled_deactivate" time="0.001"/>
<testcase classname="buildbot.test.unit.schedulers.test_trysched.TryBase" name="test_enabled_callback" time="0.001"/>
<testcase classname="buildbot.test.unit.schedulers.test_trysched.TryBase" name="test_filterBuilderList_bad" time="0.001"/>
<testcase classname="buildbot.test.unit.schedulers.test_trysched.TryBase" name="test_filterBuilderList_empty" time="0.001"/>
<testcase classname="buildbot.test.unit.schedulers.test_trysched.TryBase" name="test_filterBuilderList_ok" time="0.001"/>
<testcase classname="buildbot.test.unit.schedulers.test_trysched.Try_Jobdir" name="test_handleJobFile" time="0.001"/>
<testcase classname="buildbot.test.unit.schedulers.test_trysched.Try_Jobdir" name="test_handleJobFile_bad_builders" time="0.001"/>
<testcase classname="buildbot.test.unit.schedulers.test_trysched.Try_Jobdir" name="test_handleJobFile_exception" time="0.002"/>
<testcase classname="buildbot.test.unit.schedulers.test_trysched.Try_Jobdir" name="test_handleJobFile_subset_builders" time="0.001"/>
<testcase classname="buildbot.test.unit.schedulers.test_trysched.Try_Jobdir" name="test_handleJobFile_with_invalid_try_properties" time="0.001"/>
<testcase classname="buildbot.test.unit.schedulers.test_trysched.Try_Jobdir" name="test_handleJobFile_with_try_properties" time="0.001"/>
<testcase classname="buildbot.test.unit.schedulers.test_trysched.Try_Jobdir" name="test_parseJob_empty" time="0.001"/>
<testcase classname="buildbot.test.unit.schedulers.test_trysched.Try_Jobdir" name="test_parseJob_invalid" time="0.001"/>
<testcase classname="buildbot.test.unit.schedulers.test_trysched.Try_Jobdir" name="test_parseJob_invalid_version" time="0.001"/>
<testcase classname="buildbot.test.unit.schedulers.test_trysched.Try_Jobdir" name="test_parseJob_longer_than_netstring_MAXLENGTH" time="0.001"/>
<testcase classname="buildbot.test.unit.schedulers.test_trysched.Try_Jobdir" name="test_parseJob_v1" time="0.001"/>
<testcase classname="buildbot.test.unit.schedulers.test_trysched.Try_Jobdir" name="test_parseJob_v1_empty_branch_rev" time="0.001"/>
<testcase classname="buildbot.test.unit.schedulers.test_trysched.Try_Jobdir" name="test_parseJob_v1_no_builders" time="0.001"/>
<testcase classname="buildbot.test.unit.schedulers.test_trysched.Try_Jobdir" name="test_parseJob_v1_no_properties" time="0.001"/>
<testcase classname="buildbot.test.unit.schedulers.test_trysched.Try_Jobdir" name="test_parseJob_v2" time="0.001"/>
<testcase classname="buildbot.test.unit.schedulers.test_trysched.Try_Jobdir" name="test_parseJob_v2_empty_branch_rev" time="0.001"/>
<testcase classname="buildbot.test.unit.schedulers.test_trysched.Try_Jobdir" name="test_parseJob_v2_no_builders" time="0.001"/>
<testcase classname="buildbot.test.unit.schedulers.test_trysched.Try_Jobdir" name="test_parseJob_v2_no_properties" time="0.001"/>
<testcase classname="buildbot.test.unit.schedulers.test_trysched.Try_Jobdir" name="test_parseJob_v3" time="0.001"/>
<testcase classname="buildbot.test.unit.schedulers.test_trysched.Try_Jobdir" name="test_parseJob_v3_empty_branch_rev" time="0.001"/>
<testcase classname="buildbot.test.unit.schedulers.test_trysched.Try_Jobdir" name="test_parseJob_v3_no_builders" time="0.001"/>
<testcase classname="buildbot.test.unit.schedulers.test_trysched.Try_Jobdir" name="test_parseJob_v3_no_properties" time="0.001"/>
<testcase classname="buildbot.test.unit.schedulers.test_trysched.Try_Jobdir" name="test_parseJob_v4" time="0.001"/>
<testcase classname="buildbot.test.unit.schedulers.test_trysched.Try_Jobdir" name="test_parseJob_v4_empty_branch_rev" time="0.001"/>
<testcase classname="buildbot.test.unit.schedulers.test_trysched.Try_Jobdir" name="test_parseJob_v4_no_builders" time="0.001"/>
<testcase classname="buildbot.test.unit.schedulers.test_trysched.Try_Jobdir" name="test_parseJob_v4_no_properties" time="0.001"/>
<testcase classname="buildbot.test.unit.schedulers.test_trysched.Try_Jobdir" name="test_parseJob_v5" time="0.001"/>
<testcase classname="buildbot.test.unit.schedulers.test_trysched.Try_Jobdir" name="test_parseJob_v5_empty_branch_rev" time="0.001"/>
<testcase classname="buildbot.test.unit.schedulers.test_trysched.Try_Jobdir" name="test_parseJob_v5_invalid_json" time="0.001"/>
<testcase classname="buildbot.test.unit.schedulers.test_trysched.Try_Jobdir" name="test_parseJob_v5_no_builders" time="0.001"/>
<testcase classname="buildbot.test.unit.schedulers.test_trysched.Try_Jobdir" name="test_parseJob_v5_no_properties" time="0.001"/>
<testcase classname="buildbot.test.unit.schedulers.test_trysched.Try_Jobdir" name="test_startService_absdir" time="0.006"/>
<testcase classname="buildbot.test.unit.schedulers.test_trysched.Try_Jobdir" name="test_startService_reldir" time="0.006"/>
<testcase classname="buildbot.test.unit.schedulers.test_trysched.Try_Jobdir" name="test_startService_reldir_subdir" time="0.005"/>
<testcase classname="buildbot.test.unit.schedulers.test_trysched.Try_Userpass" name="test_service" time="0.002"/>
<testcase classname="buildbot.test.unit.schedulers.test_trysched.Try_Userpass" name="test_service_but_not_active" time="0.001"/>
<testcase classname="buildbot.test.unit.schedulers.test_trysched.Try_Userpass_Perspective" name="test_getAvailableBuilderNames" time="0.001"/>
<testcase classname="buildbot.test.unit.schedulers.test_trysched.Try_Userpass_Perspective" name="test_perspective_try" time="0.001"/>
<testcase classname="buildbot.test.unit.schedulers.test_trysched.Try_Userpass_Perspective" name="test_perspective_try_bad_builders" time="0.001"/>
<testcase classname="buildbot.test.unit.schedulers.test_trysched.Try_Userpass_Perspective" name="test_perspective_try_bytes" time="0.001"/>
<testcase classname="buildbot.test.unit.schedulers.test_trysched.Try_Userpass_Perspective" name="test_perspective_try_who" time="0.001"/>
<testcase classname="buildbot.test.unit.scripts.test_base.TestIBD" name="test_isBuildmasterDir_matches" time="0.001"/>
<testcase classname="buildbot.test.unit.scripts.test_base.TestIBD" name="test_isBuildmasterDir_no_Application" time="0.002"/>
<testcase classname="buildbot.test.unit.scripts.test_base.TestIBD" name="test_isBuildmasterDir_no_dir" time="0.002"/>
<testcase classname="buildbot.test.unit.scripts.test_base.TestIBD" name="test_isBuildmasterDir_no_file" time="0.001"/>
<testcase classname="buildbot.test.unit.scripts.test_base.TestLoadConfig" name="test_checkBasedir" time="0.004"/>
<testcase classname="buildbot.test.unit.scripts.test_base.TestLoadConfig" name="test_checkBasedir_active_pidfile" time="0.004"/>
<testcase classname="buildbot.test.unit.scripts.test_base.TestLoadConfig" name="test_checkBasedir_bad_pidfile" time="0.003"/>
<testcase classname="buildbot.test.unit.scripts.test_base.TestLoadConfig" name="test_checkBasedir_invalid_maxRotatedFiles" time="0.003"/>
<testcase classname="buildbot.test.unit.scripts.test_base.TestLoadConfig" name="test_checkBasedir_invalid_rotateLength" time="0.004"/>
<testcase classname="buildbot.test.unit.scripts.test_base.TestLoadConfig" name="test_checkBasedir_no_dir" time="0.002"/>
<testcase classname="buildbot.test.unit.scripts.test_base.TestLoadConfig" name="test_checkBasedir_pidfile_kill_error" time="0.002"/>
<testcase classname="buildbot.test.unit.scripts.test_base.TestLoadConfig" name="test_checkBasedir_quiet" time="0.003"/>
<testcase classname="buildbot.test.unit.scripts.test_base.TestLoadConfig" name="test_checkBasedir_stale_pidfile" time="0.003"/>
<testcase classname="buildbot.test.unit.scripts.test_base.TestLoadConfig" name="test_loadConfig" time="0.001"/>
<testcase classname="buildbot.test.unit.scripts.test_base.TestLoadConfig" name="test_loadConfig_ConfigErrors" time="0.001"/>
<testcase classname="buildbot.test.unit.scripts.test_base.TestLoadConfig" name="test_loadConfig_exception" time="0.002"/>
<testcase classname="buildbot.test.unit.scripts.test_base.TestLoadOptionsFile" name="test_loadOptionsFile_subdirs_at_homedir" time="0.005"/>
<testcase classname="buildbot.test.unit.scripts.test_base.TestLoadOptionsFile" name="test_loadOptionsFile_subdirs_at_root" time="0.005"/>
<testcase classname="buildbot.test.unit.scripts.test_base.TestLoadOptionsFile" name="test_loadOptionsFile_subdirs_at_tip" time="0.005"/>
<testcase classname="buildbot.test.unit.scripts.test_base.TestLoadOptionsFile" name="test_loadOptionsFile_subdirs_not_found" time="0.004"/>
<testcase classname="buildbot.test.unit.scripts.test_base.TestLoadOptionsFile" name="test_loadOptionsFile_syntax_error" time="0.004"/>
<testcase classname="buildbot.test.unit.scripts.test_base.TestLoadOptionsFile" name="test_loadOptionsFile_toomany" time="0.004"/>
<testcase classname="buildbot.test.unit.scripts.test_base.TestSubcommandOptions" name="test_bare_subclass" time="0.001"/>
<testcase classname="buildbot.test.unit.scripts.test_base.TestSubcommandOptions" name="test_buildbotOptions" time="0.000"/>
<testcase classname="buildbot.test.unit.scripts.test_base.TestSubcommandOptions" name="test_buildbotOptions_options" time="0.000"/>
<testcase classname="buildbot.test.unit.scripts.test_base.TestSubcommandOptions" name="test_buildbotOptions_override" time="0.000"/>
<testcase classname="buildbot.test.unit.scripts.test_base.TestSubcommandOptions" name="test_requiredOptions" time="0.000"/>
<testcase classname="buildbot.test.unit.scripts.test_base.TestTacFallback" name="test_getConfigFileFromTac" time="0.002"/>
<testcase classname="buildbot.test.unit.scripts.test_base.TestTacFallback" name="test_getConfigFileFromTac_fallback" time="0.003"/>
<testcase classname="buildbot.test.unit.scripts.test_base.TestTacFallback" name="test_getConfigFileFromTac_tacWithoutConfigFile" time="0.002"/>
<testcase classname="buildbot.test.unit.scripts.test_base.TestTacFallback" name="test_getConfigFileFromTac_usingFile" time="0.002"/>
<testcase classname="buildbot.test.unit.scripts.test_checkconfig.TestCheckconfig" name="test_checkconfig_default" time="0.001"/>
<testcase classname="buildbot.test.unit.scripts.test_checkconfig.TestCheckconfig" name="test_checkconfig_given_dir" time="0.001"/>
<testcase classname="buildbot.test.unit.scripts.test_checkconfig.TestCheckconfig" name="test_checkconfig_given_file" time="0.001"/>
<testcase classname="buildbot.test.unit.scripts.test_checkconfig.TestCheckconfig" name="test_checkconfig_quiet" time="0.001"/>
<testcase classname="buildbot.test.unit.scripts.test_checkconfig.TestCheckconfig" name="test_checkconfig_syntaxError_quiet" time="0.001"/>
<testcase classname="buildbot.test.unit.scripts.test_checkconfig.TestConfigLoader" name="test_failure_ImportError" time="0.005"/>
<testcase classname="buildbot.test.unit.scripts.test_checkconfig.TestConfigLoader" name="test_failure_no_workers" time="0.003"/>
<testcase classname="buildbot.test.unit.scripts.test_checkconfig.TestConfigLoader" name="test_success" time="0.003"/>
<testcase classname="buildbot.test.unit.scripts.test_checkconfig.TestConfigLoader" name="test_success_import_package" time="0.006"/>
<testcase classname="buildbot.test.unit.scripts.test_checkconfig.TestConfigLoader" name="test_success_imports" time="0.006"/>
<testcase classname="buildbot.test.unit.scripts.test_cleanupdb.TestCleanupDb" name="test_cleanup_bad_config" time="0.005"/>
<testcase classname="buildbot.test.unit.scripts.test_cleanupdb.TestCleanupDb" name="test_cleanup_bad_config2" time="0.005"/>
<testcase classname="buildbot.test.unit.scripts.test_cleanupdb.TestCleanupDb" name="test_cleanup_not_basedir" time="0.002"/>
<testcase classname="buildbot.test.unit.scripts.test_cleanupdb.TestCleanupDbRealDb" name="test_cleanup" time="0.080"/>
<testcase classname="buildbot.test.unit.scripts.test_cleanupdb.TestCleanupDbRealDb" name="test_cleanup_bad_config" time="0.024"/>
<testcase classname="buildbot.test.unit.scripts.test_cleanupdb.TestCleanupDbRealDb" name="test_cleanup_bad_config2" time="0.031"/>
<testcase classname="buildbot.test.unit.scripts.test_cleanupdb.TestCleanupDbRealDb" name="test_cleanup_not_basedir" time="0.022"/>
<testcase classname="buildbot.test.unit.scripts.test_create_master.TestCreateMaster" name="test_createMaster_loud" time="0.001"/>
<testcase classname="buildbot.test.unit.scripts.test_create_master.TestCreateMaster" name="test_createMaster_quiet" time="0.001"/>
<testcase classname="buildbot.test.unit.scripts.test_create_master.TestCreateMasterFunctions" name="test_createDB" time="0.018"/>
<testcase classname="buildbot.test.unit.scripts.test_create_master.TestCreateMasterFunctions" name="test_makeBasedir" time="0.004"/>
<testcase classname="buildbot.test.unit.scripts.test_create_master.TestCreateMasterFunctions" name="test_makeBasedir_existing" time="0.006"/>
<testcase classname="buildbot.test.unit.scripts.test_create_master.TestCreateMasterFunctions" name="test_makeBasedir_quiet" time="0.002"/>
<testcase classname="buildbot.test.unit.scripts.test_create_master.TestCreateMasterFunctions" name="test_makeSampleConfig" time="0.005"/>
<testcase classname="buildbot.test.unit.scripts.test_create_master.TestCreateMasterFunctions" name="test_makeSampleConfig_db" time="0.002"/>
<testcase classname="buildbot.test.unit.scripts.test_create_master.TestCreateMasterFunctions" name="test_makeTAC" time="0.003"/>
<testcase classname="buildbot.test.unit.scripts.test_create_master.TestCreateMasterFunctions" name="test_makeTAC_existing_correct" time="0.004"/>
<testcase classname="buildbot.test.unit.scripts.test_create_master.TestCreateMasterFunctions" name="test_makeTAC_existing_incorrect" time="0.004"/>
<testcase classname="buildbot.test.unit.scripts.test_create_master.TestCreateMasterFunctions" name="test_makeTAC_existing_incorrect_quiet" time="0.004"/>
<testcase classname="buildbot.test.unit.scripts.test_create_master.TestCreateMasterFunctions" name="test_makeTAC_int_log_count" time="0.007"/>
<testcase classname="buildbot.test.unit.scripts.test_create_master.TestCreateMasterFunctions" name="test_makeTAC_int_log_size" time="0.003"/>
<testcase classname="buildbot.test.unit.scripts.test_create_master.TestCreateMasterFunctions" name="test_makeTAC_no_logrotate" time="0.005"/>
<testcase classname="buildbot.test.unit.scripts.test_create_master.TestCreateMasterFunctions" name="test_makeTAC_none_log_count" time="0.003"/>
<testcase classname="buildbot.test.unit.scripts.test_create_master.TestCreateMasterFunctions" name="test_makeTAC_relocatable" time="0.002"/>
<testcase classname="buildbot.test.unit.scripts.test_create_master.TestCreateMasterFunctions" name="test_makeTAC_str_log_count" time="0.003"/>
<testcase classname="buildbot.test.unit.scripts.test_create_master.TestCreateMasterFunctions" name="test_makeTAC_str_log_size" time="0.003"/>
<testcase classname="buildbot.test.unit.scripts.test_logwatcher.TestLogWatcher" name="test_failure_after_timeout" time="0.001"/>
<testcase classname="buildbot.test.unit.scripts.test_logwatcher.TestLogWatcher" name="test_handles_very_long_lines" time="0.001"/>
<testcase classname="buildbot.test.unit.scripts.test_logwatcher.TestLogWatcher" name="test_handles_very_long_lines_separate_packet" time="0.001"/>
<testcase classname="buildbot.test.unit.scripts.test_logwatcher.TestLogWatcher" name="test_handles_very_long_lines_separate_packet_with_newline" time="0.001"/>
<testcase classname="buildbot.test.unit.scripts.test_logwatcher.TestLogWatcher" name="test_matches_lines" time="0.001"/>
<testcase classname="buildbot.test.unit.scripts.test_logwatcher.TestLogWatcher" name="test_progress_restarts_timeout" time="0.002"/>
<testcase classname="buildbot.test.unit.scripts.test_logwatcher.TestLogWatcher" name="test_start" time="0.001"/>
<testcase classname="buildbot.test.unit.scripts.test_logwatcher.TestLogWatcher" name="test_success_before_timeout" time="0.001"/>
<testcase classname="buildbot.test.unit.scripts.test_restart.TestStop" name="test_restart_clean" time="0.002"/>
<testcase classname="buildbot.test.unit.scripts.test_restart.TestStop" name="test_restart_not_basedir" time="0.001"/>
<testcase classname="buildbot.test.unit.scripts.test_restart.TestStop" name="test_restart_stop_fails" time="0.001"/>
<testcase classname="buildbot.test.unit.scripts.test_restart.TestStop" name="test_restart_stop_succeeds_start_fails" time="0.001"/>
<testcase classname="buildbot.test.unit.scripts.test_restart.TestStop" name="test_restart_succeeds" time="0.001"/>
<testcase classname="buildbot.test.unit.scripts.test_restart.TestStop" name="test_restart_succeeds_quiet" time="0.001"/>
<testcase classname="buildbot.test.unit.scripts.test_runner.TestCheckConfigOptions" name="test_configfile" time="0.000"/>
<testcase classname="buildbot.test.unit.scripts.test_runner.TestCheckConfigOptions" name="test_defaults" time="0.000"/>
<testcase classname="buildbot.test.unit.scripts.test_runner.TestCheckConfigOptions" name="test_quiet" time="0.000"/>
<testcase classname="buildbot.test.unit.scripts.test_runner.TestCheckConfigOptions" name="test_synopsis" time="0.000"/>
<testcase classname="buildbot.test.unit.scripts.test_runner.TestCreateMasterOptions" name="test_config" time="0.001"/>
<testcase classname="buildbot.test.unit.scripts.test_runner.TestCreateMasterOptions" name="test_config_long" time="0.001"/>
<testcase classname="buildbot.test.unit.scripts.test_runner.TestCreateMasterOptions" name="test_db_basedir" time="0.000"/>
<testcase classname="buildbot.test.unit.scripts.test_runner.TestCreateMasterOptions" name="test_db_invalid" time="0.001"/>
<testcase classname="buildbot.test.unit.scripts.test_runner.TestCreateMasterOptions" name="test_db_long" time="0.001"/>
<testcase classname="buildbot.test.unit.scripts.test_runner.TestCreateMasterOptions" name="test_db_quiet" time="0.001"/>
<testcase classname="buildbot.test.unit.scripts.test_runner.TestCreateMasterOptions" name="test_db_quiet_long" time="0.001"/>
<testcase classname="buildbot.test.unit.scripts.test_runner.TestCreateMasterOptions" name="test_defaults" time="0.001"/>
<testcase classname="buildbot.test.unit.scripts.test_runner.TestCreateMasterOptions" name="test_force" time="0.001"/>
<testcase classname="buildbot.test.unit.scripts.test_runner.TestCreateMasterOptions" name="test_force_long" time="0.001"/>
<testcase classname="buildbot.test.unit.scripts.test_runner.TestCreateMasterOptions" name="test_log_count" time="0.000"/>
<testcase classname="buildbot.test.unit.scripts.test_runner.TestCreateMasterOptions" name="test_log_count_long" time="0.001"/>
<testcase classname="buildbot.test.unit.scripts.test_runner.TestCreateMasterOptions" name="test_log_count_none" time="0.001"/>
<testcase classname="buildbot.test.unit.scripts.test_runner.TestCreateMasterOptions" name="test_log_count_noninteger" time="0.000"/>
<testcase classname="buildbot.test.unit.scripts.test_runner.TestCreateMasterOptions" name="test_log_size" time="0.001"/>
<testcase classname="buildbot.test.unit.scripts.test_runner.TestCreateMasterOptions" name="test_log_size_long" time="0.001"/>
<testcase classname="buildbot.test.unit.scripts.test_runner.TestCreateMasterOptions" name="test_log_size_noninteger" time="0.000"/>
<testcase classname="buildbot.test.unit.scripts.test_runner.TestCreateMasterOptions" name="test_no_logrotate" time="0.001"/>
<testcase classname="buildbot.test.unit.scripts.test_runner.TestCreateMasterOptions" name="test_no_logrotate_long" time="0.001"/>
<testcase classname="buildbot.test.unit.scripts.test_runner.TestCreateMasterOptions" name="test_relocatable" time="0.001"/>
<testcase classname="buildbot.test.unit.scripts.test_runner.TestCreateMasterOptions" name="test_relocatable_long" time="0.001"/>
<testcase classname="buildbot.test.unit.scripts.test_runner.TestCreateMasterOptions" name="test_synopsis" time="0.000"/>
<testcase classname="buildbot.test.unit.scripts.test_runner.TestOptions" name="test_defaults" time="0.000"/>
<testcase classname="buildbot.test.unit.scripts.test_runner.TestOptions" name="test_verbose" time="0.000"/>
<testcase classname="buildbot.test.unit.scripts.test_runner.TestOptions" name="test_version" time="0.000"/>
<testcase classname="buildbot.test.unit.scripts.test_runner.TestReconfigOptions" name="test_defaults" time="0.001"/>
<testcase classname="buildbot.test.unit.scripts.test_runner.TestReconfigOptions" name="test_quiet" time="0.001"/>
<testcase classname="buildbot.test.unit.scripts.test_runner.TestReconfigOptions" name="test_synopsis" time="0.000"/>
<testcase classname="buildbot.test.unit.scripts.test_runner.TestResetartOptions" name="test_defaults" time="0.001"/>
<testcase classname="buildbot.test.unit.scripts.test_runner.TestResetartOptions" name="test_nodaemon" time="0.000"/>
<testcase classname="buildbot.test.unit.scripts.test_runner.TestResetartOptions" name="test_quiet" time="0.001"/>
<testcase classname="buildbot.test.unit.scripts.test_runner.TestResetartOptions" name="test_synopsis" time="0.000"/>
<testcase classname="buildbot.test.unit.scripts.test_runner.TestRun" name="test_run_bad" time="0.001"/>
<testcase classname="buildbot.test.unit.scripts.test_runner.TestRun" name="test_run_good" time="0.000"/>
<testcase classname="buildbot.test.unit.scripts.test_runner.TestSendChangeOptions" name="test_auth_getpass" time="0.000"/>
<testcase classname="buildbot.test.unit.scripts.test_runner.TestSendChangeOptions" name="test_comments_overrides_logfile" time="0.000"/>
<testcase classname="buildbot.test.unit.scripts.test_runner.TestSendChangeOptions" name="test_config_file" time="0.000"/>
<testcase classname="buildbot.test.unit.scripts.test_runner.TestSendChangeOptions" name="test_defaults" time="0.000"/>
<testcase classname="buildbot.test.unit.scripts.test_runner.TestSendChangeOptions" name="test_files" time="0.000"/>
<testcase classname="buildbot.test.unit.scripts.test_runner.TestSendChangeOptions" name="test_invalid_master" time="0.000"/>
<testcase classname="buildbot.test.unit.scripts.test_runner.TestSendChangeOptions" name="test_invalid_vcs" time="0.000"/>
<testcase classname="buildbot.test.unit.scripts.test_runner.TestSendChangeOptions" name="test_invalid_when" time="0.000"/>
<testcase classname="buildbot.test.unit.scripts.test_runner.TestSendChangeOptions" name="test_logfile" time="0.001"/>
<testcase classname="buildbot.test.unit.scripts.test_runner.TestSendChangeOptions" name="test_logfile_stdin" time="0.000"/>
<testcase classname="buildbot.test.unit.scripts.test_runner.TestSendChangeOptions" name="test_long_args" time="0.000"/>
<testcase classname="buildbot.test.unit.scripts.test_runner.TestSendChangeOptions" name="test_properties" time="0.000"/>
<testcase classname="buildbot.test.unit.scripts.test_runner.TestSendChangeOptions" name="test_properties_with_colon" time="0.000"/>
<testcase classname="buildbot.test.unit.scripts.test_runner.TestSendChangeOptions" name="test_revision_file" time="0.001"/>
<testcase classname="buildbot.test.unit.scripts.test_runner.TestSendChangeOptions" name="test_short_args" time="0.000"/>
<testcase classname="buildbot.test.unit.scripts.test_runner.TestSendChangeOptions" name="test_synopsis" time="0.000"/>
<testcase classname="buildbot.test.unit.scripts.test_runner.TestStartOptions" name="test_defaults" time="0.000"/>
<testcase classname="buildbot.test.unit.scripts.test_runner.TestStartOptions" name="test_nodaemon" time="0.000"/>
<testcase classname="buildbot.test.unit.scripts.test_runner.TestStartOptions" name="test_quiet" time="0.001"/>
<testcase classname="buildbot.test.unit.scripts.test_runner.TestStartOptions" name="test_synopsis" time="0.000"/>
<testcase classname="buildbot.test.unit.scripts.test_runner.TestStopOptions" name="test_defaults" time="0.000"/>
<testcase classname="buildbot.test.unit.scripts.test_runner.TestStopOptions" name="test_quiet" time="0.000"/>
<testcase classname="buildbot.test.unit.scripts.test_runner.TestStopOptions" name="test_synopsis" time="0.000"/>
<testcase classname="buildbot.test.unit.scripts.test_runner.TestTryOptions" name="test_config_builders" time="0.000"/>
<testcase classname="buildbot.test.unit.scripts.test_runner.TestTryOptions" name="test_config_builders_override" time="0.000"/>
<testcase classname="buildbot.test.unit.scripts.test_runner.TestTryOptions" name="test_config_masterstatus" time="0.000"/>
<testcase classname="buildbot.test.unit.scripts.test_runner.TestTryOptions" name="test_config_masterstatus_override" time="0.001"/>
<testcase classname="buildbot.test.unit.scripts.test_runner.TestTryOptions" name="test_config_old_names" time="0.000"/>
<testcase classname="buildbot.test.unit.scripts.test_runner.TestTryOptions" name="test_config_options" time="0.000"/>
<testcase classname="buildbot.test.unit.scripts.test_runner.TestTryOptions" name="test_defaults" time="0.000"/>
<testcase classname="buildbot.test.unit.scripts.test_runner.TestTryOptions" name="test_options_long" time="0.000"/>
<testcase classname="buildbot.test.unit.scripts.test_runner.TestTryOptions" name="test_options_short" time="0.000"/>
<testcase classname="buildbot.test.unit.scripts.test_runner.TestTryOptions" name="test_patchlevel_inval" time="0.000"/>
<testcase classname="buildbot.test.unit.scripts.test_runner.TestTryOptions" name="test_pb_withInvalidMaster" time="0.000"/>
<testcase classname="buildbot.test.unit.scripts.test_runner.TestTryOptions" name="test_pb_withNoMaster" time="0.000"/>
<testcase classname="buildbot.test.unit.scripts.test_runner.TestTryOptions" name="test_properties" time="0.000"/>
<testcase classname="buildbot.test.unit.scripts.test_runner.TestTryOptions" name="test_properties_builders_multiple" time="0.000"/>
<testcase classname="buildbot.test.unit.scripts.test_runner.TestTryOptions" name="test_properties_commas" time="0.000"/>
<testcase classname="buildbot.test.unit.scripts.test_runner.TestTryOptions" name="test_properties_equals" time="0.000"/>
<testcase classname="buildbot.test.unit.scripts.test_runner.TestTryOptions" name="test_properties_multiple_opts" time="0.000"/>
<testcase classname="buildbot.test.unit.scripts.test_runner.TestTryOptions" name="test_property" time="0.000"/>
<testcase classname="buildbot.test.unit.scripts.test_runner.TestTryOptions" name="test_property_and_properties" time="0.001"/>
<testcase classname="buildbot.test.unit.scripts.test_runner.TestTryOptions" name="test_property_commas" time="0.000"/>
<testcase classname="buildbot.test.unit.scripts.test_runner.TestTryOptions" name="test_property_equals" time="0.000"/>
<testcase classname="buildbot.test.unit.scripts.test_runner.TestTryOptions" name="test_property_multiple_opts" time="0.000"/>
<testcase classname="buildbot.test.unit.scripts.test_runner.TestTryOptions" name="test_synopsis" time="0.000"/>
<testcase classname="buildbot.test.unit.scripts.test_runner.TestTryServerOptions" name="test_defaults" time="0.000"/>
<testcase classname="buildbot.test.unit.scripts.test_runner.TestTryServerOptions" name="test_synopsis" time="0.000"/>
<testcase classname="buildbot.test.unit.scripts.test_runner.TestTryServerOptions" name="test_with_jobdir" time="0.000"/>
<testcase classname="buildbot.test.unit.scripts.test_runner.TestUpgradeMasterOptions" name="test_defaults" time="0.001"/>
<testcase classname="buildbot.test.unit.scripts.test_runner.TestUpgradeMasterOptions" name="test_long" time="0.001"/>
<testcase classname="buildbot.test.unit.scripts.test_runner.TestUpgradeMasterOptions" name="test_short" time="0.001"/>
<testcase classname="buildbot.test.unit.scripts.test_runner.TestUpgradeMasterOptions" name="test_synopsis" time="0.000"/>
<testcase classname="buildbot.test.unit.scripts.test_runner.TestUserOptions" name="test_bad_operation" time="0.000"/>
<testcase classname="buildbot.test.unit.scripts.test_runner.TestUserOptions" name="test_config_master" time="0.000"/>
<testcase classname="buildbot.test.unit.scripts.test_runner.TestUserOptions" name="test_config_master_override" time="0.000"/>
<testcase classname="buildbot.test.unit.scripts.test_runner.TestUserOptions" name="test_config_user_params" time="0.000"/>
<testcase classname="buildbot.test.unit.scripts.test_runner.TestUserOptions" name="test_defaults" time="0.000"/>
<testcase classname="buildbot.test.unit.scripts.test_runner.TestUserOptions" name="test_id_with_add" time="0.000"/>
<testcase classname="buildbot.test.unit.scripts.test_runner.TestUserOptions" name="test_ids" time="0.000"/>
<testcase classname="buildbot.test.unit.scripts.test_runner.TestUserOptions" name="test_ids_with_add" time="0.000"/>
<testcase classname="buildbot.test.unit.scripts.test_runner.TestUserOptions" name="test_ids_with_update" time="0.000"/>
<testcase classname="buildbot.test.unit.scripts.test_runner.TestUserOptions" name="test_info" time="0.000"/>
<testcase classname="buildbot.test.unit.scripts.test_runner.TestUserOptions" name="test_info_multiple" time="0.000"/>
<testcase classname="buildbot.test.unit.scripts.test_runner.TestUserOptions" name="test_info_only_id" time="0.000"/>
<testcase classname="buildbot.test.unit.scripts.test_runner.TestUserOptions" name="test_info_with_get" time="0.000"/>
<testcase classname="buildbot.test.unit.scripts.test_runner.TestUserOptions" name="test_info_with_id" time="0.000"/>
<testcase classname="buildbot.test.unit.scripts.test_runner.TestUserOptions" name="test_info_with_remove" time="0.000"/>
<testcase classname="buildbot.test.unit.scripts.test_runner.TestUserOptions" name="test_invalid_bb_password" time="0.000"/>
<testcase classname="buildbot.test.unit.scripts.test_runner.TestUserOptions" name="test_invalid_bb_username" time="0.000"/>
<testcase classname="buildbot.test.unit.scripts.test_runner.TestUserOptions" name="test_invalid_info" time="0.000"/>
<testcase classname="buildbot.test.unit.scripts.test_runner.TestUserOptions" name="test_invalid_master" time="0.000"/>
<testcase classname="buildbot.test.unit.scripts.test_runner.TestUserOptions" name="test_master" time="0.000"/>
<testcase classname="buildbot.test.unit.scripts.test_runner.TestUserOptions" name="test_no_ids_found_update" time="0.000"/>
<testcase classname="buildbot.test.unit.scripts.test_runner.TestUserOptions" name="test_no_ids_info" time="0.000"/>
<testcase classname="buildbot.test.unit.scripts.test_runner.TestUserOptions" name="test_no_master" time="0.000"/>
<testcase classname="buildbot.test.unit.scripts.test_runner.TestUserOptions" name="test_no_operation" time="0.000"/>
<testcase classname="buildbot.test.unit.scripts.test_runner.TestUserOptions" name="test_no_password" time="0.000"/>
<testcase classname="buildbot.test.unit.scripts.test_runner.TestUserOptions" name="test_no_username" time="0.000"/>
<testcase classname="buildbot.test.unit.scripts.test_runner.TestUserOptions" name="test_synopsis" time="0.000"/>
<testcase classname="buildbot.test.unit.scripts.test_runner.TestUserOptions" name="test_update_no_bb_password" time="0.000"/>
<testcase classname="buildbot.test.unit.scripts.test_runner.TestUserOptions" name="test_update_no_bb_username" time="0.000"/>
<testcase classname="buildbot.test.unit.scripts.test_sendchange.TestSendChange" name="test_sendchange_config" time="0.000"/>
<testcase classname="buildbot.test.unit.scripts.test_sendchange.TestSendChange" name="test_sendchange_config_no_codebase" time="0.000"/>
<testcase classname="buildbot.test.unit.scripts.test_sendchange.TestSendChange" name="test_sendchange_fail" time="0.001"/>
<testcase classname="buildbot.test.unit.scripts.test_start.TestStart" name="test_start" time="0.941"/>
<testcase classname="buildbot.test.unit.scripts.test_start.TestStart" name="test_start_no_daemon" time="0.678"/>
<testcase classname="buildbot.test.unit.scripts.test_start.TestStart" name="test_start_not_basedir" time="0.003"/>
<testcase classname="buildbot.test.unit.scripts.test_start.TestStart" name="test_start_quiet" time="0.702"/>
<testcase classname="buildbot.test.unit.scripts.test_start.TestStart" name="test_start_timeout_nonnumber" time="0.893"/>
<testcase classname="buildbot.test.unit.scripts.test_start.TestStart" name="test_start_timeout_number_string" time="0.917"/>
<testcase classname="buildbot.test.unit.scripts.test_stop.TestStop" name="test_stop_clean" time="0.004"/>
<testcase classname="buildbot.test.unit.scripts.test_stop.TestStop" name="test_stop_dead_but_pidfile_remains" time="0.005"/>
<testcase classname="buildbot.test.unit.scripts.test_stop.TestStop" name="test_stop_dead_but_pidfile_remains_quiet" time="0.003"/>
<testcase classname="buildbot.test.unit.scripts.test_stop.TestStop" name="test_stop_dead_but_pidfile_remains_wait" time="0.004"/>
<testcase classname="buildbot.test.unit.scripts.test_stop.TestStop" name="test_stop_not_running" time="0.002"/>
<testcase classname="buildbot.test.unit.scripts.test_stop.TestStop" name="test_stop_slow_death_config_wait_timeout" time="0.002"/>
<testcase classname="buildbot.test.unit.scripts.test_stop.TestStop" name="test_stop_slow_death_wait" time="0.002"/>
<testcase classname="buildbot.test.unit.scripts.test_stop.TestStop" name="test_stop_slow_death_wait_timeout" time="0.004"/>
<testcase classname="buildbot.test.unit.scripts.test_trycmd.TestStatusLog" name="test_trycmd" time="0.001"/>
<testcase classname="buildbot.test.unit.scripts.test_tryserver.TestStatusLog" name="test_trycmd" time="0.002"/>
<testcase classname="buildbot.test.unit.scripts.test_upgrade_master.TestUpgradeMaster" name="test_upgradeMaster_bad_basedir" time="0.001"/>
<testcase classname="buildbot.test.unit.scripts.test_upgrade_master.TestUpgradeMaster" name="test_upgradeMaster_bad_config" time="0.001"/>
<testcase classname="buildbot.test.unit.scripts.test_upgrade_master.TestUpgradeMaster" name="test_upgradeMaster_quiet" time="0.001"/>
<testcase classname="buildbot.test.unit.scripts.test_upgrade_master.TestUpgradeMaster" name="test_upgradeMaster_success" time="0.001"/>
<testcase classname="buildbot.test.unit.scripts.test_upgrade_master.TestUpgradeMasterFunctions" name="test_installFile" time="0.002"/>
<testcase classname="buildbot.test.unit.scripts.test_upgrade_master.TestUpgradeMasterFunctions" name="test_installFile_existing_differing" time="0.003"/>
<testcase classname="buildbot.test.unit.scripts.test_upgrade_master.TestUpgradeMasterFunctions" name="test_installFile_existing_differing_overwrite" time="0.003"/>
<testcase classname="buildbot.test.unit.scripts.test_upgrade_master.TestUpgradeMasterFunctions" name="test_installFile_existing_same" time="0.003"/>
<testcase classname="buildbot.test.unit.scripts.test_upgrade_master.TestUpgradeMasterFunctions" name="test_installFile_quiet" time="0.004"/>
<testcase classname="buildbot.test.unit.scripts.test_upgrade_master.TestUpgradeMasterFunctions" name="test_upgradeDatabase" time="0.004"/>
<testcase classname="buildbot.test.unit.scripts.test_upgrade_master.TestUpgradeMasterFunctions" name="test_upgradeDatabaseFail" time="0.003"/>
<testcase classname="buildbot.test.unit.scripts.test_upgrade_master.TestUpgradeMasterFunctions" name="test_upgradeFiles" time="0.002"/>
<testcase classname="buildbot.test.unit.scripts.test_upgrade_master.TestUpgradeMasterFunctions" name="test_upgradeFiles_notice_about_unused_public_html" time="0.002"/>
<testcase classname="buildbot.test.unit.scripts.test_user.TestUsersClient" name="test_usersclient_send_add_info" time="0.000"/>
<testcase classname="buildbot.test.unit.scripts.test_user.TestUsersClient" name="test_usersclient_send_ids" time="0.000"/>
<testcase classname="buildbot.test.unit.scripts.test_user.TestUsersClient" name="test_usersclient_send_update_info" time="0.000"/>
<testcase classname="buildbot.test.unit.steps.test_cmake.TestCMake" name="test_cmake" time="0.002"/>
<testcase classname="buildbot.test.unit.steps.test_cmake.TestCMake" name="test_cmake_interpolation" time="0.003"/>
<testcase classname="buildbot.test.unit.steps.test_cmake.TestCMake" name="test_definitions" time="0.002"/>
<testcase classname="buildbot.test.unit.steps.test_cmake.TestCMake" name="test_definitions_interpolation" time="0.002"/>
<testcase classname="buildbot.test.unit.steps.test_cmake.TestCMake" name="test_definitions_renderable" time="0.001"/>
<testcase classname="buildbot.test.unit.steps.test_cmake.TestCMake" name="test_definitions_type" time="0.001"/>
<testcase classname="buildbot.test.unit.steps.test_cmake.TestCMake" name="test_environment" time="0.002"/>
<testcase classname="buildbot.test.unit.steps.test_cmake.TestCMake" name="test_generator" time="0.002"/>
<testcase classname="buildbot.test.unit.steps.test_cmake.TestCMake" name="test_generator_interpolation" time="0.001"/>
<testcase classname="buildbot.test.unit.steps.test_cmake.TestCMake" name="test_options" time="0.001"/>
<testcase classname="buildbot.test.unit.steps.test_cmake.TestCMake" name="test_options_interpolation" time="0.001"/>
<testcase classname="buildbot.test.unit.steps.test_cmake.TestCMake" name="test_options_path" time="0.002"/>
<testcase classname="buildbot.test.unit.steps.test_cmake.TestCMake" name="test_options_type" time="0.002"/>
<testcase classname="buildbot.test.unit.steps.test_cmake.TestCMake" name="test_path" time="0.002"/>
<testcase classname="buildbot.test.unit.steps.test_cmake.TestCMake" name="test_path_interpolation" time="0.001"/>
<testcase classname="buildbot.test.unit.steps.test_cmake.TestCMake" name="test_plain" time="0.001"/>
<testcase classname="buildbot.test.unit.steps.test_cppcheck.Cppcheck" name="test_command_failure" time="0.002"/>
<testcase classname="buildbot.test.unit.steps.test_cppcheck.Cppcheck" name="test_errors" time="0.002"/>
<testcase classname="buildbot.test.unit.steps.test_cppcheck.Cppcheck" name="test_renderables" time="0.002"/>
<testcase classname="buildbot.test.unit.steps.test_cppcheck.Cppcheck" name="test_success" time="0.002"/>
<testcase classname="buildbot.test.unit.steps.test_cppcheck.Cppcheck" name="test_warnings" time="0.002"/>
<testcase classname="buildbot.test.unit.steps.test_http.TestHTTPStep" name="test_404" time="0.004"/>
<testcase classname="buildbot.test.unit.steps.test_http.TestHTTPStep" name="test_connection_error" time="0.003"/>
<testcase classname="buildbot.test.unit.steps.test_http.TestHTTPStep" name="test_get" time="0.004"/>
<testcase classname="buildbot.test.unit.steps.test_http.TestHTTPStep" name="test_header" time="0.003"/>
<testcase classname="buildbot.test.unit.steps.test_http.TestHTTPStep" name="test_hidden_header" time="0.003"/>
<testcase classname="buildbot.test.unit.steps.test_http.TestHTTPStep" name="test_method_not_allowed" time="0.004"/>
<testcase classname="buildbot.test.unit.steps.test_http.TestHTTPStep" name="test_params_renderable" time="0.004"/>
<testcase classname="buildbot.test.unit.steps.test_http.TestHTTPStep" name="test_post" time="0.003"/>
<testcase classname="buildbot.test.unit.steps.test_http.TestHTTPStep" name="test_post_data" time="0.003"/>
<testcase classname="buildbot.test.unit.steps.test_http.TestHTTPStep" name="test_post_data_dict" time="0.003"/>
<testcase classname="buildbot.test.unit.steps.test_http.TestHTTPStep" name="test_redirect" time="0.004"/>
<testcase classname="buildbot.test.unit.steps.test_master.TestAssert" name="test_eq_fail" time="0.002"/>
<testcase classname="buildbot.test.unit.steps.test_master.TestAssert" name="test_eq_pass" time="0.001"/>
<testcase classname="buildbot.test.unit.steps.test_master.TestAssert" name="test_renderable_fail" time="0.001"/>
<testcase classname="buildbot.test.unit.steps.test_master.TestAssert" name="test_renderable_pass" time="0.001"/>
<testcase classname="buildbot.test.unit.steps.test_master.TestLogRenderable" name="test_simple" time="0.001"/>
<testcase classname="buildbot.test.unit.steps.test_master.TestMasterShellCommand" name="test_constr_args" time="0.002"/>
<testcase classname="buildbot.test.unit.steps.test_master.TestMasterShellCommand" name="test_constr_args_descriptionSuffix" time="0.002"/>
<testcase classname="buildbot.test.unit.steps.test_master.TestMasterShellCommand" name="test_env_list_subst" time="0.002"/>
<testcase classname="buildbot.test.unit.steps.test_master.TestMasterShellCommand" name="test_env_subst" time="0.002"/>
<testcase classname="buildbot.test.unit.steps.test_master.TestMasterShellCommand" name="test_prop_rendering" time="0.003"/>
<testcase classname="buildbot.test.unit.steps.test_master.TestSetProperty" name="test_simple" time="0.002"/>
<testcase classname="buildbot.test.unit.steps.test_master.TestsSetProperties" name="test_basic" time="0.002"/>
<testcase classname="buildbot.test.unit.steps.test_master.TestsSetProperties" name="test_renderable" time="0.001"/>
<testcase classname="buildbot.test.unit.steps.test_master.TestsSetProperties" name="test_renderer" time="0.001"/>
<testcase classname="buildbot.test.unit.steps.test_maxq.TestShellCommandExecution" name="test_failures" time="0.002"/>
<testcase classname="buildbot.test.unit.steps.test_maxq.TestShellCommandExecution" name="test_nonzero_rc_no_failures" time="0.002"/>
<testcase classname="buildbot.test.unit.steps.test_maxq.TestShellCommandExecution" name="test_success" time="0.002"/>
<testcase classname="buildbot.test.unit.steps.test_maxq.TestShellCommandExecution" name="test_testdir_required" time="0.001"/>
<testcase classname="buildbot.test.unit.steps.test_mswin.TestRobocopySimple" name="test_codes" time="0.022"/>
<testcase classname="buildbot.test.unit.steps.test_mswin.TestRobocopySimple" name="test_copy" time="0.002"/>
<testcase classname="buildbot.test.unit.steps.test_mswin.TestRobocopySimple" name="test_copy_files" time="0.002"/>
<testcase classname="buildbot.test.unit.steps.test_mswin.TestRobocopySimple" name="test_copy_recursive" time="0.002"/>
<testcase classname="buildbot.test.unit.steps.test_mswin.TestRobocopySimple" name="test_custom_opts" time="0.001"/>
<testcase classname="buildbot.test.unit.steps.test_mswin.TestRobocopySimple" name="test_exclude" time="0.002"/>
<testcase classname="buildbot.test.unit.steps.test_mswin.TestRobocopySimple" name="test_exclude_dirs" time="0.002"/>
<testcase classname="buildbot.test.unit.steps.test_mswin.TestRobocopySimple" name="test_exclude_files" time="0.002"/>
<testcase classname="buildbot.test.unit.steps.test_mswin.TestRobocopySimple" name="test_mirror_files" time="0.002"/>
<testcase classname="buildbot.test.unit.steps.test_mswin.TestRobocopySimple" name="test_move_files" time="0.001"/>
<testcase classname="buildbot.test.unit.steps.test_mswin.TestRobocopySimple" name="test_verbose_output" time="0.001"/>
<testcase classname="buildbot.test.unit.steps.test_package_deb_lintian.TestDebLintian" name="test_no_fileloc" time="0.001"/>
<testcase classname="buildbot.test.unit.steps.test_package_deb_lintian.TestDebLintian" name="test_success" time="0.002"/>
<testcase classname="buildbot.test.unit.steps.test_package_deb_lintian.TestDebLintian" name="test_success_suppressTags" time="0.002"/>
<testcase classname="buildbot.test.unit.steps.test_package_deb_pbuilder.TestDebCowbuilder" name="test_buildonly" time="0.003"/>
<testcase classname="buildbot.test.unit.steps.test_package_deb_pbuilder.TestDebCowbuilder" name="test_buildonly_reg" time="0.002"/>
<testcase classname="buildbot.test.unit.steps.test_package_deb_pbuilder.TestDebCowbuilder" name="test_new" time="0.002"/>
<testcase classname="buildbot.test.unit.steps.test_package_deb_pbuilder.TestDebCowbuilder" name="test_update" time="0.002"/>
<testcase classname="buildbot.test.unit.steps.test_package_deb_pbuilder.TestDebCowbuilder" name="test_update_reg" time="0.002"/>
<testcase classname="buildbot.test.unit.steps.test_package_deb_pbuilder.TestDebPbuilder" name="test_architecture" time="0.002"/>
<testcase classname="buildbot.test.unit.steps.test_package_deb_pbuilder.TestDebPbuilder" name="test_architecture_renderable" time="0.002"/>
<testcase classname="buildbot.test.unit.steps.test_package_deb_pbuilder.TestDebPbuilder" name="test_basetgz" time="0.002"/>
<testcase classname="buildbot.test.unit.steps.test_package_deb_pbuilder.TestDebPbuilder" name="test_buildonly_and_property" time="0.002"/>
<testcase classname="buildbot.test.unit.steps.test_package_deb_pbuilder.TestDebPbuilder" name="test_components" time="0.002"/>
<testcase classname="buildbot.test.unit.steps.test_package_deb_pbuilder.TestDebPbuilder" name="test_distribution" time="0.002"/>
<testcase classname="buildbot.test.unit.steps.test_package_deb_pbuilder.TestDebPbuilder" name="test_extrapackages" time="0.002"/>
<testcase classname="buildbot.test.unit.steps.test_package_deb_pbuilder.TestDebPbuilder" name="test_keyring" time="0.002"/>
<testcase classname="buildbot.test.unit.steps.test_package_deb_pbuilder.TestDebPbuilder" name="test_mirror" time="0.002"/>
<testcase classname="buildbot.test.unit.steps.test_package_deb_pbuilder.TestDebPbuilder" name="test_new" time="0.002"/>
<testcase classname="buildbot.test.unit.steps.test_package_deb_pbuilder.TestDebPbuilder" name="test_othermirror" time="0.002"/>
<testcase classname="buildbot.test.unit.steps.test_package_deb_pbuilder.TestDebPbuilder" name="test_update" time="0.002"/>
<testcase classname="buildbot.test.unit.steps.test_package_deb_pbuilder.TestUbuCowbuilder" name="test_new" time="0.002"/>
<testcase classname="buildbot.test.unit.steps.test_package_deb_pbuilder.TestUbuCowbuilder" name="test_no_distribution" time="0.001"/>
<testcase classname="buildbot.test.unit.steps.test_package_deb_pbuilder.TestUbuPbuilder" name="test_new" time="0.002"/>
<testcase classname="buildbot.test.unit.steps.test_package_deb_pbuilder.TestUbuPbuilder" name="test_no_distribution" time="0.001"/>
<testcase classname="buildbot.test.unit.steps.test_package_rpm_mock.TestMock" name="test_class_attrs" time="0.001"/>
<testcase classname="buildbot.test.unit.steps.test_package_rpm_mock.TestMock" name="test_no_root" time="0.002"/>
<testcase classname="buildbot.test.unit.steps.test_package_rpm_mock.TestMock" name="test_resultdir_renderable" time="0.002"/>
<testcase classname="buildbot.test.unit.steps.test_package_rpm_mock.TestMock" name="test_resultdir_success" time="0.096"/>
<testcase classname="buildbot.test.unit.steps.test_package_rpm_mock.TestMock" name="test_success" time="0.002"/>
<testcase classname="buildbot.test.unit.steps.test_package_rpm_mock.TestMockBuildSRPM" name="test_no_spec" time="0.001"/>
<testcase classname="buildbot.test.unit.steps.test_package_rpm_mock.TestMockBuildSRPM" name="test_success" time="0.002"/>
<testcase classname="buildbot.test.unit.steps.test_package_rpm_mock.TestMockRebuild" name="test_no_srpm" time="0.001"/>
<testcase classname="buildbot.test.unit.steps.test_package_rpm_mock.TestMockRebuild" name="test_success" time="0.002"/>
<testcase classname="buildbot.test.unit.steps.test_package_rpm_rpmbuild.RpmBuild" name="test_autoRelease" time="0.002"/>
<testcase classname="buildbot.test.unit.steps.test_package_rpm_rpmbuild.RpmBuild" name="test_define" time="0.002"/>
<testcase classname="buildbot.test.unit.steps.test_package_rpm_rpmbuild.RpmBuild" name="test_define_none" time="0.002"/>
<testcase classname="buildbot.test.unit.steps.test_package_rpm_rpmbuild.RpmBuild" name="test_no_specfile" time="0.001"/>
<testcase classname="buildbot.test.unit.steps.test_package_rpm_rpmbuild.RpmBuild" name="test_renderable_dist" time="0.002"/>
<testcase classname="buildbot.test.unit.steps.test_package_rpm_rpmbuild.RpmBuild" name="test_success" time="0.002"/>
<testcase classname="buildbot.test.unit.steps.test_package_rpm_rpmlint.TestRpmLint" name="test_config_success" time="0.002"/>
<testcase classname="buildbot.test.unit.steps.test_package_rpm_rpmlint.TestRpmLint" name="test_fileloc_success" time="0.002"/>
<testcase classname="buildbot.test.unit.steps.test_package_rpm_rpmlint.TestRpmLint" name="test_success" time="0.002"/>
<testcase classname="buildbot.test.unit.steps.test_python.BuildEPYDoc" name="test_sample" time="0.002"/>
<testcase classname="buildbot.test.unit.steps.test_python.PyFlakes" name="test_content_in_header" time="0.002"/>
<testcase classname="buildbot.test.unit.steps.test_python.PyFlakes" name="test_importstar" time="0.002"/>
<testcase classname="buildbot.test.unit.steps.test_python.PyFlakes" name="test_misc" time="0.002"/>
<testcase classname="buildbot.test.unit.steps.test_python.PyFlakes" name="test_redefs" time="0.002"/>
<testcase classname="buildbot.test.unit.steps.test_python.PyFlakes" name="test_success" time="0.001"/>
<testcase classname="buildbot.test.unit.steps.test_python.PyFlakes" name="test_undefined" time="0.002"/>
<testcase classname="buildbot.test.unit.steps.test_python.PyFlakes" name="test_unused" time="0.002"/>
<testcase classname="buildbot.test.unit.steps.test_python.PyLint" name="test_error_0_no_results" time="0.002"/>
<testcase classname="buildbot.test.unit.steps.test_python.PyLint" name="test_error_1_with_results" time="0.002"/>
<testcase classname="buildbot.test.unit.steps.test_python.PyLint" name="test_failure" time="0.002"/>
<testcase classname="buildbot.test.unit.steps.test_python.PyLint" name="test_failure_zero_returncode" time="0.002"/>
<testcase classname="buildbot.test.unit.steps.test_python.PyLint" name="test_header_output" time="0.001"/>
<testcase classname="buildbot.test.unit.steps.test_python.PyLint" name="test_regex_parseable" time="0.002"/>
<testcase classname="buildbot.test.unit.steps.test_python.PyLint" name="test_regex_parseable_1_3_1" time="0.002"/>
<testcase classname="buildbot.test.unit.steps.test_python.PyLint" name="test_regex_parseable_ids_0_no_results" time="0.002"/>
<testcase classname="buildbot.test.unit.steps.test_python.PyLint" name="test_regex_parseable_ids_1_with_results" time="0.002"/>
<testcase classname="buildbot.test.unit.steps.test_python.PyLint" name="test_regex_text" time="0.002"/>
<testcase classname="buildbot.test.unit.steps.test_python.PyLint" name="test_regex_text_0_24" time="0.002"/>
<testcase classname="buildbot.test.unit.steps.test_python.PyLint" name="test_regex_text_1_3_1" time="0.001"/>
<testcase classname="buildbot.test.unit.steps.test_python.PyLint" name="test_regex_text_2_0_0_0_no_results" time="0.002"/>
<testcase classname="buildbot.test.unit.steps.test_python.PyLint" name="test_regex_text_2_0_0_1_with_results" time="0.002"/>
<testcase classname="buildbot.test.unit.steps.test_python.PyLint" name="test_regex_text_2_0_0_invalid_line" time="0.002"/>
<testcase classname="buildbot.test.unit.steps.test_python.PyLint" name="test_regex_text_ids" time="0.002"/>
<testcase classname="buildbot.test.unit.steps.test_python.PyLint" name="test_regex_text_ids_0_24" time="0.002"/>
<testcase classname="buildbot.test.unit.steps.test_python.PyLint" name="test_success_0_no_results" time="0.002"/>
<testcase classname="buildbot.test.unit.steps.test_python.PyLint" name="test_success_1_with_results" time="0.002"/>
<testcase classname="buildbot.test.unit.steps.test_python.TestSphinx" name="test_bad_mode" time="0.001"/>
<testcase classname="buildbot.test.unit.steps.test_python.TestSphinx" name="test_builddir_required" time="0.001"/>
<testcase classname="buildbot.test.unit.steps.test_python.TestSphinx" name="test_constr_args" time="0.002"/>
<testcase classname="buildbot.test.unit.steps.test_python.TestSphinx" name="test_failure" time="0.001"/>
<testcase classname="buildbot.test.unit.steps.test_python.TestSphinx" name="test_nochange" time="0.001"/>
<testcase classname="buildbot.test.unit.steps.test_python.TestSphinx" name="test_strict_warnings" time="0.001"/>
<testcase classname="buildbot.test.unit.steps.test_python.TestSphinx" name="test_success" time="0.002"/>
<testcase classname="buildbot.test.unit.steps.test_python.TestSphinx" name="test_warnings" time="0.002"/>
<testcase classname="buildbot.test.unit.steps.test_python_twisted.HLint" name="test_command_failure" time="0.002"/>
<testcase classname="buildbot.test.unit.steps.test_python_twisted.HLint" name="test_custom_python" time="0.002"/>
<testcase classname="buildbot.test.unit.steps.test_python_twisted.HLint" name="test_no_build_files" time="0.002"/>
<testcase classname="buildbot.test.unit.steps.test_python_twisted.HLint" name="test_run_ok" time="0.002"/>
<testcase classname="buildbot.test.unit.steps.test_python_twisted.HLint" name="test_run_warnings" time="0.001"/>
<testcase classname="buildbot.test.unit.steps.test_python_twisted.RemovePYCs" name="test_run_ok" time="0.001"/>
<testcase classname="buildbot.test.unit.steps.test_python_twisted.Trial" name="test_build_changed_files" time="0.002"/>
<testcase classname="buildbot.test.unit.steps.test_python_twisted.Trial" name="test_custom_python" time="0.002"/>
<testcase classname="buildbot.test.unit.steps.test_python_twisted.Trial" name="test_custom_reactor" time="0.001"/>
<testcase classname="buildbot.test.unit.steps.test_python_twisted.Trial" name="test_randomly" time="0.002"/>
<testcase classname="buildbot.test.unit.steps.test_python_twisted.Trial" name="test_renderable_properties" time="0.003"/>
<testcase classname="buildbot.test.unit.steps.test_python_twisted.Trial" name="test_run_env" time="0.002"/>
<testcase classname="buildbot.test.unit.steps.test_python_twisted.Trial" name="test_run_env_nodupe" time="0.002"/>
<testcase classname="buildbot.test.unit.steps.test_python_twisted.Trial" name="test_run_env_supplement" time="0.002"/>
<testcase classname="buildbot.test.unit.steps.test_python_twisted.Trial" name="test_run_failure" time="0.002"/>
<testcase classname="buildbot.test.unit.steps.test_python_twisted.Trial" name="test_run_jobs" time="0.002"/>
<testcase classname="buildbot.test.unit.steps.test_python_twisted.Trial" name="test_run_jobsProperties" time="0.002"/>
<testcase classname="buildbot.test.unit.steps.test_python_twisted.Trial" name="test_run_plural" time="0.002"/>
<testcase classname="buildbot.test.unit.steps.test_python_twisted.Trial" name="test_run_singular" time="0.002"/>
<testcase classname="buildbot.test.unit.steps.test_python_twisted.Trial" name="test_test_path_env_python_path" time="0.002"/>
<testcase classname="buildbot.test.unit.steps.test_renderable.TestBuildStepNameIsRenderable" name="test_name_is_renderable" time="0.002"/>
<testcase classname="buildbot.test.unit.steps.test_shell.Compile" name="test_class_args" time="0.002"/>
<testcase classname="buildbot.test.unit.steps.test_shell.Configure" name="test_class_attrs" time="0.001"/>
<testcase classname="buildbot.test.unit.steps.test_shell.Configure" name="test_run" time="0.002"/>
<testcase classname="buildbot.test.unit.steps.test_shell.PerlModuleTest" name="test_new_version_failed" time="0.002"/>
<testcase classname="buildbot.test.unit.steps.test_shell.PerlModuleTest" name="test_new_version_success" time="0.002"/>
<testcase classname="buildbot.test.unit.steps.test_shell.PerlModuleTest" name="test_new_version_warnings" time="0.002"/>
<testcase classname="buildbot.test.unit.steps.test_shell.PerlModuleTest" name="test_old_version_failed" time="0.002"/>
<testcase classname="buildbot.test.unit.steps.test_shell.PerlModuleTest" name="test_old_version_success" time="0.002"/>
<testcase classname="buildbot.test.unit.steps.test_shell.SetPropertyDeprecation" name="test_deprecated" time="0.001"/>
<testcase classname="buildbot.test.unit.steps.test_shell.SetPropertyFromCommand" name="test_constructor_conflict" time="0.001"/>
<testcase classname="buildbot.test.unit.steps.test_shell.SetPropertyFromCommand" name="test_error_both_set" time="0.001"/>
<testcase classname="buildbot.test.unit.steps.test_shell.SetPropertyFromCommand" name="test_error_none_set" time="0.006"/>
<testcase classname="buildbot.test.unit.steps.test_shell.SetPropertyFromCommand" name="test_renderable_workdir" time="0.008"/>
<testcase classname="buildbot.test.unit.steps.test_shell.SetPropertyFromCommand" name="test_run_extract_fn" time="0.004"/>
<testcase classname="buildbot.test.unit.steps.test_shell.SetPropertyFromCommand" name="test_run_extract_fn_cmdfail" time="0.003"/>
<testcase classname="buildbot.test.unit.steps.test_shell.SetPropertyFromCommand" name="test_run_extract_fn_cmdfail_empty" time="0.002"/>
<testcase classname="buildbot.test.unit.steps.test_shell.SetPropertyFromCommand" name="test_run_extract_fn_exception" time="0.004"/>
<testcase classname="buildbot.test.unit.steps.test_shell.SetPropertyFromCommand" name="test_run_failure" time="0.003"/>
<testcase classname="buildbot.test.unit.steps.test_shell.SetPropertyFromCommand" name="test_run_property" time="0.002"/>
<testcase classname="buildbot.test.unit.steps.test_shell.SetPropertyFromCommand" name="test_run_property_no_strip" time="0.002"/>
<testcase classname="buildbot.test.unit.steps.test_shell.Test" name="test_describe_done" time="0.002"/>
<testcase classname="buildbot.test.unit.steps.test_shell.Test" name="test_describe_done_no_total" time="0.003"/>
<testcase classname="buildbot.test.unit.steps.test_shell.Test" name="test_describe_not_done" time="0.002"/>
<testcase classname="buildbot.test.unit.steps.test_shell.Test" name="test_setTestResults" time="0.005"/>
<testcase classname="buildbot.test.unit.steps.test_shell.TestShellCommandExecution" name="test_constructor_args_validity" time="0.002"/>
<testcase classname="buildbot.test.unit.steps.test_shell.TestShellCommandExecution" name="test_doStepIf_False" time="0.003"/>
<testcase classname="buildbot.test.unit.steps.test_shell.TestShellCommandExecution" name="test_missing_command_error" time="0.001"/>
<testcase classname="buildbot.test.unit.steps.test_shell.TestShellCommandExecution" name="test_run_decodeRC" time="0.002"/>
<testcase classname="buildbot.test.unit.steps.test_shell.TestShellCommandExecution" name="test_run_decodeRC_defaults" time="0.002"/>
<testcase classname="buildbot.test.unit.steps.test_shell.TestShellCommandExecution" name="test_run_decodeRC_defaults_0_is_failure" time="0.003"/>
<testcase classname="buildbot.test.unit.steps.test_shell.TestShellCommandExecution" name="test_run_env" time="0.003"/>
<testcase classname="buildbot.test.unit.steps.test_shell.TestShellCommandExecution" name="test_run_env_override" time="0.002"/>
<testcase classname="buildbot.test.unit.steps.test_shell.TestShellCommandExecution" name="test_run_list" time="0.002"/>
<testcase classname="buildbot.test.unit.steps.test_shell.TestShellCommandExecution" name="test_run_nested_command" time="0.002"/>
<testcase classname="buildbot.test.unit.steps.test_shell.TestShellCommandExecution" name="test_run_nested_deeply_command" time="0.002"/>
<testcase classname="buildbot.test.unit.steps.test_shell.TestShellCommandExecution" name="test_run_nested_description" time="0.002"/>
<testcase classname="buildbot.test.unit.steps.test_shell.TestShellCommandExecution" name="test_run_nested_empty_command" time="0.002"/>
<testcase classname="buildbot.test.unit.steps.test_shell.TestShellCommandExecution" name="test_run_simple" time="0.002"/>
<testcase classname="buildbot.test.unit.steps.test_shell.TestShellCommandExecution" name="test_run_usePTY" time="0.002"/>
<testcase classname="buildbot.test.unit.steps.test_shell.TestShellCommandExecution" name="test_run_usePTY_old_worker" time="0.004"/>
<testcase classname="buildbot.test.unit.steps.test_shell.TreeSize" name="test_run_failed" time="0.003"/>
<testcase classname="buildbot.test.unit.steps.test_shell.TreeSize" name="test_run_misparsed" time="0.002"/>
<testcase classname="buildbot.test.unit.steps.test_shell.TreeSize" name="test_run_success" time="0.002"/>
<testcase classname="buildbot.test.unit.steps.test_shell.WarningCountingShellCommand" name="test_custom_pattern" time="0.002"/>
<testcase classname="buildbot.test.unit.steps.test_shell.WarningCountingShellCommand" name="test_default_pattern" time="0.002"/>
<testcase classname="buildbot.test.unit.steps.test_shell.WarningCountingShellCommand" name="test_fail_with_warnings" time="0.002"/>
<testcase classname="buildbot.test.unit.steps.test_shell.WarningCountingShellCommand" name="test_maxWarnCount" time="0.002"/>
<testcase classname="buildbot.test.unit.steps.test_shell.WarningCountingShellCommand" name="test_missing_command_error" time="0.001"/>
<testcase classname="buildbot.test.unit.steps.test_shell.WarningCountingShellCommand" name="test_no_warnings" time="0.002"/>
<testcase classname="buildbot.test.unit.steps.test_shell.WarningCountingShellCommand" name="test_suppressions" time="0.002"/>
<testcase classname="buildbot.test.unit.steps.test_shell.WarningCountingShellCommand" name="test_suppressions_addSuppression" time="0.002"/>
<testcase classname="buildbot.test.unit.steps.test_shell.WarningCountingShellCommand" name="test_suppressions_directories" time="0.003"/>
<testcase classname="buildbot.test.unit.steps.test_shell.WarningCountingShellCommand" name="test_suppressions_directories_custom" time="0.003"/>
<testcase classname="buildbot.test.unit.steps.test_shell.WarningCountingShellCommand" name="test_suppressions_linenos" time="0.002"/>
<testcase classname="buildbot.test.unit.steps.test_shell.WarningCountingShellCommand" name="test_suppressions_suppressionsParameter" time="0.002"/>
<testcase classname="buildbot.test.unit.steps.test_shell.WarningCountingShellCommand" name="test_suppressions_suppressionsRenderableParameter" time="0.002"/>
<testcase classname="buildbot.test.unit.steps.test_shell.WarningCountingShellCommand" name="test_suppressions_warningExtractor_exc" time="0.003"/>
<testcase classname="buildbot.test.unit.steps.test_shell.WarningCountingShellCommand" name="test_warnExtractFromRegexpGroups" time="0.001"/>
<testcase classname="buildbot.test.unit.steps.test_shell.WarningCountingShellCommand" name="test_warn_with_decoderc" time="0.002"/>
<testcase classname="buildbot.test.unit.steps.test_shellsequence.TestOneShellCommand" name="testMultipleCommandsAreRun" time="0.002"/>
<testcase classname="buildbot.test.unit.steps.test_shellsequence.TestOneShellCommand" name="testSanityChecksAreDoneInRuntimeWhenDynamicCmdIsInvalidShellArg" time="0.001"/>
<testcase classname="buildbot.test.unit.steps.test_shellsequence.TestOneShellCommand" name="testSanityChecksAreDoneInRuntimeWhenDynamicCmdIsNone" time="0.002"/>
<testcase classname="buildbot.test.unit.steps.test_shellsequence.TestOneShellCommand" name="testSanityChecksAreDoneInRuntimeWhenDynamicCmdIsString" time="0.002"/>
<testcase classname="buildbot.test.unit.steps.test_shellsequence.TestOneShellCommand" name="testSequenceStopsOnHaltOnFailure" time="0.002"/>
<testcase classname="buildbot.test.unit.steps.test_shellsequence.TestOneShellCommand" name="testShellArgInput" time="0.002"/>
<testcase classname="buildbot.test.unit.steps.test_shellsequence.TestOneShellCommand" name="testShellArgsAreRendered" time="0.004"/>
<testcase classname="buildbot.test.unit.steps.test_shellsequence.TestOneShellCommand" name="testShellArgsAreRenderedAnewAtEachBuild" time="0.011"/>
<testcase classname="buildbot.test.unit.steps.test_shellsequence.TestOneShellCommand" name="testSkipWorks" time="0.005"/>
<testcase classname="buildbot.test.unit.steps.test_shellsequence.TestOneShellCommand" name="testWarningWins" time="0.003"/>
<testcase classname="buildbot.test.unit.steps.test_shellsequence.TestOneShellCommand" name="test_shell_arg_error_logfile_and_logname" time="0.002"/>
<testcase classname="buildbot.test.unit.steps.test_shellsequence.TestOneShellCommand" name="test_shell_arg_warn_deprecated_logfile" time="0.001"/>
<testcase classname="buildbot.test.unit.steps.test_source_base_Source.TestSource" name="test_old_style_source_step_throws_exception" time="0.003"/>
<testcase classname="buildbot.test.unit.steps.test_source_base_Source.TestSource" name="test_start_alwaysUseLatest_False" time="0.004"/>
<testcase classname="buildbot.test.unit.steps.test_source_base_Source.TestSource" name="test_start_alwaysUseLatest_False_binary_patch" time="0.006"/>
<testcase classname="buildbot.test.unit.steps.test_source_base_Source.TestSource" name="test_start_alwaysUseLatest_False_no_branch" time="0.010"/>
<testcase classname="buildbot.test.unit.steps.test_source_base_Source.TestSource" name="test_start_alwaysUseLatest_True" time="0.003"/>
<testcase classname="buildbot.test.unit.steps.test_source_base_Source.TestSource" name="test_start_no_codebase" time="0.002"/>
<testcase classname="buildbot.test.unit.steps.test_source_base_Source.TestSource" name="test_start_with_codebase" time="0.002"/>
<testcase classname="buildbot.test.unit.steps.test_source_base_Source.TestSource" name="test_start_with_codebase_and_descriptionSuffix" time="0.003"/>
<testcase classname="buildbot.test.unit.steps.test_source_base_Source.TestSourceAttrGroup" name="test_attrgroup_getattr" time="0.001"/>
<testcase classname="buildbot.test.unit.steps.test_source_base_Source.TestSourceAttrGroup" name="test_attrgroup_hasattr" time="0.001"/>
<testcase classname="buildbot.test.unit.steps.test_source_base_Source.TestSourceAttrGroup" name="test_attrgroup_listattr" time="0.001"/>
<testcase classname="buildbot.test.unit.steps.test_source_base_Source.TestSourceDescription" name="test_constructor_args_lists" time="0.001"/>
<testcase classname="buildbot.test.unit.steps.test_source_base_Source.TestSourceDescription" name="test_constructor_args_strings" time="0.001"/>
<testcase classname="buildbot.test.unit.steps.test_source_bzr.TestBzr" name="test_bad_checkout" time="0.004"/>
<testcase classname="buildbot.test.unit.steps.test_source_bzr.TestBzr" name="test_bad_revparse" time="0.004"/>
<testcase classname="buildbot.test.unit.steps.test_source_bzr.TestBzr" name="test_mode_full" time="0.005"/>
<testcase classname="buildbot.test.unit.steps.test_source_bzr.TestBzr" name="test_mode_full_clean" time="0.003"/>
<testcase classname="buildbot.test.unit.steps.test_source_bzr.TestBzr" name="test_mode_full_clean_patch" time="0.003"/>
<testcase classname="buildbot.test.unit.steps.test_source_bzr.TestBzr" name="test_mode_full_clean_patch_worker_2_16" time="0.003"/>
<testcase classname="buildbot.test.unit.steps.test_source_bzr.TestBzr" name="test_mode_full_clean_patched" time="0.003"/>
<testcase classname="buildbot.test.unit.steps.test_source_bzr.TestBzr" name="test_mode_full_clean_revision" time="0.004"/>
<testcase classname="buildbot.test.unit.steps.test_source_bzr.TestBzr" name="test_mode_full_clobber" time="0.003"/>
<testcase classname="buildbot.test.unit.steps.test_source_bzr.TestBzr" name="test_mode_full_clobber_baseurl" time="0.003"/>
<testcase classname="buildbot.test.unit.steps.test_source_bzr.TestBzr" name="test_mode_full_clobber_baseurl_nodefault" time="0.003"/>
<testcase classname="buildbot.test.unit.steps.test_source_bzr.TestBzr" name="test_mode_full_clobber_retry" time="0.003"/>
<testcase classname="buildbot.test.unit.steps.test_source_bzr.TestBzr" name="test_mode_full_clobber_revision" time="0.003"/>
<testcase classname="buildbot.test.unit.steps.test_source_bzr.TestBzr" name="test_mode_full_copy" time="0.006"/>
<testcase classname="buildbot.test.unit.steps.test_source_bzr.TestBzr" name="test_mode_full_fresh" time="0.006"/>
<testcase classname="buildbot.test.unit.steps.test_source_bzr.TestBzr" name="test_mode_full_revision" time="0.006"/>
<testcase classname="buildbot.test.unit.steps.test_source_bzr.TestBzr" name="test_mode_full_timeout" time="0.004"/>
<testcase classname="buildbot.test.unit.steps.test_source_bzr.TestBzr" name="test_mode_full_win32path" time="0.003"/>
<testcase classname="buildbot.test.unit.steps.test_source_bzr.TestBzr" name="test_mode_incremental" time="0.003"/>
<testcase classname="buildbot.test.unit.steps.test_source_bzr.TestBzr" name="test_mode_incremental_no_existing_repo" time="0.004"/>
<testcase classname="buildbot.test.unit.steps.test_source_bzr.TestBzr" name="test_mode_incremental_retry" time="0.004"/>
<testcase classname="buildbot.test.unit.steps.test_source_bzr.TestBzr" name="test_mode_incremental_revision" time="0.004"/>
<testcase classname="buildbot.test.unit.steps.test_source_bzr.TestBzr" name="test_worker_connection_lost" time="0.003"/>
<testcase classname="buildbot.test.unit.steps.test_source_cvs.TestCVS" name="test_command_fails" time="0.003"/>
<testcase classname="buildbot.test.unit.steps.test_source_cvs.TestCVS" name="test_cvsEntriesContainStickyDates" time="0.002"/>
<testcase classname="buildbot.test.unit.steps.test_source_cvs.TestCVS" name="test_cvsdiscard_fails" time="0.003"/>
<testcase classname="buildbot.test.unit.steps.test_source_cvs.TestCVS" name="test_mode_full_clean_and_login" time="0.003"/>
<testcase classname="buildbot.test.unit.steps.test_source_cvs.TestCVS" name="test_mode_full_clean_and_login_worker_2_16" time="0.002"/>
<testcase classname="buildbot.test.unit.steps.test_source_cvs.TestCVS" name="test_mode_full_clean_branch" time="0.003"/>
<testcase classname="buildbot.test.unit.steps.test_source_cvs.TestCVS" name="test_mode_full_clean_branch_sourcestamp" time="0.002"/>
<testcase classname="buildbot.test.unit.steps.test_source_cvs.TestCVS" name="test_mode_full_clean_no_existing_repo" time="0.003"/>
<testcase classname="buildbot.test.unit.steps.test_source_cvs.TestCVS" name="test_mode_full_clean_patch" time="0.004"/>
<testcase classname="buildbot.test.unit.steps.test_source_cvs.TestCVS" name="test_mode_full_clean_patch_worker_2_16" time="0.003"/>
<testcase classname="buildbot.test.unit.steps.test_source_cvs.TestCVS" name="test_mode_full_clean_timeout" time="0.002"/>
<testcase classname="buildbot.test.unit.steps.test_source_cvs.TestCVS" name="test_mode_full_clean_wrong_repo" time="0.002"/>
<testcase classname="buildbot.test.unit.steps.test_source_cvs.TestCVS" name="test_mode_full_clobber" time="0.002"/>
<testcase classname="buildbot.test.unit.steps.test_source_cvs.TestCVS" name="test_mode_full_clobber_retry" time="0.003"/>
<testcase classname="buildbot.test.unit.steps.test_source_cvs.TestCVS" name="test_mode_full_copy" time="0.003"/>
<testcase classname="buildbot.test.unit.steps.test_source_cvs.TestCVS" name="test_mode_full_copy_wrong_repo" time="0.003"/>
<testcase classname="buildbot.test.unit.steps.test_source_cvs.TestCVS" name="test_mode_full_fresh" time="0.002"/>
<testcase classname="buildbot.test.unit.steps.test_source_cvs.TestCVS" name="test_mode_full_no_method" time="0.003"/>
<testcase classname="buildbot.test.unit.steps.test_source_cvs.TestCVS" name="test_mode_incremental" time="0.003"/>
<testcase classname="buildbot.test.unit.steps.test_source_cvs.TestCVS" name="test_mode_incremental_branch" time="0.003"/>
<testcase classname="buildbot.test.unit.steps.test_source_cvs.TestCVS" name="test_mode_incremental_branch_sourcestamp" time="0.003"/>
<testcase classname="buildbot.test.unit.steps.test_source_cvs.TestCVS" name="test_mode_incremental_no_existing_repo" time="0.002"/>
<testcase classname="buildbot.test.unit.steps.test_source_cvs.TestCVS" name="test_mode_incremental_not_loggedin" time="0.003"/>
<testcase classname="buildbot.test.unit.steps.test_source_cvs.TestCVS" name="test_mode_incremental_password_windows" time="0.003"/>
<testcase classname="buildbot.test.unit.steps.test_source_cvs.TestCVS" name="test_mode_incremental_retry" time="0.004"/>
<testcase classname="buildbot.test.unit.steps.test_source_cvs.TestCVS" name="test_mode_incremental_special_case" time="0.006"/>
<testcase classname="buildbot.test.unit.steps.test_source_cvs.TestCVS" name="test_mode_incremental_sticky_date" time="0.005"/>
<testcase classname="buildbot.test.unit.steps.test_source_cvs.TestCVS" name="test_mode_incremental_with_env_log_environ" time="0.004"/>
<testcase classname="buildbot.test.unit.steps.test_source_cvs.TestCVS" name="test_mode_incremental_with_options" time="0.004"/>
<testcase classname="buildbot.test.unit.steps.test_source_cvs.TestCVS" name="test_mode_incremental_wrong_module" time="0.007"/>
<testcase classname="buildbot.test.unit.steps.test_source_cvs.TestCVS" name="test_mode_incremental_wrong_repo" time="0.005"/>
<testcase classname="buildbot.test.unit.steps.test_source_cvs.TestCVS" name="test_parseGotRevision" time="0.003"/>
<testcase classname="buildbot.test.unit.steps.test_source_cvs.TestCVS" name="test_worker_connection_lost" time="0.011"/>
<testcase classname="buildbot.test.unit.steps.test_source_darcs.TestDarcs" name="test_incorrect_method" time="0.003"/>
<testcase classname="buildbot.test.unit.steps.test_source_darcs.TestDarcs" name="test_incremental_invalid_method" time="0.002"/>
<testcase classname="buildbot.test.unit.steps.test_source_darcs.TestDarcs" name="test_mode_full_clobber" time="0.004"/>
<testcase classname="buildbot.test.unit.steps.test_source_darcs.TestDarcs" name="test_mode_full_clobber_retry" time="0.004"/>
<testcase classname="buildbot.test.unit.steps.test_source_darcs.TestDarcs" name="test_mode_full_clobber_revision" time="0.004"/>
<testcase classname="buildbot.test.unit.steps.test_source_darcs.TestDarcs" name="test_mode_full_clobber_revision_worker_2_16" time="0.003"/>
<testcase classname="buildbot.test.unit.steps.test_source_darcs.TestDarcs" name="test_mode_full_copy" time="0.003"/>
<testcase classname="buildbot.test.unit.steps.test_source_darcs.TestDarcs" name="test_mode_full_no_method" time="0.004"/>
<testcase classname="buildbot.test.unit.steps.test_source_darcs.TestDarcs" name="test_mode_incremental" time="0.003"/>
<testcase classname="buildbot.test.unit.steps.test_source_darcs.TestDarcs" name="test_mode_incremental_no_existing_repo" time="0.004"/>
<testcase classname="buildbot.test.unit.steps.test_source_darcs.TestDarcs" name="test_mode_incremental_patch" time="0.004"/>
<testcase classname="buildbot.test.unit.steps.test_source_darcs.TestDarcs" name="test_mode_incremental_patched" time="0.003"/>
<testcase classname="buildbot.test.unit.steps.test_source_darcs.TestDarcs" name="test_no_empty_step_config" time="0.001"/>
<testcase classname="buildbot.test.unit.steps.test_source_darcs.TestDarcs" name="test_no_repo_url" time="0.002"/>
<testcase classname="buildbot.test.unit.steps.test_source_darcs.TestDarcs" name="test_worker_connection_lost" time="0.003"/>
<testcase classname="buildbot.test.unit.steps.test_source_gerrit.TestGerrit" name="test_mode_full_clean" time="0.005"/>
<testcase classname="buildbot.test.unit.steps.test_source_gerrit.TestGerrit" name="test_mode_full_clean_different_project" time="0.004"/>
<testcase classname="buildbot.test.unit.steps.test_source_gerrit.TestGerrit" name="test_mode_full_clean_force_build" time="0.005"/>
<testcase classname="buildbot.test.unit.steps.test_source_gerrit.TestGerrit" name="test_mode_full_clean_force_same_project" time="0.003"/>
<testcase classname="buildbot.test.unit.steps.test_source_git.TestGit" name="test_config_get_description_not_dict_or_boolean" time="0.001"/>
<testcase classname="buildbot.test.unit.steps.test_source_git.TestGit" name="test_config_invalid_method_with_full" time="0.001"/>
<testcase classname="buildbot.test.unit.steps.test_source_git.TestGit" name="test_config_option" time="0.002"/>
<testcase classname="buildbot.test.unit.steps.test_source_git.TestGit" name="test_getDescription" time="0.003"/>
<testcase classname="buildbot.test.unit.steps.test_source_git.TestGit" name="test_getDescription_abbrev" time="0.003"/>
<testcase classname="buildbot.test.unit.steps.test_source_git.TestGit" name="test_getDescription_abbrev_false" time="0.003"/>
<testcase classname="buildbot.test.unit.steps.test_source_git.TestGit" name="test_getDescription_abbrev_zero" time="0.003"/>
<testcase classname="buildbot.test.unit.steps.test_source_git.TestGit" name="test_getDescription_all" time="0.004"/>
<testcase classname="buildbot.test.unit.steps.test_source_git.TestGit" name="test_getDescription_all_false" time="0.003"/>
<testcase classname="buildbot.test.unit.steps.test_source_git.TestGit" name="test_getDescription_always" time="0.002"/>
<testcase classname="buildbot.test.unit.steps.test_source_git.TestGit" name="test_getDescription_always_false" time="0.003"/>
<testcase classname="buildbot.test.unit.steps.test_source_git.TestGit" name="test_getDescription_candidates" time="0.003"/>
<testcase classname="buildbot.test.unit.steps.test_source_git.TestGit" name="test_getDescription_candidates_false" time="0.002"/>
<testcase classname="buildbot.test.unit.steps.test_source_git.TestGit" name="test_getDescription_candidates_zero" time="0.002"/>
<testcase classname="buildbot.test.unit.steps.test_source_git.TestGit" name="test_getDescription_contains" time="0.002"/>
<testcase classname="buildbot.test.unit.steps.test_source_git.TestGit" name="test_getDescription_contains_false" time="0.003"/>
<testcase classname="buildbot.test.unit.steps.test_source_git.TestGit" name="test_getDescription_debug" time="0.003"/>
<testcase classname="buildbot.test.unit.steps.test_source_git.TestGit" name="test_getDescription_debug_false" time="0.002"/>
<testcase classname="buildbot.test.unit.steps.test_source_git.TestGit" name="test_getDescription_dirty" time="0.002"/>
<testcase classname="buildbot.test.unit.steps.test_source_git.TestGit" name="test_getDescription_dirty_empty_str" time="0.002"/>
<testcase classname="buildbot.test.unit.steps.test_source_git.TestGit" name="test_getDescription_dirty_false" time="0.002"/>
<testcase classname="buildbot.test.unit.steps.test_source_git.TestGit" name="test_getDescription_dirty_none" time="0.003"/>
<testcase classname="buildbot.test.unit.steps.test_source_git.TestGit" name="test_getDescription_dirty_str" time="0.002"/>
<testcase classname="buildbot.test.unit.steps.test_source_git.TestGit" name="test_getDescription_empty_dict" time="0.002"/>
<testcase classname="buildbot.test.unit.steps.test_source_git.TestGit" name="test_getDescription_empty_dict_with_codebase" time="0.002"/>
<testcase classname="buildbot.test.unit.steps.test_source_git.TestGit" name="test_getDescription_exact_match" time="0.002"/>
<testcase classname="buildbot.test.unit.steps.test_source_git.TestGit" name="test_getDescription_exact_match_false" time="0.002"/>
<testcase classname="buildbot.test.unit.steps.test_source_git.TestGit" name="test_getDescription_failed" time="0.002"/>
<testcase classname="buildbot.test.unit.steps.test_source_git.TestGit" name="test_getDescription_long" time="0.001"/>
<testcase classname="buildbot.test.unit.steps.test_source_git.TestGit" name="test_getDescription_long_false" time="0.002"/>
<testcase classname="buildbot.test.unit.steps.test_source_git.TestGit" name="test_getDescription_lotsa_stuff" time="0.003"/>
<testcase classname="buildbot.test.unit.steps.test_source_git.TestGit" name="test_getDescription_match" time="0.099"/>
<testcase classname="buildbot.test.unit.steps.test_source_git.TestGit" name="test_getDescription_match_false" time="0.003"/>
<testcase classname="buildbot.test.unit.steps.test_source_git.TestGit" name="test_getDescription_tags" time="0.002"/>
<testcase classname="buildbot.test.unit.steps.test_source_git.TestGit" name="test_getDescription_tags_false" time="0.003"/>
<testcase classname="buildbot.test.unit.steps.test_source_git.TestGit" name="test_gitCommandOutputShowsNoVersion" time="0.002"/>
<testcase classname="buildbot.test.unit.steps.test_source_git.TestGit" name="test_mode_full_clean" time="0.002"/>
<testcase classname="buildbot.test.unit.steps.test_source_git.TestGit" name="test_mode_full_clean_branch" time="0.002"/>
<testcase classname="buildbot.test.unit.steps.test_source_git.TestGit" name="test_mode_full_clean_no_existing_repo" time="0.002"/>
<testcase classname="buildbot.test.unit.steps.test_source_git.TestGit" name="test_mode_full_clean_no_existing_repo_branch" time="0.002"/>
<testcase classname="buildbot.test.unit.steps.test_source_git.TestGit" name="test_mode_full_clean_no_existing_repo_with_origin" time="0.002"/>
<testcase classname="buildbot.test.unit.steps.test_source_git.TestGit" name="test_mode_full_clean_no_existing_repo_with_reference" time="0.002"/>
<testcase classname="buildbot.test.unit.steps.test_source_git.TestGit" name="test_mode_full_clean_non_empty_builddir" time="0.002"/>
<testcase classname="buildbot.test.unit.steps.test_source_git.TestGit" name="test_mode_full_clean_parsefail" time="0.003"/>
<testcase classname="buildbot.test.unit.steps.test_source_git.TestGit" name="test_mode_full_clean_patch" time="0.003"/>
<testcase classname="buildbot.test.unit.steps.test_source_git.TestGit" name="test_mode_full_clean_patch_fail" time="0.003"/>
<testcase classname="buildbot.test.unit.steps.test_source_git.TestGit" name="test_mode_full_clean_patch_worker_2_16" time="0.003"/>
<testcase classname="buildbot.test.unit.steps.test_source_git.TestGit" name="test_mode_full_clean_progress_False" time="0.003"/>
<testcase classname="buildbot.test.unit.steps.test_source_git.TestGit" name="test_mode_full_clean_ssh_host_key_1_7" time="0.003"/>
<testcase classname="buildbot.test.unit.steps.test_source_git.TestGit" name="test_mode_full_clean_ssh_host_key_1_7_progress" time="0.004"/>
<testcase classname="buildbot.test.unit.steps.test_source_git.TestGit" name="test_mode_full_clean_ssh_host_key_2_10_0_host_key" time="0.003"/>
<testcase classname="buildbot.test.unit.steps.test_source_git.TestGit" name="test_mode_full_clean_ssh_host_key_2_10_1_known_hosts" time="0.003"/>
<testcase classname="buildbot.test.unit.steps.test_source_git.TestGit" name="test_mode_full_clean_ssh_host_key_2_10_abs_workdir" time="0.003"/>
<testcase classname="buildbot.test.unit.steps.test_source_git.TestGit" name="test_mode_full_clean_ssh_host_key_2_3" time="0.004"/>
<testcase classname="buildbot.test.unit.steps.test_source_git.TestGit" name="test_mode_full_clean_ssh_key_1_7" time="0.004"/>
<testcase classname="buildbot.test.unit.steps.test_source_git.TestGit" name="test_mode_full_clean_ssh_key_2_10" time="0.003"/>
<testcase classname="buildbot.test.unit.steps.test_source_git.TestGit" name="test_mode_full_clean_ssh_key_2_3" time="0.003"/>
<testcase classname="buildbot.test.unit.steps.test_source_git.TestGit" name="test_mode_full_clean_submodule" time="0.002"/>
<testcase classname="buildbot.test.unit.steps.test_source_git.TestGit" name="test_mode_full_clean_submodule_remotes" time="0.003"/>
<testcase classname="buildbot.test.unit.steps.test_source_git.TestGit" name="test_mode_full_clean_tags" time="0.002"/>
<testcase classname="buildbot.test.unit.steps.test_source_git.TestGit" name="test_mode_full_clean_timeout" time="0.003"/>
<testcase classname="buildbot.test.unit.steps.test_source_git.TestGit" name="test_mode_full_clean_win32path" time="0.002"/>
<testcase classname="buildbot.test.unit.steps.test_source_git.TestGit" name="test_mode_full_clean_win32path_ssh_key_1_7" time="0.003"/>
<testcase classname="buildbot.test.unit.steps.test_source_git.TestGit" name="test_mode_full_clean_win32path_ssh_key_2_10" time="0.002"/>
<testcase classname="buildbot.test.unit.steps.test_source_git.TestGit" name="test_mode_full_clean_win32path_ssh_key_2_3" time="0.003"/>
<testcase classname="buildbot.test.unit.steps.test_source_git.TestGit" name="test_mode_full_clobber" time="0.004"/>
<testcase classname="buildbot.test.unit.steps.test_source_git.TestGit" name="test_mode_full_clobber_branch" time="0.003"/>
<testcase classname="buildbot.test.unit.steps.test_source_git.TestGit" name="test_mode_full_clobber_given_revision" time="0.003"/>
<testcase classname="buildbot.test.unit.steps.test_source_git.TestGit" name="test_mode_full_clobber_no_branch_support" time="0.002"/>
<testcase classname="buildbot.test.unit.steps.test_source_git.TestGit" name="test_mode_full_clobber_no_shallow" time="0.002"/>
<testcase classname="buildbot.test.unit.steps.test_source_git.TestGit" name="test_mode_full_clobber_shallow" time="0.002"/>
<testcase classname="buildbot.test.unit.steps.test_source_git.TestGit" name="test_mode_full_clobber_shallow_depth" time="0.002"/>
<testcase classname="buildbot.test.unit.steps.test_source_git.TestGit" name="test_mode_full_clobber_submodule" time="0.002"/>
<testcase classname="buildbot.test.unit.steps.test_source_git.TestGit" name="test_mode_full_clobber_submodule_remotes" time="0.003"/>
<testcase classname="buildbot.test.unit.steps.test_source_git.TestGit" name="test_mode_full_clobber_submodule_shallow" time="0.003"/>
<testcase classname="buildbot.test.unit.steps.test_source_git.TestGit" name="test_mode_full_clone_fails" time="0.002"/>
<testcase classname="buildbot.test.unit.steps.test_source_git.TestGit" name="test_mode_full_copy" time="0.002"/>
<testcase classname="buildbot.test.unit.steps.test_source_git.TestGit" name="test_mode_full_copy_recursive" time="0.003"/>
<testcase classname="buildbot.test.unit.steps.test_source_git.TestGit" name="test_mode_full_copy_recursive_fetch_fail" time="0.002"/>
<testcase classname="buildbot.test.unit.steps.test_source_git.TestGit" name="test_mode_full_copy_recursive_fetch_fail_clobberOnFailure" time="0.003"/>
<testcase classname="buildbot.test.unit.steps.test_source_git.TestGit" name="test_mode_full_copy_recursive_fetch_fail_retry_fail" time="0.003"/>
<testcase classname="buildbot.test.unit.steps.test_source_git.TestGit" name="test_mode_full_copy_recursive_fetch_fail_retry_succeed" time="0.003"/>
<testcase classname="buildbot.test.unit.steps.test_source_git.TestGit" name="test_mode_full_copy_shallow" time="0.001"/>
<testcase classname="buildbot.test.unit.steps.test_source_git.TestGit" name="test_mode_full_copy_ssh_key_2_10" time="0.002"/>
<testcase classname="buildbot.test.unit.steps.test_source_git.TestGit" name="test_mode_full_filters_2_26" time="0.002"/>
<testcase classname="buildbot.test.unit.steps.test_source_git.TestGit" name="test_mode_full_filters_2_27" time="0.002"/>
<testcase classname="buildbot.test.unit.steps.test_source_git.TestGit" name="test_mode_full_fresh" time="0.002"/>
<testcase classname="buildbot.test.unit.steps.test_source_git.TestGit" name="test_mode_full_fresh_clean_fails" time="0.002"/>
<testcase classname="buildbot.test.unit.steps.test_source_git.TestGit" name="test_mode_full_fresh_clobberOnFailure" time="0.003"/>
<testcase classname="buildbot.test.unit.steps.test_source_git.TestGit" name="test_mode_full_fresh_retry" time="0.003"/>
<testcase classname="buildbot.test.unit.steps.test_source_git.TestGit" name="test_mode_full_fresh_revision" time="0.002"/>
<testcase classname="buildbot.test.unit.steps.test_source_git.TestGit" name="test_mode_full_fresh_submodule" time="0.003"/>
<testcase classname="buildbot.test.unit.steps.test_source_git.TestGit" name="test_mode_full_fresh_submodule_git_newer_1_7_6" time="0.003"/>
<testcase classname="buildbot.test.unit.steps.test_source_git.TestGit" name="test_mode_full_fresh_submodule_v1_7_8" time="0.004"/>
<testcase classname="buildbot.test.unit.steps.test_source_git.TestGit" name="test_mode_full_log_environ" time="0.003"/>
<testcase classname="buildbot.test.unit.steps.test_source_git.TestGit" name="test_mode_full_no_method" time="0.003"/>
<testcase classname="buildbot.test.unit.steps.test_source_git.TestGit" name="test_mode_full_with_env" time="0.002"/>
<testcase classname="buildbot.test.unit.steps.test_source_git.TestGit" name="test_mode_incremental" time="0.002"/>
<testcase classname="buildbot.test.unit.steps.test_source_git.TestGit" name="test_mode_incremental_branch" time="0.002"/>
<testcase classname="buildbot.test.unit.steps.test_source_git.TestGit" name="test_mode_incremental_branch_ssh_key_2_10" time="0.003"/>
<testcase classname="buildbot.test.unit.steps.test_source_git.TestGit" name="test_mode_incremental_clobberOnFailure" time="0.003"/>
<testcase classname="buildbot.test.unit.steps.test_source_git.TestGit" name="test_mode_incremental_clobberOnFailure_branch" time="0.003"/>
<testcase classname="buildbot.test.unit.steps.test_source_git.TestGit" name="test_mode_incremental_given_revision" time="0.003"/>
<testcase classname="buildbot.test.unit.steps.test_source_git.TestGit" name="test_mode_incremental_given_revision_not_exists" time="0.002"/>
<testcase classname="buildbot.test.unit.steps.test_source_git.TestGit" name="test_mode_incremental_no_existing_repo" time="0.003"/>
<testcase classname="buildbot.test.unit.steps.test_source_git.TestGit" name="test_mode_incremental_no_existing_repo_oldworker" time="0.003"/>
<testcase classname="buildbot.test.unit.steps.test_source_git.TestGit" name="test_mode_incremental_no_existing_repo_shallow_submodules" time="0.002"/>
<testcase classname="buildbot.test.unit.steps.test_source_git.TestGit" name="test_mode_incremental_oldworker" time="0.002"/>
<testcase classname="buildbot.test.unit.steps.test_source_git.TestGit" name="test_mode_incremental_retry" time="0.002"/>
<testcase classname="buildbot.test.unit.steps.test_source_git.TestGit" name="test_mode_incremental_retryFetch" time="0.002"/>
<testcase classname="buildbot.test.unit.steps.test_source_git.TestGit" name="test_mode_incremental_retryFetch_branch" time="0.002"/>
<testcase classname="buildbot.test.unit.steps.test_source_git.TestGit" name="test_noGitCommandInstalled" time="0.001"/>
<testcase classname="buildbot.test.unit.steps.test_source_git.TestGit" name="test_repourl" time="0.001"/>
<testcase classname="buildbot.test.unit.steps.test_source_git.TestGit" name="test_revparse_failure" time="0.002"/>
<testcase classname="buildbot.test.unit.steps.test_source_git.TestGit" name="test_version_format" time="0.003"/>
<testcase classname="buildbot.test.unit.steps.test_source_git.TestGit" name="test_wkdir_doesnt_exist" time="0.002"/>
<testcase classname="buildbot.test.unit.steps.test_source_git.TestGit" name="test_worker_connection_lost" time="0.002"/>
<testcase classname="buildbot.test.unit.steps.test_source_git.TestGitCommit" name="test_add_fail" time="0.002"/>
<testcase classname="buildbot.test.unit.steps.test_source_git.TestGitCommit" name="test_commit" time="0.002"/>
<testcase classname="buildbot.test.unit.steps.test_source_git.TestGitCommit" name="test_commit_empty_allow" time="0.002"/>
<testcase classname="buildbot.test.unit.steps.test_source_git.TestGitCommit" name="test_commit_empty_disallow" time="0.002"/>
<testcase classname="buildbot.test.unit.steps.test_source_git.TestGitCommit" name="test_commit_empty_ignore_withcommit" time="0.003"/>
<testcase classname="buildbot.test.unit.steps.test_source_git.TestGitCommit" name="test_commit_empty_ignore_witherror" time="0.002"/>
<testcase classname="buildbot.test.unit.steps.test_source_git.TestGitCommit" name="test_commit_empty_ignore_withoutcommit" time="0.002"/>
<testcase classname="buildbot.test.unit.steps.test_source_git.TestGitCommit" name="test_commit_noverify" time="0.002"/>
<testcase classname="buildbot.test.unit.steps.test_source_git.TestGitCommit" name="test_config_files_not_a_list" time="0.001"/>
<testcase classname="buildbot.test.unit.steps.test_source_git.TestGitCommit" name="test_config_messages_not_a_list" time="0.001"/>
<testcase classname="buildbot.test.unit.steps.test_source_git.TestGitCommit" name="test_config_no_files_arg" time="0.001"/>
<testcase classname="buildbot.test.unit.steps.test_source_git.TestGitCommit" name="test_config_no_messages_arg" time="0.001"/>
<testcase classname="buildbot.test.unit.steps.test_source_git.TestGitCommit" name="test_detached_head" time="0.002"/>
<testcase classname="buildbot.test.unit.steps.test_source_git.TestGitCommit" name="test_raise_no_git" time="0.003"/>
<testcase classname="buildbot.test.unit.steps.test_source_git.TestGitPush" name="test_config_fail_no_branch" time="0.002"/>
<testcase classname="buildbot.test.unit.steps.test_source_git.TestGitPush" name="test_push_fail" time="0.002"/>
<testcase classname="buildbot.test.unit.steps.test_source_git.TestGitPush" name="test_push_force" time="0.002"/>
<testcase classname="buildbot.test.unit.steps.test_source_git.TestGitPush" name="test_push_simple" time="0.002"/>
<testcase classname="buildbot.test.unit.steps.test_source_git.TestGitPush" name="test_push_ssh_host_key_1_7" time="0.002"/>
<testcase classname="buildbot.test.unit.steps.test_source_git.TestGitPush" name="test_push_ssh_host_key_2_10" time="0.002"/>
<testcase classname="buildbot.test.unit.steps.test_source_git.TestGitPush" name="test_push_ssh_host_key_2_3" time="0.002"/>
<testcase classname="buildbot.test.unit.steps.test_source_git.TestGitPush" name="test_push_ssh_key_1_7" time="0.004"/>
<testcase classname="buildbot.test.unit.steps.test_source_git.TestGitPush" name="test_push_ssh_key_2_10" time="0.002"/>
<testcase classname="buildbot.test.unit.steps.test_source_git.TestGitPush" name="test_push_ssh_key_2_3" time="0.002"/>
<testcase classname="buildbot.test.unit.steps.test_source_git.TestGitPush" name="test_raise_no_git" time="0.002"/>
<testcase classname="buildbot.test.unit.steps.test_source_git.TestGitTag" name="test_config_annotated_message_not_list" time="0.001"/>
<testcase classname="buildbot.test.unit.steps.test_source_git.TestGitTag" name="test_config_annotated_no_messages" time="0.001"/>
<testcase classname="buildbot.test.unit.steps.test_source_git.TestGitTag" name="test_config_no_tag_name" time="0.001"/>
<testcase classname="buildbot.test.unit.steps.test_source_git.TestGitTag" name="test_config_not_annotated_but_meessages" time="0.001"/>
<testcase classname="buildbot.test.unit.steps.test_source_git.TestGitTag" name="test_raise_no_git" time="0.002"/>
<testcase classname="buildbot.test.unit.steps.test_source_git.TestGitTag" name="test_tag_annotated" time="0.002"/>
<testcase classname="buildbot.test.unit.steps.test_source_git.TestGitTag" name="test_tag_fail_already_exist" time="0.002"/>
<testcase classname="buildbot.test.unit.steps.test_source_git.TestGitTag" name="test_tag_force" time="0.002"/>
<testcase classname="buildbot.test.unit.steps.test_source_git.TestGitTag" name="test_tag_simple" time="0.002"/>
<testcase classname="buildbot.test.unit.steps.test_source_github.TestGitHub" name="test_config_get_description_not_dict_or_boolean" time="0.001"/>
<testcase classname="buildbot.test.unit.steps.test_source_github.TestGitHub" name="test_config_invalid_method_with_full" time="0.001"/>
<testcase classname="buildbot.test.unit.steps.test_source_github.TestGitHub" name="test_config_option" time="0.002"/>
<testcase classname="buildbot.test.unit.steps.test_source_github.TestGitHub" name="test_getDescription" time="0.002"/>
<testcase classname="buildbot.test.unit.steps.test_source_github.TestGitHub" name="test_getDescription_abbrev" time="0.002"/>
<testcase classname="buildbot.test.unit.steps.test_source_github.TestGitHub" name="test_getDescription_abbrev_false" time="0.002"/>
<testcase classname="buildbot.test.unit.steps.test_source_github.TestGitHub" name="test_getDescription_abbrev_zero" time="0.002"/>
<testcase classname="buildbot.test.unit.steps.test_source_github.TestGitHub" name="test_getDescription_all" time="0.003"/>
<testcase classname="buildbot.test.unit.steps.test_source_github.TestGitHub" name="test_getDescription_all_false" time="0.002"/>
<testcase classname="buildbot.test.unit.steps.test_source_github.TestGitHub" name="test_getDescription_always" time="0.001"/>
<testcase classname="buildbot.test.unit.steps.test_source_github.TestGitHub" name="test_getDescription_always_false" time="0.002"/>
<testcase classname="buildbot.test.unit.steps.test_source_github.TestGitHub" name="test_getDescription_candidates" time="0.002"/>
<testcase classname="buildbot.test.unit.steps.test_source_github.TestGitHub" name="test_getDescription_candidates_false" time="0.002"/>
<testcase classname="buildbot.test.unit.steps.test_source_github.TestGitHub" name="test_getDescription_candidates_zero" time="0.002"/>
<testcase classname="buildbot.test.unit.steps.test_source_github.TestGitHub" name="test_getDescription_contains" time="0.002"/>
<testcase classname="buildbot.test.unit.steps.test_source_github.TestGitHub" name="test_getDescription_contains_false" time="0.003"/>
<testcase classname="buildbot.test.unit.steps.test_source_github.TestGitHub" name="test_getDescription_debug" time="0.002"/>
<testcase classname="buildbot.test.unit.steps.test_source_github.TestGitHub" name="test_getDescription_debug_false" time="0.002"/>
<testcase classname="buildbot.test.unit.steps.test_source_github.TestGitHub" name="test_getDescription_dirty" time="0.002"/>
<testcase classname="buildbot.test.unit.steps.test_source_github.TestGitHub" name="test_getDescription_dirty_empty_str" time="0.002"/>
<testcase classname="buildbot.test.unit.steps.test_source_github.TestGitHub" name="test_getDescription_dirty_false" time="0.002"/>
<testcase classname="buildbot.test.unit.steps.test_source_github.TestGitHub" name="test_getDescription_dirty_none" time="0.002"/>
<testcase classname="buildbot.test.unit.steps.test_source_github.TestGitHub" name="test_getDescription_dirty_str" time="0.003"/>
<testcase classname="buildbot.test.unit.steps.test_source_github.TestGitHub" name="test_getDescription_empty_dict" time="0.003"/>
<testcase classname="buildbot.test.unit.steps.test_source_github.TestGitHub" name="test_getDescription_empty_dict_with_codebase" time="0.003"/>
<testcase classname="buildbot.test.unit.steps.test_source_github.TestGitHub" name="test_getDescription_exact_match" time="0.002"/>
<testcase classname="buildbot.test.unit.steps.test_source_github.TestGitHub" name="test_getDescription_exact_match_false" time="0.002"/>
<testcase classname="buildbot.test.unit.steps.test_source_github.TestGitHub" name="test_getDescription_failed" time="0.002"/>
<testcase classname="buildbot.test.unit.steps.test_source_github.TestGitHub" name="test_getDescription_long" time="0.001"/>
<testcase classname="buildbot.test.unit.steps.test_source_github.TestGitHub" name="test_getDescription_long_false" time="0.002"/>
<testcase classname="buildbot.test.unit.steps.test_source_github.TestGitHub" name="test_getDescription_lotsa_stuff" time="0.002"/>
<testcase classname="buildbot.test.unit.steps.test_source_github.TestGitHub" name="test_getDescription_match" time="0.002"/>
<testcase classname="buildbot.test.unit.steps.test_source_github.TestGitHub" name="test_getDescription_match_false" time="0.002"/>
<testcase classname="buildbot.test.unit.steps.test_source_github.TestGitHub" name="test_getDescription_tags" time="0.002"/>
<testcase classname="buildbot.test.unit.steps.test_source_github.TestGitHub" name="test_getDescription_tags_false" time="0.002"/>
<testcase classname="buildbot.test.unit.steps.test_source_github.TestGitHub" name="test_gitCommandOutputShowsNoVersion" time="0.001"/>
<testcase classname="buildbot.test.unit.steps.test_source_github.TestGitHub" name="test_mode_full_clean" time="0.003"/>
<testcase classname="buildbot.test.unit.steps.test_source_github.TestGitHub" name="test_mode_full_clean_branch" time="0.003"/>
<testcase classname="buildbot.test.unit.steps.test_source_github.TestGitHub" name="test_mode_full_clean_no_existing_repo" time="0.002"/>
<testcase classname="buildbot.test.unit.steps.test_source_github.TestGitHub" name="test_mode_full_clean_no_existing_repo_branch" time="0.002"/>
<testcase classname="buildbot.test.unit.steps.test_source_github.TestGitHub" name="test_mode_full_clean_no_existing_repo_with_origin" time="0.002"/>
<testcase classname="buildbot.test.unit.steps.test_source_github.TestGitHub" name="test_mode_full_clean_no_existing_repo_with_reference" time="0.002"/>
<testcase classname="buildbot.test.unit.steps.test_source_github.TestGitHub" name="test_mode_full_clean_non_empty_builddir" time="0.002"/>
<testcase classname="buildbot.test.unit.steps.test_source_github.TestGitHub" name="test_mode_full_clean_parsefail" time="0.002"/>
<testcase classname="buildbot.test.unit.steps.test_source_github.TestGitHub" name="test_mode_full_clean_patch" time="0.003"/>
<testcase classname="buildbot.test.unit.steps.test_source_github.TestGitHub" name="test_mode_full_clean_patch_fail" time="0.003"/>
<testcase classname="buildbot.test.unit.steps.test_source_github.TestGitHub" name="test_mode_full_clean_patch_worker_2_16" time="0.003"/>
<testcase classname="buildbot.test.unit.steps.test_source_github.TestGitHub" name="test_mode_full_clean_progress_False" time="0.002"/>
<testcase classname="buildbot.test.unit.steps.test_source_github.TestGitHub" name="test_mode_full_clean_ssh_host_key_1_7" time="0.003"/>
<testcase classname="buildbot.test.unit.steps.test_source_github.TestGitHub" name="test_mode_full_clean_ssh_host_key_1_7_progress" time="0.003"/>
<testcase classname="buildbot.test.unit.steps.test_source_github.TestGitHub" name="test_mode_full_clean_ssh_host_key_2_10_0_host_key" time="0.003"/>
<testcase classname="buildbot.test.unit.steps.test_source_github.TestGitHub" name="test_mode_full_clean_ssh_host_key_2_10_1_known_hosts" time="0.003"/>
<testcase classname="buildbot.test.unit.steps.test_source_github.TestGitHub" name="test_mode_full_clean_ssh_host_key_2_10_abs_workdir" time="0.003"/>
<testcase classname="buildbot.test.unit.steps.test_source_github.TestGitHub" name="test_mode_full_clean_ssh_host_key_2_3" time="0.002"/>
<testcase classname="buildbot.test.unit.steps.test_source_github.TestGitHub" name="test_mode_full_clean_ssh_key_1_7" time="0.003"/>
<testcase classname="buildbot.test.unit.steps.test_source_github.TestGitHub" name="test_mode_full_clean_ssh_key_2_10" time="0.002"/>
<testcase classname="buildbot.test.unit.steps.test_source_github.TestGitHub" name="test_mode_full_clean_ssh_key_2_3" time="0.003"/>
<testcase classname="buildbot.test.unit.steps.test_source_github.TestGitHub" name="test_mode_full_clean_submodule" time="0.003"/>
<testcase classname="buildbot.test.unit.steps.test_source_github.TestGitHub" name="test_mode_full_clean_submodule_remotes" time="0.003"/>
<testcase classname="buildbot.test.unit.steps.test_source_github.TestGitHub" name="test_mode_full_clean_tags" time="0.002"/>
<testcase classname="buildbot.test.unit.steps.test_source_github.TestGitHub" name="test_mode_full_clean_timeout" time="0.002"/>
<testcase classname="buildbot.test.unit.steps.test_source_github.TestGitHub" name="test_mode_full_clean_win32path" time="0.002"/>
<testcase classname="buildbot.test.unit.steps.test_source_github.TestGitHub" name="test_mode_full_clean_win32path_ssh_key_1_7" time="0.003"/>
<testcase classname="buildbot.test.unit.steps.test_source_github.TestGitHub" name="test_mode_full_clean_win32path_ssh_key_2_10" time="0.003"/>
<testcase classname="buildbot.test.unit.steps.test_source_github.TestGitHub" name="test_mode_full_clean_win32path_ssh_key_2_3" time="0.003"/>
<testcase classname="buildbot.test.unit.steps.test_source_github.TestGitHub" name="test_mode_full_clobber" time="0.002"/>
<testcase classname="buildbot.test.unit.steps.test_source_github.TestGitHub" name="test_mode_full_clobber_branch" time="0.002"/>
<testcase classname="buildbot.test.unit.steps.test_source_github.TestGitHub" name="test_mode_full_clobber_given_revision" time="0.002"/>
<testcase classname="buildbot.test.unit.steps.test_source_github.TestGitHub" name="test_mode_full_clobber_no_branch_support" time="0.002"/>
<testcase classname="buildbot.test.unit.steps.test_source_github.TestGitHub" name="test_mode_full_clobber_no_shallow" time="0.002"/>
<testcase classname="buildbot.test.unit.steps.test_source_github.TestGitHub" name="test_mode_full_clobber_shallow" time="0.003"/>
<testcase classname="buildbot.test.unit.steps.test_source_github.TestGitHub" name="test_mode_full_clobber_shallow_depth" time="0.003"/>
<testcase classname="buildbot.test.unit.steps.test_source_github.TestGitHub" name="test_mode_full_clobber_submodule" time="0.002"/>
<testcase classname="buildbot.test.unit.steps.test_source_github.TestGitHub" name="test_mode_full_clobber_submodule_remotes" time="0.002"/>
<testcase classname="buildbot.test.unit.steps.test_source_github.TestGitHub" name="test_mode_full_clobber_submodule_shallow" time="0.002"/>
<testcase classname="buildbot.test.unit.steps.test_source_github.TestGitHub" name="test_mode_full_clone_fails" time="0.002"/>
<testcase classname="buildbot.test.unit.steps.test_source_github.TestGitHub" name="test_mode_full_copy" time="0.002"/>
<testcase classname="buildbot.test.unit.steps.test_source_github.TestGitHub" name="test_mode_full_copy_recursive" time="0.003"/>
<testcase classname="buildbot.test.unit.steps.test_source_github.TestGitHub" name="test_mode_full_copy_recursive_fetch_fail" time="0.003"/>
<testcase classname="buildbot.test.unit.steps.test_source_github.TestGitHub" name="test_mode_full_copy_recursive_fetch_fail_clobberOnFailure" time="0.003"/>
<testcase classname="buildbot.test.unit.steps.test_source_github.TestGitHub" name="test_mode_full_copy_recursive_fetch_fail_retry_fail" time="0.002"/>
<testcase classname="buildbot.test.unit.steps.test_source_github.TestGitHub" name="test_mode_full_copy_recursive_fetch_fail_retry_succeed" time="0.003"/>
<testcase classname="buildbot.test.unit.steps.test_source_github.TestGitHub" name="test_mode_full_copy_shallow" time="0.001"/>
<testcase classname="buildbot.test.unit.steps.test_source_github.TestGitHub" name="test_mode_full_copy_ssh_key_2_10" time="0.002"/>
<testcase classname="buildbot.test.unit.steps.test_source_github.TestGitHub" name="test_mode_full_filters_2_26" time="0.002"/>
<testcase classname="buildbot.test.unit.steps.test_source_github.TestGitHub" name="test_mode_full_filters_2_27" time="0.003"/>
<testcase classname="buildbot.test.unit.steps.test_source_github.TestGitHub" name="test_mode_full_fresh" time="0.003"/>
<testcase classname="buildbot.test.unit.steps.test_source_github.TestGitHub" name="test_mode_full_fresh_clean_fails" time="0.002"/>
<testcase classname="buildbot.test.unit.steps.test_source_github.TestGitHub" name="test_mode_full_fresh_clobberOnFailure" time="0.002"/>
<testcase classname="buildbot.test.unit.steps.test_source_github.TestGitHub" name="test_mode_full_fresh_retry" time="0.002"/>
<testcase classname="buildbot.test.unit.steps.test_source_github.TestGitHub" name="test_mode_full_fresh_revision" time="0.004"/>
<testcase classname="buildbot.test.unit.steps.test_source_github.TestGitHub" name="test_mode_full_fresh_submodule" time="0.005"/>
<testcase classname="buildbot.test.unit.steps.test_source_github.TestGitHub" name="test_mode_full_fresh_submodule_git_newer_1_7_6" time="0.004"/>
<testcase classname="buildbot.test.unit.steps.test_source_github.TestGitHub" name="test_mode_full_fresh_submodule_v1_7_8" time="0.003"/>
<testcase classname="buildbot.test.unit.steps.test_source_github.TestGitHub" name="test_mode_full_log_environ" time="0.003"/>
<testcase classname="buildbot.test.unit.steps.test_source_github.TestGitHub" name="test_mode_full_no_method" time="0.003"/>
<testcase classname="buildbot.test.unit.steps.test_source_github.TestGitHub" name="test_mode_full_with_env" time="0.002"/>
<testcase classname="buildbot.test.unit.steps.test_source_github.TestGitHub" name="test_mode_incremental" time="0.002"/>
<testcase classname="buildbot.test.unit.steps.test_source_github.TestGitHub" name="test_mode_incremental_branch" time="0.002"/>
<testcase classname="buildbot.test.unit.steps.test_source_github.TestGitHub" name="test_mode_incremental_branch_ssh_key_2_10" time="0.002"/>
<testcase classname="buildbot.test.unit.steps.test_source_github.TestGitHub" name="test_mode_incremental_clobberOnFailure" time="0.002"/>
<testcase classname="buildbot.test.unit.steps.test_source_github.TestGitHub" name="test_mode_incremental_clobberOnFailure_branch" time="0.003"/>
<testcase classname="buildbot.test.unit.steps.test_source_github.TestGitHub" name="test_mode_incremental_given_revision" time="0.003"/>
<testcase classname="buildbot.test.unit.steps.test_source_github.TestGitHub" name="test_mode_incremental_given_revision_not_exists" time="0.002"/>
<testcase classname="buildbot.test.unit.steps.test_source_github.TestGitHub" name="test_mode_incremental_no_existing_repo" time="0.002"/>
<testcase classname="buildbot.test.unit.steps.test_source_github.TestGitHub" name="test_mode_incremental_no_existing_repo_oldworker" time="0.002"/>
<testcase classname="buildbot.test.unit.steps.test_source_github.TestGitHub" name="test_mode_incremental_no_existing_repo_shallow_submodules" time="0.002"/>
<testcase classname="buildbot.test.unit.steps.test_source_github.TestGitHub" name="test_mode_incremental_oldworker" time="0.002"/>
<testcase classname="buildbot.test.unit.steps.test_source_github.TestGitHub" name="test_mode_incremental_retry" time="0.002"/>
<testcase classname="buildbot.test.unit.steps.test_source_github.TestGitHub" name="test_mode_incremental_retryFetch" time="0.003"/>
<testcase classname="buildbot.test.unit.steps.test_source_github.TestGitHub" name="test_mode_incremental_retryFetch_branch" time="0.004"/>
<testcase classname="buildbot.test.unit.steps.test_source_github.TestGitHub" name="test_noGitCommandInstalled" time="0.001"/>
<testcase classname="buildbot.test.unit.steps.test_source_github.TestGitHub" name="test_repourl" time="0.001"/>
<testcase classname="buildbot.test.unit.steps.test_source_github.TestGitHub" name="test_revparse_failure" time="0.002"/>
<testcase classname="buildbot.test.unit.steps.test_source_github.TestGitHub" name="test_version_format" time="0.002"/>
<testcase classname="buildbot.test.unit.steps.test_source_github.TestGitHub" name="test_with_head_branch" time="0.003"/>
<testcase classname="buildbot.test.unit.steps.test_source_github.TestGitHub" name="test_with_merge_branch" time="0.003"/>
<testcase classname="buildbot.test.unit.steps.test_source_github.TestGitHub" name="test_wkdir_doesnt_exist" time="0.002"/>
<testcase classname="buildbot.test.unit.steps.test_source_github.TestGitHub" name="test_worker_connection_lost" time="0.002"/>
<testcase classname="buildbot.test.unit.steps.test_source_gitlab.TestGitLab" name="test_with_merge_branch" time="0.002"/>
<testcase classname="buildbot.test.unit.steps.test_source_mercurial.TestMercurial" name="test_command_fails" time="0.002"/>
<testcase classname="buildbot.test.unit.steps.test_source_mercurial.TestMercurial" name="test_incorrect_branchType" time="0.001"/>
<testcase classname="buildbot.test.unit.steps.test_source_mercurial.TestMercurial" name="test_incorrect_method" time="0.001"/>
<testcase classname="buildbot.test.unit.steps.test_source_mercurial.TestMercurial" name="test_incorrect_mode" time="0.001"/>
<testcase classname="buildbot.test.unit.steps.test_source_mercurial.TestMercurial" name="test_mode_full_clean" time="0.003"/>
<testcase classname="buildbot.test.unit.steps.test_source_mercurial.TestMercurial" name="test_mode_full_clean_env" time="0.004"/>
<testcase classname="buildbot.test.unit.steps.test_source_mercurial.TestMercurial" name="test_mode_full_clean_log_environ" time="0.003"/>
<testcase classname="buildbot.test.unit.steps.test_source_mercurial.TestMercurial" name="test_mode_full_clean_no_existing_repo" time="0.002"/>
<testcase classname="buildbot.test.unit.steps.test_source_mercurial.TestMercurial" name="test_mode_full_clean_patch" time="0.003"/>
<testcase classname="buildbot.test.unit.steps.test_source_mercurial.TestMercurial" name="test_mode_full_clean_patch_fail" time="0.003"/>
<testcase classname="buildbot.test.unit.steps.test_source_mercurial.TestMercurial" name="test_mode_full_clean_patch_worker_2_16" time="0.094"/>
<testcase classname="buildbot.test.unit.steps.test_source_mercurial.TestMercurial" name="test_mode_full_clean_timeout" time="0.003"/>
<testcase classname="buildbot.test.unit.steps.test_source_mercurial.TestMercurial" name="test_mode_full_clean_win32path" time="0.003"/>
<testcase classname="buildbot.test.unit.steps.test_source_mercurial.TestMercurial" name="test_mode_full_clobber" time="0.002"/>
<testcase classname="buildbot.test.unit.steps.test_source_mercurial.TestMercurial" name="test_mode_full_fresh" time="0.002"/>
<testcase classname="buildbot.test.unit.steps.test_source_mercurial.TestMercurial" name="test_mode_full_fresh_no_existing_repo" time="0.002"/>
<testcase classname="buildbot.test.unit.steps.test_source_mercurial.TestMercurial" name="test_mode_full_fresh_retry" time="0.002"/>
<testcase classname="buildbot.test.unit.steps.test_source_mercurial.TestMercurial" name="test_mode_incremental_branch_change" time="0.002"/>
<testcase classname="buildbot.test.unit.steps.test_source_mercurial.TestMercurial" name="test_mode_incremental_branch_change_dirname" time="0.002"/>
<testcase classname="buildbot.test.unit.steps.test_source_mercurial.TestMercurial" name="test_mode_incremental_branch_change_no_clobberOnBranchChange" time="0.002"/>
<testcase classname="buildbot.test.unit.steps.test_source_mercurial.TestMercurial" name="test_mode_incremental_existing_repo" time="0.002"/>
<testcase classname="buildbot.test.unit.steps.test_source_mercurial.TestMercurial" name="test_mode_incremental_existing_repo_added_files" time="0.003"/>
<testcase classname="buildbot.test.unit.steps.test_source_mercurial.TestMercurial" name="test_mode_incremental_existing_repo_added_files_old_rmdir" time="0.003"/>
<testcase classname="buildbot.test.unit.steps.test_source_mercurial.TestMercurial" name="test_mode_incremental_given_revision" time="0.002"/>
<testcase classname="buildbot.test.unit.steps.test_source_mercurial.TestMercurial" name="test_mode_incremental_no_existing_repo_dirname" time="0.002"/>
<testcase classname="buildbot.test.unit.steps.test_source_mercurial.TestMercurial" name="test_mode_incremental_no_existing_repo_inrepo" time="0.002"/>
<testcase classname="buildbot.test.unit.steps.test_source_mercurial.TestMercurial" name="test_mode_incremental_retry" time="0.002"/>
<testcase classname="buildbot.test.unit.steps.test_source_mercurial.TestMercurial" name="test_no_repourl" time="0.001"/>
<testcase classname="buildbot.test.unit.steps.test_source_mercurial.TestMercurial" name="test_worker_connection_lost" time="0.002"/>
<testcase classname="buildbot.test.unit.steps.test_source_mtn.TestMonotone" name="test_branch" time="0.001"/>
<testcase classname="buildbot.test.unit.steps.test_source_mtn.TestMonotone" name="test_database_empty" time="0.003"/>
<testcase classname="buildbot.test.unit.steps.test_source_mtn.TestMonotone" name="test_database_invalid" time="0.002"/>
<testcase classname="buildbot.test.unit.steps.test_source_mtn.TestMonotone" name="test_database_migration" time="0.002"/>
<testcase classname="buildbot.test.unit.steps.test_source_mtn.TestMonotone" name="test_database_too_new" time="0.002"/>
<testcase classname="buildbot.test.unit.steps.test_source_mtn.TestMonotone" name="test_incorrect_method" time="0.001"/>
<testcase classname="buildbot.test.unit.steps.test_source_mtn.TestMonotone" name="test_incremental_invalid_method" time="0.001"/>
<testcase classname="buildbot.test.unit.steps.test_source_mtn.TestMonotone" name="test_mode_full_clean" time="0.002"/>
<testcase classname="buildbot.test.unit.steps.test_source_mtn.TestMonotone" name="test_mode_full_clean_from_scratch" time="0.003"/>
<testcase classname="buildbot.test.unit.steps.test_source_mtn.TestMonotone" name="test_mode_full_clean_no_existing_checkout" time="0.003"/>
<testcase classname="buildbot.test.unit.steps.test_source_mtn.TestMonotone" name="test_mode_full_clean_no_existing_db" time="0.002"/>
<testcase classname="buildbot.test.unit.steps.test_source_mtn.TestMonotone" name="test_mode_full_clean_patch" time="0.003"/>
<testcase classname="buildbot.test.unit.steps.test_source_mtn.TestMonotone" name="test_mode_full_clean_patch_fail" time="0.003"/>
<testcase classname="buildbot.test.unit.steps.test_source_mtn.TestMonotone" name="test_mode_full_clean_patch_worker_2_16" time="0.003"/>
<testcase classname="buildbot.test.unit.steps.test_source_mtn.TestMonotone" name="test_mode_full_clobber" time="0.002"/>
<testcase classname="buildbot.test.unit.steps.test_source_mtn.TestMonotone" name="test_mode_full_clobber_no_existing_db" time="0.003"/>
<testcase classname="buildbot.test.unit.steps.test_source_mtn.TestMonotone" name="test_mode_full_copy" time="0.002"/>
<testcase classname="buildbot.test.unit.steps.test_source_mtn.TestMonotone" name="test_mode_full_fresh" time="0.003"/>
<testcase classname="buildbot.test.unit.steps.test_source_mtn.TestMonotone" name="test_mode_full_no_method" time="0.003"/>
<testcase classname="buildbot.test.unit.steps.test_source_mtn.TestMonotone" name="test_mode_incremental" time="0.002"/>
<testcase classname="buildbot.test.unit.steps.test_source_mtn.TestMonotone" name="test_mode_incremental_from_scratch" time="0.003"/>
<testcase classname="buildbot.test.unit.steps.test_source_mtn.TestMonotone" name="test_mode_incremental_given_revision" time="0.003"/>
<testcase classname="buildbot.test.unit.steps.test_source_mtn.TestMonotone" name="test_mode_incremental_no_existing_checkout" time="0.002"/>
<testcase classname="buildbot.test.unit.steps.test_source_mtn.TestMonotone" name="test_mode_incremental_no_existing_db" time="0.002"/>
<testcase classname="buildbot.test.unit.steps.test_source_mtn.TestMonotone" name="test_mode_incremental_patched" time="0.002"/>
<testcase classname="buildbot.test.unit.steps.test_source_mtn.TestMonotone" name="test_mode_incremental_retry" time="0.002"/>
<testcase classname="buildbot.test.unit.steps.test_source_mtn.TestMonotone" name="test_repourl" time="0.001"/>
<testcase classname="buildbot.test.unit.steps.test_source_mtn.TestMonotone" name="test_worker_connection_lost" time="0.002"/>
<testcase classname="buildbot.test.unit.steps.test_source_p4.TestP4" name="test_client_type_partitioned" time="0.002"/>
<testcase classname="buildbot.test.unit.steps.test_source_p4.TestP4" name="test_client_type_readonly" time="0.003"/>
<testcase classname="buildbot.test.unit.steps.test_source_p4.TestP4" name="test_incorrect_mode" time="0.001"/>
<testcase classname="buildbot.test.unit.steps.test_source_p4.TestP4" name="test_mode_full_p4base" time="0.002"/>
<testcase classname="buildbot.test.unit.steps.test_source_p4.TestP4" name="test_mode_full_p4base_not_obfuscated" time="0.002"/>
<testcase classname="buildbot.test.unit.steps.test_source_p4.TestP4" name="test_mode_full_p4base_with_no_branch" time="0.002"/>
<testcase classname="buildbot.test.unit.steps.test_source_p4.TestP4" name="test_mode_full_p4client_spec_options" time="0.002"/>
<testcase classname="buildbot.test.unit.steps.test_source_p4.TestP4" name="test_mode_full_p4extra_args" time="0.002"/>
<testcase classname="buildbot.test.unit.steps.test_source_p4.TestP4" name="test_mode_full_p4viewspec" time="0.002"/>
<testcase classname="buildbot.test.unit.steps.test_source_p4.TestP4" name="test_mode_full_p4viewspec_suffix" time="0.002"/>
<testcase classname="buildbot.test.unit.steps.test_source_p4.TestP4" name="test_mode_full_parent_workdir" time="0.003"/>
<testcase classname="buildbot.test.unit.steps.test_source_p4.TestP4" name="test_mode_full_renderable_p4base" time="0.002"/>
<testcase classname="buildbot.test.unit.steps.test_source_p4.TestP4" name="test_mode_full_renderable_p4branch" time="0.002"/>
<testcase classname="buildbot.test.unit.steps.test_source_p4.TestP4" name="test_mode_full_renderable_p4client" time="0.002"/>
<testcase classname="buildbot.test.unit.steps.test_source_p4.TestP4" name="test_mode_full_renderable_p4viewspec" time="0.002"/>
<testcase classname="buildbot.test.unit.steps.test_source_p4.TestP4" name="test_mode_full_stream" time="0.002"/>
<testcase classname="buildbot.test.unit.steps.test_source_p4.TestP4" name="test_mode_full_stream_renderable_p4base" time="0.002"/>
<testcase classname="buildbot.test.unit.steps.test_source_p4.TestP4" name="test_mode_full_stream_renderable_p4branch" time="0.002"/>
<testcase classname="buildbot.test.unit.steps.test_source_p4.TestP4" name="test_mode_incremental_p4base" time="0.002"/>
<testcase classname="buildbot.test.unit.steps.test_source_p4.TestP4" name="test_mode_incremental_p4base_with_no_branch" time="0.002"/>
<testcase classname="buildbot.test.unit.steps.test_source_p4.TestP4" name="test_mode_incremental_p4base_with_p4extra_views" time="0.002"/>
<testcase classname="buildbot.test.unit.steps.test_source_p4.TestP4" name="test_mode_incremental_p4base_with_revision" time="0.002"/>
<testcase classname="buildbot.test.unit.steps.test_source_p4.TestP4" name="test_mode_incremental_p4client_spec_options" time="0.002"/>
<testcase classname="buildbot.test.unit.steps.test_source_p4.TestP4" name="test_mode_incremental_p4extra_args" time="0.002"/>
<testcase classname="buildbot.test.unit.steps.test_source_p4.TestP4" name="test_mode_incremental_p4viewspec" time="0.002"/>
<testcase classname="buildbot.test.unit.steps.test_source_p4.TestP4" name="test_mode_incremental_p4viewspec_suffix" time="0.002"/>
<testcase classname="buildbot.test.unit.steps.test_source_p4.TestP4" name="test_mode_incremental_parent_workdir" time="0.003"/>
<testcase classname="buildbot.test.unit.steps.test_source_p4.TestP4" name="test_mode_incremental_stream" time="0.002"/>
<testcase classname="buildbot.test.unit.steps.test_source_p4.TestP4" name="test_mode_incremental_timeout" time="0.002"/>
<testcase classname="buildbot.test.unit.steps.test_source_p4.TestP4" name="test_no_empty_step_config" time="0.001"/>
<testcase classname="buildbot.test.unit.steps.test_source_p4.TestP4" name="test_no_multiple_type_step_config" time="0.001"/>
<testcase classname="buildbot.test.unit.steps.test_source_p4.TestP4" name="test_no_p4base_has_leading_slash_step_config" time="0.001"/>
<testcase classname="buildbot.test.unit.steps.test_source_p4.TestP4" name="test_no_p4base_has_trailing_slash_step_config" time="0.001"/>
<testcase classname="buildbot.test.unit.steps.test_source_p4.TestP4" name="test_no_p4branch_has_trailing_slash_step_config" time="0.001"/>
<testcase classname="buildbot.test.unit.steps.test_source_p4.TestP4" name="test_no_p4branch_with_no_p4base_step_config" time="0.001"/>
<testcase classname="buildbot.test.unit.steps.test_source_p4.TestP4" name="test_no_p4extra_views_with_no_p4base_step_config" time="0.001"/>
<testcase classname="buildbot.test.unit.steps.test_source_p4.TestP4" name="test_no_p4viewspec_is_string_step_config" time="0.001"/>
<testcase classname="buildbot.test.unit.steps.test_source_p4.TestP4" name="test_p4base_has_whitespace" time="0.001"/>
<testcase classname="buildbot.test.unit.steps.test_source_p4.TestP4" name="test_p4branch_has_whitespace" time="0.001"/>
<testcase classname="buildbot.test.unit.steps.test_source_p4.TestP4" name="test_ticket_auth" time="0.002"/>
<testcase classname="buildbot.test.unit.steps.test_source_p4.TestP4" name="test_worker_connection_lost" time="0.003"/>
<testcase classname="buildbot.test.unit.steps.test_source_repo.RepoURL" name="test_parse1" time="0.001"/>
<testcase classname="buildbot.test.unit.steps.test_source_repo.RepoURL" name="test_parse2" time="0.000"/>
<testcase classname="buildbot.test.unit.steps.test_source_repo.RepoURL" name="test_parse3" time="0.000"/>
<testcase classname="buildbot.test.unit.steps.test_source_repo.TestRepo" name="test_basic" time="0.002"/>
<testcase classname="buildbot.test.unit.steps.test_source_repo.TestRepo" name="test_basic_depth" time="0.002"/>
<testcase classname="buildbot.test.unit.steps.test_source_repo.TestRepo" name="test_basic_fail" time="0.002"/>
<testcase classname="buildbot.test.unit.steps.test_source_repo.TestRepo" name="test_basic_submodule" time="0.002"/>
<testcase classname="buildbot.test.unit.steps.test_source_repo.TestRepo" name="test_create_tarball" time="0.003"/>
<testcase classname="buildbot.test.unit.steps.test_source_repo.TestRepo" name="test_jobs" time="0.004"/>
<testcase classname="buildbot.test.unit.steps.test_source_repo.TestRepo" name="test_manifest_override" time="0.003"/>
<testcase classname="buildbot.test.unit.steps.test_source_repo.TestRepo" name="test_manifest_override_local" time="0.003"/>
<testcase classname="buildbot.test.unit.steps.test_source_repo.TestRepo" name="test_repo_download_manifest" time="0.003"/>
<testcase classname="buildbot.test.unit.steps.test_source_repo.TestRepo" name="test_repo_downloads" time="0.003"/>
<testcase classname="buildbot.test.unit.steps.test_source_repo.TestRepo" name="test_repo_downloads2" time="0.004"/>
<testcase classname="buildbot.test.unit.steps.test_source_repo.TestRepo" name="test_repo_downloads_change_missing" time="0.006"/>
<testcase classname="buildbot.test.unit.steps.test_source_repo.TestRepo" name="test_repo_downloads_fail1" time="0.003"/>
<testcase classname="buildbot.test.unit.steps.test_source_repo.TestRepo" name="test_repo_downloads_fail2" time="0.002"/>
<testcase classname="buildbot.test.unit.steps.test_source_repo.TestRepo" name="test_repo_downloads_from_change_source" time="0.002"/>
<testcase classname="buildbot.test.unit.steps.test_source_repo.TestRepo" name="test_repo_downloads_from_change_source_codebase" time="0.003"/>
<testcase classname="buildbot.test.unit.steps.test_source_repo.TestRepo" name="test_repo_downloads_mirror_sync" time="0.005"/>
<testcase classname="buildbot.test.unit.steps.test_source_repo.TestRepo" name="test_sync_all_branches" time="0.002"/>
<testcase classname="buildbot.test.unit.steps.test_source_repo.TestRepo" name="test_tarball" time="0.002"/>
<testcase classname="buildbot.test.unit.steps.test_source_repo.TestRepo" name="test_update" time="0.002"/>
<testcase classname="buildbot.test.unit.steps.test_source_repo.TestRepo" name="test_update_doublefail" time="0.003"/>
<testcase classname="buildbot.test.unit.steps.test_source_repo.TestRepo" name="test_update_doublefail2" time="0.004"/>
<testcase classname="buildbot.test.unit.steps.test_source_repo.TestRepo" name="test_update_doublefail3" time="0.002"/>
<testcase classname="buildbot.test.unit.steps.test_source_repo.TestRepo" name="test_update_fail1" time="0.002"/>
<testcase classname="buildbot.test.unit.steps.test_source_repo.TestRepo" name="test_update_fail2" time="0.002"/>
<testcase classname="buildbot.test.unit.steps.test_source_repo.TestRepo" name="test_update_fail3" time="0.003"/>
<testcase classname="buildbot.test.unit.steps.test_source_repo.TestRepo" name="test_update_fail4" time="0.003"/>
<testcase classname="buildbot.test.unit.steps.test_source_repo.TestRepo" name="test_update_tarball" time="0.003"/>
<testcase classname="buildbot.test.unit.steps.test_source_repo.TestRepo" name="test_update_tarball_bzip" time="0.003"/>
<testcase classname="buildbot.test.unit.steps.test_source_repo.TestRepo" name="test_update_tarball_fail1" time="0.003"/>
<testcase classname="buildbot.test.unit.steps.test_source_repo.TestRepo" name="test_update_tarball_fail2" time="0.003"/>
<testcase classname="buildbot.test.unit.steps.test_source_repo.TestRepo" name="test_update_tarball_gz" time="0.003"/>
<testcase classname="buildbot.test.unit.steps.test_source_repo.TestRepo" name="test_update_tarball_lzma" time="0.003"/>
<testcase classname="buildbot.test.unit.steps.test_source_repo.TestRepo" name="test_update_tarball_lzop" time="0.003"/>
<testcase classname="buildbot.test.unit.steps.test_source_repo.TestRepo" name="test_update_tarball_pigz" time="0.003"/>
<testcase classname="buildbot.test.unit.steps.test_source_repo.TestRepo" name="test_update_tarball_tgz" time="0.002"/>
<testcase classname="buildbot.test.unit.steps.test_source_svn.TestGetUnversionedFiles" name="test_getUnversionedFiles_corrupted_xml" time="0.000"/>
<testcase classname="buildbot.test.unit.steps.test_source_svn.TestGetUnversionedFiles" name="test_getUnversionedFiles_does_not_list_externals" time="0.000"/>
<testcase classname="buildbot.test.unit.steps.test_source_svn.TestGetUnversionedFiles" name="test_getUnversionedFiles_does_not_list_missing" time="0.000"/>
<testcase classname="buildbot.test.unit.steps.test_source_svn.TestGetUnversionedFiles" name="test_getUnversionedFiles_no_item" time="0.000"/>
<testcase classname="buildbot.test.unit.steps.test_source_svn.TestGetUnversionedFiles" name="test_getUnversionedFiles_no_path" time="0.000"/>
<testcase classname="buildbot.test.unit.steps.test_source_svn.TestGetUnversionedFiles" name="test_getUnversionedFiles_unicode" time="0.000"/>
<testcase classname="buildbot.test.unit.steps.test_source_svn.TestSVN" name="test_bogus_svnversion" time="0.003"/>
<testcase classname="buildbot.test.unit.steps.test_source_svn.TestSVN" name="test_command_fails" time="0.003"/>
<testcase classname="buildbot.test.unit.steps.test_source_svn.TestSVN" name="test_corrupt_xml" time="0.003"/>
<testcase classname="buildbot.test.unit.steps.test_source_svn.TestSVN" name="test_cpdir_fails_copy" time="0.002"/>
<testcase classname="buildbot.test.unit.steps.test_source_svn.TestSVN" name="test_empty_password" time="0.002"/>
<testcase classname="buildbot.test.unit.steps.test_source_svn.TestSVN" name="test_incorrect_method" time="0.001"/>
<testcase classname="buildbot.test.unit.steps.test_source_svn.TestSVN" name="test_incorrect_mode" time="0.001"/>
<testcase classname="buildbot.test.unit.steps.test_source_svn.TestSVN" name="test_mode_full_clean" time="0.003"/>
<testcase classname="buildbot.test.unit.steps.test_source_svn.TestSVN" name="test_mode_full_clean_given_revision" time="0.003"/>
<testcase classname="buildbot.test.unit.steps.test_source_svn.TestSVN" name="test_mode_full_clean_new_rmdir" time="0.003"/>
<testcase classname="buildbot.test.unit.steps.test_source_svn.TestSVN" name="test_mode_full_clean_old_rmdir" time="0.003"/>
<testcase classname="buildbot.test.unit.steps.test_source_svn.TestSVN" name="test_mode_full_clobber" time="0.002"/>
<testcase classname="buildbot.test.unit.steps.test_source_svn.TestSVN" name="test_mode_full_clobber_given_revision" time="0.002"/>
<testcase classname="buildbot.test.unit.steps.test_source_svn.TestSVN" name="test_mode_full_copy" time="0.002"/>
<testcase classname="buildbot.test.unit.steps.test_source_svn.TestSVN" name="test_mode_full_copy_given_revision" time="0.002"/>
<testcase classname="buildbot.test.unit.steps.test_source_svn.TestSVN" name="test_mode_full_export" time="0.002"/>
<testcase classname="buildbot.test.unit.steps.test_source_svn.TestSVN" name="test_mode_full_export_auth" time="0.003"/>
<testcase classname="buildbot.test.unit.steps.test_source_svn.TestSVN" name="test_mode_full_export_given_revision" time="0.003"/>
<testcase classname="buildbot.test.unit.steps.test_source_svn.TestSVN" name="test_mode_full_export_patch" time="0.003"/>
<testcase classname="buildbot.test.unit.steps.test_source_svn.TestSVN" name="test_mode_full_export_patch_worker_2_16" time="0.003"/>
<testcase classname="buildbot.test.unit.steps.test_source_svn.TestSVN" name="test_mode_full_export_timeout" time="0.002"/>
<testcase classname="buildbot.test.unit.steps.test_source_svn.TestSVN" name="test_mode_full_fresh" time="0.002"/>
<testcase classname="buildbot.test.unit.steps.test_source_svn.TestSVN" name="test_mode_full_fresh_given_revision" time="0.002"/>
<testcase classname="buildbot.test.unit.steps.test_source_svn.TestSVN" name="test_mode_full_fresh_keep_on_purge" time="0.003"/>
<testcase classname="buildbot.test.unit.steps.test_source_svn.TestSVN" name="test_mode_full_fresh_retry" time="0.003"/>
<testcase classname="buildbot.test.unit.steps.test_source_svn.TestSVN" name="test_mode_full_not_updatable" time="0.002"/>
<testcase classname="buildbot.test.unit.steps.test_source_svn.TestSVN" name="test_mode_full_not_updatable_given_revision" time="0.002"/>
<testcase classname="buildbot.test.unit.steps.test_source_svn.TestSVN" name="test_mode_incremental" time="0.002"/>
<testcase classname="buildbot.test.unit.steps.test_source_svn.TestSVN" name="test_mode_incremental_given_revision" time="0.002"/>
<testcase classname="buildbot.test.unit.steps.test_source_svn.TestSVN" name="test_mode_incremental_log_environ" time="0.003"/>
<testcase classname="buildbot.test.unit.steps.test_source_svn.TestSVN" name="test_mode_incremental_preferLastChangedRev" time="0.002"/>
<testcase classname="buildbot.test.unit.steps.test_source_svn.TestSVN" name="test_mode_incremental_preferLastChangedRev_butMissing" time="0.002"/>
<testcase classname="buildbot.test.unit.steps.test_source_svn.TestSVN" name="test_mode_incremental_repourl_canonical" time="0.002"/>
<testcase classname="buildbot.test.unit.steps.test_source_svn.TestSVN" name="test_mode_incremental_repourl_not_updatable" time="0.002"/>
<testcase classname="buildbot.test.unit.steps.test_source_svn.TestSVN" name="test_mode_incremental_repourl_not_updatable_svninfo_mismatch" time="0.002"/>
<testcase classname="buildbot.test.unit.steps.test_source_svn.TestSVN" name="test_mode_incremental_repourl_renderable" time="0.002"/>
<testcase classname="buildbot.test.unit.steps.test_source_svn.TestSVN" name="test_mode_incremental_retry" time="0.002"/>
<testcase classname="buildbot.test.unit.steps.test_source_svn.TestSVN" name="test_mode_incremental_timeout" time="0.003"/>
<testcase classname="buildbot.test.unit.steps.test_source_svn.TestSVN" name="test_mode_incremental_win32path" time="0.002"/>
<testcase classname="buildbot.test.unit.steps.test_source_svn.TestSVN" name="test_mode_incremental_with_env" time="0.002"/>
<testcase classname="buildbot.test.unit.steps.test_source_svn.TestSVN" name="test_no_repourl" time="0.001"/>
<testcase classname="buildbot.test.unit.steps.test_source_svn.TestSVN" name="test_omit_password" time="0.002"/>
<testcase classname="buildbot.test.unit.steps.test_source_svn.TestSVN" name="test_revision_missing" time="0.002"/>
<testcase classname="buildbot.test.unit.steps.test_source_svn.TestSVN" name="test_revision_noninteger" time="0.002"/>
<testcase classname="buildbot.test.unit.steps.test_source_svn.TestSVN" name="test_rmdir_fails_clobber" time="0.003"/>
<testcase classname="buildbot.test.unit.steps.test_source_svn.TestSVN" name="test_rmdir_fails_copy" time="0.002"/>
<testcase classname="buildbot.test.unit.steps.test_source_svn.TestSVN" name="test_rmdir_fails_purge" time="0.002"/>
<testcase classname="buildbot.test.unit.steps.test_source_svn.TestSVN" name="test_svn_not_installed" time="0.004"/>
<testcase classname="buildbot.test.unit.steps.test_source_svn.TestSVN" name="test_worker_connection_lost" time="0.002"/>
<testcase classname="buildbot.test.unit.steps.test_source_svn.TestSvnUriCanonicalize" name="test_svn_uri_00_empty" time="0.000"/>
<testcase classname="buildbot.test.unit.steps.test_source_svn.TestSvnUriCanonicalize" name="test_svn_uri_01_canonical" time="0.000"/>
<testcase classname="buildbot.test.unit.steps.test_source_svn.TestSvnUriCanonicalize" name="test_svn_uri_02_lc_scheme" time="0.000"/>
<testcase classname="buildbot.test.unit.steps.test_source_svn.TestSvnUriCanonicalize" name="test_svn_uri_03_trailing_dot" time="0.000"/>
<testcase classname="buildbot.test.unit.steps.test_source_svn.TestSvnUriCanonicalize" name="test_svn_uri_04_lc_hostname" time="0.000"/>
<testcase classname="buildbot.test.unit.steps.test_source_svn.TestSvnUriCanonicalize" name="test_svn_uri_05_lc_hostname_with_user" time="0.000"/>
<testcase classname="buildbot.test.unit.steps.test_source_svn.TestSvnUriCanonicalize" name="test_svn_uri_06_lc_hostname_with_user_pass" time="0.000"/>
<testcase classname="buildbot.test.unit.steps.test_source_svn.TestSvnUriCanonicalize" name="test_svn_uri_07_trailing_slash" time="0.000"/>
<testcase classname="buildbot.test.unit.steps.test_source_svn.TestSvnUriCanonicalize" name="test_svn_uri_08_trailing_slash_scheme" time="0.000"/>
<testcase classname="buildbot.test.unit.steps.test_source_svn.TestSvnUriCanonicalize" name="test_svn_uri_09_trailing_slash_hostname" time="0.000"/>
<testcase classname="buildbot.test.unit.steps.test_source_svn.TestSvnUriCanonicalize" name="test_svn_uri_10_trailing_double_slash" time="0.000"/>
<testcase classname="buildbot.test.unit.steps.test_source_svn.TestSvnUriCanonicalize" name="test_svn_uri_11_double_slash" time="0.000"/>
<testcase classname="buildbot.test.unit.steps.test_source_svn.TestSvnUriCanonicalize" name="test_svn_uri_12_slash" time="0.000"/>
<testcase classname="buildbot.test.unit.steps.test_source_svn.TestSvnUriCanonicalize" name="test_svn_uri_13_dot" time="0.000"/>
<testcase classname="buildbot.test.unit.steps.test_source_svn.TestSvnUriCanonicalize" name="test_svn_uri_14_dot_dot" time="0.000"/>
<testcase classname="buildbot.test.unit.steps.test_source_svn.TestSvnUriCanonicalize" name="test_svn_uri_15_double_dot_dot" time="0.000"/>
<testcase classname="buildbot.test.unit.steps.test_source_svn.TestSvnUriCanonicalize" name="test_svn_uri_16_dot_dot_root" time="0.000"/>
<testcase classname="buildbot.test.unit.steps.test_source_svn.TestSvnUriCanonicalize" name="test_svn_uri_17_quote_spaces" time="0.000"/>
<testcase classname="buildbot.test.unit.steps.test_source_svn.TestSvnUriCanonicalize" name="test_svn_uri_18_remove_port_80" time="0.000"/>
<testcase classname="buildbot.test.unit.steps.test_source_svn.TestSvnUriCanonicalize" name="test_svn_uri_19_dont_remove_port_80" time="0.000"/>
<testcase classname="buildbot.test.unit.steps.test_source_svn.TestSvnUriCanonicalize" name="test_svn_uri_20_remove_port_443" time="0.000"/>
<testcase classname="buildbot.test.unit.steps.test_source_svn.TestSvnUriCanonicalize" name="test_svn_uri_21_dont_remove_port_443" time="0.000"/>
<testcase classname="buildbot.test.unit.steps.test_source_svn.TestSvnUriCanonicalize" name="test_svn_uri_22_remove_port_3690" time="0.000"/>
<testcase classname="buildbot.test.unit.steps.test_source_svn.TestSvnUriCanonicalize" name="test_svn_uri_23_dont_remove_port_3690" time="0.000"/>
<testcase classname="buildbot.test.unit.steps.test_source_svn.TestSvnUriCanonicalize" name="test_svn_uri_24_dont_remove_port_other" time="0.000"/>
<testcase classname="buildbot.test.unit.steps.test_source_svn.TestSvnUriCanonicalize" name="test_svn_uri_25_quote_funny_chars" time="0.000"/>
<testcase classname="buildbot.test.unit.steps.test_source_svn.TestSvnUriCanonicalize" name="test_svn_uri_26_overquoted" time="0.000"/>
<testcase classname="buildbot.test.unit.steps.test_subunit.TestSubUnit" name="test_empty" time="0.002"/>
<testcase classname="buildbot.test.unit.steps.test_subunit.TestSubUnit" name="test_empty_error" time="0.002"/>
<testcase classname="buildbot.test.unit.steps.test_subunit.TestSubUnit" name="test_error" time="0.002"/>
<testcase classname="buildbot.test.unit.steps.test_subunit.TestSubUnit" name="test_multiple_errors" time="0.002"/>
<testcase classname="buildbot.test.unit.steps.test_subunit.TestSubUnit" name="test_success" time="0.002"/>
<testcase classname="buildbot.test.unit.steps.test_subunit.TestSubUnit" name="test_warnings" time="0.002"/>
<testcase classname="buildbot.test.unit.steps.test_transfer.TestDirectoryUpload" name="testBasic" time="0.007"/>
<testcase classname="buildbot.test.unit.steps.test_transfer.TestDirectoryUpload" name="testException" time="0.008"/>
<testcase classname="buildbot.test.unit.steps.test_transfer.TestDirectoryUpload" name="testFailure" time="0.003"/>
<testcase classname="buildbot.test.unit.steps.test_transfer.TestDirectoryUpload" name="testWorker2_16" time="0.008"/>
<testcase classname="buildbot.test.unit.steps.test_transfer.TestDirectoryUpload" name="test_init_positional_args" time="0.002"/>
<testcase classname="buildbot.test.unit.steps.test_transfer.TestDirectoryUpload" name="test_init_workersrc_keyword" time="0.001"/>
<testcase classname="buildbot.test.unit.steps.test_transfer.TestDirectoryUpload" name="test_init_workersrc_positional" time="0.002"/>
<testcase classname="buildbot.test.unit.steps.test_transfer.TestDirectoryUpload" name="test_url" time="0.007"/>
<testcase classname="buildbot.test.unit.steps.test_transfer.TestDirectoryUpload" name="test_url_text" time="0.008"/>
<testcase classname="buildbot.test.unit.steps.test_transfer.TestFileDownload" name="testBasic" time="0.004"/>
<testcase classname="buildbot.test.unit.steps.test_transfer.TestFileDownload" name="testBasicWorker2_16" time="0.003"/>
<testcase classname="buildbot.test.unit.steps.test_transfer.TestFileDownload" name="test_init_positional_args" time="0.002"/>
<testcase classname="buildbot.test.unit.steps.test_transfer.TestFileDownload" name="test_init_workerdest_keyword" time="0.002"/>
<testcase classname="buildbot.test.unit.steps.test_transfer.TestFileDownload" name="test_init_workerdest_positional" time="0.001"/>
<testcase classname="buildbot.test.unit.steps.test_transfer.TestFileDownload" name="test_no_file" time="0.002"/>
<testcase classname="buildbot.test.unit.steps.test_transfer.TestFileUpload" name="testBasic" time="0.003"/>
<testcase classname="buildbot.test.unit.steps.test_transfer.TestFileUpload" name="testConstructorModeType" time="0.001"/>
<testcase classname="buildbot.test.unit.steps.test_transfer.TestFileUpload" name="testDescriptionDone" time="0.002"/>
<testcase classname="buildbot.test.unit.steps.test_transfer.TestFileUpload" name="testException" time="0.004"/>
<testcase classname="buildbot.test.unit.steps.test_transfer.TestFileUpload" name="testFailure" time="0.003"/>
<testcase classname="buildbot.test.unit.steps.test_transfer.TestFileUpload" name="testTimestamp" time="0.002"/>
<testcase classname="buildbot.test.unit.steps.test_transfer.TestFileUpload" name="testURL" time="0.002"/>
<testcase classname="buildbot.test.unit.steps.test_transfer.TestFileUpload" name="testURLText" time="0.003"/>
<testcase classname="buildbot.test.unit.steps.test_transfer.TestFileUpload" name="testWorker2_16" time="0.002"/>
<testcase classname="buildbot.test.unit.steps.test_transfer.TestFileUpload" name="test_init_positional_args" time="0.001"/>
<testcase classname="buildbot.test.unit.steps.test_transfer.TestFileUpload" name="test_init_workersrc_keyword" time="0.001"/>
<testcase classname="buildbot.test.unit.steps.test_transfer.TestFileUpload" name="test_init_workersrc_positional" time="0.001"/>
<testcase classname="buildbot.test.unit.steps.test_transfer.TestFileUpload" name="test_interrupt" time="0.002"/>
<testcase classname="buildbot.test.unit.steps.test_transfer.TestJSONPropertiesDownload" name="testBasic" time="0.002"/>
<testcase classname="buildbot.test.unit.steps.test_transfer.TestJSONPropertiesDownload" name="test_init_positional_args" time="0.001"/>
<testcase classname="buildbot.test.unit.steps.test_transfer.TestJSONPropertiesDownload" name="test_init_workerdest_keyword" time="0.001"/>
<testcase classname="buildbot.test.unit.steps.test_transfer.TestJSONPropertiesDownload" name="test_init_workerdest_positional" time="0.001"/>
<testcase classname="buildbot.test.unit.steps.test_transfer.TestJSONStringDownload" name="testBasic" time="0.002"/>
<testcase classname="buildbot.test.unit.steps.test_transfer.TestJSONStringDownload" name="testFailure" time="0.002"/>
<testcase classname="buildbot.test.unit.steps.test_transfer.TestJSONStringDownload" name="test_basic_with_renderable" time="0.001"/>
<testcase classname="buildbot.test.unit.steps.test_transfer.TestJSONStringDownload" name="test_init_positional_args" time="0.001"/>
<testcase classname="buildbot.test.unit.steps.test_transfer.TestJSONStringDownload" name="test_init_workerdest_keyword" time="0.001"/>
<testcase classname="buildbot.test.unit.steps.test_transfer.TestJSONStringDownload" name="test_init_workerdest_positional" time="0.001"/>
<testcase classname="buildbot.test.unit.steps.test_transfer.TestMultipleFileUpload" name="testDirectory" time="0.007"/>
<testcase classname="buildbot.test.unit.steps.test_transfer.TestMultipleFileUpload" name="testDirectoryWorker2_16" time="0.008"/>
<testcase classname="buildbot.test.unit.steps.test_transfer.TestMultipleFileUpload" name="testEmpty" time="0.002"/>
<testcase classname="buildbot.test.unit.steps.test_transfer.TestMultipleFileUpload" name="testException" time="0.005"/>
<testcase classname="buildbot.test.unit.steps.test_transfer.TestMultipleFileUpload" name="testFailedGlob" time="0.002"/>
<testcase classname="buildbot.test.unit.steps.test_transfer.TestMultipleFileUpload" name="testFailure" time="0.003"/>
<testcase classname="buildbot.test.unit.steps.test_transfer.TestMultipleFileUpload" name="testFile" time="0.003"/>
<testcase classname="buildbot.test.unit.steps.test_transfer.TestMultipleFileUpload" name="testFileWorker2_16" time="0.003"/>
<testcase classname="buildbot.test.unit.steps.test_transfer.TestMultipleFileUpload" name="testGlob" time="0.003"/>
<testcase classname="buildbot.test.unit.steps.test_transfer.TestMultipleFileUpload" name="testMultiple" time="0.006"/>
<testcase classname="buildbot.test.unit.steps.test_transfer.TestMultipleFileUpload" name="testMultipleString" time="0.003"/>
<testcase classname="buildbot.test.unit.steps.test_transfer.TestMultipleFileUpload" name="testMultipleWorker2_16" time="0.008"/>
<testcase classname="buildbot.test.unit.steps.test_transfer.TestMultipleFileUpload" name="testSubclass" time="0.008"/>
<testcase classname="buildbot.test.unit.steps.test_transfer.TestMultipleFileUpload" name="test_init_positional_args" time="0.001"/>
<testcase classname="buildbot.test.unit.steps.test_transfer.TestMultipleFileUpload" name="test_init_workersrcs_keyword" time="0.001"/>
<testcase classname="buildbot.test.unit.steps.test_transfer.TestMultipleFileUpload" name="test_init_workersrcs_positional" time="0.001"/>
<testcase classname="buildbot.test.unit.steps.test_transfer.TestMultipleFileUpload" name="test_not_existing_path" time="0.002"/>
<testcase classname="buildbot.test.unit.steps.test_transfer.TestMultipleFileUpload" name="test_special_path" time="0.002"/>
<testcase classname="buildbot.test.unit.steps.test_transfer.TestMultipleFileUpload" name="test_url" time="0.003"/>
<testcase classname="buildbot.test.unit.steps.test_transfer.TestMultipleFileUpload" name="test_url_text" time="0.004"/>
<testcase classname="buildbot.test.unit.steps.test_transfer.TestStringDownload" name="testBasic" time="0.002"/>
<testcase classname="buildbot.test.unit.steps.test_transfer.TestStringDownload" name="testBasicWorker2_16" time="0.002"/>
<testcase classname="buildbot.test.unit.steps.test_transfer.TestStringDownload" name="testFailure" time="0.001"/>
<testcase classname="buildbot.test.unit.steps.test_transfer.TestStringDownload" name="testModeConfError" time="0.001"/>
<testcase classname="buildbot.test.unit.steps.test_transfer.TestStringDownload" name="test_init_positional_args" time="0.001"/>
<testcase classname="buildbot.test.unit.steps.test_transfer.TestStringDownload" name="test_init_workerdest_keyword" time="0.001"/>
<testcase classname="buildbot.test.unit.steps.test_transfer.TestStringDownload" name="test_init_workerdest_positional" time="0.001"/>
<testcase classname="buildbot.test.unit.steps.test_trigger.TestTrigger" name="test_alwaysUseLatest" time="0.002"/>
<testcase classname="buildbot.test.unit.steps.test_trigger.TestTrigger" name="test_alwaysUseLatest_prop_false" time="0.002"/>
<testcase classname="buildbot.test.unit.steps.test_trigger.TestTrigger" name="test_alwaysUseLatest_prop_true" time="0.002"/>
<testcase classname="buildbot.test.unit.steps.test_trigger.TestTrigger" name="test_bogus_scheduler" time="0.004"/>
<testcase classname="buildbot.test.unit.steps.test_trigger.TestTrigger" name="test_copy_properties" time="0.002"/>
<testcase classname="buildbot.test.unit.steps.test_trigger.TestTrigger" name="test_getSchedulersAndProperties_back_comp" time="0.002"/>
<testcase classname="buildbot.test.unit.steps.test_trigger.TestTrigger" name="test_no_schedulerNames" time="0.001"/>
<testcase classname="buildbot.test.unit.steps.test_trigger.TestTrigger" name="test_not_updateSourceStamp" time="0.002"/>
<testcase classname="buildbot.test.unit.steps.test_trigger.TestTrigger" name="test_set_of_sourceStamps" time="0.002"/>
<testcase classname="buildbot.test.unit.steps.test_trigger.TestTrigger" name="test_set_of_sourceStamps_override_build" time="0.002"/>
<testcase classname="buildbot.test.unit.steps.test_trigger.TestTrigger" name="test_set_properties" time="0.002"/>
<testcase classname="buildbot.test.unit.steps.test_trigger.TestTrigger" name="test_set_properties_prop" time="0.002"/>
<testcase classname="buildbot.test.unit.steps.test_trigger.TestTrigger" name="test_simple" time="0.001"/>
<testcase classname="buildbot.test.unit.steps.test_trigger.TestTrigger" name="test_simple_exception" time="0.002"/>
<testcase classname="buildbot.test.unit.steps.test_trigger.TestTrigger" name="test_simple_failure" time="0.001"/>
<testcase classname="buildbot.test.unit.steps.test_trigger.TestTrigger" name="test_sourceStamp" time="0.002"/>
<testcase classname="buildbot.test.unit.steps.test_trigger.TestTrigger" name="test_sourceStamp_and_alwaysUseLatest" time="0.001"/>
<testcase classname="buildbot.test.unit.steps.test_trigger.TestTrigger" name="test_sourceStamp_and_updateSourceStamp" time="0.001"/>
<testcase classname="buildbot.test.unit.steps.test_trigger.TestTrigger" name="test_sourceStamp_prop" time="0.094"/>
<testcase classname="buildbot.test.unit.steps.test_trigger.TestTrigger" name="test_sourceStamps_and_alwaysUseLatest" time="0.001"/>
<testcase classname="buildbot.test.unit.steps.test_trigger.TestTrigger" name="test_sourceStamps_and_updateSourceStamp" time="0.001"/>
<testcase classname="buildbot.test.unit.steps.test_trigger.TestTrigger" name="test_unimportantSchedulerNames" time="0.002"/>
<testcase classname="buildbot.test.unit.steps.test_trigger.TestTrigger" name="test_unimportantSchedulerNames_not_in_schedulerNames" time="0.001"/>
<testcase classname="buildbot.test.unit.steps.test_trigger.TestTrigger" name="test_unimportantSchedulerNames_not_in_schedulerNames_but_rendered" time="0.001"/>
<testcase classname="buildbot.test.unit.steps.test_trigger.TestTrigger" name="test_unimportantSchedulerNames_with_more_brids_for_bsid" time="0.002"/>
<testcase classname="buildbot.test.unit.steps.test_trigger.TestTrigger" name="test_updateSourceStamp" time="0.003"/>
<testcase classname="buildbot.test.unit.steps.test_trigger.TestTrigger" name="test_updateSourceStamp_and_alwaysUseLatest" time="0.001"/>
<testcase classname="buildbot.test.unit.steps.test_trigger.TestTrigger" name="test_updateSourceStamp_multiple_repositories" time="0.001"/>
<testcase classname="buildbot.test.unit.steps.test_trigger.TestTrigger" name="test_updateSourceStamp_no_got_revision" time="0.001"/>
<testcase classname="buildbot.test.unit.steps.test_trigger.TestTrigger" name="test_updateSourceStamp_prop_false" time="0.001"/>
<testcase classname="buildbot.test.unit.steps.test_trigger.TestTrigger" name="test_updateSourceStamp_prop_true" time="0.001"/>
<testcase classname="buildbot.test.unit.steps.test_trigger.TestTrigger" name="test_virtual_builder" time="0.002"/>
<testcase classname="buildbot.test.unit.steps.test_trigger.TestTrigger" name="test_waitForFinish" time="0.002"/>
<testcase classname="buildbot.test.unit.steps.test_trigger.TestTrigger" name="test_waitForFinish_exception" time="0.002"/>
<testcase classname="buildbot.test.unit.steps.test_trigger.TestTrigger" name="test_waitForFinish_failure" time="0.002"/>
<testcase classname="buildbot.test.unit.steps.test_trigger.TestTrigger" name="test_waitForFinish_interrupt" time="0.002"/>
<testcase classname="buildbot.test.unit.steps.test_trigger.TestTrigger" name="test_waitForFinish_interrupt_no_connection" time="0.002"/>
<testcase classname="buildbot.test.unit.steps.test_trigger.TestTrigger" name="test_waitForFinish_split_failure" time="0.002"/>
<testcase classname="buildbot.test.unit.steps.test_trigger.TriggerableInterfaceTest" name="test_interface" time="0.000"/>
<testcase classname="buildbot.test.unit.steps.test_vstudio.Aliases" name="test_vs2003" time="0.000"/>
<testcase classname="buildbot.test.unit.steps.test_vstudio.Aliases" name="test_vs2005" time="0.000"/>
<testcase classname="buildbot.test.unit.steps.test_vstudio.Aliases" name="test_vs2008" time="0.000"/>
<testcase classname="buildbot.test.unit.steps.test_vstudio.Aliases" name="test_vs2010" time="0.000"/>
<testcase classname="buildbot.test.unit.steps.test_vstudio.Aliases" name="test_vs2012" time="0.000"/>
<testcase classname="buildbot.test.unit.steps.test_vstudio.MSLogLineObserver" name="test_outLineReceived_empty" time="0.000"/>
<testcase classname="buildbot.test.unit.steps.test_vstudio.MSLogLineObserver" name="test_outLineReceived_errors" time="0.000"/>
<testcase classname="buildbot.test.unit.steps.test_vstudio.MSLogLineObserver" name="test_outLineReceived_files" time="0.000"/>
<testcase classname="buildbot.test.unit.steps.test_vstudio.MSLogLineObserver" name="test_outLineReceived_projects" time="0.000"/>
<testcase classname="buildbot.test.unit.steps.test_vstudio.MSLogLineObserver" name="test_outLineReceived_real" time="0.000"/>
<testcase classname="buildbot.test.unit.steps.test_vstudio.MSLogLineObserver" name="test_outLineReceived_warnings" time="0.000"/>
<testcase classname="buildbot.test.unit.steps.test_vstudio.TestAddEnvPath" name="test_existing" time="0.000"/>
<testcase classname="buildbot.test.unit.steps.test_vstudio.TestAddEnvPath" name="test_existing_both_semi" time="0.000"/>
<testcase classname="buildbot.test.unit.steps.test_vstudio.TestAddEnvPath" name="test_existing_semi" time="0.000"/>
<testcase classname="buildbot.test.unit.steps.test_vstudio.TestAddEnvPath" name="test_new" time="0.000"/>
<testcase classname="buildbot.test.unit.steps.test_vstudio.TestAddEnvPath" name="test_new_semi" time="0.000"/>
<testcase classname="buildbot.test.unit.steps.test_vstudio.TestMsBuild" name="test_build_project" time="0.002"/>
<testcase classname="buildbot.test.unit.steps.test_vstudio.TestMsBuild" name="test_clean_project" time="0.002"/>
<testcase classname="buildbot.test.unit.steps.test_vstudio.TestMsBuild" name="test_no_platform" time="0.004"/>
<testcase classname="buildbot.test.unit.steps.test_vstudio.TestMsBuild" name="test_rebuild_project" time="0.002"/>
<testcase classname="buildbot.test.unit.steps.test_vstudio.TestMsBuild" name="test_rebuild_project_with_defines" time="0.002"/>
<testcase classname="buildbot.test.unit.steps.test_vstudio.TestMsBuild" name="test_rebuild_solution" time="0.002"/>
<testcase classname="buildbot.test.unit.steps.test_vstudio.TestMsBuild141" name="test_aliases_MsBuild15" time="0.001"/>
<testcase classname="buildbot.test.unit.steps.test_vstudio.TestMsBuild141" name="test_build_project" time="0.002"/>
<testcase classname="buildbot.test.unit.steps.test_vstudio.TestMsBuild141" name="test_clean_project" time="0.002"/>
<testcase classname="buildbot.test.unit.steps.test_vstudio.TestMsBuild141" name="test_no_platform" time="0.002"/>
<testcase classname="buildbot.test.unit.steps.test_vstudio.TestMsBuild141" name="test_rebuild_project" time="0.001"/>
<testcase classname="buildbot.test.unit.steps.test_vstudio.TestMsBuild141" name="test_rebuild_project_with_defines" time="0.001"/>
<testcase classname="buildbot.test.unit.steps.test_vstudio.TestMsBuild141" name="test_rebuild_solution" time="0.001"/>
<testcase classname="buildbot.test.unit.steps.test_vstudio.TestMsBuild16" name="test_version_range_is_correct" time="0.002"/>
<testcase classname="buildbot.test.unit.steps.test_vstudio.TestMsBuild17" name="test_version_range_is_correct" time="0.003"/>
<testcase classname="buildbot.test.unit.steps.test_vstudio.TestVC10" name="test_installdir" time="0.002"/>
<testcase classname="buildbot.test.unit.steps.test_vstudio.TestVC11" name="test_installdir" time="0.002"/>
<testcase classname="buildbot.test.unit.steps.test_vstudio.TestVC6" name="test_args" time="0.001"/>
<testcase classname="buildbot.test.unit.steps.test_vstudio.TestVC6" name="test_clean" time="0.001"/>
<testcase classname="buildbot.test.unit.steps.test_vstudio.TestVC6" name="test_env_prepend" time="0.002"/>
<testcase classname="buildbot.test.unit.steps.test_vstudio.TestVC6" name="test_noproj_build" time="0.003"/>
<testcase classname="buildbot.test.unit.steps.test_vstudio.TestVC7" name="test_args" time="0.003"/>
<testcase classname="buildbot.test.unit.steps.test_vstudio.TestVC7" name="test_clean" time="0.002"/>
<testcase classname="buildbot.test.unit.steps.test_vstudio.TestVC7" name="test_env_prepend" time="0.002"/>
<testcase classname="buildbot.test.unit.steps.test_vstudio.TestVC7" name="test_noproj_build" time="0.002"/>
<testcase classname="buildbot.test.unit.steps.test_vstudio.TestVC8" name="test_args" time="0.002"/>
<testcase classname="buildbot.test.unit.steps.test_vstudio.TestVC8" name="test_args_x64" time="0.002"/>
<testcase classname="buildbot.test.unit.steps.test_vstudio.TestVC8" name="test_clean" time="0.002"/>
<testcase classname="buildbot.test.unit.steps.test_vstudio.TestVC8" name="test_rendering" time="0.002"/>
<testcase classname="buildbot.test.unit.steps.test_vstudio.TestVC9" name="test_installdir" time="0.002"/>
<testcase classname="buildbot.test.unit.steps.test_vstudio.TestVCExpress9" name="test_args" time="0.003"/>
<testcase classname="buildbot.test.unit.steps.test_vstudio.TestVCExpress9" name="test_clean" time="0.002"/>
<testcase classname="buildbot.test.unit.steps.test_vstudio.TestVCExpress9" name="test_mode_build_env" time="0.001"/>
<testcase classname="buildbot.test.unit.steps.test_vstudio.VisualStudio" name="test_default_config" time="0.001"/>
<testcase classname="buildbot.test.unit.steps.test_vstudio.VisualStudio" name="test_env_setup" time="0.002"/>
<testcase classname="buildbot.test.unit.steps.test_vstudio.VisualStudio" name="test_env_setup_existing" time="0.001"/>
<testcase classname="buildbot.test.unit.steps.test_vstudio.VisualStudio" name="test_evaluate_result_errors" time="0.002"/>
<testcase classname="buildbot.test.unit.steps.test_vstudio.VisualStudio" name="test_evaluate_result_failure" time="0.002"/>
<testcase classname="buildbot.test.unit.steps.test_vstudio.VisualStudio" name="test_evaluate_result_warnings" time="0.002"/>
<testcase classname="buildbot.test.unit.steps.test_vstudio.VisualStudio" name="test_installdir" time="0.003"/>
<testcase classname="buildbot.test.unit.steps.test_vstudio.VisualStudio" name="test_rendering" time="0.002"/>
<testcase classname="buildbot.test.unit.steps.test_vstudio.VisualStudio" name="test_simple" time="0.002"/>
<testcase classname="buildbot.test.unit.steps.test_vstudio.VisualStudio" name="test_skipped" time="0.001"/>
<testcase classname="buildbot.test.unit.steps.test_worker.TestCompositeStepMixin" name="test_abandonOnFailure" time="0.001"/>
<testcase classname="buildbot.test.unit.steps.test_worker.TestCompositeStepMixin" name="test_downloadFileContentToWorker" time="0.001"/>
<testcase classname="buildbot.test.unit.steps.test_worker.TestCompositeStepMixin" name="test_downloadFileContentToWorkerWithFilePermissions" time="0.001"/>
<testcase classname="buildbot.test.unit.steps.test_worker.TestCompositeStepMixin" name="test_getFileContentFromWorker" time="0.001"/>
<testcase classname="buildbot.test.unit.steps.test_worker.TestCompositeStepMixin" name="test_getFileContentFromWorker2_16" time="0.001"/>
<testcase classname="buildbot.test.unit.steps.test_worker.TestCompositeStepMixin" name="test_glob" time="0.001"/>
<testcase classname="buildbot.test.unit.steps.test_worker.TestCompositeStepMixin" name="test_glob_fail" time="0.001"/>
<testcase classname="buildbot.test.unit.steps.test_worker.TestCompositeStepMixin" name="test_mkdir" time="0.002"/>
<testcase classname="buildbot.test.unit.steps.test_worker.TestCompositeStepMixin" name="test_mkdir_fail" time="0.003"/>
<testcase classname="buildbot.test.unit.steps.test_worker.TestCompositeStepMixin" name="test_notAbandonOnFailure" time="0.002"/>
<testcase classname="buildbot.test.unit.steps.test_worker.TestCompositeStepMixin" name="test_rmdir" time="0.001"/>
<testcase classname="buildbot.test.unit.steps.test_worker.TestCompositeStepMixin" name="test_rmfile" time="0.001"/>
<testcase classname="buildbot.test.unit.steps.test_worker.TestCompositeStepMixin" name="test_runRemoteCommand" time="0.001"/>
<testcase classname="buildbot.test.unit.steps.test_worker.TestCompositeStepMixin" name="test_runRemoteCommandFail" time="0.001"/>
<testcase classname="buildbot.test.unit.steps.test_worker.TestCompositeStepMixin" name="test_runRemoteCommandFailNoAbandon" time="0.001"/>
<testcase classname="buildbot.test.unit.steps.test_worker.TestCopyDirectory" name="test_failure" time="0.001"/>
<testcase classname="buildbot.test.unit.steps.test_worker.TestCopyDirectory" name="test_maxTime" time="0.002"/>
<testcase classname="buildbot.test.unit.steps.test_worker.TestCopyDirectory" name="test_render" time="0.002"/>
<testcase classname="buildbot.test.unit.steps.test_worker.TestCopyDirectory" name="test_success" time="0.002"/>
<testcase classname="buildbot.test.unit.steps.test_worker.TestCopyDirectory" name="test_timeout" time="0.001"/>
<testcase classname="buildbot.test.unit.steps.test_worker.TestFileExists" name="test_failure" time="0.002"/>
<testcase classname="buildbot.test.unit.steps.test_worker.TestFileExists" name="test_found" time="0.001"/>
<testcase classname="buildbot.test.unit.steps.test_worker.TestFileExists" name="test_not_found" time="0.001"/>
<testcase classname="buildbot.test.unit.steps.test_worker.TestFileExists" name="test_old_version" time="0.003"/>
<testcase classname="buildbot.test.unit.steps.test_worker.TestFileExists" name="test_render" time="0.001"/>
<testcase classname="buildbot.test.unit.steps.test_worker.TestMakeDirectory" name="test_failure" time="0.001"/>
<testcase classname="buildbot.test.unit.steps.test_worker.TestMakeDirectory" name="test_render" time="0.002"/>
<testcase classname="buildbot.test.unit.steps.test_worker.TestMakeDirectory" name="test_success" time="0.002"/>
<testcase classname="buildbot.test.unit.steps.test_worker.TestRemoveDirectory" name="test_failure" time="0.002"/>
<testcase classname="buildbot.test.unit.steps.test_worker.TestRemoveDirectory" name="test_render" time="0.001"/>
<testcase classname="buildbot.test.unit.steps.test_worker.TestRemoveDirectory" name="test_success" time="0.001"/>
<testcase classname="buildbot.test.unit.steps.test_worker.TestSetPropertiesFromEnv" name="test_case_folding" time="0.001"/>
<testcase classname="buildbot.test.unit.steps.test_worker.TestSetPropertiesFromEnv" name="test_simple" time="0.001"/>
<testcase classname="buildbot.test.unit.test_asyncio.TestAsyncioTestLoop" name="test_asyncio_as_deferred_default" time="0.000"/>
<testcase classname="buildbot.test.unit.test_asyncio.TestAsyncioTestLoop" name="test_asyncio_as_deferred_deferred" time="0.001"/>
<testcase classname="buildbot.test.unit.test_asyncio.TestAsyncioTestLoop" name="test_asyncio_gather" time="0.000"/>
<testcase classname="buildbot.test.unit.test_asyncio.TestAsyncioTestLoop" name="test_asyncio_negative_call_at" time="0.000"/>
<testcase classname="buildbot.test.unit.test_asyncio.TestAsyncioTestLoop" name="test_asyncio_threadsafe" time="0.000"/>
<testcase classname="buildbot.test.unit.test_asyncio.TestAsyncioTestLoop" name="test_coroutine_schedule" time="0.000"/>
<testcase classname="buildbot.test.unit.test_buildbot_net_usage_data.Tests" name="test_basic" time="0.054"/>
<testcase classname="buildbot.test.unit.test_buildbot_net_usage_data.Tests" name="test_custom" time="0.012"/>
<testcase classname="buildbot.test.unit.test_buildbot_net_usage_data.Tests" name="test_full" time="0.009"/>
<testcase classname="buildbot.test.unit.test_buildbot_net_usage_data.Tests" name="test_linux_distro" time="0.001">
<skipped>test is only for linux&#xA;</skipped>
</testcase>
<testcase classname="buildbot.test.unit.test_buildbot_net_usage_data.Tests" name="test_real" time="0.000">
<skipped>_sendBuildbotNetUsageData real test only run when environment variable TEST_BUILDBOTNET_USAGEDATA is set&#xA;</skipped>
</testcase>
<testcase classname="buildbot.test.unit.test_buildbot_net_usage_data.Tests" name="test_urllib" time="0.000"/>
<testcase classname="buildbot.test.unit.test_clients_sendchange.Sender" name="test_send_auth" time="0.001"/>
<testcase classname="buildbot.test.unit.test_clients_sendchange.Sender" name="test_send_codebase" time="0.000"/>
<testcase classname="buildbot.test.unit.test_clients_sendchange.Sender" name="test_send_files_tuple" time="0.000"/>
<testcase classname="buildbot.test.unit.test_clients_sendchange.Sender" name="test_send_full" time="0.000"/>
<testcase classname="buildbot.test.unit.test_clients_sendchange.Sender" name="test_send_minimal" time="0.000"/>
<testcase classname="buildbot.test.unit.test_clients_sendchange.Sender" name="test_send_unicode" time="0.001"/>
<testcase classname="buildbot.test.unit.test_clients_sendchange.Sender" name="test_send_unicode_latin1" time="0.000"/>
<testcase classname="buildbot.test.unit.test_clients_sendchange.Sender" name="test_send_unicode_utf8" time="0.000"/>
<testcase classname="buildbot.test.unit.test_clients_tryclient.createJobfile" name="test_GitExtractor_fixBranch" time="0.001"/>
<testcase classname="buildbot.test.unit.test_clients_tryclient.createJobfile" name="test_GitExtractor_override_baserev" time="0.000"/>
<testcase classname="buildbot.test.unit.test_clients_tryclient.createJobfile" name="test_RemoteTryPP_encoding" time="0.000"/>
<testcase classname="buildbot.test.unit.test_clients_tryclient.createJobfile" name="test_SourceStampExtractor_readPatch" time="0.000"/>
<testcase classname="buildbot.test.unit.test_clients_tryclient.createJobfile" name="test_createJobfile_v5" time="0.000"/>
<testcase classname="buildbot.test.unit.test_clients_tryclient.createJobfile" name="test_createJobfile_v6" time="0.000"/>
<testcase classname="buildbot.test.unit.test_clients_usersclient.TestUsersClient" name="test_usersclient_ids" time="0.000"/>
<testcase classname="buildbot.test.unit.test_clients_usersclient.TestUsersClient" name="test_usersclient_info" time="0.000"/>
<testcase classname="buildbot.test.unit.test_configurator_base.ConfiguratorBaseTests" name="test_basic" time="0.000"/>
<testcase classname="buildbot.test.unit.test_contrib_buildbot_cvs_mail.TestBuildbotCvsMail" name="test_buildbot_cvs_mail_from_cvs1_11" time="0.000">
<skipped>'/Users/plimawal/Desktop/cs489/buildbot-1/master/contrib/buildbot_cvs_mail.py' does not exist (normal unless run from git)&#xA;</skipped>
</testcase>
<testcase classname="buildbot.test.unit.test_contrib_buildbot_cvs_mail.TestBuildbotCvsMail" name="test_buildbot_cvs_mail_from_cvs1_12" time="0.000">
<skipped>'/Users/plimawal/Desktop/cs489/buildbot-1/master/contrib/buildbot_cvs_mail.py' does not exist (normal unless run from git)&#xA;</skipped>
</testcase>
<testcase classname="buildbot.test.unit.test_contrib_buildbot_cvs_mail.TestBuildbotCvsMail" name="test_buildbot_cvs_mail_no_args_exits_with_error" time="0.000">
<skipped>'/Users/plimawal/Desktop/cs489/buildbot-1/master/contrib/buildbot_cvs_mail.py' does not exist (normal unless run from git)&#xA;</skipped>
</testcase>
<testcase classname="buildbot.test.unit.test_contrib_buildbot_cvs_mail.TestBuildbotCvsMail" name="test_buildbot_cvs_mail_with_unknown_opt_exits_with_error" time="0.000">
<skipped>'/Users/plimawal/Desktop/cs489/buildbot-1/master/contrib/buildbot_cvs_mail.py' does not exist (normal unless run from git)&#xA;</skipped>
</testcase>
<testcase classname="buildbot.test.unit.test_contrib_buildbot_cvs_mail.TestBuildbotCvsMail" name="test_buildbot_cvs_mail_without_cvsroot_opt_exits_with_error" time="0.000">
<skipped>'/Users/plimawal/Desktop/cs489/buildbot-1/master/contrib/buildbot_cvs_mail.py' does not exist (normal unless run from git)&#xA;</skipped>
</testcase>
<testcase classname="buildbot.test.unit.test_contrib_buildbot_cvs_mail.TestBuildbotCvsMail" name="test_buildbot_cvs_mail_without_email_opt_exits_with_error" time="0.000">
<skipped>'/Users/plimawal/Desktop/cs489/buildbot-1/master/contrib/buildbot_cvs_mail.py' does not exist (normal unless run from git)&#xA;</skipped>
</testcase>
<testcase classname="buildbot.test.unit.test_download_secret_to_worker.TestDownloadFileSecretToWorkerCommand" name="testBasic" time="0.004"/>
<testcase classname="buildbot.test.unit.test_download_secret_to_worker.TestRemoveFileSecretToWorkerCommand" name="testBasic" time="0.004"/>
<testcase classname="buildbot.test.unit.test_download_secret_to_worker.TestRemoveWorkerFileSecretCommand30" name="testBasic" time="0.004"/>
<testcase classname="buildbot.test.unit.test_fake_httpclientservice.Test" name="test_root" time="0.001"/>
<testcase classname="buildbot.test.unit.test_fake_httpclientservice.Test" name="test_root_error" time="0.001"/>
<testcase classname="buildbot.test.unit.test_fake_secrets_manager.TestSecretsManager" name="testGetDataMultipleManagerService" time="0.001"/>
<testcase classname="buildbot.test.unit.test_fake_secrets_manager.TestSecretsManager" name="testGetDataMultipleManagerServiceNoDatas" time="0.000"/>
<testcase classname="buildbot.test.unit.test_fake_secrets_manager.TestSecretsManager" name="testGetDataMultipleManagerValues" time="0.000"/>
<testcase classname="buildbot.test.unit.test_fake_secrets_manager.TestSecretsManager" name="testGetManagerService" time="0.000"/>
<testcase classname="buildbot.test.unit.test_fake_secrets_manager.TestSecretsManager" name="testGetNoDataManagerService" time="0.000"/>
<testcase classname="buildbot.test.unit.test_interpolate_secrets.TestInterpolateSecrets" name="test_secret" time="0.001"/>
<testcase classname="buildbot.test.unit.test_interpolate_secrets.TestInterpolateSecrets" name="test_secret_not_found" time="0.083"/>
<testcase classname="buildbot.test.unit.test_interpolate_secrets.TestInterpolateSecretsHiddenSecrets" name="test_secret" time="0.001"/>
<testcase classname="buildbot.test.unit.test_interpolate_secrets.TestInterpolateSecretsHiddenSecrets" name="test_secret_replace" time="0.001"/>
<testcase classname="buildbot.test.unit.test_interpolate_secrets.TestInterpolateSecretsHiddenSecrets" name="test_secret_replace_with_empty_secret" time="0.001"/>
<testcase classname="buildbot.test.unit.test_interpolate_secrets.TestInterpolateSecretsNoService" name="test_secret" time="0.063"/>
<testcase classname="buildbot.test.unit.test_janitor_configurator.JanitorConfiguratorTests" name="test_nothing" time="0.001"/>
<testcase classname="buildbot.test.unit.test_janitor_configurator.JanitorConfiguratorTests" name="test_steps_0_logs" time="0.001"/>
<testcase classname="buildbot.test.unit.test_janitor_configurator.JanitorConfiguratorTests" name="test_steps_1_build_data" time="0.000"/>
<testcase classname="buildbot.test.unit.test_janitor_configurator.JanitorConfiguratorTests" name="test_steps_2_logs_build_data" time="0.000"/>
<testcase classname="buildbot.test.unit.test_janitor_configurator.LogChunksJanitorTests" name="test_basic" time="0.002"/>
<testcase classname="buildbot.test.unit.test_janitor_configurator.LogChunksJanitorTests" name="test_build_data" time="0.001"/>
<testcase classname="buildbot.test.unit.test_locks.BaseLockTests" name="test_can_release_non_waited_lock_0_counting" time="0.000"/>
<testcase classname="buildbot.test.unit.test_locks.BaseLockTests" name="test_can_release_non_waited_lock_1_counting" time="0.000"/>
<testcase classname="buildbot.test.unit.test_locks.BaseLockTests" name="test_can_release_non_waited_lock_2_counting" time="0.000"/>
<testcase classname="buildbot.test.unit.test_locks.BaseLockTests" name="test_can_release_non_waited_lock_3_exclusive" time="0.000"/>
<testcase classname="buildbot.test.unit.test_locks.BaseLockTests" name="test_count_cannot_be_larger_than_maxcount_0" time="0.000"/>
<testcase classname="buildbot.test.unit.test_locks.BaseLockTests" name="test_count_cannot_be_larger_than_maxcount_1" time="0.000"/>
<testcase classname="buildbot.test.unit.test_locks.BaseLockTests" name="test_count_cannot_be_larger_than_maxcount_2" time="0.000"/>
<testcase classname="buildbot.test.unit.test_locks.BaseLockTests" name="test_count_cannot_be_larger_than_maxcount_3" time="0.000"/>
<testcase classname="buildbot.test.unit.test_locks.BaseLockTests" name="test_count_cannot_be_larger_than_maxcount_4" time="0.000"/>
<testcase classname="buildbot.test.unit.test_locks.BaseLockTests" name="test_count_cannot_be_larger_than_maxcount_5" time="0.000"/>
<testcase classname="buildbot.test.unit.test_locks.BaseLockTests" name="test_counting_count_zero_always_succeeds_0" time="0.000"/>
<testcase classname="buildbot.test.unit.test_locks.BaseLockTests" name="test_counting_count_zero_always_succeeds_1" time="0.001"/>
<testcase classname="buildbot.test.unit.test_locks.BaseLockTests" name="test_counting_count_zero_always_succeeds_2" time="0.000"/>
<testcase classname="buildbot.test.unit.test_locks.BaseLockTests" name="test_counting_count_zero_always_succeeds_3" time="0.001"/>
<testcase classname="buildbot.test.unit.test_locks.BaseLockTests" name="test_counting_count_zero_always_succeeds_4" time="0.000"/>
<testcase classname="buildbot.test.unit.test_locks.BaseLockTests" name="test_counting_count_zero_always_succeeds_5" time="0.000"/>
<testcase classname="buildbot.test.unit.test_locks.BaseLockTests" name="test_counting_count_zero_always_succeeds_6" time="0.000"/>
<testcase classname="buildbot.test.unit.test_locks.BaseLockTests" name="test_counting_count_zero_always_succeeds_7" time="0.000"/>
<testcase classname="buildbot.test.unit.test_locks.BaseLockTests" name="test_counting_count_zero_always_succeeds_8" time="0.000"/>
<testcase classname="buildbot.test.unit.test_locks.BaseLockTests" name="test_different_counts_below_limit_0" time="0.000"/>
<testcase classname="buildbot.test.unit.test_locks.BaseLockTests" name="test_different_counts_below_limit_1" time="0.000"/>
<testcase classname="buildbot.test.unit.test_locks.BaseLockTests" name="test_different_counts_below_limit_2" time="0.000"/>
<testcase classname="buildbot.test.unit.test_locks.BaseLockTests" name="test_different_counts_below_limit_3" time="0.000"/>
<testcase classname="buildbot.test.unit.test_locks.BaseLockTests" name="test_different_counts_below_limit_4" time="0.000"/>
<testcase classname="buildbot.test.unit.test_locks.BaseLockTests" name="test_different_counts_below_limit_5" time="0.000"/>
<testcase classname="buildbot.test.unit.test_locks.BaseLockTests" name="test_different_counts_below_limit_6" time="0.000"/>
<testcase classname="buildbot.test.unit.test_locks.BaseLockTests" name="test_different_counts_below_limit_7" time="0.000"/>
<testcase classname="buildbot.test.unit.test_locks.BaseLockTests" name="test_different_counts_over_limit_0" time="0.000"/>
<testcase classname="buildbot.test.unit.test_locks.BaseLockTests" name="test_different_counts_over_limit_1" time="0.000"/>
<testcase classname="buildbot.test.unit.test_locks.BaseLockTests" name="test_different_counts_over_limit_2" time="0.000"/>
<testcase classname="buildbot.test.unit.test_locks.BaseLockTests" name="test_different_counts_over_limit_3" time="0.000"/>
<testcase classname="buildbot.test.unit.test_locks.BaseLockTests" name="test_different_counts_over_limit_4" time="0.000"/>
<testcase classname="buildbot.test.unit.test_locks.BaseLockTests" name="test_different_counts_over_limit_5" time="0.000"/>
<testcase classname="buildbot.test.unit.test_locks.BaseLockTests" name="test_different_counts_over_limit_6" time="0.000"/>
<testcase classname="buildbot.test.unit.test_locks.BaseLockTests" name="test_different_counts_over_limit_7" time="0.000"/>
<testcase classname="buildbot.test.unit.test_locks.BaseLockTests" name="test_different_counts_over_limit_8" time="0.000"/>
<testcase classname="buildbot.test.unit.test_locks.BaseLockTests" name="test_different_counts_over_limit_9" time="0.000"/>
<testcase classname="buildbot.test.unit.test_locks.BaseLockTests" name="test_duplicate_wait_until_maybe_available_throws_0_counting" time="0.000"/>
<testcase classname="buildbot.test.unit.test_locks.BaseLockTests" name="test_duplicate_wait_until_maybe_available_throws_1_counting" time="0.000"/>
<testcase classname="buildbot.test.unit.test_locks.BaseLockTests" name="test_duplicate_wait_until_maybe_available_throws_2_counting" time="0.001"/>
<testcase classname="buildbot.test.unit.test_locks.BaseLockTests" name="test_duplicate_wait_until_maybe_available_throws_3_exclusive" time="0.000"/>
<testcase classname="buildbot.test.unit.test_locks.BaseLockTests" name="test_exclusive_must_have_count_one_0" time="0.000"/>
<testcase classname="buildbot.test.unit.test_locks.BaseLockTests" name="test_exclusive_must_have_count_one_1" time="0.000"/>
<testcase classname="buildbot.test.unit.test_locks.BaseLockTests" name="test_exclusive_must_have_count_one_2" time="0.000"/>
<testcase classname="buildbot.test.unit.test_locks.BaseLockTests" name="test_exclusive_must_have_count_one_3" time="0.000"/>
<testcase classname="buildbot.test.unit.test_locks.BaseLockTests" name="test_is_available_empty_00_counting" time="0.000"/>
<testcase classname="buildbot.test.unit.test_locks.BaseLockTests" name="test_is_available_empty_01_counting" time="0.000"/>
<testcase classname="buildbot.test.unit.test_locks.BaseLockTests" name="test_is_available_empty_02_counting" time="0.000"/>
<testcase classname="buildbot.test.unit.test_locks.BaseLockTests" name="test_is_available_empty_03_counting" time="0.000"/>
<testcase classname="buildbot.test.unit.test_locks.BaseLockTests" name="test_is_available_empty_04_counting" time="0.000"/>
<testcase classname="buildbot.test.unit.test_locks.BaseLockTests" name="test_is_available_empty_05_counting" time="0.000"/>
<testcase classname="buildbot.test.unit.test_locks.BaseLockTests" name="test_is_available_empty_06_counting" time="0.000"/>
<testcase classname="buildbot.test.unit.test_locks.BaseLockTests" name="test_is_available_empty_07_counting" time="0.000"/>
<testcase classname="buildbot.test.unit.test_locks.BaseLockTests" name="test_is_available_empty_08_counting" time="0.000"/>
<testcase classname="buildbot.test.unit.test_locks.BaseLockTests" name="test_is_available_empty_09_counting" time="0.000"/>
<testcase classname="buildbot.test.unit.test_locks.BaseLockTests" name="test_is_available_empty_10_exclusive" time="0.000"/>
<testcase classname="buildbot.test.unit.test_locks.BaseLockTests" name="test_is_available_with_mult_waiters_mult_counting_set_maxCount" time="0.000"/>
<testcase classname="buildbot.test.unit.test_locks.BaseLockTests" name="test_is_available_with_multiple_waiters_0_counting" time="0.000"/>
<testcase classname="buildbot.test.unit.test_locks.BaseLockTests" name="test_is_available_with_multiple_waiters_1_counting" time="0.000"/>
<testcase classname="buildbot.test.unit.test_locks.BaseLockTests" name="test_is_available_with_multiple_waiters_2_counting" time="0.000"/>
<testcase classname="buildbot.test.unit.test_locks.BaseLockTests" name="test_is_available_with_multiple_waiters_3_exclusive" time="0.000"/>
<testcase classname="buildbot.test.unit.test_locks.BaseLockTests" name="test_is_available_with_multiple_waiters_multiple_counting" time="0.000"/>
<testcase classname="buildbot.test.unit.test_locks.BaseLockTests" name="test_is_available_with_waiter_0_counting" time="0.000"/>
<testcase classname="buildbot.test.unit.test_locks.BaseLockTests" name="test_is_available_with_waiter_1_counting" time="0.000"/>
<testcase classname="buildbot.test.unit.test_locks.BaseLockTests" name="test_is_available_with_waiter_2_counting" time="0.000"/>
<testcase classname="buildbot.test.unit.test_locks.BaseLockTests" name="test_is_available_with_waiter_3_exclusive" time="0.000"/>
<testcase classname="buildbot.test.unit.test_locks.BaseLockTests" name="test_is_available_without_waiter_00_counting" time="0.000"/>
<testcase classname="buildbot.test.unit.test_locks.BaseLockTests" name="test_is_available_without_waiter_01_counting" time="0.000"/>
<testcase classname="buildbot.test.unit.test_locks.BaseLockTests" name="test_is_available_without_waiter_02_counting" time="0.000"/>
<testcase classname="buildbot.test.unit.test_locks.BaseLockTests" name="test_is_available_without_waiter_03_counting" time="0.000"/>
<testcase classname="buildbot.test.unit.test_locks.BaseLockTests" name="test_is_available_without_waiter_04_counting" time="0.000"/>
<testcase classname="buildbot.test.unit.test_locks.BaseLockTests" name="test_is_available_without_waiter_05_counting" time="0.000"/>
<testcase classname="buildbot.test.unit.test_locks.BaseLockTests" name="test_is_available_without_waiter_06_counting" time="0.000"/>
<testcase classname="buildbot.test.unit.test_locks.BaseLockTests" name="test_is_available_without_waiter_07_counting" time="0.000"/>
<testcase classname="buildbot.test.unit.test_locks.BaseLockTests" name="test_is_available_without_waiter_08_counting" time="0.000"/>
<testcase classname="buildbot.test.unit.test_locks.BaseLockTests" name="test_is_available_without_waiter_09_counting" time="0.000"/>
<testcase classname="buildbot.test.unit.test_locks.BaseLockTests" name="test_is_available_without_waiter_10_exclusive" time="0.000"/>
<testcase classname="buildbot.test.unit.test_locks.BaseLockTests" name="test_release_calls_multiple_waiters_on_release_0" time="0.001"/>
<testcase classname="buildbot.test.unit.test_locks.BaseLockTests" name="test_release_calls_multiple_waiters_on_setMaxCount_0" time="0.000"/>
<testcase classname="buildbot.test.unit.test_locks.BaseLockTests" name="test_release_calls_waiters_in_fifo_order_0_counting" time="0.001"/>
<testcase classname="buildbot.test.unit.test_locks.BaseLockTests" name="test_release_calls_waiters_in_fifo_order_1_counting" time="0.001"/>
<testcase classname="buildbot.test.unit.test_locks.BaseLockTests" name="test_release_calls_waiters_in_fifo_order_2_exclusive" time="0.001"/>
<testcase classname="buildbot.test.unit.test_locks.BaseLockTests" name="test_release_calls_waiters_in_fifo_order_3_exclusive" time="0.001"/>
<testcase classname="buildbot.test.unit.test_locks.BaseLockTests" name="test_stop_waiting_does_not_fire_deferred_if_already_woken_0_counting" time="0.000"/>
<testcase classname="buildbot.test.unit.test_locks.BaseLockTests" name="test_stop_waiting_does_not_fire_deferred_if_already_woken_1_counting" time="0.000"/>
<testcase classname="buildbot.test.unit.test_locks.BaseLockTests" name="test_stop_waiting_does_not_fire_deferred_if_already_woken_2_counting" time="0.000"/>
<testcase classname="buildbot.test.unit.test_locks.BaseLockTests" name="test_stop_waiting_does_not_fire_deferred_if_already_woken_3_exclusive" time="0.000"/>
<testcase classname="buildbot.test.unit.test_locks.BaseLockTests" name="test_stop_waiting_does_not_raise_after_release_0_counting" time="0.000"/>
<testcase classname="buildbot.test.unit.test_locks.BaseLockTests" name="test_stop_waiting_does_not_raise_after_release_1_counting" time="0.000"/>
<testcase classname="buildbot.test.unit.test_locks.BaseLockTests" name="test_stop_waiting_does_not_raise_after_release_2_counting" time="0.000"/>
<testcase classname="buildbot.test.unit.test_locks.BaseLockTests" name="test_stop_waiting_does_not_raise_after_release_3_exclusive" time="0.000"/>
<testcase classname="buildbot.test.unit.test_locks.BaseLockTests" name="test_stop_waiting_ensures_deferred_was_previous_result_of_wait_0_counting" time="0.000"/>
<testcase classname="buildbot.test.unit.test_locks.BaseLockTests" name="test_stop_waiting_ensures_deferred_was_previous_result_of_wait_1_counting" time="0.000"/>
<testcase classname="buildbot.test.unit.test_locks.BaseLockTests" name="test_stop_waiting_ensures_deferred_was_previous_result_of_wait_2_counting" time="0.000"/>
<testcase classname="buildbot.test.unit.test_locks.BaseLockTests" name="test_stop_waiting_ensures_deferred_was_previous_result_of_wait_3_exclusive" time="0.000"/>
<testcase classname="buildbot.test.unit.test_locks.BaseLockTests" name="test_stop_waiting_fires_deferred_if_not_woken_0_counting" time="0.000"/>
<testcase classname="buildbot.test.unit.test_locks.BaseLockTests" name="test_stop_waiting_fires_deferred_if_not_woken_1_counting" time="0.000"/>
<testcase classname="buildbot.test.unit.test_locks.BaseLockTests" name="test_stop_waiting_fires_deferred_if_not_woken_2_counting" time="0.000"/>
<testcase classname="buildbot.test.unit.test_locks.BaseLockTests" name="test_stop_waiting_fires_deferred_if_not_woken_3_exclusive" time="0.000"/>
<testcase classname="buildbot.test.unit.test_locks.BaseLockTests" name="test_stop_waiting_removes_non_called_waiter_0_counting" time="0.000"/>
<testcase classname="buildbot.test.unit.test_locks.BaseLockTests" name="test_stop_waiting_removes_non_called_waiter_1_counting" time="0.000"/>
<testcase classname="buildbot.test.unit.test_locks.BaseLockTests" name="test_stop_waiting_removes_non_called_waiter_2_counting" time="0.000"/>
<testcase classname="buildbot.test.unit.test_locks.BaseLockTests" name="test_stop_waiting_removes_non_called_waiter_3_exclusive" time="0.000"/>
<testcase classname="buildbot.test.unit.test_locks.BaseLockTests" name="test_stop_waiting_wakes_up_next_deferred_if_already_woken_0_counting" time="0.001"/>
<testcase classname="buildbot.test.unit.test_locks.BaseLockTests" name="test_stop_waiting_wakes_up_next_deferred_if_already_woken_1_counting" time="0.000"/>
<testcase classname="buildbot.test.unit.test_locks.BaseLockTests" name="test_stop_waiting_wakes_up_next_deferred_if_already_woken_2_counting" time="0.000"/>
<testcase classname="buildbot.test.unit.test_locks.BaseLockTests" name="test_stop_waiting_wakes_up_next_deferred_if_already_woken_3_exclusive" time="0.000"/>
<testcase classname="buildbot.test.unit.test_locks.RealLockTests" name="test_master_lock_init_from_lockid" time="0.000"/>
<testcase classname="buildbot.test.unit.test_locks.RealLockTests" name="test_master_lock_update_from_lockid" time="0.000"/>
<testcase classname="buildbot.test.unit.test_locks.RealLockTests" name="test_worker_lock_init_from_lockid" time="0.000"/>
<testcase classname="buildbot.test.unit.test_locks.RealLockTests" name="test_worker_lock_init_from_lockid_count_for_worker" time="0.000"/>
<testcase classname="buildbot.test.unit.test_locks.RealLockTests" name="test_worker_lock_update_from_lockid" time="0.000"/>
<testcase classname="buildbot.test.unit.test_locks.RealLockTests" name="test_worker_lock_update_from_lockid_count_for_worker_0" time="0.000"/>
<testcase classname="buildbot.test.unit.test_locks.RealLockTests" name="test_worker_lock_update_from_lockid_count_for_worker_1" time="0.000"/>
<testcase classname="buildbot.test.unit.test_locks.RealLockTests" name="test_worker_lock_update_from_lockid_count_for_worker_2" time="0.000"/>
<testcase classname="buildbot.test.unit.test_locks.RealLockTests" name="test_worker_lock_update_from_lockid_count_for_worker_3" time="0.000"/>
<testcase classname="buildbot.test.unit.test_locks.RealLockTests" name="test_worker_lock_update_from_lockid_count_for_worker_4" time="0.000"/>
<testcase classname="buildbot.test.unit.test_locks.RealLockTests" name="test_worker_lock_update_from_lockid_count_for_worker_5" time="0.000"/>
<testcase classname="buildbot.test.unit.test_locks.RealLockTests" name="test_worker_lock_update_from_lockid_count_for_worker_6" time="0.000"/>
<testcase classname="buildbot.test.unit.test_locks.RealLockTests" name="test_worker_lock_update_from_lockid_count_for_worker_7" time="0.000"/>
<testcase classname="buildbot.test.unit.test_machine_generic.TestActions" name="test_local_wake_action" time="0.000"/>
<testcase classname="buildbot.test.unit.test_machine_generic.TestActions" name="test_local_wake_action_command_not_list" time="0.000"/>
<testcase classname="buildbot.test.unit.test_machine_generic.TestActions" name="test_local_wol_action" time="0.000"/>
<testcase classname="buildbot.test.unit.test_machine_generic.TestActions" name="test_remote_ssh_suspend_action_no_keys" time="0.001"/>
<testcase classname="buildbot.test.unit.test_machine_generic.TestActions" name="test_remote_ssh_wake_action_command_not_list" time="0.000"/>
<testcase classname="buildbot.test.unit.test_machine_generic.TestActions" name="test_remote_ssh_wake_action_host_not_str" time="0.000"/>
<testcase classname="buildbot.test.unit.test_machine_generic.TestActions" name="test_remote_ssh_wake_action_no_keys" time="0.001"/>
<testcase classname="buildbot.test.unit.test_machine_generic.TestActions" name="test_remote_ssh_wake_action_sshBin_not_str" time="0.000"/>
<testcase classname="buildbot.test.unit.test_machine_generic.TestActions" name="test_remote_ssh_wake_action_with_keys" time="0.001"/>
<testcase classname="buildbot.test.unit.test_machine_generic.TestActions" name="test_remote_ssh_wol_action_no_keys" time="0.000"/>
<testcase classname="buildbot.test.unit.test_master.InitTests" name="test_configfile_configloader_conflict" time="0.000"/>
<testcase classname="buildbot.test.unit.test_master.InitTests" name="test_configfile_default" time="0.002"/>
<testcase classname="buildbot.test.unit.test_master.StartupAndReconfig" name="test_reconfig" time="0.002"/>
<testcase classname="buildbot.test.unit.test_master.StartupAndReconfig" name="test_reconfigService_db_url_changed" time="0.002"/>
<testcase classname="buildbot.test.unit.test_master.StartupAndReconfig" name="test_reconfig_bad_config" time="0.002"/>
<testcase classname="buildbot.test.unit.test_master.StartupAndReconfig" name="test_startup_bad_config" time="0.002"/>
<testcase classname="buildbot.test.unit.test_master.StartupAndReconfig" name="test_startup_db_not_ready" time="0.002"/>
<testcase classname="buildbot.test.unit.test_master.StartupAndReconfig" name="test_startup_error" time="0.003"/>
<testcase classname="buildbot.test.unit.test_master.StartupAndReconfig" name="test_startup_ok" time="0.004"/>
<testcase classname="buildbot.test.unit.test_master.StartupAndReconfig" name="test_startup_ok_waitforshutdown" time="0.003"/>
<testcase classname="buildbot.test.unit.test_mq.TestFakeMQ" name="test_empty_produce" time="0.000"/>
<testcase classname="buildbot.test.unit.test_mq.TestFakeMQ" name="test_signature_produce" time="0.000"/>
<testcase classname="buildbot.test.unit.test_mq.TestFakeMQ" name="test_signature_startConsuming" time="0.001"/>
<testcase classname="buildbot.test.unit.test_mq.TestFakeMQ" name="test_signature_stopConsuming" time="0.000"/>
<testcase classname="buildbot.test.unit.test_mq.TestFakeMQ" name="test_signature_waitUntilEvent" time="0.000"/>
<testcase classname="buildbot.test.unit.test_mq.TestSimpleMQ" name="test_None_match" time="0.000"/>
<testcase classname="buildbot.test.unit.test_mq.TestSimpleMQ" name="test_None_match_empty" time="0.000"/>
<testcase classname="buildbot.test.unit.test_mq.TestSimpleMQ" name="test_None_no_match" time="0.000"/>
<testcase classname="buildbot.test.unit.test_mq.TestSimpleMQ" name="test_empty_produce" time="0.000"/>
<testcase classname="buildbot.test.unit.test_mq.TestSimpleMQ" name="test_multiple_tuple_match" time="0.000"/>
<testcase classname="buildbot.test.unit.test_mq.TestSimpleMQ" name="test_multiple_tuple_match_rk_prefix" time="0.000"/>
<testcase classname="buildbot.test.unit.test_mq.TestSimpleMQ" name="test_multiple_tuple_match_rk_suffix" time="0.000"/>
<testcase classname="buildbot.test.unit.test_mq.TestSimpleMQ" name="test_multiple_tuple_match_tuple_prefix" time="0.000"/>
<testcase classname="buildbot.test.unit.test_mq.TestSimpleMQ" name="test_multiple_tuple_match_tuple_suffix" time="0.000"/>
<testcase classname="buildbot.test.unit.test_mq.TestSimpleMQ" name="test_non_persistent" time="0.000"/>
<testcase classname="buildbot.test.unit.test_mq.TestSimpleMQ" name="test_persistent" time="0.000"/>
<testcase classname="buildbot.test.unit.test_mq.TestSimpleMQ" name="test_signature_produce" time="0.000"/>
<testcase classname="buildbot.test.unit.test_mq.TestSimpleMQ" name="test_signature_startConsuming" time="0.000"/>
<testcase classname="buildbot.test.unit.test_mq.TestSimpleMQ" name="test_signature_stopConsuming" time="0.000"/>
<testcase classname="buildbot.test.unit.test_mq.TestSimpleMQ" name="test_signature_waitUntilEvent" time="0.000"/>
<testcase classname="buildbot.test.unit.test_mq.TestSimpleMQ" name="test_simple_tuple_match" time="0.000"/>
<testcase classname="buildbot.test.unit.test_mq.TestSimpleMQ" name="test_simple_tuple_no_match" time="0.000"/>
<testcase classname="buildbot.test.unit.test_mq.TestSimpleMQ" name="test_stopConsuming" time="0.000"/>
<testcase classname="buildbot.test.unit.test_mq.TestSimpleMQ" name="test_stopConsuming_twice" time="0.000"/>
<testcase classname="buildbot.test.unit.test_mq.TestSimpleMQ" name="test_waitUntilEvent_check_false" time="0.000"/>
<testcase classname="buildbot.test.unit.test_mq_base.QueueRef" name="test_exception" time="0.003"/>
<testcase classname="buildbot.test.unit.test_mq_base.QueueRef" name="test_failure" time="0.001"/>
<testcase classname="buildbot.test.unit.test_mq_base.QueueRef" name="test_success" time="0.000"/>
<testcase classname="buildbot.test.unit.test_mq_base.QueueRef" name="test_success_deferred" time="0.000"/>
<testcase classname="buildbot.test.unit.test_mq_connector.MQConnector" name="test_reconfigServiceWithBuildbotConfig" time="0.000"/>
<testcase classname="buildbot.test.unit.test_mq_connector.MQConnector" name="test_reconfigService_change_type" time="0.000"/>
<testcase classname="buildbot.test.unit.test_mq_connector.MQConnector" name="test_setup_simple_type" time="0.000"/>
<testcase classname="buildbot.test.unit.test_mq_connector.MQConnector" name="test_setup_unknown_type" time="0.000"/>
<testcase classname="buildbot.test.unit.test_mq_simple.SimpleMQ" name="test_forward_data" time="0.000"/>
<testcase classname="buildbot.test.unit.test_mq_simple.SimpleMQ" name="test_forward_data_wildcard" time="0.000"/>
<testcase classname="buildbot.test.unit.test_mq_simple.SimpleMQ" name="test_waits_for_called_callback" time="0.000"/>
<testcase classname="buildbot.test.unit.test_mq_simple.SimpleMQ" name="test_waits_for_non_called_callback" time="0.000"/>
<testcase classname="buildbot.test.unit.test_mq_wamp.TopicMatch" name="test_topic_match" time="0.000"/>
<testcase classname="buildbot.test.unit.test_mq_wamp.TopicMatch" name="test_topic_not_match" time="0.000"/>
<testcase classname="buildbot.test.unit.test_mq_wamp.WampMQ" name="test_forward_data" time="0.000"/>
<testcase classname="buildbot.test.unit.test_mq_wamp.WampMQ" name="test_forward_data_wildcard" time="0.000"/>
<testcase classname="buildbot.test.unit.test_mq_wamp.WampMQ" name="test_startConsuming_basic" time="0.000"/>
<testcase classname="buildbot.test.unit.test_mq_wamp.WampMQ" name="test_startConsuming_wildcard" time="0.000"/>
<testcase classname="buildbot.test.unit.test_mq_wamp.WampMQ" name="test_unsubscribe_ignores_transport_lost" time="0.000"/>
<testcase classname="buildbot.test.unit.test_mq_wamp.WampMQ" name="test_unsubscribe_logs_exceptions" time="0.002"/>
<testcase classname="buildbot.test.unit.test_mq_wamp.WampMQ" name="test_waits_for_called_callback" time="0.000"/>
<testcase classname="buildbot.test.unit.test_mq_wamp.WampMQ" name="test_waits_for_non_called_callback" time="0.000"/>
<testcase classname="buildbot.test.unit.test_mq_wamp.WampMQReal" name="test_forward_data" time="0.000">
<skipped>define WAMP_ROUTER_URL to a wamp router to run this test&#xA;> crossbar init&#xA;> crossbar start &amp;&#xA;> export WAMP_ROUTER_URL=ws://localhost:8080/ws&#xA;> trial buildbot.unit.test_mq_wamp&#xA;</skipped>
</testcase>
<testcase classname="buildbot.test.unit.test_mq_wamp.WampMQReal" name="test_forward_data_wildcard" time="0.000">
<skipped>define WAMP_ROUTER_URL to a wamp router to run this test&#xA;> crossbar init&#xA;> crossbar start &amp;&#xA;> export WAMP_ROUTER_URL=ws://localhost:8080/ws&#xA;> trial buildbot.unit.test_mq_wamp&#xA;</skipped>
</testcase>
<testcase classname="buildbot.test.unit.test_plugins.TestBuildbotPlugins" name="test_check_group_registration" time="0.000"/>
<testcase classname="buildbot.test.unit.test_plugins.TestBuildbotPlugins" name="test_failure_on_dups" time="0.000"/>
<testcase classname="buildbot.test.unit.test_plugins.TestBuildbotPlugins" name="test_failure_on_unknown_plugin_get" time="0.000"/>
<testcase classname="buildbot.test.unit.test_plugins.TestBuildbotPlugins" name="test_failure_on_unknown_plugin_info" time="0.000"/>
<testcase classname="buildbot.test.unit.test_plugins.TestBuildbotPlugins" name="test_get_info_on_a_known_plugin" time="0.000"/>
<testcase classname="buildbot.test.unit.test_plugins.TestBuildbotPlugins" name="test_interface_provided_deep" time="0.000"/>
<testcase classname="buildbot.test.unit.test_plugins.TestBuildbotPlugins" name="test_interface_provided_simple" time="0.000"/>
<testcase classname="buildbot.test.unit.test_plugins.TestBuildbotPlugins" name="test_interface_warnings" time="0.000"/>
<testcase classname="buildbot.test.unit.test_plugins.TestBuildbotPlugins" name="test_missing_plugin" time="0.000"/>
<testcase classname="buildbot.test.unit.test_plugins.TestBuildbotPlugins" name="test_no_interface_provided" time="0.000"/>
<testcase classname="buildbot.test.unit.test_plugins.TestBuildbotPlugins" name="test_required_interface_not_provided" time="0.000"/>
<testcase classname="buildbot.test.unit.test_plugins.TestFindDistributionInfo" name="test_1st_dist_no_ep" time="0.000"/>
<testcase classname="buildbot.test.unit.test_plugins.TestFindDistributionInfo" name="test_exists_in_1st_ep" time="0.000"/>
<testcase classname="buildbot.test.unit.test_plugins.TestFindDistributionInfo" name="test_exists_in_2nd_dist_ep_no_metadada" time="0.000"/>
<testcase classname="buildbot.test.unit.test_plugins.TestFindDistributionInfo" name="test_exists_in_last_dist_1st_ep" time="0.000"/>
<testcase classname="buildbot.test.unit.test_plugins.TestFindDistributionInfo" name="test_exists_in_last_dist_last_ep" time="0.000"/>
<testcase classname="buildbot.test.unit.test_plugins.TestFindDistributionInfo" name="test_exists_in_last_ep" time="0.000"/>
<testcase classname="buildbot.test.unit.test_plugins.TestFindDistributionInfo" name="test_no_group" time="0.000"/>
<testcase classname="buildbot.test.unit.test_plugins.TestFindDistributionInfo" name="test_no_metadata_error_in_1st_dist" time="0.000"/>
<testcase classname="buildbot.test.unit.test_plugins.TestFindDistributionInfo" name="test_no_metadata_error_in_last_dist" time="0.000"/>
<testcase classname="buildbot.test.unit.test_plugins.TestFindDistributionInfo" name="test_no_name" time="0.000"/>
<testcase classname="buildbot.test.unit.test_plugins.TestFindDistributionInfo" name="test_no_name_no_group" time="0.000"/>
<testcase classname="buildbot.test.unit.test_plugins.TestFindDistributionInfo" name="test_same_ep_different_groups" time="0.000"/>
<testcase classname="buildbot.test.unit.test_plugins.TestFindDistributionInfo" name="test_same_groups_different_ep" time="0.000"/>
<testcase classname="buildbot.test.unit.test_revlinks.TestBitbucketRevlink" name="testHTTPS" time="0.000"/>
<testcase classname="buildbot.test.unit.test_revlinks.TestBitbucketRevlink" name="testSSH" time="0.000"/>
<testcase classname="buildbot.test.unit.test_revlinks.TestDefaultRevlinkMultiPlexer" name="testAllRevlinkMatchers" time="0.000"/>
<testcase classname="buildbot.test.unit.test_revlinks.TestGithubRevlink" name="testGIT" time="0.000"/>
<testcase classname="buildbot.test.unit.test_revlinks.TestGithubRevlink" name="testHTTPS" time="0.000"/>
<testcase classname="buildbot.test.unit.test_revlinks.TestGithubRevlink" name="testSSH" time="0.000"/>
<testcase classname="buildbot.test.unit.test_revlinks.TestGithubRevlink" name="testSSHuri" time="0.000"/>
<testcase classname="buildbot.test.unit.test_revlinks.TestGitwebMatch" name="testOrgmode" time="0.000"/>
<testcase classname="buildbot.test.unit.test_revlinks.TestRevlinkMatch" name="testNotmuch" time="0.000"/>
<testcase classname="buildbot.test.unit.test_revlinks.TestRevlinkMatch" name="testSingleString" time="0.000"/>
<testcase classname="buildbot.test.unit.test_revlinks.TestRevlinkMatch" name="testSingleUnicode" time="0.000"/>
<testcase classname="buildbot.test.unit.test_revlinks.TestRevlinkMatch" name="testTwoCaptureGroups" time="0.000"/>
<testcase classname="buildbot.test.unit.test_revlinks.TestSourceforgeGitRevlink" name="testGIT" time="0.000"/>
<testcase classname="buildbot.test.unit.test_revlinks.TestSourceforgeGitRevlink" name="testSSH" time="0.000"/>
<testcase classname="buildbot.test.unit.test_revlinks.TestSourceforgeGitRevlink" name="testSSHuri" time="0.000"/>
<testcase classname="buildbot.test.unit.test_revlinks.TestSourceforgeGitRevlink_AlluraPlatform" name="testGIT" time="0.000"/>
<testcase classname="buildbot.test.unit.test_revlinks.TestSourceforgeGitRevlink_AlluraPlatform" name="testSSHuri" time="0.000"/>
<testcase classname="buildbot.test.unit.test_secret_in_file.TestSecretInFile" name="testCheckConfigErrorSecretInAFileService" time="0.005"/>
<testcase classname="buildbot.test.unit.test_secret_in_file.TestSecretInFile" name="testCheckConfigSecretInAFileService" time="0.003"/>
<testcase classname="buildbot.test.unit.test_secret_in_file.TestSecretInFile" name="testCheckConfigfileExtension" time="0.005"/>
<testcase classname="buildbot.test.unit.test_secret_in_file.TestSecretInFile" name="testGetSecretInFile" time="0.004"/>
<testcase classname="buildbot.test.unit.test_secret_in_file.TestSecretInFile" name="testGetSecretInFileNoStrip" time="0.003"/>
<testcase classname="buildbot.test.unit.test_secret_in_file.TestSecretInFile" name="testGetSecretInFileNotFound" time="0.003"/>
<testcase classname="buildbot.test.unit.test_secret_in_file.TestSecretInFile" name="testGetSecretInFileSuffixes" time="0.003"/>
<testcase classname="buildbot.test.unit.test_secret_in_file.TestSecretInFile" name="testReconfigSecretInAFileService" time="0.005"/>
<testcase classname="buildbot.test.unit.test_secret_in_hvac.TestSecretInHashiCorpVaultKvSecretProvider" name="test_check_config_0_vault_server_not_string" time="0.002"/>
<testcase classname="buildbot.test.unit.test_secret_in_hvac.TestSecretInHashiCorpVaultKvSecretProvider" name="test_check_config_1_path_delimiter_not_char" time="0.001"/>
<testcase classname="buildbot.test.unit.test_secret_in_hvac.TestSecretInHashiCorpVaultKvSecretProvider" name="test_check_config_2_path_delimiter_too_long" time="0.001"/>
<testcase classname="buildbot.test.unit.test_secret_in_hvac.TestSecretInHashiCorpVaultKvSecretProvider" name="test_check_config_3_path_escape_not_char" time="0.001"/>
<testcase classname="buildbot.test.unit.test_secret_in_hvac.TestSecretInHashiCorpVaultKvSecretProvider" name="test_check_config_4_path_escape_too_long" time="0.001"/>
<testcase classname="buildbot.test.unit.test_secret_in_hvac.TestSecretInHashiCorpVaultKvSecretProvider" name="test_check_config_5_api_version_unsupported" time="0.002"/>
<testcase classname="buildbot.test.unit.test_secret_in_hvac.TestSecretInHashiCorpVaultKvSecretProvider" name="test_check_config_authenticator" time="0.002"/>
<testcase classname="buildbot.test.unit.test_secret_in_hvac.TestSecretInHashiCorpVaultKvSecretProvider" name="test_escaped_split" time="0.001"/>
<testcase classname="buildbot.test.unit.test_secret_in_hvac.TestSecretInHashiCorpVaultKvSecretProvider" name="test_escaped_split_ends_with_escape" time="0.001"/>
<testcase classname="buildbot.test.unit.test_secret_in_hvac.TestSecretInHashiCorpVaultKvSecretProvider" name="test_get_fail_multiple_separators" time="0.001"/>
<testcase classname="buildbot.test.unit.test_secret_in_hvac.TestSecretInHashiCorpVaultKvSecretProvider" name="test_get_fail_no_key" time="0.001"/>
<testcase classname="buildbot.test.unit.test_secret_in_hvac.TestSecretInHashiCorpVaultKvSecretProvider" name="test_get_fail_wrong_key" time="0.001"/>
<testcase classname="buildbot.test.unit.test_secret_in_hvac.TestSecretInHashiCorpVaultKvSecretProvider" name="test_get_v1" time="0.002"/>
<testcase classname="buildbot.test.unit.test_secret_in_hvac.TestSecretInHashiCorpVaultKvSecretProvider" name="test_get_v2" time="0.002"/>
<testcase classname="buildbot.test.unit.test_secret_in_hvac.TestSecretInHashiCorpVaultKvSecretProvider" name="test_thd_hvac_get_reauthorize" time="0.001"/>
<testcase classname="buildbot.test.unit.test_secret_in_hvac.TestSecretInHashiCorpVaultKvSecretProvider" name="test_thd_hvac_wrap_read_unauthorized" time="0.001"/>
<testcase classname="buildbot.test.unit.test_secret_in_hvac.TestSecretInHashiCorpVaultKvSecretProvider" name="test_thd_hvac_wrap_read_v1" time="0.001"/>
<testcase classname="buildbot.test.unit.test_secret_in_hvac.TestSecretInHashiCorpVaultKvSecretProvider" name="test_thd_hvac_wrap_read_v2" time="0.001"/>
<testcase classname="buildbot.test.unit.test_secret_in_hvac.TestSecretInVaultAuthenticatorApprole" name="test_authenticate" time="0.000"/>
<testcase classname="buildbot.test.unit.test_secret_in_hvac.TestSecretInVaultAuthenticatorToken" name="test_authenticate" time="0.000"/>
<testcase classname="buildbot.test.unit.test_secret_in_passwordstore.TestSecretInPass" name="test_check_config_binary_error_secret_in_pass_service" time="0.002"/>
<testcase classname="buildbot.test.unit.test_secret_in_passwordstore.TestSecretInPass" name="test_check_config_directory_error_secret_in_pass_service" time="0.002"/>
<testcase classname="buildbot.test.unit.test_secret_in_passwordstore.TestSecretInPass" name="test_check_config_secret_in_pass_service" time="0.002"/>
<testcase classname="buildbot.test.unit.test_secret_in_passwordstore.TestSecretInPass" name="test_get_secret_in_pass" time="0.001"/>
<testcase classname="buildbot.test.unit.test_secret_in_passwordstore.TestSecretInPass" name="test_get_secret_in_pass_multiple_lines_darwin" time="0.001"/>
<testcase classname="buildbot.test.unit.test_secret_in_passwordstore.TestSecretInPass" name="test_get_secret_in_pass_multiple_lines_unix" time="0.001"/>
<testcase classname="buildbot.test.unit.test_secret_in_passwordstore.TestSecretInPass" name="test_get_secret_in_pass_multiple_lines_windows" time="0.001"/>
<testcase classname="buildbot.test.unit.test_secret_in_passwordstore.TestSecretInPass" name="test_get_secret_in_pass_not_found" time="0.001"/>
<testcase classname="buildbot.test.unit.test_secret_in_passwordstore.TestSecretInPass" name="test_reconfig_secret_in_a_file_service" time="0.002"/>
<testcase classname="buildbot.test.unit.test_secret_in_vault.TestSecretInVaultV1" name="testCheckConfigErrorSecretInVaultService" time="0.001"/>
<testcase classname="buildbot.test.unit.test_secret_in_vault.TestSecretInVaultV1" name="testCheckConfigErrorSecretInVaultServiceWrongServerAddress" time="0.001"/>
<testcase classname="buildbot.test.unit.test_secret_in_vault.TestSecretInVaultV1" name="testCheckConfigSecretInVaultService" time="0.001"/>
<testcase classname="buildbot.test.unit.test_secret_in_vault.TestSecretInVaultV1" name="testGetError" time="0.001"/>
<testcase classname="buildbot.test.unit.test_secret_in_vault.TestSecretInVaultV1" name="testGetValue" time="0.002"/>
<testcase classname="buildbot.test.unit.test_secret_in_vault.TestSecretInVaultV1" name="testGetValueNotFound" time="0.001"/>
<testcase classname="buildbot.test.unit.test_secret_in_vault.TestSecretInVaultV1" name="testReconfigSecretInVaultService" time="0.001"/>
<testcase classname="buildbot.test.unit.test_secret_in_vault.TestSecretInVaultV1" name="test_check_config_error_apiVersion_unsupported" time="0.001"/>
<testcase classname="buildbot.test.unit.test_secret_in_vault.TestSecretInVaultV1" name="test_get_any_key_with_value_name" time="0.001"/>
<testcase classname="buildbot.test.unit.test_secret_in_vault.TestSecretInVaultV1" name="test_get_any_key_without_value_name" time="0.001"/>
<testcase classname="buildbot.test.unit.test_secret_in_vault.TestSecretInVaultV2" name="testGetError" time="0.001"/>
<testcase classname="buildbot.test.unit.test_secret_in_vault.TestSecretInVaultV2" name="testGetValue" time="0.001"/>
<testcase classname="buildbot.test.unit.test_secret_in_vault.TestSecretInVaultV2" name="testGetValueNotFound" time="0.001"/>
<testcase classname="buildbot.test.unit.test_secret_in_vault.TestSecretInVaultV2" name="test_get_any_key_with_value_name" time="0.001"/>
<testcase classname="buildbot.test.unit.test_secret_in_vault.TestSecretInVaultV2" name="test_get_any_key_without_value_name" time="0.001"/>
<testcase classname="buildbot.test.unit.test_secret_rendered_service.TestRenderSecrets" name="test_secret_rendered" time="0.000"/>
<testcase classname="buildbot.test.unit.test_secret_rendered_service.TestRenderSecrets" name="test_secret_rendered_not_found" time="0.000"/>
<testcase classname="buildbot.test.unit.test_stats_service.TestInfluxDB" name="test_influx_service_not_inited" time="0.001"/>
<testcase classname="buildbot.test.unit.test_stats_service.TestInfluxDB" name="test_influx_storage_service_fake_install" time="0.001"/>
<testcase classname="buildbot.test.unit.test_stats_service.TestInfluxDB" name="test_influx_storage_service_post_value" time="0.001"/>
<testcase classname="buildbot.test.unit.test_stats_service.TestInfluxDB" name="test_influxdb_not_installed" time="0.002"/>
<testcase classname="buildbot.test.unit.test_stats_service.TestStatsServicesConfiguration" name="test_bad_configuration" time="0.001"/>
<testcase classname="buildbot.test.unit.test_stats_service.TestStatsServicesConfiguration" name="test_reconfig_with_consumers" time="0.001"/>
<testcase classname="buildbot.test.unit.test_stats_service.TestStatsServicesConfiguration" name="test_reconfig_with_fake_storage_backend" time="0.001"/>
<testcase classname="buildbot.test.unit.test_stats_service.TestStatsServicesConfiguration" name="test_reconfig_with_no_storage_backends" time="0.001"/>
<testcase classname="buildbot.test.unit.test_stats_service.TestStatsServicesConsumers" name="test_build_duration_capturing_all_builders" time="0.002"/>
<testcase classname="buildbot.test.unit.test_stats_service.TestStatsServicesConsumers" name="test_build_duration_capturing_alt_callback" time="0.001"/>
<testcase classname="buildbot.test.unit.test_stats_service.TestStatsServicesConsumers" name="test_build_duration_capturing_hours" time="0.001"/>
<testcase classname="buildbot.test.unit.test_stats_service.TestStatsServicesConsumers" name="test_build_duration_capturing_minutes" time="0.001"/>
<testcase classname="buildbot.test.unit.test_stats_service.TestStatsServicesConsumers" name="test_build_duration_capturing_seconds" time="0.001"/>
<testcase classname="buildbot.test.unit.test_stats_service.TestStatsServicesConsumers" name="test_build_duration_report_in_error" time="0.001"/>
<testcase classname="buildbot.test.unit.test_stats_service.TestStatsServicesConsumers" name="test_build_end_time_capturing" time="0.001"/>
<testcase classname="buildbot.test.unit.test_stats_service.TestStatsServicesConsumers" name="test_build_end_time_capturing_all_builders" time="0.001"/>
<testcase classname="buildbot.test.unit.test_stats_service.TestStatsServicesConsumers" name="test_build_end_time_capturing_alt_callback" time="0.001"/>
<testcase classname="buildbot.test.unit.test_stats_service.TestStatsServicesConsumers" name="test_build_start_time_capturing" time="0.002"/>
<testcase classname="buildbot.test.unit.test_stats_service.TestStatsServicesConsumers" name="test_build_start_time_capturing_all_builders" time="0.002"/>
<testcase classname="buildbot.test.unit.test_stats_service.TestStatsServicesConsumers" name="test_build_start_time_capturing_alt_callback" time="0.001"/>
<testcase classname="buildbot.test.unit.test_stats_service.TestStatsServicesConsumers" name="test_build_times_capturing_error" time="0.001"/>
<testcase classname="buildbot.test.unit.test_stats_service.TestStatsServicesConsumers" name="test_capture_data" time="0.001"/>
<testcase classname="buildbot.test.unit.test_stats_service.TestStatsServicesConsumers" name="test_capture_data_all_builders" time="0.001"/>
<testcase classname="buildbot.test.unit.test_stats_service.TestStatsServicesConsumers" name="test_capture_data_alt_callback" time="0.001"/>
<testcase classname="buildbot.test.unit.test_stats_service.TestStatsServicesConsumers" name="test_capture_data_error" time="0.001"/>
<testcase classname="buildbot.test.unit.test_stats_service.TestStatsServicesConsumers" name="test_property_capturing" time="0.001"/>
<testcase classname="buildbot.test.unit.test_stats_service.TestStatsServicesConsumers" name="test_property_capturing_all_builders" time="0.001"/>
<testcase classname="buildbot.test.unit.test_stats_service.TestStatsServicesConsumers" name="test_property_capturing_alt_callback" time="0.001"/>
<testcase classname="buildbot.test.unit.test_stats_service.TestStatsServicesConsumers" name="test_property_capturing_error" time="0.001"/>
<testcase classname="buildbot.test.unit.test_stats_service.TestStatsServicesConsumers" name="test_property_capturing_regex" time="0.001"/>
<testcase classname="buildbot.test.unit.test_stats_service.TestStatsServicesConsumers" name="test_yield_metrics_value" time="0.002"/>
<testcase classname="buildbot.test.unit.test_steps_git_diffinfo.TestDiffInfo" name="test_complex_diff" time="0.003"/>
<testcase classname="buildbot.test.unit.test_steps_git_diffinfo.TestDiffInfo" name="test_diff_failure" time="0.002"/>
<testcase classname="buildbot.test.unit.test_steps_git_diffinfo.TestDiffInfo" name="test_empty_diff" time="0.002"/>
<testcase classname="buildbot.test.unit.test_steps_git_diffinfo.TestDiffInfo" name="test_merge_base_failure" time="0.001"/>
<testcase classname="buildbot.test.unit.test_test_util_validation.VerifyDict" name="test_BinaryValidator" time="0.000"/>
<testcase classname="buildbot.test.unit.test_test_util_validation.VerifyDict" name="test_BooleanValidator" time="0.000"/>
<testcase classname="buildbot.test.unit.test_test_util_validation.VerifyDict" name="test_DateTimeValidator" time="0.000"/>
<testcase classname="buildbot.test.unit.test_test_util_validation.VerifyDict" name="test_DictValidator" time="0.001"/>
<testcase classname="buildbot.test.unit.test_test_util_validation.VerifyDict" name="test_DictValidator_names" time="0.000"/>
<testcase classname="buildbot.test.unit.test_test_util_validation.VerifyDict" name="test_IdentifierValidator" time="0.001"/>
<testcase classname="buildbot.test.unit.test_test_util_validation.VerifyDict" name="test_IntValidator" time="0.000"/>
<testcase classname="buildbot.test.unit.test_test_util_validation.VerifyDict" name="test_ListValidator" time="0.000"/>
<testcase classname="buildbot.test.unit.test_test_util_validation.VerifyDict" name="test_ListValidator_names" time="0.000"/>
<testcase classname="buildbot.test.unit.test_test_util_validation.VerifyDict" name="test_MessageValidator" time="0.000"/>
<testcase classname="buildbot.test.unit.test_test_util_validation.VerifyDict" name="test_NoneOk" time="0.000"/>
<testcase classname="buildbot.test.unit.test_test_util_validation.VerifyDict" name="test_Selector" time="0.000"/>
<testcase classname="buildbot.test.unit.test_test_util_validation.VerifyDict" name="test_SourcedPropertiesValidator" time="0.001"/>
<testcase classname="buildbot.test.unit.test_test_util_validation.VerifyDict" name="test_StringValidator" time="0.000"/>
<testcase classname="buildbot.test.unit.test_test_util_warnings.TestWarningsFilter" name="test_ignore_warnings" time="0.000"/>
<testcase classname="buildbot.test.unit.test_test_util_warnings.TestWarningsFilter" name="test_nested_filters" time="0.000"/>
<testcase classname="buildbot.test.unit.test_test_util_warnings.TestWarningsFilter" name="test_no_warnigs_check" time="0.000"/>
<testcase classname="buildbot.test.unit.test_test_util_warnings.TestWarningsFilter" name="test_warnigs_caught" time="0.000"/>
<testcase classname="buildbot.test.unit.test_test_util_warnings.TestWarningsFilter" name="test_warnigs_caught_num_check" time="0.000"/>
<testcase classname="buildbot.test.unit.test_test_util_warnings.TestWarningsFilter" name="test_warnigs_caught_num_check_fail" time="0.000"/>
<testcase classname="buildbot.test.unit.test_test_util_warnings.TestWarningsFilter" name="test_warnigs_caught_pattern_check" time="0.000"/>
<testcase classname="buildbot.test.unit.test_test_util_warnings.TestWarningsFilter" name="test_warnigs_caught_pattern_check_fail" time="0.000"/>
<testcase classname="buildbot.test.unit.test_test_util_warnings.TestWarningsFilter" name="test_warnigs_caught_patterns_check" time="0.000"/>
<testcase classname="buildbot.test.unit.test_test_util_warnings.TestWarningsFilter" name="test_warnigs_caught_patterns_check_fails" time="0.000"/>
<testcase classname="buildbot.test.unit.test_test_util_warnings.TestWarningsFilter" name="test_warnigs_filter" time="0.000"/>
<testcase classname="buildbot.test.unit.test_util.test_db.Tests" name="test_index" time="0.000"/>
<testcase classname="buildbot.test.unit.test_util.test_db.Tests" name="test_single" time="0.000"/>
<testcase classname="buildbot.test.unit.test_util.test_db.Tests" name="test_unknown" time="0.000"/>
<testcase classname="buildbot.test.unit.test_util_queue.TestConnectableThreadQueue" name="test_exception_does_not_break_further_work" time="0.001"/>
<testcase classname="buildbot.test.unit.test_util_queue.TestConnectableThreadQueue" name="test_many_items_called_in_order" time="0.001"/>
<testcase classname="buildbot.test.unit.test_util_queue.TestConnectableThreadQueue" name="test_no_work" time="0.000"/>
<testcase classname="buildbot.test.unit.test_util_queue.TestConnectableThreadQueue" name="test_single_item_called" time="0.000"/>
<testcase classname="buildbot.test.unit.test_util_queue.TestConnectableThreadQueue" name="test_single_item_called_disconnect" time="0.000"/>
<testcase classname="buildbot.test.unit.test_util_queue.TestConnectableThreadQueue" name="test_single_item_called_exception" time="0.000"/>
<testcase classname="buildbot.test.unit.test_util_queue.TestConnectionErrorReturnNone" name="test_multiple_work_rejected" time="0.005"/>
<testcase classname="buildbot.test.unit.test_util_queue.TestConnectionErrorReturnNone" name="test_resets_after_reject" time="0.011"/>
<testcase classname="buildbot.test.unit.test_util_queue.TestConnectionErrorThrow" name="test_multiple_work_rejected" time="0.006"/>
<testcase classname="buildbot.test.unit.test_util_queue.TestConnectionErrorThrow" name="test_resets_after_reject" time="0.011"/>
<testcase classname="buildbot.test.unit.test_version.VersioningUtilsTests" name="test_getVersionFromArchiveIdNoTag" time="0.001"/>
<testcase classname="buildbot.test.unit.test_version.VersioningUtilsTests" name="test_getVersionFromArchiveIdtag" time="0.000"/>
<testcase classname="buildbot.test.unit.test_version.VersioningUtilsTests" name="test_gitDescribeToPep440devVersion" time="0.000"/>
<testcase classname="buildbot.test.unit.test_version.VersioningUtilsTests" name="test_gitDescribeToPep440p1dev" time="0.000"/>
<testcase classname="buildbot.test.unit.test_version.VersioningUtilsTests" name="test_gitDescribeToPep440p1tag" time="0.000"/>
<testcase classname="buildbot.test.unit.test_version.VersioningUtilsTests" name="test_gitDescribeToPep440tag" time="0.000"/>
<testcase classname="buildbot.test.unit.test_version.VersioningUtilsTests_PKG" name="test_getVersionFromArchiveIdNoTag" time="0.011"/>
<testcase classname="buildbot.test.unit.test_version.VersioningUtilsTests_PKG" name="test_getVersionFromArchiveIdtag" time="0.001"/>
<testcase classname="buildbot.test.unit.test_version.VersioningUtilsTests_PKG" name="test_gitDescribeToPep440devVersion" time="0.000"/>
<testcase classname="buildbot.test.unit.test_version.VersioningUtilsTests_PKG" name="test_gitDescribeToPep440p1dev" time="0.000"/>
<testcase classname="buildbot.test.unit.test_version.VersioningUtilsTests_PKG" name="test_gitDescribeToPep440p1tag" time="0.000"/>
<testcase classname="buildbot.test.unit.test_version.VersioningUtilsTests_PKG" name="test_gitDescribeToPep440tag" time="0.000"/>
<testcase classname="buildbot.test.unit.test_version.VersioningUtilsTests_WORKER" name="test_getVersionFromArchiveIdNoTag" time="0.000"/>
<testcase classname="buildbot.test.unit.test_version.VersioningUtilsTests_WORKER" name="test_getVersionFromArchiveIdtag" time="0.000"/>
<testcase classname="buildbot.test.unit.test_version.VersioningUtilsTests_WORKER" name="test_gitDescribeToPep440devVersion" time="0.000"/>
<testcase classname="buildbot.test.unit.test_version.VersioningUtilsTests_WORKER" name="test_gitDescribeToPep440p1dev" time="0.000"/>
<testcase classname="buildbot.test.unit.test_version.VersioningUtilsTests_WORKER" name="test_gitDescribeToPep440p1tag" time="0.000"/>
<testcase classname="buildbot.test.unit.test_version.VersioningUtilsTests_WORKER" name="test_gitDescribeToPep440tag" time="0.000"/>
<testcase classname="buildbot.test.unit.test_wamp_connector.WampConnector" name="test_OnLeave" time="0.001"/>
<testcase classname="buildbot.test.unit.test_wamp_connector.WampConnector" name="test_publish" time="0.001"/>
<testcase classname="buildbot.test.unit.test_wamp_connector.WampConnector" name="test_reconfig_does_not_allow_config_change_0_type" time="0.001"/>
<testcase classname="buildbot.test.unit.test_wamp_connector.WampConnector" name="test_reconfig_does_not_allow_config_change_1_router_url" time="0.000"/>
<testcase classname="buildbot.test.unit.test_wamp_connector.WampConnector" name="test_reconfig_does_not_allow_config_change_2_realm" time="0.000"/>
<testcase classname="buildbot.test.unit.test_wamp_connector.WampConnector" name="test_reconfig_does_not_allow_config_change_3_wamp_debug_level" time="0.000"/>
<testcase classname="buildbot.test.unit.test_wamp_connector.WampConnector" name="test_reconfig_same_config" time="0.000"/>
<testcase classname="buildbot.test.unit.test_wamp_connector.WampConnector" name="test_startup" time="0.001"/>
<testcase classname="buildbot.test.unit.test_wamp_connector.WampConnector" name="test_subscribe" time="0.001"/>
<testcase classname="buildbot.test.unit.util.test_ComparableMixin.ComparableMixin" name="test_compare" time="0.000"/>
<testcase classname="buildbot.test.unit.util.test_ComparableMixin.ComparableMixin" name="test_equality_identity" time="0.000"/>
<testcase classname="buildbot.test.unit.util.test_ComparableMixin.ComparableMixin" name="test_equality_same" time="0.000"/>
<testcase classname="buildbot.test.unit.util.test_ComparableMixin.ComparableMixin" name="test_equality_unimportantDifferences" time="0.000"/>
<testcase classname="buildbot.test.unit.util.test_ComparableMixin.ComparableMixin" name="test_inequality_differentClasses" time="0.000"/>
<testcase classname="buildbot.test.unit.util.test_ComparableMixin.ComparableMixin" name="test_inequality_importantDifferences" time="0.000"/>
<testcase classname="buildbot.test.unit.util.test_ComparableMixin.ComparableMixin" name="test_inequality_importantDifferences_subclass" time="0.000"/>
<testcase classname="buildbot.test.unit.util.test_ComparableMixin.ComparableMixin" name="test_inequality_unimportantDifferences_subclass" time="0.000"/>
<testcase classname="buildbot.test.unit.util.test_ComparableMixin.ComparableMixin" name="test_instance_attribute_not_used" time="0.000"/>
<testcase classname="buildbot.test.unit.util.test_ComparableMixin.ComparableMixin" name="test_ne_differentClasses" time="0.000"/>
<testcase classname="buildbot.test.unit.util.test_ComparableMixin.ComparableMixin" name="test_ne_importantDifferences" time="0.000"/>
<testcase classname="buildbot.test.unit.util.test_async_sort.AsyncSort" name="test_async_call" time="0.000"/>
<testcase classname="buildbot.test.unit.util.test_async_sort.AsyncSort" name="test_async_fail" time="0.000"/>
<testcase classname="buildbot.test.unit.util.test_async_sort.AsyncSort" name="test_sync_call" time="0.000"/>
<testcase classname="buildbot.test.unit.util.test_backoff.ExponentialBackoffEngineAsyncTests" name="test_construct_asserts" time="0.000"/>
<testcase classname="buildbot.test.unit.util.test_backoff.ExponentialBackoffEngineAsyncTests" name="test_max_wait_seconds" time="0.001"/>
<testcase classname="buildbot.test.unit.util.test_backoff.ExponentialBackoffEngineAsyncTests" name="test_wait_times" time="0.000"/>
<testcase classname="buildbot.test.unit.util.test_backoff.ExponentialBackoffEngineSyncTests" name="test_wait_on_failure" time="0.056"/>
<testcase classname="buildbot.test.unit.util.test_bbcollections.KeyedSets" name="test_add" time="0.001"/>
<testcase classname="buildbot.test.unit.util.test_bbcollections.KeyedSets" name="test_add_twice" time="0.000"/>
<testcase classname="buildbot.test.unit.util.test_bbcollections.KeyedSets" name="test_contains_false" time="0.000"/>
<testcase classname="buildbot.test.unit.util.test_bbcollections.KeyedSets" name="test_contains_setNamesNotContents" time="0.000"/>
<testcase classname="buildbot.test.unit.util.test_bbcollections.KeyedSets" name="test_contains_true" time="0.000"/>
<testcase classname="buildbot.test.unit.util.test_bbcollections.KeyedSets" name="test_discard_existing" time="0.000"/>
<testcase classname="buildbot.test.unit.util.test_bbcollections.KeyedSets" name="test_discard_noError" time="0.000"/>
<testcase classname="buildbot.test.unit.util.test_bbcollections.KeyedSets" name="test_getitem_default" time="0.000"/>
<testcase classname="buildbot.test.unit.util.test_bbcollections.KeyedSets" name="test_pop_exists" time="0.000"/>
<testcase classname="buildbot.test.unit.util.test_bbcollections.KeyedSets" name="test_pop_missing" time="0.000"/>
<testcase classname="buildbot.test.unit.util.test_codebase.TestAbsoluteSourceStampsMixin" name="test_getCodebaseDict" time="0.001"/>
<testcase classname="buildbot.test.unit.util.test_codebase.TestAbsoluteSourceStampsMixin" name="test_getCodebaseDict_existing" time="0.002"/>
<testcase classname="buildbot.test.unit.util.test_codebase.TestAbsoluteSourceStampsMixin" name="test_getCodebaseDict_not_found" time="0.001"/>
<testcase classname="buildbot.test.unit.util.test_codebase.TestAbsoluteSourceStampsMixin" name="test_recordChange" time="0.001"/>
<testcase classname="buildbot.test.unit.util.test_codebase.TestAbsoluteSourceStampsMixin" name="test_recordChange_newer" time="0.001"/>
<testcase classname="buildbot.test.unit.util.test_codebase.TestAbsoluteSourceStampsMixin" name="test_recordChange_older" time="0.001"/>
<testcase classname="buildbot.test.unit.util.test_debounce.DebounceTest" name="test_called_once" time="0.000"/>
<testcase classname="buildbot.test.unit.util.test_debounce.DebounceTest" name="test_coalesce_calls" time="0.000"/>
<testcase classname="buildbot.test.unit.util.test_debounce.DebounceTest" name="test_failure_logged" time="0.000"/>
<testcase classname="buildbot.test.unit.util.test_debounce.DebounceTest" name="test_instance_independence" time="0.000"/>
<testcase classname="buildbot.test.unit.util.test_debounce.DebounceTest" name="test_multiple_stops" time="0.000"/>
<testcase classname="buildbot.test.unit.util.test_debounce.DebounceTest" name="test_second_call_during_first" time="0.000"/>
<testcase classname="buildbot.test.unit.util.test_debounce.DebounceTest" name="test_start_after_stop" time="0.000"/>
<testcase classname="buildbot.test.unit.util.test_debounce.DebounceTest" name="test_start_when_started" time="0.000"/>
<testcase classname="buildbot.test.unit.util.test_debounce.DebounceTest" name="test_stop_while_idle" time="0.000"/>
<testcase classname="buildbot.test.unit.util.test_debounce.DebounceTest" name="test_stop_while_running" time="0.000"/>
<testcase classname="buildbot.test.unit.util.test_debounce.DebounceTest" name="test_stop_while_running_queued" time="0.000"/>
<testcase classname="buildbot.test.unit.util.test_debounce.DebounceTest" name="test_stop_while_waiting" time="0.000"/>
<testcase classname="buildbot.test.unit.util.test_deferwaiter.NonRepeatedActionHandlerTests" name="test_action" time="0.000"/>
<testcase classname="buildbot.test.unit.util.test_deferwaiter.NonRepeatedActionHandlerTests" name="test_actions_when_multiple_schedule_0_invoke_again_if_running" time="0.000"/>
<testcase classname="buildbot.test.unit.util.test_deferwaiter.NonRepeatedActionHandlerTests" name="test_actions_when_multiple_schedule_1_dont_invoke_again_if_running" time="0.000"/>
<testcase classname="buildbot.test.unit.util.test_deferwaiter.NonRepeatedActionHandlerTests" name="test_actions_when_schedule_and_force_0_invoke_again_if_running" time="0.000"/>
<testcase classname="buildbot.test.unit.util.test_deferwaiter.NonRepeatedActionHandlerTests" name="test_actions_when_schedule_and_force_1_dont_invoke_again_if_running" time="0.000"/>
<testcase classname="buildbot.test.unit.util.test_deferwaiter.NonRepeatedActionHandlerTests" name="test_does_not_add_action_on_start" time="0.000"/>
<testcase classname="buildbot.test.unit.util.test_deferwaiter.NonRepeatedActionHandlerTests" name="test_long_actions_when_2_force_0_invoke_again_if_running" time="0.000"/>
<testcase classname="buildbot.test.unit.util.test_deferwaiter.NonRepeatedActionHandlerTests" name="test_long_actions_when_2_force_1_dont_invoke_again_if_running" time="0.000"/>
<testcase classname="buildbot.test.unit.util.test_deferwaiter.NonRepeatedActionHandlerTests" name="test_long_actions_when_2_schedule_0_invoke_again_if_running" time="0.000"/>
<testcase classname="buildbot.test.unit.util.test_deferwaiter.NonRepeatedActionHandlerTests" name="test_long_actions_when_2_schedule_1_dont_invoke_again_if_running" time="0.000"/>
<testcase classname="buildbot.test.unit.util.test_deferwaiter.NonRepeatedActionHandlerTests" name="test_long_actions_when_3_force_0_invoke_again_if_running" time="0.000"/>
<testcase classname="buildbot.test.unit.util.test_deferwaiter.NonRepeatedActionHandlerTests" name="test_long_actions_when_3_force_1_dont_invoke_again_if_running" time="0.000"/>
<testcase classname="buildbot.test.unit.util.test_deferwaiter.NonRepeatedActionHandlerTests" name="test_long_actions_when_force_and_schedule_0_invoke_again_if_running" time="0.000"/>
<testcase classname="buildbot.test.unit.util.test_deferwaiter.NonRepeatedActionHandlerTests" name="test_long_actions_when_force_and_schedule_1_dont_invoke_again_if_running" time="0.000"/>
<testcase classname="buildbot.test.unit.util.test_deferwaiter.NonRepeatedActionHandlerTests" name="test_long_actions_when_schedule_and_force_0_invoke_again_if_running" time="0.000"/>
<testcase classname="buildbot.test.unit.util.test_deferwaiter.NonRepeatedActionHandlerTests" name="test_long_actions_when_schedule_and_force_1_dont_invoke_again_if_running" time="0.000"/>
<testcase classname="buildbot.test.unit.util.test_deferwaiter.RepeatedActionHandlerTests" name="test_can_update_interval" time="0.000"/>
<testcase classname="buildbot.test.unit.util.test_deferwaiter.RepeatedActionHandlerTests" name="test_does_not_add_action_on_start" time="0.000"/>
<testcase classname="buildbot.test.unit.util.test_deferwaiter.RepeatedActionHandlerTests" name="test_ignores_duplicate_start_or_stop" time="0.000"/>
<testcase classname="buildbot.test.unit.util.test_deferwaiter.RepeatedActionHandlerTests" name="test_runs_action_0_after_action" time="0.000"/>
<testcase classname="buildbot.test.unit.util.test_deferwaiter.RepeatedActionHandlerTests" name="test_runs_action_1_before_action" time="0.000"/>
<testcase classname="buildbot.test.unit.util.test_deferwaiter.RepeatedActionHandlerTests" name="test_runs_action_after_exception_with_timer_0_after_action" time="0.001"/>
<testcase classname="buildbot.test.unit.util.test_deferwaiter.RepeatedActionHandlerTests" name="test_runs_action_after_exception_with_timer_1_before_action" time="0.000"/>
<testcase classname="buildbot.test.unit.util.test_deferwaiter.RepeatedActionHandlerTests" name="test_runs_action_with_delay_0_after_action" time="0.000"/>
<testcase classname="buildbot.test.unit.util.test_deferwaiter.RepeatedActionHandlerTests" name="test_runs_action_with_delay_1_before_action" time="0.000"/>
<testcase classname="buildbot.test.unit.util.test_deferwaiter.RepeatedActionHandlerTests" name="test_runs_action_with_force_0_after_action" time="0.000"/>
<testcase classname="buildbot.test.unit.util.test_deferwaiter.RepeatedActionHandlerTests" name="test_runs_action_with_force_1_before_action" time="0.000"/>
<testcase classname="buildbot.test.unit.util.test_deferwaiter.RepeatedActionHandlerTests" name="test_runs_long_action_0_after_action" time="0.000"/>
<testcase classname="buildbot.test.unit.util.test_deferwaiter.RepeatedActionHandlerTests" name="test_runs_long_action_1_before_action" time="0.000"/>
<testcase classname="buildbot.test.unit.util.test_deferwaiter.RepeatedActionHandlerTests" name="test_runs_long_action_with_delay_0_after_action" time="0.000"/>
<testcase classname="buildbot.test.unit.util.test_deferwaiter.RepeatedActionHandlerTests" name="test_runs_long_action_with_delay_1_before_action" time="0.000"/>
<testcase classname="buildbot.test.unit.util.test_deferwaiter.RepeatedActionHandlerTests" name="test_runs_long_action_with_delay_when_running_0_after_action" time="0.000"/>
<testcase classname="buildbot.test.unit.util.test_deferwaiter.RepeatedActionHandlerTests" name="test_runs_long_action_with_delay_when_running_1_before_action" time="0.000"/>
<testcase classname="buildbot.test.unit.util.test_deferwaiter.RepeatedActionHandlerTests" name="test_runs_long_action_with_force_0_after_action" time="0.000"/>
<testcase classname="buildbot.test.unit.util.test_deferwaiter.RepeatedActionHandlerTests" name="test_runs_long_action_with_force_1_before_action" time="0.000"/>
<testcase classname="buildbot.test.unit.util.test_deferwaiter.RepeatedActionHandlerTests" name="test_runs_long_action_with_force_when_running_0_after_action" time="0.000"/>
<testcase classname="buildbot.test.unit.util.test_deferwaiter.RepeatedActionHandlerTests" name="test_runs_long_action_with_force_when_running_1_before_action" time="0.000"/>
<testcase classname="buildbot.test.unit.util.test_deferwaiter.RepeatedActionHandlerTests" name="test_waiter_waits_for_action_timer_starts_0_after_action" time="0.000"/>
<testcase classname="buildbot.test.unit.util.test_deferwaiter.RepeatedActionHandlerTests" name="test_waiter_waits_for_action_timer_starts_1_before_action" time="0.000"/>
<testcase classname="buildbot.test.unit.util.test_deferwaiter.WaiterTests" name="test_add_deferred_called" time="0.000"/>
<testcase classname="buildbot.test.unit.util.test_deferwaiter.WaiterTests" name="test_add_deferred_not_called_and_call_later" time="0.000"/>
<testcase classname="buildbot.test.unit.util.test_deferwaiter.WaiterTests" name="test_add_non_deferred" time="0.000"/>
<testcase classname="buildbot.test.unit.util.test_deferwaiter.WaiterTests" name="test_passes_result" time="0.000"/>
<testcase classname="buildbot.test.unit.util.test_eventual.Eventually" name="test_eventually_args" time="0.000"/>
<testcase classname="buildbot.test.unit.util.test_eventual.Eventually" name="test_eventually_butNotNow" time="0.000"/>
<testcase classname="buildbot.test.unit.util.test_eventual.Eventually" name="test_eventually_calls" time="0.000"/>
<testcase classname="buildbot.test.unit.util.test_eventual.Eventually" name="test_eventually_err" time="0.000"/>
<testcase classname="buildbot.test.unit.util.test_eventual.Eventually" name="test_eventually_order" time="0.000"/>
<testcase classname="buildbot.test.unit.util.test_eventual.Eventually" name="test_fireEventually_call" time="0.000"/>
<testcase classname="buildbot.test.unit.util.test_eventual.Eventually" name="test_flush_duringTurn" time="0.000"/>
<testcase classname="buildbot.test.unit.util.test_eventual.Eventually" name="test_flush_waitForChainedEventuallies" time="0.000"/>
<testcase classname="buildbot.test.unit.util.test_eventual.Eventually" name="test_flush_waitForTreeEventuallies" time="0.000"/>
<testcase classname="buildbot.test.unit.util.test_git.TestAdjustCommandParamsForSshPrivateKey" name="test_throws_when_wrapper_not_given" time="0.000"/>
<testcase classname="buildbot.test.unit.util.test_git.TestEscapeShellArgIfNeeded" name="test_empty" time="0.000"/>
<testcase classname="buildbot.test.unit.util.test_git.TestEscapeShellArgIfNeeded" name="test_no_escape" time="0.000"/>
<testcase classname="buildbot.test.unit.util.test_git.TestEscapeShellArgIfNeeded" name="test_spaces" time="0.000"/>
<testcase classname="buildbot.test.unit.util.test_git.TestEscapeShellArgIfNeeded" name="test_special" time="0.000"/>
<testcase classname="buildbot.test.unit.util.test_git.TestParseGitFeatures" name="test_git_2_10_0" time="0.000"/>
<testcase classname="buildbot.test.unit.util.test_git.TestParseGitFeatures" name="test_git_noversion" time="0.000"/>
<testcase classname="buildbot.test.unit.util.test_git.TestParseGitFeatures" name="test_git_zero_version" time="0.000"/>
<testcase classname="buildbot.test.unit.util.test_git.TestParseGitFeatures" name="test_no_output" time="0.000"/>
<testcase classname="buildbot.test.unit.util.test_git.TestSetUpGit" name="test_config_0_no_keys" time="0.000"/>
<testcase classname="buildbot.test.unit.util.test_git.TestSetUpGit" name="test_config_1_only_private_key" time="0.000"/>
<testcase classname="buildbot.test.unit.util.test_git.TestSetUpGit" name="test_config_2_private_key_host_key" time="0.000"/>
<testcase classname="buildbot.test.unit.util.test_git.TestSetUpGit" name="test_config_3_private_key_known_hosts" time="0.000"/>
<testcase classname="buildbot.test.unit.util.test_git.TestSetUpGit" name="test_config_4_no_private_key_host_key" time="0.000"/>
<testcase classname="buildbot.test.unit.util.test_git.TestSetUpGit" name="test_config_5_no_private_key_known_hosts" time="0.000"/>
<testcase classname="buildbot.test.unit.util.test_git.TestSetUpGit" name="test_config_6_both_host_key_known_hosts" time="0.000"/>
<testcase classname="buildbot.test.unit.util.test_git.TestensureSshKeyNewline" name="test_good_key" time="0.000"/>
<testcase classname="buildbot.test.unit.util.test_git.TestensureSshKeyNewline" name="test_missing_newline" time="0.000"/>
<testcase classname="buildbot.test.unit.util.test_giturlparse.Tests" name="test_bitbucket" time="0.000"/>
<testcase classname="buildbot.test.unit.util.test_giturlparse.Tests" name="test_github" time="0.000"/>
<testcase classname="buildbot.test.unit.util.test_giturlparse.Tests" name="test_gitlab" time="0.000"/>
<testcase classname="buildbot.test.unit.util.test_giturlparse.Tests" name="test_gitlab_port" time="0.000"/>
<testcase classname="buildbot.test.unit.util.test_giturlparse.Tests" name="test_gitlab_subsubgroup" time="0.000"/>
<testcase classname="buildbot.test.unit.util.test_giturlparse.Tests" name="test_gitlab_user" time="0.000"/>
<testcase classname="buildbot.test.unit.util.test_giturlparse.Tests" name="test_no_owner" time="0.000"/>
<testcase classname="buildbot.test.unit.util.test_giturlparse.Tests" name="test_protos" time="0.000"/>
<testcase classname="buildbot.test.unit.util.test_httpclientservice.HTTPClientServiceTestFakeE2E" name="test_content" time="0.001"/>
<testcase classname="buildbot.test.unit.util.test_httpclientservice.HTTPClientServiceTestFakeE2E" name="test_content_with_params" time="0.001"/>
<testcase classname="buildbot.test.unit.util.test_httpclientservice.HTTPClientServiceTestFakeE2E" name="test_json" time="0.001"/>
<testcase classname="buildbot.test.unit.util.test_httpclientservice.HTTPClientServiceTestFakeE2E" name="test_lots" time="0.001"/>
<testcase classname="buildbot.test.unit.util.test_httpclientservice.HTTPClientServiceTestFakeE2E" name="test_lots_parallel" time="0.001"/>
<testcase classname="buildbot.test.unit.util.test_httpclientservice.HTTPClientServiceTestFakeE2E" name="test_post_content_with_params" time="0.001"/>
<testcase classname="buildbot.test.unit.util.test_httpclientservice.HTTPClientServiceTestFakeE2E" name="test_put_content_with_data" time="0.001"/>
<testcase classname="buildbot.test.unit.util.test_httpclientservice.HTTPClientServiceTestFakeE2E" name="test_put_content_with_json" time="0.000"/>
<testcase classname="buildbot.test.unit.util.test_httpclientservice.HTTPClientServiceTestFakeE2E" name="test_put_content_with_json_datetime" time="0.000"/>
<testcase classname="buildbot.test.unit.util.test_httpclientservice.HTTPClientServiceTestTReq" name="test_delete" time="0.000"/>
<testcase classname="buildbot.test.unit.util.test_httpclientservice.HTTPClientServiceTestTReq" name="test_get" time="0.000"/>
<testcase classname="buildbot.test.unit.util.test_httpclientservice.HTTPClientServiceTestTReq" name="test_post" time="0.000"/>
<testcase classname="buildbot.test.unit.util.test_httpclientservice.HTTPClientServiceTestTReq" name="test_post_auth" time="0.000"/>
<testcase classname="buildbot.test.unit.util.test_httpclientservice.HTTPClientServiceTestTReq" name="test_post_auth_digest" time="0.000"/>
<testcase classname="buildbot.test.unit.util.test_httpclientservice.HTTPClientServiceTestTReq" name="test_post_headers" time="0.000"/>
<testcase classname="buildbot.test.unit.util.test_httpclientservice.HTTPClientServiceTestTReq" name="test_put" time="0.000"/>
<testcase classname="buildbot.test.unit.util.test_httpclientservice.HTTPClientServiceTestTReqE2E" name="test_content" time="0.005"/>
<testcase classname="buildbot.test.unit.util.test_httpclientservice.HTTPClientServiceTestTReqE2E" name="test_content_with_params" time="0.002"/>
<testcase classname="buildbot.test.unit.util.test_httpclientservice.HTTPClientServiceTestTReqE2E" name="test_json" time="0.002"/>
<testcase classname="buildbot.test.unit.util.test_httpclientservice.HTTPClientServiceTestTReqE2E" name="test_lots" time="0.006"/>
<testcase classname="buildbot.test.unit.util.test_httpclientservice.HTTPClientServiceTestTReqE2E" name="test_lots_parallel" time="0.005"/>
<testcase classname="buildbot.test.unit.util.test_httpclientservice.HTTPClientServiceTestTReqE2E" name="test_post_content_with_params" time="0.002"/>
<testcase classname="buildbot.test.unit.util.test_httpclientservice.HTTPClientServiceTestTReqE2E" name="test_put_content_with_data" time="0.003"/>
<testcase classname="buildbot.test.unit.util.test_httpclientservice.HTTPClientServiceTestTReqE2E" name="test_put_content_with_json" time="0.004"/>
<testcase classname="buildbot.test.unit.util.test_httpclientservice.HTTPClientServiceTestTReqE2E" name="test_put_content_with_json_datetime" time="0.002"/>
<testcase classname="buildbot.test.unit.util.test_httpclientservice.HTTPClientServiceTestTReqNoEncoding" name="test_post_raw" time="0.001"/>
<testcase classname="buildbot.test.unit.util.test_httpclientservice.HTTPClientServiceTestTReqNoEncoding" name="test_post_rawlist" time="0.000"/>
<testcase classname="buildbot.test.unit.util.test_httpclientservice.HTTPClientServiceTestTxRequest" name="test_delete" time="0.000"/>
<testcase classname="buildbot.test.unit.util.test_httpclientservice.HTTPClientServiceTestTxRequest" name="test_get" time="0.000"/>
<testcase classname="buildbot.test.unit.util.test_httpclientservice.HTTPClientServiceTestTxRequest" name="test_get_full_url" time="0.000"/>
<testcase classname="buildbot.test.unit.util.test_httpclientservice.HTTPClientServiceTestTxRequest" name="test_post" time="0.000"/>
<testcase classname="buildbot.test.unit.util.test_httpclientservice.HTTPClientServiceTestTxRequest" name="test_post_auth" time="0.000"/>
<testcase classname="buildbot.test.unit.util.test_httpclientservice.HTTPClientServiceTestTxRequest" name="test_post_headers" time="0.000"/>
<testcase classname="buildbot.test.unit.util.test_httpclientservice.HTTPClientServiceTestTxRequest" name="test_put" time="0.000"/>
<testcase classname="buildbot.test.unit.util.test_httpclientservice.HTTPClientServiceTestTxRequestE2E" name="test_content" time="0.008"/>
<testcase classname="buildbot.test.unit.util.test_httpclientservice.HTTPClientServiceTestTxRequestE2E" name="test_content_with_params" time="0.003"/>
<testcase classname="buildbot.test.unit.util.test_httpclientservice.HTTPClientServiceTestTxRequestE2E" name="test_json" time="0.002"/>
<testcase classname="buildbot.test.unit.util.test_httpclientservice.HTTPClientServiceTestTxRequestE2E" name="test_lots" time="0.006"/>
<testcase classname="buildbot.test.unit.util.test_httpclientservice.HTTPClientServiceTestTxRequestE2E" name="test_lots_parallel" time="0.005"/>
<testcase classname="buildbot.test.unit.util.test_httpclientservice.HTTPClientServiceTestTxRequestE2E" name="test_post_content_with_params" time="0.003"/>
<testcase classname="buildbot.test.unit.util.test_httpclientservice.HTTPClientServiceTestTxRequestE2E" name="test_put_content_with_data" time="0.002"/>
<testcase classname="buildbot.test.unit.util.test_httpclientservice.HTTPClientServiceTestTxRequestE2E" name="test_put_content_with_json" time="0.002"/>
<testcase classname="buildbot.test.unit.util.test_httpclientservice.HTTPClientServiceTestTxRequestE2E" name="test_put_content_with_json_datetime" time="0.002"/>
<testcase classname="buildbot.test.unit.util.test_httpclientservice.HTTPClientServiceTestTxRequestNoEncoding" name="test_post_raw" time="0.000"/>
<testcase classname="buildbot.test.unit.util.test_httpclientservice.HTTPClientServiceTestTxRequestNoEncoding" name="test_post_rawlist" time="0.000"/>
<testcase classname="buildbot.test.unit.util.test_identifiers.Tests" name="test_forceIdentifier_already_is" time="0.000"/>
<testcase classname="buildbot.test.unit.util.test_identifiers.Tests" name="test_forceIdentifier_ascii" time="0.000"/>
<testcase classname="buildbot.test.unit.util.test_identifiers.Tests" name="test_forceIdentifier_digits" time="0.000"/>
<testcase classname="buildbot.test.unit.util.test_identifiers.Tests" name="test_forceIdentifier_invalid_chars" time="0.000"/>
<testcase classname="buildbot.test.unit.util.test_identifiers.Tests" name="test_forceIdentifier_leading_digit" time="0.000"/>
<testcase classname="buildbot.test.unit.util.test_identifiers.Tests" name="test_forceIdentifier_too_long" time="0.000"/>
<testcase classname="buildbot.test.unit.util.test_identifiers.Tests" name="test_incrementIdentifier_add_digits" time="0.000"/>
<testcase classname="buildbot.test.unit.util.test_identifiers.Tests" name="test_incrementIdentifier_add_digits_out_of_space" time="0.000"/>
<testcase classname="buildbot.test.unit.util.test_identifiers.Tests" name="test_incrementIdentifier_add_digits_too_long" time="0.000"/>
<testcase classname="buildbot.test.unit.util.test_identifiers.Tests" name="test_incrementIdentifier_simple" time="0.000"/>
<testcase classname="buildbot.test.unit.util.test_identifiers.Tests" name="test_incrementIdentifier_simple_too_long" time="0.000"/>
<testcase classname="buildbot.test.unit.util.test_identifiers.Tests" name="test_incrementIdentifier_simple_way_too_long" time="0.000"/>
<testcase classname="buildbot.test.unit.util.test_identifiers.Tests" name="test_incrementIdentifier_single_digit" time="0.000"/>
<testcase classname="buildbot.test.unit.util.test_identifiers.Tests" name="test_isIdentifier" time="0.000"/>
<testcase classname="buildbot.test.unit.util.test_interfaces.TestAssertArgSpecMatches" name="test_double_decorator" time="0.000"/>
<testcase classname="buildbot.test.unit.util.test_interfaces.TestAssertArgSpecMatches" name="test_function_style" time="0.000"/>
<testcase classname="buildbot.test.unit.util.test_interfaces.TestAssertArgSpecMatches" name="test_simple_decorator" time="0.000"/>
<testcase classname="buildbot.test.unit.util.test_kubeclientservice.KubeClientServiceTest" name="test_started" time="0.000"/>
<testcase classname="buildbot.test.unit.util.test_kubeclientservice.KubeClientServiceTest" name="test_started_but_stop" time="0.000"/>
<testcase classname="buildbot.test.unit.util.test_kubeclientservice.KubeClientServiceTest" name="test_stopped" time="0.000"/>
<testcase classname="buildbot.test.unit.util.test_kubeclientservice.KubeClientServiceTest" name="test_stopped_but_start" time="0.000"/>
<testcase classname="buildbot.test.unit.util.test_kubeclientservice.KubeClientServiceTest" name="test_two_workers" time="0.000"/>
<testcase classname="buildbot.test.unit.util.test_kubeclientservice.KubeClientServiceTestClusterConfig" name="test_basic" time="0.000"/>
<testcase classname="buildbot.test.unit.util.test_kubeclientservice.KubeClientServiceTestClusterConfig" name="test_not_exists" time="0.000"/>
<testcase classname="buildbot.test.unit.util.test_kubeclientservice.KubeClientServiceTestKubeCtlProxyConfig" name="test_basic" time="0.032"/>
<testcase classname="buildbot.test.unit.util.test_kubeclientservice.KubeClientServiceTestKubeCtlProxyConfig" name="test_config_args" time="0.033"/>
<testcase classname="buildbot.test.unit.util.test_kubeclientservice.KubeClientServiceTestKubeCtlProxyConfig" name="test_config_with_error" time="0.032"/>
<testcase classname="buildbot.test.unit.util.test_kubeclientservice.KubeClientServiceTestKubeCtlProxyConfig" name="test_reconfig" time="0.055"/>
<testcase classname="buildbot.test.unit.util.test_kubeclientservice.KubeClientServiceTestKubeHardcodedConfig" name="test_basic" time="0.001"/>
<testcase classname="buildbot.test.unit.util.test_kubeclientservice.KubeClientServiceTestKubeHardcodedConfig" name="test_cannot_pass_both_bearer_and_basic_auth" time="0.000"/>
<testcase classname="buildbot.test.unit.util.test_lineboundaries.LBF" name="test_already_terminated" time="0.000"/>
<testcase classname="buildbot.test.unit.util.test_lineboundaries.LBF" name="test_backspace_folded" time="0.000"/>
<testcase classname="buildbot.test.unit.util.test_lineboundaries.LBF" name="test_bare_cr_folded" time="0.000"/>
<testcase classname="buildbot.test.unit.util.test_lineboundaries.LBF" name="test_embedded_newlines" time="0.000"/>
<testcase classname="buildbot.test.unit.util.test_lineboundaries.LBF" name="test_empty_appends" time="0.000"/>
<testcase classname="buildbot.test.unit.util.test_lineboundaries.LBF" name="test_empty_flush" time="0.000"/>
<testcase classname="buildbot.test.unit.util.test_lineboundaries.LBF" name="test_huge_lines" time="0.002"/>
<testcase classname="buildbot.test.unit.util.test_lineboundaries.LBF" name="test_long_lines" time="0.001"/>
<testcase classname="buildbot.test.unit.util.test_lineboundaries.LBF" name="test_mixed_consecutive_newlines" time="0.000"/>
<testcase classname="buildbot.test.unit.util.test_lineboundaries.LBF" name="test_partial_line" time="0.000"/>
<testcase classname="buildbot.test.unit.util.test_lineboundaries.LBF" name="test_split_newlines" time="0.001"/>
<testcase classname="buildbot.test.unit.util.test_lineboundaries.LBF" name="test_split_terminal_control" time="0.000"/>
<testcase classname="buildbot.test.unit.util.test_lineboundaries.LBF" name="test_windows_newlines_folded" time="0.000"/>
<testcase classname="buildbot.test.unit.util.test_lineboundaries.LBFNoCallback" name="test_already_terminated" time="0.000"/>
<testcase classname="buildbot.test.unit.util.test_lineboundaries.LBFNoCallback" name="test_backspace_folded" time="0.000"/>
<testcase classname="buildbot.test.unit.util.test_lineboundaries.LBFNoCallback" name="test_bare_cr_folded" time="0.000"/>
<testcase classname="buildbot.test.unit.util.test_lineboundaries.LBFNoCallback" name="test_embedded_newlines" time="0.000"/>
<testcase classname="buildbot.test.unit.util.test_lineboundaries.LBFNoCallback" name="test_empty_appends" time="0.000"/>
<testcase classname="buildbot.test.unit.util.test_lineboundaries.LBFNoCallback" name="test_empty_flush" time="0.000"/>
<testcase classname="buildbot.test.unit.util.test_lineboundaries.LBFNoCallback" name="test_huge_lines" time="0.001"/>
<testcase classname="buildbot.test.unit.util.test_lineboundaries.LBFNoCallback" name="test_long_lines" time="0.001"/>
<testcase classname="buildbot.test.unit.util.test_lineboundaries.LBFNoCallback" name="test_mixed_consecutive_newlines" time="0.001"/>
<testcase classname="buildbot.test.unit.util.test_lineboundaries.LBFNoCallback" name="test_partial_line" time="0.000"/>
<testcase classname="buildbot.test.unit.util.test_lineboundaries.LBFNoCallback" name="test_split_newlines" time="0.000"/>
<testcase classname="buildbot.test.unit.util.test_lineboundaries.LBFNoCallback" name="test_split_terminal_control" time="0.000"/>
<testcase classname="buildbot.test.unit.util.test_lineboundaries.LBFNoCallback" name="test_windows_newlines_folded" time="0.000"/>
<testcase classname="buildbot.test.unit.util.test_lru.AsyncLRUCacheTest" name="test_all_hits" time="0.001"/>
<testcase classname="buildbot.test.unit.util.test_lru.AsyncLRUCacheTest" name="test_all_misses" time="0.001"/>
<testcase classname="buildbot.test.unit.util.test_lru.AsyncLRUCacheTest" name="test_fuzz" time="0.006"/>
<testcase classname="buildbot.test.unit.util.test_lru.AsyncLRUCacheTest" name="test_get_exception" time="0.000"/>
<testcase classname="buildbot.test.unit.util.test_lru.AsyncLRUCacheTest" name="test_massively_parallel" time="0.001"/>
<testcase classname="buildbot.test.unit.util.test_lru.AsyncLRUCacheTest" name="test_miss_fn_kwargs" time="0.000"/>
<testcase classname="buildbot.test.unit.util.test_lru.AsyncLRUCacheTest" name="test_miss_fn_returns_none" time="0.000"/>
<testcase classname="buildbot.test.unit.util.test_lru.AsyncLRUCacheTest" name="test_put" time="0.000"/>
<testcase classname="buildbot.test.unit.util.test_lru.AsyncLRUCacheTest" name="test_queue_collapsing" time="0.000"/>
<testcase classname="buildbot.test.unit.util.test_lru.AsyncLRUCacheTest" name="test_set_max_size" time="0.073"/>
<testcase classname="buildbot.test.unit.util.test_lru.AsyncLRUCacheTest" name="test_simple_lru_expulsion" time="0.083"/>
<testcase classname="buildbot.test.unit.util.test_lru.AsyncLRUCacheTest" name="test_simple_lru_expulsion_maxsize_1" time="0.146"/>
<testcase classname="buildbot.test.unit.util.test_lru.AsyncLRUCacheTest" name="test_simple_lru_expulsion_maxsize_1_null_result" time="0.001"/>
<testcase classname="buildbot.test.unit.util.test_lru.AsyncLRUCacheTest" name="test_single_key" time="0.000"/>
<testcase classname="buildbot.test.unit.util.test_lru.AsyncLRUCacheTest" name="test_slow_failure" time="0.181"/>
<testcase classname="buildbot.test.unit.util.test_lru.AsyncLRUCacheTest" name="test_slow_fetch" time="0.147"/>
<testcase classname="buildbot.test.unit.util.test_lru.AsyncLRUCacheTest" name="test_weakrefs" time="0.011"/>
<testcase classname="buildbot.test.unit.util.test_lru.LRUCacheTest" name="test_all_hits" time="0.006"/>
<testcase classname="buildbot.test.unit.util.test_lru.LRUCacheTest" name="test_all_misses" time="0.006"/>
<testcase classname="buildbot.test.unit.util.test_lru.LRUCacheTest" name="test_fuzz" time="0.008"/>
<testcase classname="buildbot.test.unit.util.test_lru.LRUCacheTest" name="test_get_exception" time="0.001"/>
<testcase classname="buildbot.test.unit.util.test_lru.LRUCacheTest" name="test_miss_fn_kwargs" time="0.001"/>
<testcase classname="buildbot.test.unit.util.test_lru.LRUCacheTest" name="test_miss_fn_returns_none" time="0.001"/>
<testcase classname="buildbot.test.unit.util.test_lru.LRUCacheTest" name="test_put" time="0.001"/>
<testcase classname="buildbot.test.unit.util.test_lru.LRUCacheTest" name="test_put_nonexistent_key" time="0.001"/>
<testcase classname="buildbot.test.unit.util.test_lru.LRUCacheTest" name="test_queue_collapsing" time="0.001"/>
<testcase classname="buildbot.test.unit.util.test_lru.LRUCacheTest" name="test_set_max_size" time="0.111"/>
<testcase classname="buildbot.test.unit.util.test_lru.LRUCacheTest" name="test_simple_lru_expulsion" time="0.106"/>
<testcase classname="buildbot.test.unit.util.test_lru.LRUCacheTest" name="test_simple_lru_expulsion_maxsize_1" time="0.175"/>
<testcase classname="buildbot.test.unit.util.test_lru.LRUCacheTest" name="test_simple_lru_expulsion_maxsize_1_null_result" time="0.001"/>
<testcase classname="buildbot.test.unit.util.test_lru.LRUCacheTest" name="test_single_key" time="0.000"/>
<testcase classname="buildbot.test.unit.util.test_lru.LRUCacheTest" name="test_weakrefs" time="0.000"/>
<testcase classname="buildbot.test.unit.util.test_maildir.TestMaildirService" name="test_messageReceived" time="0.002"/>
<testcase classname="buildbot.test.unit.util.test_maildir.TestMaildirService" name="test_moveToCurDir" time="0.003"/>
<testcase classname="buildbot.test.unit.util.test_maildir.TestMaildirService" name="test_start_stop_repeatedly" time="0.005"/>
<testcase classname="buildbot.test.unit.util.test_misc.TestCancelAfter" name="test_fails" time="0.000"/>
<testcase classname="buildbot.test.unit.util.test_misc.TestCancelAfter" name="test_succeeds" time="0.000"/>
<testcase classname="buildbot.test.unit.util.test_misc.TestCancelAfter" name="test_timeout_fails" time="0.000"/>
<testcase classname="buildbot.test.unit.util.test_misc.TestCancelAfter" name="test_timeout_succeeds" time="0.000"/>
<testcase classname="buildbot.test.unit.util.test_misc.TestChunkifyList" name="test_all" time="0.000"/>
<testcase classname="buildbot.test.unit.util.test_misc.deferredLocked" name="test_fn" time="0.000"/>
<testcase classname="buildbot.test.unit.util.test_misc.deferredLocked" name="test_fn_exception" time="0.000"/>
<testcase classname="buildbot.test.unit.util.test_misc.deferredLocked" name="test_fn_fails" time="0.000"/>
<testcase classname="buildbot.test.unit.util.test_misc.deferredLocked" name="test_method" time="0.000"/>
<testcase classname="buildbot.test.unit.util.test_misc.deferredLocked" name="test_name" time="0.000"/>
<testcase classname="buildbot.test.unit.util.test_netstrings.NetstringParser" name="test_incomplete_netstring" time="0.000"/>
<testcase classname="buildbot.test.unit.util.test_netstrings.NetstringParser" name="test_invalid_netstring" time="0.000"/>
<testcase classname="buildbot.test.unit.util.test_netstrings.NetstringParser" name="test_valid_netstrings" time="0.000"/>
<testcase classname="buildbot.test.unit.util.test_netstrings.NetstringParser" name="test_valid_netstrings_byte_by_byte" time="0.000"/>
<testcase classname="buildbot.test.unit.util.test_notifier.Tests" name="test_new_waiters_not_notified" time="0.000"/>
<testcase classname="buildbot.test.unit.util.test_notifier.Tests" name="test_nonzero_cleared_waiters" time="0.000"/>
<testcase classname="buildbot.test.unit.util.test_notifier.Tests" name="test_nonzero_no_waiters" time="0.000"/>
<testcase classname="buildbot.test.unit.util.test_notifier.Tests" name="test_nonzero_waiters" time="0.000"/>
<testcase classname="buildbot.test.unit.util.test_notifier.Tests" name="test_notify_failure" time="0.000"/>
<testcase classname="buildbot.test.unit.util.test_notifier.Tests" name="test_notify_multiple_waiters" time="0.000"/>
<testcase classname="buildbot.test.unit.util.test_notifier.Tests" name="test_notify_no_waiters" time="0.000"/>
<testcase classname="buildbot.test.unit.util.test_notifier.Tests" name="test_wait" time="0.000"/>
<testcase classname="buildbot.test.unit.util.test_patch_delay.Tests" name="test_auto_fires_unfired_delay" time="0.000"/>
<testcase classname="buildbot.test.unit.util.test_patch_delay.Tests" name="test_auto_fires_unfired_delay_exception" time="0.000"/>
<testcase classname="buildbot.test.unit.util.test_patch_delay.Tests" name="test_passes_arguments" time="0.000"/>
<testcase classname="buildbot.test.unit.util.test_patch_delay.Tests" name="test_passes_exception" time="0.000"/>
<testcase classname="buildbot.test.unit.util.test_patch_delay.Tests" name="test_patches_within_context" time="0.000"/>
<testcase classname="buildbot.test.unit.util.test_patch_delay.Tests" name="test_raises_not_callable" time="0.000"/>
<testcase classname="buildbot.test.unit.util.test_patch_delay.Tests" name="test_raises_not_found" time="0.000"/>
<testcase classname="buildbot.test.unit.util.test_path_expand_user.TestExpanduser" name="test_nt_00_no_tilde" time="0.000"/>
<testcase classname="buildbot.test.unit.util.test_path_expand_user.TestExpanduser" name="test_nt_01_no_env_tilde" time="0.000"/>
<testcase classname="buildbot.test.unit.util.test_path_expand_user.TestExpanduser" name="test_nt_02_homedrive_tilde" time="0.000"/>
<testcase classname="buildbot.test.unit.util.test_path_expand_user.TestExpanduser" name="test_nt_03_homedrive_tilde_only" time="0.000"/>
<testcase classname="buildbot.test.unit.util.test_path_expand_user.TestExpanduser" name="test_nt_04_no_homedrive_tilde" time="0.000"/>
<testcase classname="buildbot.test.unit.util.test_path_expand_user.TestExpanduser" name="test_nt_05_no_homedrive_tilde_only" time="0.000"/>
<testcase classname="buildbot.test.unit.util.test_path_expand_user.TestExpanduser" name="test_nt_06_userprofile_tilde" time="0.000"/>
<testcase classname="buildbot.test.unit.util.test_path_expand_user.TestExpanduser" name="test_nt_07_userprofile_tilde_only" time="0.000"/>
<testcase classname="buildbot.test.unit.util.test_path_expand_user.TestExpanduser" name="test_nt_08_userprofile_backslash" time="0.000"/>
<testcase classname="buildbot.test.unit.util.test_path_expand_user.TestExpanduser" name="test_nt_09_userprofile_slash" time="0.000"/>
<testcase classname="buildbot.test.unit.util.test_path_expand_user.TestExpanduser" name="test_nt_10_userprofile_not_separate_tilde_backslash" time="0.000"/>
<testcase classname="buildbot.test.unit.util.test_path_expand_user.TestExpanduser" name="test_nt_11_userprofile_separate_tilde_slash" time="0.000"/>
<testcase classname="buildbot.test.unit.util.test_path_expand_user.TestExpanduser" name="test_nt_12_ignore_home_on_windows" time="0.000"/>
<testcase classname="buildbot.test.unit.util.test_path_expand_user.TestExpanduser" name="test_nt_13_ignore_home_on_windows_tilde_only" time="0.000"/>
<testcase classname="buildbot.test.unit.util.test_path_expand_user.TestExpanduser" name="test_nt_14_dont_guess_home_dir" time="0.000"/>
<testcase classname="buildbot.test.unit.util.test_path_expand_user.TestExpanduser" name="test_nt_15_dont_guess_home_dir_tilde_only" time="0.000"/>
<testcase classname="buildbot.test.unit.util.test_path_expand_user.TestExpanduser" name="test_posix_00_no_home" time="0.000"/>
<testcase classname="buildbot.test.unit.util.test_path_expand_user.TestExpanduser" name="test_posix_01_home_tilde_only" time="0.000"/>
<testcase classname="buildbot.test.unit.util.test_path_expand_user.TestExpanduser" name="test_posix_02_home_tilde_only_trailing_slash" time="0.000"/>
<testcase classname="buildbot.test.unit.util.test_path_expand_user.TestExpanduser" name="test_posix_03_home_slash_tilde_only" time="0.000"/>
<testcase classname="buildbot.test.unit.util.test_path_expand_user.TestExpanduser" name="test_posix_04_home_slash_tilde_slash" time="0.000"/>
<testcase classname="buildbot.test.unit.util.test_path_expand_user.TestExpanduser" name="test_posix_05_home_slash_tilde_slash_name" time="0.000"/>
<testcase classname="buildbot.test.unit.util.test_path_expand_user.TestExpanduser" name="test_posix_06_home_empty_tilde_only" time="0.000"/>
<testcase classname="buildbot.test.unit.util.test_path_expand_user.TestExpanduser" name="test_posix_07_home_empty_tilde_slash" time="0.000"/>
<testcase classname="buildbot.test.unit.util.test_path_expand_user.TestExpanduser" name="test_posix_08_home_empty_tilde_slash_name" time="0.000"/>
<testcase classname="buildbot.test.unit.util.test_path_expand_user.TestExpanduser" name="test_posix_09_home_double_slash_tilde_only" time="0.000"/>
<testcase classname="buildbot.test.unit.util.test_path_expand_user.TestExpanduser" name="test_posix_10_home_double_slash_tilde_slash" time="0.000"/>
<testcase classname="buildbot.test.unit.util.test_path_expand_user.TestExpanduser" name="test_posix_11_home_double_slash_tilde_slash_name" time="0.000"/>
<testcase classname="buildbot.test.unit.util.test_path_expand_user.TestExpanduser" name="test_posix_12_home_triple_slash_tilde_only" time="0.000"/>
<testcase classname="buildbot.test.unit.util.test_path_expand_user.TestExpanduser" name="test_posix_13_home_triple_slash_tilde_slash" time="0.000"/>
<testcase classname="buildbot.test.unit.util.test_path_expand_user.TestExpanduser" name="test_posix_14_home_triple_slash_tilde_slash_name" time="0.000"/>
<testcase classname="buildbot.test.unit.util.test_path_expand_user.TestExpanduser" name="test_posix_no_home" time="0.000"/>
<testcase classname="buildbot.test.unit.util.test_pathmatch.Matcher" name="test_diff_length" time="0.000"/>
<testcase classname="buildbot.test.unit.util.test_pathmatch.Matcher" name="test_dirty_again" time="0.000"/>
<testcase classname="buildbot.test.unit.util.test_pathmatch.Matcher" name="test_dupe_path" time="0.000"/>
<testcase classname="buildbot.test.unit.util.test_pathmatch.Matcher" name="test_empty" time="0.000"/>
<testcase classname="buildbot.test.unit.util.test_pathmatch.Matcher" name="test_pattern_variables" time="0.000"/>
<testcase classname="buildbot.test.unit.util.test_pathmatch.Matcher" name="test_pattern_variables_ident" time="0.000"/>
<testcase classname="buildbot.test.unit.util.test_pathmatch.Matcher" name="test_pattern_variables_ident_invalid" time="0.000"/>
<testcase classname="buildbot.test.unit.util.test_pathmatch.Matcher" name="test_pattern_variables_ident_num_distinguised" time="0.000"/>
<testcase classname="buildbot.test.unit.util.test_pathmatch.Matcher" name="test_pattern_variables_num" time="0.000"/>
<testcase classname="buildbot.test.unit.util.test_pathmatch.Matcher" name="test_pattern_variables_num_invalid" time="0.000"/>
<testcase classname="buildbot.test.unit.util.test_pathmatch.Matcher" name="test_pattern_variables_underscore" time="0.000"/>
<testcase classname="buildbot.test.unit.util.test_pathmatch.Matcher" name="test_prefix_matching" time="0.000"/>
<testcase classname="buildbot.test.unit.util.test_pathmatch.Matcher" name="test_same_length" time="0.000"/>
<testcase classname="buildbot.test.unit.util.test_poll.TestPollerAsync" name="test_call_when_started_forces_run" time="0.000"/>
<testcase classname="buildbot.test.unit.util.test_poll.TestPollerAsync" name="test_call_while_running_reschedules_immediately_after" time="0.000"/>
<testcase classname="buildbot.test.unit.util.test_poll.TestPollerAsync" name="test_call_while_running_then_stop" time="0.000"/>
<testcase classname="buildbot.test.unit.util.test_poll.TestPollerAsync" name="test_call_while_waiting_schedules_immediately" time="0.000"/>
<testcase classname="buildbot.test.unit.util.test_poll.TestPollerAsync" name="test_fail_reschedules_and_logs_exceptions" time="0.001"/>
<testcase classname="buildbot.test.unit.util.test_poll.TestPollerAsync" name="test_method_longer_than_interval_invoked_at_interval_multiples" time="0.000"/>
<testcase classname="buildbot.test.unit.util.test_poll.TestPollerAsync" name="test_repeats_and_stops" time="0.001"/>
<testcase classname="buildbot.test.unit.util.test_poll.TestPollerAsync" name="test_run_with_random_delay_0_shorter_than_interval_now_True" time="0.000"/>
<testcase classname="buildbot.test.unit.util.test_poll.TestPollerAsync" name="test_run_with_random_delay_1_longer_than_interval_now_True" time="0.000"/>
<testcase classname="buildbot.test.unit.util.test_poll.TestPollerAsync" name="test_run_with_random_delay_2_shorter_than_interval_now_False" time="0.000"/>
<testcase classname="buildbot.test.unit.util.test_poll.TestPollerAsync" name="test_run_with_random_delay_3_longer_than_interval_now_False" time="0.000"/>
<testcase classname="buildbot.test.unit.util.test_poll.TestPollerAsync" name="test_run_with_random_delay_stops_immediately_during_delay_phase" time="0.000"/>
<testcase classname="buildbot.test.unit.util.test_poll.TestPollerAsync" name="test_run_with_random_delay_zero_interval_still_delays_0_now_True" time="0.000"/>
<testcase classname="buildbot.test.unit.util.test_poll.TestPollerAsync" name="test_run_with_random_delay_zero_interval_still_delays_1_now_False" time="0.001"/>
<testcase classname="buildbot.test.unit.util.test_poll.TestPollerAsync" name="test_stop_and_restart" time="0.000"/>
<testcase classname="buildbot.test.unit.util.test_poll.TestPollerAsync" name="test_stop_twice_while_running" time="0.000"/>
<testcase classname="buildbot.test.unit.util.test_poll.TestPollerAsync" name="test_stop_while_running_waits_for_completion" time="0.000"/>
<testcase classname="buildbot.test.unit.util.test_poll.TestPollerAsync" name="test_zero_interval_starts_immediately_0_now_True" time="0.001"/>
<testcase classname="buildbot.test.unit.util.test_poll.TestPollerAsync" name="test_zero_interval_starts_immediately_1_now_False" time="0.001"/>
<testcase classname="buildbot.test.unit.util.test_poll.TestPollerSync" name="test_call_not_started_does_nothing" time="0.001"/>
<testcase classname="buildbot.test.unit.util.test_poll.TestPollerSync" name="test_call_when_started_forces_run" time="0.001"/>
<testcase classname="buildbot.test.unit.util.test_poll.TestPollerSync" name="test_call_when_stopped_does_nothing" time="0.000"/>
<testcase classname="buildbot.test.unit.util.test_poll.TestPollerSync" name="test_fail_reschedules_and_logs_exceptions" time="0.003"/>
<testcase classname="buildbot.test.unit.util.test_poll.TestPollerSync" name="test_repeats_and_stops" time="0.001"/>
<testcase classname="buildbot.test.unit.util.test_poll.TestPollerSync" name="test_run_with_random_delay_0_shorter_than_interval_now_True" time="0.001"/>
<testcase classname="buildbot.test.unit.util.test_poll.TestPollerSync" name="test_run_with_random_delay_1_longer_than_interval_now_True" time="0.000"/>
<testcase classname="buildbot.test.unit.util.test_poll.TestPollerSync" name="test_run_with_random_delay_2_shorter_than_interval_now_False" time="0.000"/>
<testcase classname="buildbot.test.unit.util.test_poll.TestPollerSync" name="test_run_with_random_delay_3_longer_than_interval_now_False" time="0.001"/>
<testcase classname="buildbot.test.unit.util.test_poll.TestPollerSync" name="test_run_with_random_delay_stops_immediately_during_delay_phase" time="0.000"/>
<testcase classname="buildbot.test.unit.util.test_poll.TestPollerSync" name="test_run_with_random_delay_zero_interval_still_delays_0_now_True" time="0.000"/>
<testcase classname="buildbot.test.unit.util.test_poll.TestPollerSync" name="test_run_with_random_delay_zero_interval_still_delays_1_now_False" time="0.000"/>
<testcase classname="buildbot.test.unit.util.test_poll.TestPollerSync" name="test_start_twice_error" time="0.000"/>
<testcase classname="buildbot.test.unit.util.test_poll.TestPollerSync" name="test_start_with_now_false_does_not_run" time="0.000"/>
<testcase classname="buildbot.test.unit.util.test_poll.TestPollerSync" name="test_start_with_now_forces_run_immediately" time="0.000"/>
<testcase classname="buildbot.test.unit.util.test_poll.TestPollerSync" name="test_stop_on_stopped_does_nothing" time="0.000"/>
<testcase classname="buildbot.test.unit.util.test_private_tempdir.TestTemporaryDirectory" name="test_cleanup" time="0.001"/>
<testcase classname="buildbot.test.unit.util.test_private_tempdir.TestTemporaryDirectory" name="test_mode" time="0.003"/>
<testcase classname="buildbot.test.unit.util.test_private_tempdir.TestTemporaryDirectory" name="test_simple" time="0.002"/>
<testcase classname="buildbot.test.unit.util.test_protocol.TestLineProcessProtocol" name="test_stderr" time="0.001"/>
<testcase classname="buildbot.test.unit.util.test_protocol.TestLineProcessProtocol" name="test_stdout" time="0.000"/>
<testcase classname="buildbot.test.unit.util.test_raml.TestRaml" name="test_api" time="0.065"/>
<testcase classname="buildbot.test.unit.util.test_raml.TestRaml" name="test_endpoints" time="0.059"/>
<testcase classname="buildbot.test.unit.util.test_raml.TestRaml" name="test_endpoints_by_type" time="0.058"/>
<testcase classname="buildbot.test.unit.util.test_raml.TestRaml" name="test_endpoints_uri_parameters" time="0.058"/>
<testcase classname="buildbot.test.unit.util.test_raml.TestRaml" name="test_iter_actions" time="0.059"/>
<testcase classname="buildbot.test.unit.util.test_raml.TestRaml" name="test_json_example" time="0.059"/>
<testcase classname="buildbot.test.unit.util.test_raml.TestRaml" name="test_rawendpoints" time="0.056"/>
<testcase classname="buildbot.test.unit.util.test_raml.TestRaml" name="test_types" time="0.059"/>
<testcase classname="buildbot.test.unit.util.test_render_description.TestRaml" name="test_markdown" time="0.014"/>
<testcase classname="buildbot.test.unit.util.test_render_description.TestRaml" name="test_plain" time="0.001"/>
<testcase classname="buildbot.test.unit.util.test_render_description.TestRaml" name="test_unknown" time="0.000"/>
<testcase classname="buildbot.test.unit.util.test_runprocess.TestRunProcess" name="test_collect_nothing" time="0.000"/>
<testcase classname="buildbot.test.unit.util.test_runprocess.TestRunProcess" name="test_collect_stdout_and_stderr" time="0.000"/>
<testcase classname="buildbot.test.unit.util.test_runprocess.TestRunProcess" name="test_collect_stdout_no_stderr" time="0.000"/>
<testcase classname="buildbot.test.unit.util.test_runprocess.TestRunProcess" name="test_collect_stdout_with_stdin" time="0.000"/>
<testcase classname="buildbot.test.unit.util.test_runprocess.TestRunProcess" name="test_env_new_kv" time="0.000"/>
<testcase classname="buildbot.test.unit.util.test_runprocess.TestRunProcess" name="test_env_overwrite_os_kv" time="0.000"/>
<testcase classname="buildbot.test.unit.util.test_runprocess.TestRunProcess" name="test_env_remove_os_kv" time="0.000"/>
<testcase classname="buildbot.test.unit.util.test_runprocess.TestRunProcess" name="test_io_timeout_0_too_short_time_no_output" time="0.000"/>
<testcase classname="buildbot.test.unit.util.test_runprocess.TestRunProcess" name="test_io_timeout_1_too_short_time_with_output" time="0.000"/>
<testcase classname="buildbot.test.unit.util.test_runprocess.TestRunProcess" name="test_io_timeout_2_timed_out_no_output" time="0.000"/>
<testcase classname="buildbot.test.unit.util.test_runprocess.TestRunProcess" name="test_io_timeout_3_timed_out_with_output" time="0.000"/>
<testcase classname="buildbot.test.unit.util.test_runprocess.TestRunProcess" name="test_io_timeout_4_stdout_prevented_timeout" time="0.000"/>
<testcase classname="buildbot.test.unit.util.test_runprocess.TestRunProcess" name="test_io_timeout_5_stderr_prevented_timeout" time="0.000"/>
<testcase classname="buildbot.test.unit.util.test_runprocess.TestRunProcess" name="test_io_timeout_6_timed_out_after_extra_output" time="0.000"/>
<testcase classname="buildbot.test.unit.util.test_runprocess.TestRunProcess" name="test_no_output" time="0.000"/>
<testcase classname="buildbot.test.unit.util.test_runprocess.TestRunProcess" name="test_process_failed_with_rc" time="0.000"/>
<testcase classname="buildbot.test.unit.util.test_runprocess.TestRunProcess" name="test_process_failed_with_signal" time="0.000"/>
<testcase classname="buildbot.test.unit.util.test_runprocess.TestRunProcess" name="test_runtime_timeout_0_too_short_time" time="0.000"/>
<testcase classname="buildbot.test.unit.util.test_runprocess.TestRunProcess" name="test_runtime_timeout_1_timed_out" time="0.000"/>
<testcase classname="buildbot.test.unit.util.test_runprocess.TestRunProcess" name="test_runtime_timeout_failing_to_kill" time="0.001"/>
<testcase classname="buildbot.test.unit.util.test_service.AsyncMultiService" name="test_child_fails" time="0.000"/>
<testcase classname="buildbot.test.unit.util.test_service.AsyncMultiService" name="test_child_starts_on_sSP" time="0.000"/>
<testcase classname="buildbot.test.unit.util.test_service.AsyncMultiService" name="test_empty" time="0.000"/>
<testcase classname="buildbot.test.unit.util.test_service.AsyncMultiService" name="test_waits_for_child_services" time="0.000"/>
<testcase classname="buildbot.test.unit.util.test_service.BuildbotService" name="testChecksDone" time="0.000"/>
<testcase classname="buildbot.test.unit.util.test_service.BuildbotService" name="testConfigDict" time="0.000"/>
<testcase classname="buildbot.test.unit.util.test_service.BuildbotService" name="testNoName" time="0.000"/>
<testcase classname="buildbot.test.unit.util.test_service.BuildbotService" name="testNominal" time="0.000"/>
<testcase classname="buildbot.test.unit.util.test_service.BuildbotServiceManager" name="testChecksDone" time="0.000"/>
<testcase classname="buildbot.test.unit.util.test_service.BuildbotServiceManager" name="testConfigDict" time="0.000"/>
<testcase classname="buildbot.test.unit.util.test_service.BuildbotServiceManager" name="testNoName" time="0.000"/>
<testcase classname="buildbot.test.unit.util.test_service.BuildbotServiceManager" name="testNominal" time="0.000"/>
<testcase classname="buildbot.test.unit.util.test_service.BuildbotServiceManager" name="testReconfigNoChange" time="0.000"/>
<testcase classname="buildbot.test.unit.util.test_service.BuildbotServiceManager" name="testReconfigWithChanges" time="0.000"/>
<testcase classname="buildbot.test.unit.util.test_service.BuildbotServiceManager" name="testReconfigWithDeleted" time="0.001"/>
<testcase classname="buildbot.test.unit.util.test_service.BuildbotServiceManager" name="testReconfigWithNew" time="0.000"/>
<testcase classname="buildbot.test.unit.util.test_service.BuildbotServiceManager" name="testRenderSecrets" time="0.000"/>
<testcase classname="buildbot.test.unit.util.test_service.BuildbotServiceManager" name="testRenderSecrets2Args" time="0.000"/>
<testcase classname="buildbot.test.unit.util.test_service.BuildbotServiceManager" name="testRenderSecretsWithTuple" time="0.000"/>
<testcase classname="buildbot.test.unit.util.test_service.ClusteredBuildbotService" name="test_activate_raises" time="0.001"/>
<testcase classname="buildbot.test.unit.util.test_service.ClusteredBuildbotService" name="test_claim_raises" time="0.001"/>
<testcase classname="buildbot.test.unit.util.test_service.ClusteredBuildbotService" name="test_compare" time="0.002"/>
<testcase classname="buildbot.test.unit.util.test_service.ClusteredBuildbotService" name="test_create_HasNoServiceIdYet" time="0.002"/>
<testcase classname="buildbot.test.unit.util.test_service.ClusteredBuildbotService" name="test_create_IsInactive" time="0.002"/>
<testcase classname="buildbot.test.unit.util.test_service.ClusteredBuildbotService" name="test_create_NothingCalled" time="0.003"/>
<testcase classname="buildbot.test.unit.util.test_service.ClusteredBuildbotService" name="test_deactivate_raises" time="0.002"/>
<testcase classname="buildbot.test.unit.util.test_service.ClusteredBuildbotService" name="test_name_GetsUnicodePromotion" time="0.002"/>
<testcase classname="buildbot.test.unit.util.test_service.ClusteredBuildbotService" name="test_name_PreservesUnicodePromotion" time="0.002"/>
<testcase classname="buildbot.test.unit.util.test_service.ClusteredBuildbotService" name="test_start_ClaimSucceeds" time="0.002"/>
<testcase classname="buildbot.test.unit.util.test_service.ClusteredBuildbotService" name="test_start_GetsServiceIdAssigned" time="0.002"/>
<testcase classname="buildbot.test.unit.util.test_service.ClusteredBuildbotService" name="test_start_PollButClaimFails" time="0.002"/>
<testcase classname="buildbot.test.unit.util.test_service.ClusteredBuildbotService" name="test_start_PollingAfterClaimSucceedsDoesNothing" time="0.001"/>
<testcase classname="buildbot.test.unit.util.test_service.ClusteredBuildbotService" name="test_start_PollsPeriodically" time="0.003"/>
<testcase classname="buildbot.test.unit.util.test_service.ClusteredBuildbotService" name="test_start_UnclaimableSoNotActiveYet" time="0.002"/>
<testcase classname="buildbot.test.unit.util.test_service.ClusteredBuildbotService" name="test_start_WontPollYet" time="0.001"/>
<testcase classname="buildbot.test.unit.util.test_service.ClusteredBuildbotService" name="test_stopWhileStarting_NeverActive" time="0.001"/>
<testcase classname="buildbot.test.unit.util.test_service.ClusteredBuildbotService" name="test_stopWhileStarting_activateTakesForever" time="0.002"/>
<testcase classname="buildbot.test.unit.util.test_service.ClusteredBuildbotService" name="test_stopWhileStarting_claimServiceTakesForever" time="0.002"/>
<testcase classname="buildbot.test.unit.util.test_service.ClusteredBuildbotService" name="test_stopWhileStarting_getServiceIdTakesForever" time="0.001"/>
<testcase classname="buildbot.test.unit.util.test_service.ClusteredBuildbotService" name="test_stop_AfterActivated" time="0.002"/>
<testcase classname="buildbot.test.unit.util.test_service.ClusteredBuildbotService" name="test_stop_AfterActivated_NoDeferred" time="0.002"/>
<testcase classname="buildbot.test.unit.util.test_service.ClusteredBuildbotService" name="test_stop_deactivateTakesForever" time="0.002"/>
<testcase classname="buildbot.test.unit.util.test_service.ClusteredBuildbotService" name="test_stop_unclaimTakesForever" time="0.001"/>
<testcase classname="buildbot.test.unit.util.test_service.ClusteredBuildbotService" name="test_unclaim_raises" time="0.001"/>
<testcase classname="buildbot.test.unit.util.test_service.SharedService" name="test_already_started" time="0.001"/>
<testcase classname="buildbot.test.unit.util.test_service.SharedService" name="test_already_stopped_last" time="0.000"/>
<testcase classname="buildbot.test.unit.util.test_service.SharedService" name="test_bad_constructor" time="0.000"/>
<testcase classname="buildbot.test.unit.util.test_service.SharedService" name="test_creation" time="0.000"/>
<testcase classname="buildbot.test.unit.util.test_service.SharedService" name="test_startup" time="0.000"/>
<testcase classname="buildbot.test.unit.util.test_ssfilter.TestSourceStampFilter" name="test_extract_filter_values" time="0.000"/>
<testcase classname="buildbot.test.unit.util.test_ssfilter.TestSourceStampFilter" name="test_extract_filter_values_branch" time="0.000"/>
<testcase classname="buildbot.test.unit.util.test_ssfilter.TestSourceStampFilter" name="test_extract_filter_values_regex" time="0.000"/>
<testcase classname="buildbot.test.unit.util.test_ssfilter.TestSourceStampFilter" name="test_filter_is_matched_eq_or_re_0_match" time="0.000"/>
<testcase classname="buildbot.test.unit.util.test_ssfilter.TestSourceStampFilter" name="test_filter_is_matched_eq_or_re_1_not_project" time="0.000"/>
<testcase classname="buildbot.test.unit.util.test_ssfilter.TestSourceStampFilter" name="test_filter_is_matched_eq_or_re_2_not_codebase" time="0.000"/>
<testcase classname="buildbot.test.unit.util.test_ssfilter.TestSourceStampFilter" name="test_filter_is_matched_eq_or_re_3_not_repository" time="0.000"/>
<testcase classname="buildbot.test.unit.util.test_ssfilter.TestSourceStampFilter" name="test_filter_is_matched_eq_or_re_4_not_branch" time="0.000"/>
<testcase classname="buildbot.test.unit.util.test_ssfilter.TestSourceStampFilter" name="test_filter_is_matched_eq_or_re_5_none_branch" time="0.000"/>
<testcase classname="buildbot.test.unit.util.test_ssfilter.TestSourceStampFilter" name="test_filter_is_matched_not_eq_or_re_0_match" time="0.000"/>
<testcase classname="buildbot.test.unit.util.test_ssfilter.TestSourceStampFilter" name="test_filter_is_matched_not_eq_or_re_1_not_project" time="0.000"/>
<testcase classname="buildbot.test.unit.util.test_ssfilter.TestSourceStampFilter" name="test_filter_is_matched_not_eq_or_re_2_not_codebase" time="0.000"/>
<testcase classname="buildbot.test.unit.util.test_ssfilter.TestSourceStampFilter" name="test_filter_is_matched_not_eq_or_re_3_not_repository" time="0.000"/>
<testcase classname="buildbot.test.unit.util.test_ssfilter.TestSourceStampFilter" name="test_filter_is_matched_not_eq_or_re_4_not_branch" time="0.000"/>
<testcase classname="buildbot.test.unit.util.test_ssfilter.TestSourceStampFilter" name="test_filter_is_matched_not_eq_or_re_5_none_branch" time="0.000"/>
<testcase classname="buildbot.test.unit.util.test_ssfilter.TestSourceStampFilter" name="test_filter_repr" time="0.000"/>
<testcase classname="buildbot.test.unit.util.test_ssl.Tests" name="test_ClientContextFactory" time="0.000"/>
<testcase classname="buildbot.test.unit.util.test_ssl.Tests" name="test_ConfigError" time="0.000"/>
<testcase classname="buildbot.test.unit.util.test_state.TestStateMixin" name="test_getState" time="0.000"/>
<testcase classname="buildbot.test.unit.util.test_state.TestStateMixin" name="test_getState_KeyError" time="0.001"/>
<testcase classname="buildbot.test.unit.util.test_state.TestStateMixin" name="test_getState_default" time="0.000"/>
<testcase classname="buildbot.test.unit.util.test_state.TestStateMixin" name="test_setState" time="0.000"/>
<testcase classname="buildbot.test.unit.util.test_state.TestStateMixin" name="test_setState_existing" time="0.001"/>
<testcase classname="buildbot.test.unit.util.test_subscriptions.subscriptions" name="test_deferred_exception" time="0.002"/>
<testcase classname="buildbot.test.unit.util.test_subscriptions.subscriptions" name="test_deferred_exception_after_pop_exceptions" time="0.002"/>
<testcase classname="buildbot.test.unit.util.test_subscriptions.subscriptions" name="test_deliveries_finished" time="0.001"/>
<testcase classname="buildbot.test.unit.util.test_subscriptions.subscriptions" name="test_deliveries_not_finished_within_callback" time="0.000"/>
<testcase classname="buildbot.test.unit.util.test_subscriptions.subscriptions" name="test_exception" time="0.000"/>
<testcase classname="buildbot.test.unit.util.test_subscriptions.subscriptions" name="test_multiple_exceptions" time="0.001"/>
<testcase classname="buildbot.test.unit.util.test_subscriptions.subscriptions" name="test_str" time="0.000"/>
<testcase classname="buildbot.test.unit.util.test_subscriptions.subscriptions" name="test_subscribe_unsubscribe" time="0.000"/>
<testcase classname="buildbot.test.unit.util.test_test_result_submitter.TestTestResultSubmitter" name="test_batchs_last_batch_full" time="0.001"/>
<testcase classname="buildbot.test.unit.util.test_test_result_submitter.TestTestResultSubmitter" name="test_batchs_last_batch_not_full" time="0.001"/>
<testcase classname="buildbot.test.unit.util.test_test_result_submitter.TestTestResultSubmitter" name="test_complete_empty" time="0.001"/>
<testcase classname="buildbot.test.unit.util.test_test_result_submitter.TestTestResultSubmitter" name="test_counts_fail_only" time="0.001"/>
<testcase classname="buildbot.test.unit.util.test_test_result_submitter.TestTestResultSubmitter" name="test_counts_pass_fail" time="0.001"/>
<testcase classname="buildbot.test.unit.util.test_test_result_submitter.TestTestResultSubmitter" name="test_counts_pass_fail_invalid_values" time="0.002"/>
<testcase classname="buildbot.test.unit.util.test_test_result_submitter.TestTestResultSubmitter" name="test_counts_pass_only" time="0.001"/>
<testcase classname="buildbot.test.unit.util.test_test_result_submitter.TestTestResultSubmitter" name="test_submit_result" time="0.002"/>
<testcase classname="buildbot.test.unit.util.test_test_result_submitter.TestTestResultSubmitter" name="test_submit_result_wrong_argument_types" time="0.001"/>
<testcase classname="buildbot.test.unit.util.test_test_util_runprocess.TestRunprocessMixin" name="test_method_chaining" time="0.000"/>
<testcase classname="buildbot.test.unit.util.test_test_util_runprocess.TestRunprocessMixin" name="test_patch" time="0.001"/>
<testcase classname="buildbot.test.unit.util.test_test_util_runprocess.TestRunprocessMixin" name="test_run_process_environ_missing" time="0.001"/>
<testcase classname="buildbot.test.unit.util.test_test_util_runprocess.TestRunprocessMixin" name="test_run_process_environ_success" time="0.001"/>
<testcase classname="buildbot.test.unit.util.test_test_util_runprocess.TestRunprocessMixin" name="test_run_process_environ_wrong_value" time="0.001"/>
<testcase classname="buildbot.test.unit.util.test_test_util_runprocess.TestRunprocessMixin" name="test_run_process_error_output" time="0.001"/>
<testcase classname="buildbot.test.unit.util.test_test_util_runprocess.TestRunprocessMixin" name="test_run_process_expect_two_run_one" time="0.001"/>
<testcase classname="buildbot.test.unit.util.test_test_util_runprocess.TestRunprocessMixin" name="test_run_process_missing_path" time="0.001"/>
<testcase classname="buildbot.test.unit.util.test_test_util_runprocess.TestRunprocessMixin" name="test_run_process_nonzero_exit" time="0.001"/>
<testcase classname="buildbot.test.unit.util.test_test_util_runprocess.TestRunprocessMixin" name="test_run_process_not_current_path" time="0.001"/>
<testcase classname="buildbot.test.unit.util.test_test_util_runprocess.TestRunprocessMixin" name="test_run_process_one_command_only_rc" time="0.001"/>
<testcase classname="buildbot.test.unit.util.test_test_util_runprocess.TestRunprocessMixin" name="test_run_process_one_command_only_rc_stdout" time="0.001"/>
<testcase classname="buildbot.test.unit.util.test_test_util_runprocess.TestRunprocessMixin" name="test_run_process_one_command_with_rc_stderr" time="0.001"/>
<testcase classname="buildbot.test.unit.util.test_test_util_runprocess.TestRunprocessMixin" name="test_run_process_one_command_with_rc_stdout_stderr" time="0.001"/>
<testcase classname="buildbot.test.unit.util.test_test_util_runprocess.TestRunprocessMixin" name="test_run_process_wrong_args" time="0.001"/>
<testcase classname="buildbot.test.unit.util.test_test_util_runprocess.TestRunprocessMixin" name="test_run_process_wrong_command" time="0.001"/>
<testcase classname="buildbot.test.unit.util.test_test_util_runprocess.TestRunprocessMixin" name="test_run_process_wrong_path" time="0.001"/>
<testcase classname="buildbot.test.unit.util.test_tuplematch.MatchTuple" name="test_None_match" time="0.000"/>
<testcase classname="buildbot.test.unit.util.test_tuplematch.MatchTuple" name="test_None_match_empty" time="0.000"/>
<testcase classname="buildbot.test.unit.util.test_tuplematch.MatchTuple" name="test_None_no_match" time="0.000"/>
<testcase classname="buildbot.test.unit.util.test_tuplematch.MatchTuple" name="test_multiple_tuple_match" time="0.000"/>
<testcase classname="buildbot.test.unit.util.test_tuplematch.MatchTuple" name="test_multiple_tuple_match_rk_prefix" time="0.000"/>
<testcase classname="buildbot.test.unit.util.test_tuplematch.MatchTuple" name="test_multiple_tuple_match_rk_suffix" time="0.000"/>
<testcase classname="buildbot.test.unit.util.test_tuplematch.MatchTuple" name="test_multiple_tuple_match_tuple_prefix" time="0.000"/>
<testcase classname="buildbot.test.unit.util.test_tuplematch.MatchTuple" name="test_multiple_tuple_match_tuple_suffix" time="0.000"/>
<testcase classname="buildbot.test.unit.util.test_tuplematch.MatchTuple" name="test_simple_tuple_match" time="0.000"/>
<testcase classname="buildbot.test.unit.util.test_tuplematch.MatchTuple" name="test_simple_tuple_no_match" time="0.000"/>
<testcase classname="buildbot.test.unit.util.test_watchdog.TestWatchdog" name="test_not_started_no_calls" time="0.000"/>
<testcase classname="buildbot.test.unit.util.test_watchdog.TestWatchdog" name="test_notify_delays_trigger" time="0.000"/>
<testcase classname="buildbot.test.unit.util.test_watchdog.TestWatchdog" name="test_started_calls" time="0.000"/>
<testcase classname="buildbot.test.unit.util.test_watchdog.TestWatchdog" name="test_started_stopped_does_not_call" time="0.000"/>
<testcase classname="buildbot.test.unit.util.test_watchdog.TestWatchdog" name="test_triggers_repeatedly" time="0.000"/>
<testcase classname="buildbot.test.unit.util.test_watchdog.TestWatchdog" name="test_two_starts_single_call" time="0.000"/>
<testcase classname="buildbot.test.unit.worker.test_base.FakeWorkerItfc" name="test_attr_defaultProperties" time="0.000"/>
<testcase classname="buildbot.test.unit.worker.test_base.FakeWorkerItfc" name="test_attr_path_module" time="0.000"/>
<testcase classname="buildbot.test.unit.worker.test_base.FakeWorkerItfc" name="test_attr_properties" time="0.000"/>
<testcase classname="buildbot.test.unit.worker.test_base.FakeWorkerItfc" name="test_attr_worker_basedir" time="0.000"/>
<testcase classname="buildbot.test.unit.worker.test_base.FakeWorkerItfc" name="test_attr_worker_system" time="0.000"/>
<testcase classname="buildbot.test.unit.worker.test_base.FakeWorkerItfc" name="test_attr_workername" time="0.000"/>
<testcase classname="buildbot.test.unit.worker.test_base.FakeWorkerItfc" name="test_signature_acquireLocks" time="0.000"/>
<testcase classname="buildbot.test.unit.worker.test_base.FakeWorkerItfc" name="test_signature_addWorkerForBuilder" time="0.000"/>
<testcase classname="buildbot.test.unit.worker.test_base.FakeWorkerItfc" name="test_signature_attached" time="0.000"/>
<testcase classname="buildbot.test.unit.worker.test_base.FakeWorkerItfc" name="test_signature_buildFinished" time="0.000"/>
<testcase classname="buildbot.test.unit.worker.test_base.FakeWorkerItfc" name="test_signature_canStartBuild" time="0.000"/>
<testcase classname="buildbot.test.unit.worker.test_base.FakeWorkerItfc" name="test_signature_detached" time="0.000"/>
<testcase classname="buildbot.test.unit.worker.test_base.FakeWorkerItfc" name="test_signature_releaseLocks" time="0.000"/>
<testcase classname="buildbot.test.unit.worker.test_base.FakeWorkerItfc" name="test_signature_removeWorkerForBuilder" time="0.000"/>
<testcase classname="buildbot.test.unit.worker.test_base.RealWorkerItfc" name="test_attr_defaultProperties" time="0.000"/>
<testcase classname="buildbot.test.unit.worker.test_base.RealWorkerItfc" name="test_attr_path_module" time="0.001"/>
<testcase classname="buildbot.test.unit.worker.test_base.RealWorkerItfc" name="test_attr_properties" time="0.000"/>
<testcase classname="buildbot.test.unit.worker.test_base.RealWorkerItfc" name="test_attr_worker_basedir" time="0.001"/>
<testcase classname="buildbot.test.unit.worker.test_base.RealWorkerItfc" name="test_attr_worker_system" time="0.001"/>
<testcase classname="buildbot.test.unit.worker.test_base.RealWorkerItfc" name="test_attr_workername" time="0.000"/>
<testcase classname="buildbot.test.unit.worker.test_base.RealWorkerItfc" name="test_signature_acquireLocks" time="0.000"/>
<testcase classname="buildbot.test.unit.worker.test_base.RealWorkerItfc" name="test_signature_addWorkerForBuilder" time="0.000"/>
<testcase classname="buildbot.test.unit.worker.test_base.RealWorkerItfc" name="test_signature_attached" time="0.000"/>
<testcase classname="buildbot.test.unit.worker.test_base.RealWorkerItfc" name="test_signature_buildFinished" time="0.000"/>
<testcase classname="buildbot.test.unit.worker.test_base.RealWorkerItfc" name="test_signature_canStartBuild" time="0.000"/>
<testcase classname="buildbot.test.unit.worker.test_base.RealWorkerItfc" name="test_signature_detached" time="0.000"/>
<testcase classname="buildbot.test.unit.worker.test_base.RealWorkerItfc" name="test_signature_releaseLocks" time="0.000"/>
<testcase classname="buildbot.test.unit.worker.test_base.RealWorkerItfc" name="test_signature_removeWorkerForBuilder" time="0.000"/>
<testcase classname="buildbot.test.unit.worker.test_base.TestAbstractLatentWorker" name="test_reconfigService" time="0.001"/>
<testcase classname="buildbot.test.unit.worker.test_base.TestAbstractWorker" name="test_attached_callsMaybeStartBuildsForWorker" time="0.002"/>
<testcase classname="buildbot.test.unit.worker.test_base.TestAbstractWorker" name="test_attached_remoteGetWorkerInfo" time="0.001"/>
<testcase classname="buildbot.test.unit.worker.test_base.TestAbstractWorker" name="test_attached_workerInfoUpdates" time="0.002"/>
<testcase classname="buildbot.test.unit.worker.test_base.TestAbstractWorker" name="test_constructor_full" time="0.001"/>
<testcase classname="buildbot.test.unit.worker.test_base.TestAbstractWorker" name="test_constructor_minimal" time="0.001"/>
<testcase classname="buildbot.test.unit.worker.test_base.TestAbstractWorker" name="test_constructor_notify_on_missing_not_list" time="0.001"/>
<testcase classname="buildbot.test.unit.worker.test_base.TestAbstractWorker" name="test_constructor_notify_on_missing_not_string" time="0.001"/>
<testcase classname="buildbot.test.unit.worker.test_base.TestAbstractWorker" name="test_constructor_secrets" time="0.001"/>
<testcase classname="buildbot.test.unit.worker.test_base.TestAbstractWorker" name="test_double_attached" time="0.001"/>
<testcase classname="buildbot.test.unit.worker.test_base.TestAbstractWorker" name="test_missing_timer" time="0.001"/>
<testcase classname="buildbot.test.unit.worker.test_base.TestAbstractWorker" name="test_missing_timer_missing" time="0.001"/>
<testcase classname="buildbot.test.unit.worker.test_base.TestAbstractWorker" name="test_missing_timer_stopped" time="0.001"/>
<testcase classname="buildbot.test.unit.worker.test_base.TestAbstractWorker" name="test_reconfigService_attrs" time="0.001"/>
<testcase classname="buildbot.test.unit.worker.test_base.TestAbstractWorker" name="test_reconfigService_builder" time="0.001"/>
<testcase classname="buildbot.test.unit.worker.test_base.TestAbstractWorker" name="test_reconfigService_has_properties" time="0.001"/>
<testcase classname="buildbot.test.unit.worker.test_base.TestAbstractWorker" name="test_reconfigService_initial_registration" time="0.001"/>
<testcase classname="buildbot.test.unit.worker.test_base.TestAbstractWorker" name="test_reconfig_service_machine_0_None_to_machine_initial" time="0.001"/>
<testcase classname="buildbot.test.unit.worker.test_base.TestAbstractWorker" name="test_reconfig_service_machine_1_None_to_machine" time="0.002"/>
<testcase classname="buildbot.test.unit.worker.test_base.TestAbstractWorker" name="test_reconfig_service_machine_2_machine_to_None_initial" time="0.001"/>
<testcase classname="buildbot.test.unit.worker.test_base.TestAbstractWorker" name="test_reconfig_service_machine_3_machine_to_None" time="0.001"/>
<testcase classname="buildbot.test.unit.worker.test_base.TestAbstractWorker" name="test_reconfig_service_machine_4_machine_to_same_machine_initial" time="0.001"/>
<testcase classname="buildbot.test.unit.worker.test_base.TestAbstractWorker" name="test_reconfig_service_machine_5_machine_to_same_machine" time="0.001"/>
<testcase classname="buildbot.test.unit.worker.test_base.TestAbstractWorker" name="test_reconfig_service_machine_6_machine_to_another_machine_initial" time="0.001"/>
<testcase classname="buildbot.test.unit.worker.test_base.TestAbstractWorker" name="test_reconfig_service_machine_7_machine_to_another_machine" time="0.001"/>
<testcase classname="buildbot.test.unit.worker.test_base.TestAbstractWorker" name="test_reconfig_service_no_machine" time="0.001"/>
<testcase classname="buildbot.test.unit.worker.test_base.TestAbstractWorker" name="test_reconfig_service_with_machine_initial" time="0.001"/>
<testcase classname="buildbot.test.unit.worker.test_base.TestAbstractWorker" name="test_reconfig_service_with_unknown_machine" time="0.002"/>
<testcase classname="buildbot.test.unit.worker.test_base.TestAbstractWorker" name="test_setServiceParent_masterLocks" time="0.001"/>
<testcase classname="buildbot.test.unit.worker.test_base.TestAbstractWorker" name="test_setServiceParent_started" time="0.001"/>
<testcase classname="buildbot.test.unit.worker.test_base.TestAbstractWorker" name="test_setServiceParent_workerLocks" time="0.001"/>
<testcase classname="buildbot.test.unit.worker.test_base.TestAbstractWorker" name="test_setupProperties" time="0.002"/>
<testcase classname="buildbot.test.unit.worker.test_base.TestAbstractWorker" name="test_shutdownRequested" time="0.002"/>
<testcase classname="buildbot.test.unit.worker.test_base.TestAbstractWorker" name="test_startMissingTimer_no_notify" time="0.001"/>
<testcase classname="buildbot.test.unit.worker.test_base.TestAbstractWorker" name="test_startMissingTimer_no_parent" time="0.001"/>
<testcase classname="buildbot.test.unit.worker.test_base.TestAbstractWorker" name="test_startMissingTimer_no_timeout" time="0.001"/>
<testcase classname="buildbot.test.unit.worker.test_base.TestAbstractWorker" name="test_startService_getWorkerInfo_empty" time="0.001"/>
<testcase classname="buildbot.test.unit.worker.test_base.TestAbstractWorker" name="test_startService_getWorkerInfo_fromDb" time="0.001"/>
<testcase classname="buildbot.test.unit.worker.test_base.TestAbstractWorker" name="test_startService_graceful_true" time="0.001"/>
<testcase classname="buildbot.test.unit.worker.test_base.TestAbstractWorker" name="test_startService_paused_true" time="0.001"/>
<testcase classname="buildbot.test.unit.worker.test_base.TestAbstractWorker" name="test_stopService" time="0.001"/>
<testcase classname="buildbot.test.unit.worker.test_base.TestAbstractWorker" name="test_worker_actions_kill" time="0.001"/>
<testcase classname="buildbot.test.unit.worker.test_base.TestAbstractWorker" name="test_worker_actions_pause" time="0.001"/>
<testcase classname="buildbot.test.unit.worker.test_base.TestAbstractWorker" name="test_worker_actions_stop" time="0.001"/>
<testcase classname="buildbot.test.unit.worker.test_base.TestAbstractWorker" name="test_worker_quarantine_doesnt_affect_pause" time="0.001"/>
<testcase classname="buildbot.test.unit.worker.test_base.TestAbstractWorker" name="test_worker_quarantine_reset" time="0.001"/>
<testcase classname="buildbot.test.unit.worker.test_base.TestAbstractWorker" name="test_worker_quarantine_stop_timer" time="0.001"/>
<testcase classname="buildbot.test.unit.worker.test_base.TestAbstractWorker" name="test_worker_quarantine_unpausing_doesnt_reset_timeout" time="0.001"/>
<testcase classname="buildbot.test.unit.worker.test_base.TestAbstractWorker" name="test_worker_quarantine_unpausing_exits_quarantine" time="0.001"/>
<testcase classname="buildbot.test.unit.worker.test_base.TestAbstractWorker" name="test_worker_quarantine_wait_times" time="0.001"/>
<testcase classname="buildbot.test.unit.worker.test_base.TestAbstractWorker" name="test_worker_quarantine_whilst_quarantined" time="0.001"/>
<testcase classname="buildbot.test.unit.worker.test_base.TestAbstractWorker" name="test_worker_shutdown" time="0.001"/>
<testcase classname="buildbot.test.unit.worker.test_base.TestAbstractWorker" name="test_worker_shutdown_not_connected" time="0.001"/>
<testcase classname="buildbot.test.unit.worker.test_docker.TestDockerLatentWorker" name="test_builds_may_be_incompatible" time="0.012"/>
<testcase classname="buildbot.test.unit.worker.test_docker.TestDockerLatentWorker" name="test_check_instance_exited" time="0.005"/>
<testcase classname="buildbot.test.unit.worker.test_docker.TestDockerLatentWorker" name="test_check_instance_running" time="0.004"/>
<testcase classname="buildbot.test.unit.worker.test_docker.TestDockerLatentWorker" name="test_constructor_all_docker_parameters" time="0.004"/>
<testcase classname="buildbot.test.unit.worker.test_docker.TestDockerLatentWorker" name="test_constructor_host_config_build" time="0.005"/>
<testcase classname="buildbot.test.unit.worker.test_docker.TestDockerLatentWorker" name="test_constructor_host_config_build_set_init" time="0.005"/>
<testcase classname="buildbot.test.unit.worker.test_docker.TestDockerLatentWorker" name="test_constructor_hostname" time="0.004"/>
<testcase classname="buildbot.test.unit.worker.test_docker.TestDockerLatentWorker" name="test_constructor_image_nodockerfile" time="0.003"/>
<testcase classname="buildbot.test.unit.worker.test_docker.TestDockerLatentWorker" name="test_constructor_minimal" time="0.004"/>
<testcase classname="buildbot.test.unit.worker.test_docker.TestDockerLatentWorker" name="test_constructor_noimage_dockerfile" time="0.004"/>
<testcase classname="buildbot.test.unit.worker.test_docker.TestDockerLatentWorker" name="test_constructor_noimage_nodockerfile" time="0.001"/>
<testcase classname="buildbot.test.unit.worker.test_docker.TestDockerLatentWorker" name="test_constructor_nopassword" time="0.004"/>
<testcase classname="buildbot.test.unit.worker.test_docker.TestDockerLatentWorker" name="test_contruction_minimal_docker" time="0.004"/>
<testcase classname="buildbot.test.unit.worker.test_docker.TestDockerLatentWorker" name="test_contruction_too_old_docker" time="0.001"/>
<testcase classname="buildbot.test.unit.worker.test_docker.TestDockerLatentWorker" name="test_interpolate_renderables_for_new_build" time="0.004"/>
<testcase classname="buildbot.test.unit.worker.test_docker.TestDockerLatentWorker" name="test_reject_incompatible_build_while_running" time="0.005"/>
<testcase classname="buildbot.test.unit.worker.test_docker.TestDockerLatentWorker" name="test_start_instance_buildargs_no_custom_context" time="0.004"/>
<testcase classname="buildbot.test.unit.worker.test_docker.TestDockerLatentWorker" name="test_start_instance_client_start_exception" time="0.005"/>
<testcase classname="buildbot.test.unit.worker.test_docker.TestDockerLatentWorker" name="test_start_instance_custom_context_and_buildargs" time="0.005"/>
<testcase classname="buildbot.test.unit.worker.test_docker.TestDockerLatentWorker" name="test_start_instance_custom_context_no_buildargs" time="0.004"/>
<testcase classname="buildbot.test.unit.worker.test_docker.TestDockerLatentWorker" name="test_start_instance_docker_host_renderable" time="0.004"/>
<testcase classname="buildbot.test.unit.worker.test_docker.TestDockerLatentWorker" name="test_start_instance_hostconfig_renderable" time="0.006"/>
<testcase classname="buildbot.test.unit.worker.test_docker.TestDockerLatentWorker" name="test_start_instance_image_alwayspull" time="0.004"/>
<testcase classname="buildbot.test.unit.worker.test_docker.TestDockerLatentWorker" name="test_start_instance_image_and_dockefile" time="0.004"/>
<testcase classname="buildbot.test.unit.worker.test_docker.TestDockerLatentWorker" name="test_start_instance_image_no_version" time="0.004"/>
<testcase classname="buildbot.test.unit.worker.test_docker.TestDockerLatentWorker" name="test_start_instance_image_noauto_alwayspull" time="0.006"/>
<testcase classname="buildbot.test.unit.worker.test_docker.TestDockerLatentWorker" name="test_start_instance_image_pull" time="0.004"/>
<testcase classname="buildbot.test.unit.worker.test_docker.TestDockerLatentWorker" name="test_start_instance_image_renderable" time="0.005"/>
<testcase classname="buildbot.test.unit.worker.test_docker.TestDockerLatentWorker" name="test_start_instance_image_right_version" time="0.005"/>
<testcase classname="buildbot.test.unit.worker.test_docker.TestDockerLatentWorker" name="test_start_instance_image_wrong_version" time="0.005"/>
<testcase classname="buildbot.test.unit.worker.test_docker.TestDockerLatentWorker" name="test_start_instance_noimage_gooddockerfile" time="0.004"/>
<testcase classname="buildbot.test.unit.worker.test_docker.TestDockerLatentWorker" name="test_start_instance_noimage_nodockerfile" time="0.004"/>
<testcase classname="buildbot.test.unit.worker.test_docker.TestDockerLatentWorker" name="test_start_instance_noimage_pull" time="0.005"/>
<testcase classname="buildbot.test.unit.worker.test_docker.TestDockerLatentWorker" name="test_start_instance_noimage_renderabledockerfile" time="0.005"/>
<testcase classname="buildbot.test.unit.worker.test_docker.TestDockerLatentWorker" name="test_start_instance_volume_renderable" time="0.004"/>
<testcase classname="buildbot.test.unit.worker.test_docker.TestDockerLatentWorker" name="test_start_worker_but_already_created_with_same_name" time="0.004"/>
<testcase classname="buildbot.test.unit.worker.test_docker.TestDockerLatentWorker" name="test_volume_bad_format" time="0.001"/>
<testcase classname="buildbot.test.unit.worker.test_docker.TestDockerLatentWorker" name="test_volume_bad_format_renderable" time="0.005"/>
<testcase classname="buildbot.test.unit.worker.test_docker.TestDockerLatentWorker" name="test_volume_no_suffix" time="0.004"/>
<testcase classname="buildbot.test.unit.worker.test_docker.TestDockerLatentWorker" name="test_volume_ro_rw" time="0.004"/>
<testcase classname="buildbot.test.unit.worker.test_docker.testDockerPyStreamLogs" name="testEmpty" time="0.002"/>
<testcase classname="buildbot.test.unit.worker.test_docker.testDockerPyStreamLogs" name="testError" time="0.001"/>
<testcase classname="buildbot.test.unit.worker.test_docker.testDockerPyStreamLogs" name="testMultipleLines" time="0.000"/>
<testcase classname="buildbot.test.unit.worker.test_docker.testDockerPyStreamLogs" name="testOneLine" time="0.000"/>
<testcase classname="buildbot.test.unit.worker.test_ec2.TestEC2LatentWorker" name="test_constructor_minimal" time="1.172"/>
<testcase classname="buildbot.test.unit.worker.test_ec2.TestEC2LatentWorker" name="test_constructor_region" time="0.856"/>
<testcase classname="buildbot.test.unit.worker.test_ec2.TestEC2LatentWorker" name="test_constructor_tags" time="0.617"/>
<testcase classname="buildbot.test.unit.worker.test_ec2.TestEC2LatentWorker" name="test_fail_mixing_classic_and_vpc_ec2_settings" time="0.433"/>
<testcase classname="buildbot.test.unit.worker.test_ec2.TestEC2LatentWorker" name="test_fail_multiplier_and_max_are_none" time="0.473"/>
<testcase classname="buildbot.test.unit.worker.test_ec2.TestEC2LatentWorker" name="test_get_image_ami" time="0.739"/>
<testcase classname="buildbot.test.unit.worker.test_ec2.TestEC2LatentWorker" name="test_get_image_location" time="0.711"/>
<testcase classname="buildbot.test.unit.worker.test_ec2.TestEC2LatentWorker" name="test_get_image_location_not_found" time="0.294"/>
<testcase classname="buildbot.test.unit.worker.test_ec2.TestEC2LatentWorker" name="test_get_image_owners" time="0.767"/>
<testcase classname="buildbot.test.unit.worker.test_ec2.TestEC2LatentWorker" name="test_start_instance" time="1.733"/>
<testcase classname="buildbot.test.unit.worker.test_ec2.TestEC2LatentWorker" name="test_start_instance_attach_volume" time="0.670"/>
<testcase classname="buildbot.test.unit.worker.test_ec2.TestEC2LatentWorker" name="test_start_instance_ip" time="0.820"/>
<testcase classname="buildbot.test.unit.worker.test_ec2.TestEC2LatentWorker" name="test_start_instance_tags" time="0.787"/>
<testcase classname="buildbot.test.unit.worker.test_ec2.TestEC2LatentWorker" name="test_start_instance_volumes" time="0.557"/>
<testcase classname="buildbot.test.unit.worker.test_ec2.TestEC2LatentWorker" name="test_start_spot_instance" time="0.831"/>
<testcase classname="buildbot.test.unit.worker.test_ec2.TestEC2LatentWorker" name="test_start_vpc_instance" time="0.717"/>
<testcase classname="buildbot.test.unit.worker.test_ec2.TestEC2LatentWorker" name="test_start_vpc_spot_instance" time="0.630"/>
<testcase classname="buildbot.test.unit.worker.test_ec2.TestEC2LatentWorkerDefaultKeyairSecurityGroup" name="test_no_default_security_warning_when_security_group_ids" time="0.638"/>
<testcase classname="buildbot.test.unit.worker.test_ec2.TestEC2LatentWorkerDefaultKeyairSecurityGroup" name="test_use_non_default_keypair_security" time="0.556"/>
<testcase classname="buildbot.test.unit.worker.test_kubernetes.TestKubernetesWorker" name="test_builds_may_be_incompatible" time="0.002"/>
<testcase classname="buildbot.test.unit.worker.test_kubernetes.TestKubernetesWorker" name="test_hardcoded_config_verify_basicAuth_is_expanded" time="0.002"/>
<testcase classname="buildbot.test.unit.worker.test_kubernetes.TestKubernetesWorker" name="test_hardcoded_config_verify_bearer_token_is_rendered" time="0.002"/>
<testcase classname="buildbot.test.unit.worker.test_kubernetes.TestKubernetesWorker" name="test_hardcoded_config_verify_headers_is_forwarded" time="0.002"/>
<testcase classname="buildbot.test.unit.worker.test_kubernetes.TestKubernetesWorker" name="test_hardcoded_config_verify_is_forwarded" time="0.002"/>
<testcase classname="buildbot.test.unit.worker.test_kubernetes.TestKubernetesWorker" name="test_instantiate" time="0.000"/>
<testcase classname="buildbot.test.unit.worker.test_kubernetes.TestKubernetesWorker" name="test_interpolate_renderables_for_new_build" time="0.002"/>
<testcase classname="buildbot.test.unit.worker.test_kubernetes.TestKubernetesWorker" name="test_reject_incompatible_build_while_running" time="0.002"/>
<testcase classname="buildbot.test.unit.worker.test_kubernetes.TestKubernetesWorker" name="test_service_arg" time="0.001"/>
<testcase classname="buildbot.test.unit.worker.test_kubernetes.TestKubernetesWorker" name="test_start_service" time="0.001"/>
<testcase classname="buildbot.test.unit.worker.test_kubernetes.TestKubernetesWorker" name="test_start_worker" time="0.002"/>
<testcase classname="buildbot.test.unit.worker.test_kubernetes.TestKubernetesWorker" name="test_start_worker_but_error" time="0.002"/>
<testcase classname="buildbot.test.unit.worker.test_kubernetes.TestKubernetesWorker" name="test_start_worker_but_error_spec" time="0.189"/>
<testcase classname="buildbot.test.unit.worker.test_kubernetes.TestKubernetesWorker" name="test_start_worker_create_non_json_response" time="0.003"/>
<testcase classname="buildbot.test.unit.worker.test_kubernetes.TestKubernetesWorker" name="test_start_worker_delete_non_json_response" time="0.002"/>
<testcase classname="buildbot.test.unit.worker.test_kubernetes.TestKubernetesWorker" name="test_start_worker_delete_timeout" time="0.002"/>
<testcase classname="buildbot.test.unit.worker.test_kubernetes.TestKubernetesWorker" name="test_wrong_arg" time="0.001"/>
<testcase classname="buildbot.test.unit.worker.test_libvirt.TestLibVirtWorker" name="test_constructor_nolibvirt" time="0.000"/>
<testcase classname="buildbot.test.unit.worker.test_libvirt.TestLibVirtWorker" name="test_deprecated_connection" time="0.010"/>
<testcase classname="buildbot.test.unit.worker.test_libvirt.TestLibVirtWorker" name="test_deprecated_connection_and_uri" time="0.000"/>
<testcase classname="buildbot.test.unit.worker.test_libvirt.TestLibVirtWorker" name="test_get_domain_id" time="0.004"/>
<testcase classname="buildbot.test.unit.worker.test_libvirt.TestLibVirtWorker" name="test_prepare_base_image_cheap" time="0.004"/>
<testcase classname="buildbot.test.unit.worker.test_libvirt.TestLibVirtWorker" name="test_prepare_base_image_fail" time="0.003"/>
<testcase classname="buildbot.test.unit.worker.test_libvirt.TestLibVirtWorker" name="test_prepare_base_image_full" time="0.003"/>
<testcase classname="buildbot.test.unit.worker.test_libvirt.TestLibVirtWorker" name="test_prepare_base_image_none" time="0.003"/>
<testcase classname="buildbot.test.unit.worker.test_libvirt.TestLibVirtWorker" name="test_start_instance_already_active" time="0.004"/>
<testcase classname="buildbot.test.unit.worker.test_libvirt.TestLibVirtWorker" name="test_start_instance_connection_create_fails" time="0.005"/>
<testcase classname="buildbot.test.unit.worker.test_libvirt.TestLibVirtWorker" name="test_start_instance_connection_fails" time="0.003"/>
<testcase classname="buildbot.test.unit.worker.test_libvirt.TestLibVirtWorker" name="test_start_instance_domain_create_fails" time="0.004"/>
<testcase classname="buildbot.test.unit.worker.test_libvirt.TestLibVirtWorker" name="test_start_instance_domain_id_error" time="0.005"/>
<testcase classname="buildbot.test.unit.worker.test_libvirt.TestLibVirtWorker" name="test_start_instance_existing_domain_0_set_fqdn" time="0.001"/>
<testcase classname="buildbot.test.unit.worker.test_libvirt.TestLibVirtWorker" name="test_start_instance_existing_domain_1_auto_fqdn" time="0.004"/>
<testcase classname="buildbot.test.unit.worker.test_libvirt.TestLibVirtWorker" name="test_start_instance_xml" time="0.004"/>
<testcase classname="buildbot.test.unit.worker.test_libvirt.TestLibVirtWorker" name="test_stop_instance_destroy" time="0.004"/>
<testcase classname="buildbot.test.unit.worker.test_libvirt.TestLibVirtWorker" name="test_stop_instance_shutdown" time="0.004"/>
<testcase classname="buildbot.test.unit.worker.test_libvirt.TestLibVirtWorker" name="test_stop_instance_shutdown_fails" time="0.004"/>
<testcase classname="buildbot.test.unit.worker.test_local.TestLocalWorker" name="test_reconfigService_attrs" time="0.004"/>
<testcase classname="buildbot.test.unit.worker.test_local.TestLocalWorker" name="test_workerinfo" time="0.003"/>
<testcase classname="buildbot.test.unit.worker.test_manager.TestWorkerManager" name="test_newConnection_remoteGetWorkerInfo_failure" time="0.002"/>
<testcase classname="buildbot.test.unit.worker.test_manager.TestWorkerManager" name="test_reconfigServiceWorkers_add_remove" time="0.001"/>
<testcase classname="buildbot.test.unit.worker.test_manager.TestWorkerManager" name="test_reconfigServiceWorkers_class_changes" time="0.001"/>
<testcase classname="buildbot.test.unit.worker.test_manager.TestWorkerManager" name="test_reconfigServiceWorkers_reconfig" time="0.001"/>
<testcase classname="buildbot.test.unit.worker.test_marathon.TestMarathonLatentWorker" name="test_builds_may_be_incompatible" time="0.005"/>
<testcase classname="buildbot.test.unit.worker.test_marathon.TestMarathonLatentWorker" name="test_constructor_normal" time="0.000"/>
<testcase classname="buildbot.test.unit.worker.test_marathon.TestMarathonLatentWorker" name="test_start_service" time="0.004"/>
<testcase classname="buildbot.test.unit.worker.test_marathon.TestMarathonLatentWorker" name="test_start_worker" time="0.005"/>
<testcase classname="buildbot.test.unit.worker.test_marathon.TestMarathonLatentWorker" name="test_start_worker_but_error" time="0.005"/>
<testcase classname="buildbot.test.unit.worker.test_marathon.TestMarathonLatentWorker" name="test_start_worker_but_no_connection_and_shutdown" time="0.005"/>
<testcase classname="buildbot.test.unit.worker.test_marathon.TestMarathonLatentWorker" name="test_start_worker_with_params" time="0.005"/>
<testcase classname="buildbot.test.unit.worker.test_openstack.TestOpenStackWorker" name="test_builds_may_be_incompatible" time="0.001"/>
<testcase classname="buildbot.test.unit.worker.test_openstack.TestOpenStackWorker" name="test_constructor_block_devices_default" time="0.001"/>
<testcase classname="buildbot.test.unit.worker.test_openstack.TestOpenStackWorker" name="test_constructor_block_devices_get_sizes" time="0.002"/>
<testcase classname="buildbot.test.unit.worker.test_openstack.TestOpenStackWorker" name="test_constructor_block_devices_missing" time="0.002"/>
<testcase classname="buildbot.test.unit.worker.test_openstack.TestOpenStackWorker" name="test_constructor_minimal" time="0.002"/>
<testcase classname="buildbot.test.unit.worker.test_openstack.TestOpenStackWorker" name="test_constructor_minimal_keystone_v3" time="0.001"/>
<testcase classname="buildbot.test.unit.worker.test_openstack.TestOpenStackWorker" name="test_constructor_no_image" time="0.000"/>
<testcase classname="buildbot.test.unit.worker.test_openstack.TestOpenStackWorker" name="test_constructor_nokeystoneauth" time="0.000"/>
<testcase classname="buildbot.test.unit.worker.test_openstack.TestOpenStackWorker" name="test_constructor_nonova" time="0.000"/>
<testcase classname="buildbot.test.unit.worker.test_openstack.TestOpenStackWorker" name="test_constructor_region" time="0.001"/>
<testcase classname="buildbot.test.unit.worker.test_openstack.TestOpenStackWorker" name="test_constructor_token_keystone_v3" time="0.001"/>
<testcase classname="buildbot.test.unit.worker.test_openstack.TestOpenStackWorker" name="test_getFlavor_name" time="0.001"/>
<testcase classname="buildbot.test.unit.worker.test_openstack.TestOpenStackWorker" name="test_getFlavor_renderable" time="0.001"/>
<testcase classname="buildbot.test.unit.worker.test_openstack.TestOpenStackWorker" name="test_getFlavor_string" time="0.001"/>
<testcase classname="buildbot.test.unit.worker.test_openstack.TestOpenStackWorker" name="test_getImage_name" time="0.001"/>
<testcase classname="buildbot.test.unit.worker.test_openstack.TestOpenStackWorker" name="test_getImage_renderable" time="0.002"/>
<testcase classname="buildbot.test.unit.worker.test_openstack.TestOpenStackWorker" name="test_getImage_string" time="0.002"/>
<testcase classname="buildbot.test.unit.worker.test_openstack.TestOpenStackWorker" name="test_interpolate_renderables_for_new_build" time="0.002"/>
<testcase classname="buildbot.test.unit.worker.test_openstack.TestOpenStackWorker" name="test_reject_incompatible_build_while_running" time="0.002"/>
<testcase classname="buildbot.test.unit.worker.test_openstack.TestOpenStackWorker" name="test_start_instance_already_exists" time="0.001"/>
<testcase classname="buildbot.test.unit.worker.test_openstack.TestOpenStackWorker" name="test_start_instance_check_meta" time="0.001"/>
<testcase classname="buildbot.test.unit.worker.test_openstack.TestOpenStackWorker" name="test_start_instance_check_meta_renderable" time="0.002"/>
<testcase classname="buildbot.test.unit.worker.test_openstack.TestOpenStackWorker" name="test_start_instance_check_nova_args" time="0.002"/>
<testcase classname="buildbot.test.unit.worker.test_openstack.TestOpenStackWorker" name="test_start_instance_check_nova_args_renderable" time="0.002"/>
<testcase classname="buildbot.test.unit.worker.test_openstack.TestOpenStackWorker" name="test_start_instance_fail_to_find" time="0.002"/>
<testcase classname="buildbot.test.unit.worker.test_openstack.TestOpenStackWorker" name="test_start_instance_fail_to_start" time="0.002"/>
<testcase classname="buildbot.test.unit.worker.test_openstack.TestOpenStackWorker" name="test_start_instance_first_fetch_fail" time="0.002"/>
<testcase classname="buildbot.test.unit.worker.test_openstack.TestOpenStackWorker" name="test_start_instance_success" time="0.001"/>
<testcase classname="buildbot.test.unit.worker.test_openstack.TestOpenStackWorker" name="test_stop_instance_cleanup" time="0.001"/>
<testcase classname="buildbot.test.unit.worker.test_openstack.TestOpenStackWorker" name="test_stop_instance_fast" time="0.001"/>
<testcase classname="buildbot.test.unit.worker.test_openstack.TestOpenStackWorker" name="test_stop_instance_missing" time="0.001"/>
<testcase classname="buildbot.test.unit.worker.test_openstack.TestOpenStackWorker" name="test_stop_instance_not_set" time="0.001"/>
<testcase classname="buildbot.test.unit.worker.test_openstack.TestOpenStackWorker" name="test_stop_instance_notfast" time="0.001"/>
<testcase classname="buildbot.test.unit.worker.test_openstack.TestOpenStackWorker" name="test_stop_instance_unknown" time="0.001"/>
<testcase classname="buildbot.test.unit.worker.test_protocols_base.TestConnection" name="test_notify" time="0.000"/>
<testcase classname="buildbot.test.unit.worker.test_protocols_base.TestConnection" name="test_sig_loseConnection" time="0.000"/>
<testcase classname="buildbot.test.unit.worker.test_protocols_base.TestConnection" name="test_sig_notifyOnDisconnect" time="0.000"/>
<testcase classname="buildbot.test.unit.worker.test_protocols_base.TestConnection" name="test_sig_remoteGetWorkerInfo" time="0.000"/>
<testcase classname="buildbot.test.unit.worker.test_protocols_base.TestConnection" name="test_sig_remoteInterruptCommand" time="0.000"/>
<testcase classname="buildbot.test.unit.worker.test_protocols_base.TestConnection" name="test_sig_remotePrint" time="0.000"/>
<testcase classname="buildbot.test.unit.worker.test_protocols_base.TestConnection" name="test_sig_remoteSetBuilderList" time="0.000"/>
<testcase classname="buildbot.test.unit.worker.test_protocols_base.TestConnection" name="test_sig_remoteShutdown" time="0.000"/>
<testcase classname="buildbot.test.unit.worker.test_protocols_base.TestConnection" name="test_sig_remoteStartBuild" time="0.000"/>
<testcase classname="buildbot.test.unit.worker.test_protocols_base.TestConnection" name="test_sig_remoteStartCommand" time="0.000"/>
<testcase classname="buildbot.test.unit.worker.test_protocols_base.TestFakeConnection" name="test_sig_loseConnection" time="0.000"/>
<testcase classname="buildbot.test.unit.worker.test_protocols_base.TestFakeConnection" name="test_sig_notifyOnDisconnect" time="0.000"/>
<testcase classname="buildbot.test.unit.worker.test_protocols_base.TestFakeConnection" name="test_sig_remoteGetWorkerInfo" time="0.000"/>
<testcase classname="buildbot.test.unit.worker.test_protocols_base.TestFakeConnection" name="test_sig_remoteInterruptCommand" time="0.000"/>
<testcase classname="buildbot.test.unit.worker.test_protocols_base.TestFakeConnection" name="test_sig_remotePrint" time="0.000"/>
<testcase classname="buildbot.test.unit.worker.test_protocols_base.TestFakeConnection" name="test_sig_remoteSetBuilderList" time="0.000"/>
<testcase classname="buildbot.test.unit.worker.test_protocols_base.TestFakeConnection" name="test_sig_remoteShutdown" time="0.000"/>
<testcase classname="buildbot.test.unit.worker.test_protocols_base.TestFakeConnection" name="test_sig_remoteStartBuild" time="0.000"/>
<testcase classname="buildbot.test.unit.worker.test_protocols_base.TestFakeConnection" name="test_sig_remoteStartCommand" time="0.000"/>
<testcase classname="buildbot.test.unit.worker.test_protocols_manager_base.TestBaseManager" name="test_different_ports_same_users" time="0.000"/>
<testcase classname="buildbot.test.unit.worker.test_protocols_manager_base.TestBaseManager" name="test_register_before_start_service" time="0.000"/>
<testcase classname="buildbot.test.unit.worker.test_protocols_manager_base.TestBaseManager" name="test_register_unregister_empty_disp_users" time="0.000"/>
<testcase classname="buildbot.test.unit.worker.test_protocols_manager_base.TestBaseManager" name="test_register_unregister_register" time="0.000"/>
<testcase classname="buildbot.test.unit.worker.test_protocols_manager_base.TestBaseManager" name="test_repr" time="0.000"/>
<testcase classname="buildbot.test.unit.worker.test_protocols_manager_base.TestBaseManager" name="test_same_port_different_users" time="0.000"/>
<testcase classname="buildbot.test.unit.worker.test_protocols_manager_base.TestBaseManager" name="test_same_registration_two_times" time="0.000"/>
<testcase classname="buildbot.test.unit.worker.test_protocols_manager_msgmanager.TestBuildbotWebSocketServerProtocol" name="test_auth_password_does_not_match" time="0.001"/>
<testcase classname="buildbot.test.unit.worker.test_protocols_manager_msgmanager.TestBuildbotWebSocketServerProtocol" name="test_auth_username_unknown" time="0.001"/>
<testcase classname="buildbot.test.unit.worker.test_protocols_manager_msgmanager.TestBuildbotWebSocketServerProtocol" name="test_complete_check_dict_removal" time="0.001"/>
<testcase classname="buildbot.test.unit.worker.test_protocols_manager_msgmanager.TestBuildbotWebSocketServerProtocol" name="test_complete_success" time="0.001"/>
<testcase classname="buildbot.test.unit.worker.test_protocols_manager_msgmanager.TestBuildbotWebSocketServerProtocol" name="test_get_message_result_failed" time="0.001"/>
<testcase classname="buildbot.test.unit.worker.test_protocols_manager_msgmanager.TestBuildbotWebSocketServerProtocol" name="test_get_message_result_no_worker_connection" time="0.000"/>
<testcase classname="buildbot.test.unit.worker.test_protocols_manager_msgmanager.TestBuildbotWebSocketServerProtocol" name="test_get_message_result_success" time="0.001"/>
<testcase classname="buildbot.test.unit.worker.test_protocols_manager_msgmanager.TestBuildbotWebSocketServerProtocol" name="test_missing_args_0_update" time="0.001"/>
<testcase classname="buildbot.test.unit.worker.test_protocols_manager_msgmanager.TestBuildbotWebSocketServerProtocol" name="test_missing_args_1_complete" time="0.001"/>
<testcase classname="buildbot.test.unit.worker.test_protocols_manager_msgmanager.TestBuildbotWebSocketServerProtocol" name="test_missing_args_2_update_upload_file_write" time="0.001"/>
<testcase classname="buildbot.test.unit.worker.test_protocols_manager_msgmanager.TestBuildbotWebSocketServerProtocol" name="test_missing_args_3_update_upload_directory_write" time="0.001"/>
<testcase classname="buildbot.test.unit.worker.test_protocols_manager_msgmanager.TestBuildbotWebSocketServerProtocol" name="test_missing_authorization_header" time="0.001"/>
<testcase classname="buildbot.test.unit.worker.test_protocols_manager_msgmanager.TestBuildbotWebSocketServerProtocol" name="test_missing_command_id_0_update" time="0.001"/>
<testcase classname="buildbot.test.unit.worker.test_protocols_manager_msgmanager.TestBuildbotWebSocketServerProtocol" name="test_missing_command_id_1_complete" time="0.001"/>
<testcase classname="buildbot.test.unit.worker.test_protocols_manager_msgmanager.TestBuildbotWebSocketServerProtocol" name="test_missing_command_id_2_update_upload_file_write" time="0.001"/>
<testcase classname="buildbot.test.unit.worker.test_protocols_manager_msgmanager.TestBuildbotWebSocketServerProtocol" name="test_missing_command_id_3_update_upload_file_utime" time="0.001"/>
<testcase classname="buildbot.test.unit.worker.test_protocols_manager_msgmanager.TestBuildbotWebSocketServerProtocol" name="test_missing_command_id_4_update_upload_file_close" time="0.001"/>
<testcase classname="buildbot.test.unit.worker.test_protocols_manager_msgmanager.TestBuildbotWebSocketServerProtocol" name="test_missing_command_id_5_update_read_file" time="0.001"/>
<testcase classname="buildbot.test.unit.worker.test_protocols_manager_msgmanager.TestBuildbotWebSocketServerProtocol" name="test_missing_command_id_6_update_read_file_close" time="0.001"/>
<testcase classname="buildbot.test.unit.worker.test_protocols_manager_msgmanager.TestBuildbotWebSocketServerProtocol" name="test_missing_command_id_7_update_upload_directory_unpack" time="0.001"/>
<testcase classname="buildbot.test.unit.worker.test_protocols_manager_msgmanager.TestBuildbotWebSocketServerProtocol" name="test_missing_command_id_8_upload_directory_write" time="0.001"/>
<testcase classname="buildbot.test.unit.worker.test_protocols_manager_msgmanager.TestBuildbotWebSocketServerProtocol" name="test_msg_missing_arg_00_update_op" time="0.000"/>
<testcase classname="buildbot.test.unit.worker.test_protocols_manager_msgmanager.TestBuildbotWebSocketServerProtocol" name="test_msg_missing_arg_01_update_seq_number" time="0.000"/>
<testcase classname="buildbot.test.unit.worker.test_protocols_manager_msgmanager.TestBuildbotWebSocketServerProtocol" name="test_msg_missing_arg_02_complete_op" time="0.000"/>
<testcase classname="buildbot.test.unit.worker.test_protocols_manager_msgmanager.TestBuildbotWebSocketServerProtocol" name="test_msg_missing_arg_03_complete_seq_number" time="0.000"/>
<testcase classname="buildbot.test.unit.worker.test_protocols_manager_msgmanager.TestBuildbotWebSocketServerProtocol" name="test_msg_missing_arg_04_update_upload_file_write_op" time="0.000"/>
<testcase classname="buildbot.test.unit.worker.test_protocols_manager_msgmanager.TestBuildbotWebSocketServerProtocol" name="test_msg_missing_arg_05_update_upload_file_write_seq_number" time="0.000"/>
<testcase classname="buildbot.test.unit.worker.test_protocols_manager_msgmanager.TestBuildbotWebSocketServerProtocol" name="test_msg_missing_arg_06_update_upload_file_utime_op" time="0.000"/>
<testcase classname="buildbot.test.unit.worker.test_protocols_manager_msgmanager.TestBuildbotWebSocketServerProtocol" name="test_msg_missing_arg_07_update_upload_file_utime_seq_number" time="0.000"/>
<testcase classname="buildbot.test.unit.worker.test_protocols_manager_msgmanager.TestBuildbotWebSocketServerProtocol" name="test_msg_missing_arg_08_update_upload_file_close_op" time="0.000"/>
<testcase classname="buildbot.test.unit.worker.test_protocols_manager_msgmanager.TestBuildbotWebSocketServerProtocol" name="test_msg_missing_arg_09_update_upload_file_close_seq_number" time="0.000"/>
<testcase classname="buildbot.test.unit.worker.test_protocols_manager_msgmanager.TestBuildbotWebSocketServerProtocol" name="test_msg_missing_arg_10_update_read_file_op" time="0.000"/>
<testcase classname="buildbot.test.unit.worker.test_protocols_manager_msgmanager.TestBuildbotWebSocketServerProtocol" name="test_msg_missing_arg_11_update_read_file_seq_number" time="0.000"/>
<testcase classname="buildbot.test.unit.worker.test_protocols_manager_msgmanager.TestBuildbotWebSocketServerProtocol" name="test_msg_missing_arg_12_update_read_file_close_op" time="0.000"/>
<testcase classname="buildbot.test.unit.worker.test_protocols_manager_msgmanager.TestBuildbotWebSocketServerProtocol" name="test_msg_missing_arg_13_update_read_file_close_seq_number" time="0.000"/>
<testcase classname="buildbot.test.unit.worker.test_protocols_manager_msgmanager.TestBuildbotWebSocketServerProtocol" name="test_msg_missing_arg_14_update_upload_directory_unpack_op" time="0.000"/>
<testcase classname="buildbot.test.unit.worker.test_protocols_manager_msgmanager.TestBuildbotWebSocketServerProtocol" name="test_msg_missing_arg_15_update_upload_directory_unpack_seq_number" time="0.000"/>
<testcase classname="buildbot.test.unit.worker.test_protocols_manager_msgmanager.TestBuildbotWebSocketServerProtocol" name="test_msg_missing_arg_16_update_upload_directory_write_op" time="0.000"/>
<testcase classname="buildbot.test.unit.worker.test_protocols_manager_msgmanager.TestBuildbotWebSocketServerProtocol" name="test_msg_missing_arg_17_update_upload_directory_write_seq_number" time="0.000"/>
<testcase classname="buildbot.test.unit.worker.test_protocols_manager_msgmanager.TestBuildbotWebSocketServerProtocol" name="test_onClose_connection_lost_error" time="0.001"/>
<testcase classname="buildbot.test.unit.worker.test_protocols_manager_msgmanager.TestBuildbotWebSocketServerProtocol" name="test_onMessage_command_does_not_exist" time="0.001"/>
<testcase classname="buildbot.test.unit.worker.test_protocols_manager_msgmanager.TestBuildbotWebSocketServerProtocol" name="test_onMessage_not_isBinary" time="0.000"/>
<testcase classname="buildbot.test.unit.worker.test_protocols_manager_msgmanager.TestBuildbotWebSocketServerProtocol" name="test_onMessage_worker_not_authenticated" time="0.000"/>
<testcase classname="buildbot.test.unit.worker.test_protocols_manager_msgmanager.TestBuildbotWebSocketServerProtocol" name="test_unknown_command_id_0_update" time="0.001"/>
<testcase classname="buildbot.test.unit.worker.test_protocols_manager_msgmanager.TestBuildbotWebSocketServerProtocol" name="test_unknown_command_id_1_complete" time="0.001"/>
<testcase classname="buildbot.test.unit.worker.test_protocols_manager_msgmanager.TestBuildbotWebSocketServerProtocol" name="test_unknown_command_id_readers_0_update_read_file" time="0.001"/>
<testcase classname="buildbot.test.unit.worker.test_protocols_manager_msgmanager.TestBuildbotWebSocketServerProtocol" name="test_unknown_command_id_readers_1_update_read_file_close" time="0.001"/>
<testcase classname="buildbot.test.unit.worker.test_protocols_manager_msgmanager.TestBuildbotWebSocketServerProtocol" name="test_unknown_command_id_writers_0_update_upload_file_write" time="0.001"/>
<testcase classname="buildbot.test.unit.worker.test_protocols_manager_msgmanager.TestBuildbotWebSocketServerProtocol" name="test_unknown_command_id_writers_1_update_upload_directory_unpack" time="0.001"/>
<testcase classname="buildbot.test.unit.worker.test_protocols_manager_msgmanager.TestBuildbotWebSocketServerProtocol" name="test_unknown_command_id_writers_2_update_upload_file_close" time="0.001"/>
<testcase classname="buildbot.test.unit.worker.test_protocols_manager_msgmanager.TestBuildbotWebSocketServerProtocol" name="test_unknown_command_id_writers_3_update_upload_file_utime" time="0.001"/>
<testcase classname="buildbot.test.unit.worker.test_protocols_manager_msgmanager.TestBuildbotWebSocketServerProtocol" name="test_unknown_command_id_writers_4_update_upload_directory_write" time="0.001"/>
<testcase classname="buildbot.test.unit.worker.test_protocols_manager_msgmanager.TestBuildbotWebSocketServerProtocol" name="test_update_read_file_close_success" time="0.001"/>
<testcase classname="buildbot.test.unit.worker.test_protocols_manager_msgmanager.TestBuildbotWebSocketServerProtocol" name="test_update_read_file_missing_length" time="0.001"/>
<testcase classname="buildbot.test.unit.worker.test_protocols_manager_msgmanager.TestBuildbotWebSocketServerProtocol" name="test_update_read_file_success" time="0.001"/>
<testcase classname="buildbot.test.unit.worker.test_protocols_manager_msgmanager.TestBuildbotWebSocketServerProtocol" name="test_update_success" time="0.001"/>
<testcase classname="buildbot.test.unit.worker.test_protocols_manager_msgmanager.TestBuildbotWebSocketServerProtocol" name="test_update_upload_directory_unpack_success" time="0.001"/>
<testcase classname="buildbot.test.unit.worker.test_protocols_manager_msgmanager.TestBuildbotWebSocketServerProtocol" name="test_update_upload_directory_write_success" time="0.001"/>
<testcase classname="buildbot.test.unit.worker.test_protocols_manager_msgmanager.TestBuildbotWebSocketServerProtocol" name="test_update_upload_file_close_success" time="0.001"/>
<testcase classname="buildbot.test.unit.worker.test_protocols_manager_msgmanager.TestBuildbotWebSocketServerProtocol" name="test_update_upload_file_utime_missing_access_time" time="0.001"/>
<testcase classname="buildbot.test.unit.worker.test_protocols_manager_msgmanager.TestBuildbotWebSocketServerProtocol" name="test_update_upload_file_utime_missing_modified_time" time="0.001"/>
<testcase classname="buildbot.test.unit.worker.test_protocols_manager_msgmanager.TestBuildbotWebSocketServerProtocol" name="test_update_upload_file_utime_success" time="0.001"/>
<testcase classname="buildbot.test.unit.worker.test_protocols_manager_msgmanager.TestBuildbotWebSocketServerProtocol" name="test_update_upload_file_write_success" time="0.001"/>
<testcase classname="buildbot.test.unit.worker.test_protocols_manager_msgmanager.TestHttpAuthorization" name="test_contains_forbidden_character" time="0.000"/>
<testcase classname="buildbot.test.unit.worker.test_protocols_manager_msgmanager.TestHttpAuthorization" name="test_contains_no__basic" time="0.000"/>
<testcase classname="buildbot.test.unit.worker.test_protocols_manager_msgmanager.TestHttpAuthorization" name="test_credentials_do_not_contain_colon" time="0.000"/>
<testcase classname="buildbot.test.unit.worker.test_protocols_manager_msgmanager.TestHttpAuthorization" name="test_decode" time="0.000"/>
<testcase classname="buildbot.test.unit.worker.test_protocols_manager_msgmanager.TestHttpAuthorization" name="test_encode" time="0.000"/>
<testcase classname="buildbot.test.unit.worker.test_protocols_manager_msgmanager.TestHttpAuthorization" name="test_encode_username_contains_colon" time="0.000"/>
<testcase classname="buildbot.test.unit.worker.test_protocols_manager_pbmanager.TestPBManager" name="test_register_no_user" time="0.001"/>
<testcase classname="buildbot.test.unit.worker.test_protocols_manager_pbmanager.TestPBManager" name="test_register_unregister" time="0.001"/>
<testcase classname="buildbot.test.unit.worker.test_protocols_manager_pbmanager.TestPBManager" name="test_requestAvatarId_initLock" time="0.001"/>
<testcase classname="buildbot.test.unit.worker.test_protocols_manager_pbmanager.TestPBManager" name="test_requestAvatarId_noinitLock" time="0.001"/>
<testcase classname="buildbot.test.unit.worker.test_protocols_msgpack.TestConnection" name="test_attached" time="0.001"/>
<testcase classname="buildbot.test.unit.worker.test_protocols_msgpack.TestConnection" name="test_constructor" time="0.000"/>
<testcase classname="buildbot.test.unit.worker.test_protocols_msgpack.TestConnection" name="test_detached" time="0.000"/>
<testcase classname="buildbot.test.unit.worker.test_protocols_msgpack.TestConnection" name="test_do_keepalive" time="0.000"/>
<testcase classname="buildbot.test.unit.worker.test_protocols_msgpack.TestConnection" name="test_lose_connection" time="0.000"/>
<testcase classname="buildbot.test.unit.worker.test_protocols_msgpack.TestConnection" name="test_perspective_keepalive" time="0.001"/>
<testcase classname="buildbot.test.unit.worker.test_protocols_msgpack.TestConnection" name="test_perspective_shutdown" time="0.000"/>
<testcase classname="buildbot.test.unit.worker.test_protocols_msgpack.TestConnection" name="test_remote_get_worker_info" time="0.000"/>
<testcase classname="buildbot.test.unit.worker.test_protocols_msgpack.TestConnection" name="test_remote_interrupt_command" time="0.000"/>
<testcase classname="buildbot.test.unit.worker.test_protocols_msgpack.TestConnection" name="test_remote_keepalive" time="0.000"/>
<testcase classname="buildbot.test.unit.worker.test_protocols_msgpack.TestConnection" name="test_remote_print" time="0.000"/>
<testcase classname="buildbot.test.unit.worker.test_protocols_msgpack.TestConnection" name="test_remote_set_builder_list_do_rmdir" time="0.001"/>
<testcase classname="buildbot.test.unit.worker.test_protocols_msgpack.TestConnection" name="test_remote_set_builder_list_key_is_missing" time="0.001"/>
<testcase classname="buildbot.test.unit.worker.test_protocols_msgpack.TestConnection" name="test_remote_set_builder_list_key_rc_not_zero" time="0.000"/>
<testcase classname="buildbot.test.unit.worker.test_protocols_msgpack.TestConnection" name="test_remote_set_builder_list_no_mkdir" time="0.000"/>
<testcase classname="buildbot.test.unit.worker.test_protocols_msgpack.TestConnection" name="test_remote_set_builder_list_no_mkdir_from_files" time="0.000"/>
<testcase classname="buildbot.test.unit.worker.test_protocols_msgpack.TestConnection" name="test_remote_set_builder_list_no_rmdir" time="0.001"/>
<testcase classname="buildbot.test.unit.worker.test_protocols_msgpack.TestConnection" name="test_remote_set_builder_list_no_rmdir_leave_leftover_dirs" time="0.000"/>
<testcase classname="buildbot.test.unit.worker.test_protocols_msgpack.TestConnection" name="test_remote_shutdown" time="0.000"/>
<testcase classname="buildbot.test.unit.worker.test_protocols_msgpack.TestConnection" name="test_remote_start_command_args_update_0_want_stdout" time="0.000"/>
<testcase classname="buildbot.test.unit.worker.test_protocols_msgpack.TestConnection" name="test_remote_start_command_args_update_1_want_stdout" time="0.000"/>
<testcase classname="buildbot.test.unit.worker.test_protocols_msgpack.TestConnection" name="test_remote_start_command_args_update_2_want_stderr" time="0.000"/>
<testcase classname="buildbot.test.unit.worker.test_protocols_msgpack.TestConnection" name="test_remote_start_command_args_update_3_want_stderr" time="0.000"/>
<testcase classname="buildbot.test.unit.worker.test_protocols_msgpack.TestConnection" name="test_remote_start_command_args_update_4" time="0.000"/>
<testcase classname="buildbot.test.unit.worker.test_protocols_msgpack.TestConnection" name="test_start_stop_keepalive_timer" time="0.001"/>
<testcase classname="buildbot.test.unit.worker.test_protocols_msgpack.TestConnectionApi" name="test_sig_loseConnection" time="0.000"/>
<testcase classname="buildbot.test.unit.worker.test_protocols_msgpack.TestConnectionApi" name="test_sig_notifyOnDisconnect" time="0.000"/>
<testcase classname="buildbot.test.unit.worker.test_protocols_msgpack.TestConnectionApi" name="test_sig_remoteGetWorkerInfo" time="0.000"/>
<testcase classname="buildbot.test.unit.worker.test_protocols_msgpack.TestConnectionApi" name="test_sig_remoteInterruptCommand" time="0.000"/>
<testcase classname="buildbot.test.unit.worker.test_protocols_msgpack.TestConnectionApi" name="test_sig_remotePrint" time="0.000"/>
<testcase classname="buildbot.test.unit.worker.test_protocols_msgpack.TestConnectionApi" name="test_sig_remoteSetBuilderList" time="0.000"/>
<testcase classname="buildbot.test.unit.worker.test_protocols_msgpack.TestConnectionApi" name="test_sig_remoteShutdown" time="0.000"/>
<testcase classname="buildbot.test.unit.worker.test_protocols_msgpack.TestConnectionApi" name="test_sig_remoteStartBuild" time="0.000"/>
<testcase classname="buildbot.test.unit.worker.test_protocols_msgpack.TestConnectionApi" name="test_sig_remoteStartCommand" time="0.000"/>
<testcase classname="buildbot.test.unit.worker.test_protocols_msgpack.TestListener" name="test_constructor" time="0.000"/>
<testcase classname="buildbot.test.unit.worker.test_protocols_msgpack.TestListener" name="test_create_connection" time="0.000"/>
<testcase classname="buildbot.test.unit.worker.test_protocols_msgpack.TestListener" name="test_update_registration_pass_changed" time="0.000"/>
<testcase classname="buildbot.test.unit.worker.test_protocols_msgpack.TestListener" name="test_update_registration_port_changed" time="0.000"/>
<testcase classname="buildbot.test.unit.worker.test_protocols_msgpack.TestListener" name="test_update_registration_simple" time="0.000"/>
<testcase classname="buildbot.test.unit.worker.test_protocols_pb.TestConnection" name="test_attached" time="0.001"/>
<testcase classname="buildbot.test.unit.worker.test_protocols_pb.TestConnection" name="test_constructor" time="0.000"/>
<testcase classname="buildbot.test.unit.worker.test_protocols_pb.TestConnection" name="test_detached" time="0.000"/>
<testcase classname="buildbot.test.unit.worker.test_protocols_pb.TestConnection" name="test_do_keepalive" time="0.000"/>
<testcase classname="buildbot.test.unit.worker.test_protocols_pb.TestConnection" name="test_get_peer" time="0.000"/>
<testcase classname="buildbot.test.unit.worker.test_protocols_pb.TestConnection" name="test_loseConnection" time="0.000"/>
<testcase classname="buildbot.test.unit.worker.test_protocols_pb.TestConnection" name="test_perspective_keepalive" time="0.000"/>
<testcase classname="buildbot.test.unit.worker.test_protocols_pb.TestConnection" name="test_perspective_shutdown" time="0.000"/>
<testcase classname="buildbot.test.unit.worker.test_protocols_pb.TestConnection" name="test_remoteGetWorkerInfo_getWorkerInfo_fails" time="0.001"/>
<testcase classname="buildbot.test.unit.worker.test_protocols_pb.TestConnection" name="test_remoteGetWorkerInfo_no_info" time="0.001"/>
<testcase classname="buildbot.test.unit.worker.test_protocols_pb.TestConnection" name="test_remoteGetWorkerInfo_slave" time="0.000"/>
<testcase classname="buildbot.test.unit.worker.test_protocols_pb.TestConnection" name="test_remoteGetWorkerInfo_slave_2_16" time="0.000"/>
<testcase classname="buildbot.test.unit.worker.test_protocols_pb.TestConnection" name="test_remoteGetWorkerInfo_worker" time="0.000"/>
<testcase classname="buildbot.test.unit.worker.test_protocols_pb.TestConnection" name="test_remotePrint" time="0.001"/>
<testcase classname="buildbot.test.unit.worker.test_protocols_pb.TestConnection" name="test_remoteSetBuilderList" time="0.000"/>
<testcase classname="buildbot.test.unit.worker.test_protocols_pb.TestConnection" name="test_remoteShutdown" time="0.000"/>
<testcase classname="buildbot.test.unit.worker.test_protocols_pb.TestConnection" name="test_remoteStartBuild" time="0.000"/>
<testcase classname="buildbot.test.unit.worker.test_protocols_pb.TestConnection" name="test_remoteStartCommand" time="0.000"/>
<testcase classname="buildbot.test.unit.worker.test_protocols_pb.TestConnection" name="test_startStopKeepaliveTimer" time="0.001"/>
<testcase classname="buildbot.test.unit.worker.test_protocols_pb.TestConnectionApi" name="test_sig_loseConnection" time="0.000"/>
<testcase classname="buildbot.test.unit.worker.test_protocols_pb.TestConnectionApi" name="test_sig_notifyOnDisconnect" time="0.000"/>
<testcase classname="buildbot.test.unit.worker.test_protocols_pb.TestConnectionApi" name="test_sig_remoteGetWorkerInfo" time="0.000"/>
<testcase classname="buildbot.test.unit.worker.test_protocols_pb.TestConnectionApi" name="test_sig_remoteInterruptCommand" time="0.000"/>
<testcase classname="buildbot.test.unit.worker.test_protocols_pb.TestConnectionApi" name="test_sig_remotePrint" time="0.000"/>
<testcase classname="buildbot.test.unit.worker.test_protocols_pb.TestConnectionApi" name="test_sig_remoteSetBuilderList" time="0.000"/>
<testcase classname="buildbot.test.unit.worker.test_protocols_pb.TestConnectionApi" name="test_sig_remoteShutdown" time="0.000"/>
<testcase classname="buildbot.test.unit.worker.test_protocols_pb.TestConnectionApi" name="test_sig_remoteStartBuild" time="0.000"/>
<testcase classname="buildbot.test.unit.worker.test_protocols_pb.TestConnectionApi" name="test_sig_remoteStartCommand" time="0.000"/>
<testcase classname="buildbot.test.unit.worker.test_protocols_pb.TestListener" name="test_constructor" time="0.000"/>
<testcase classname="buildbot.test.unit.worker.test_protocols_pb.TestListener" name="test_create_connection" time="0.001"/>
<testcase classname="buildbot.test.unit.worker.test_protocols_pb.TestListener" name="test_updateRegistration_pass_changed" time="0.000"/>
<testcase classname="buildbot.test.unit.worker.test_protocols_pb.TestListener" name="test_updateRegistration_port_changed" time="0.000"/>
<testcase classname="buildbot.test.unit.worker.test_protocols_pb.TestListener" name="test_updateRegistration_simple" time="0.000"/>
<testcase classname="buildbot.test.unit.worker.test_protocols_pb.Test_wrapRemoteException" name="test_raises_NoSuchMethod" time="0.000"/>
<testcase classname="buildbot.test.unit.worker.test_protocols_pb.Test_wrapRemoteException" name="test_raises_RemoteError" time="0.000"/>
<testcase classname="buildbot.test.unit.worker.test_protocols_pb.Test_wrapRemoteException" name="test_raises_unknown" time="0.000"/>
<testcase classname="buildbot.test.unit.worker.test_upcloud.TestUpcloudWorker" name="test_instantiate" time="0.000"/>
<testcase classname="buildbot.test.unit.worker.test_upcloud.TestUpcloudWorker" name="test_missing_config" time="0.000"/>
<testcase classname="buildbot.test.unit.worker.test_upcloud.TestUpcloudWorker" name="test_missing_image" time="0.005"/>
<testcase classname="buildbot.test.unit.worker.test_upcloud.TestUpcloudWorker" name="test_start_worker" time="0.005"/>
<testcase classname="buildbot.test.unit.www.test_auth.AuthBase" name="test_getLoginResource" time="0.001"/>
<testcase classname="buildbot.test.unit.www.test_auth.AuthBase" name="test_maybeAutoLogin" time="0.001"/>
<testcase classname="buildbot.test.unit.www.test_auth.AuthBase" name="test_updateUserInfo" time="0.001"/>
<testcase classname="buildbot.test.unit.www.test_auth.AuthRealm" name="test_requestAvatar" time="0.001"/>
<testcase classname="buildbot.test.unit.www.test_auth.AuthRootResource" name="test_getChild_login" time="0.001"/>
<testcase classname="buildbot.test.unit.www.test_auth.AuthRootResource" name="test_getChild_logout" time="0.001"/>
<testcase classname="buildbot.test.unit.www.test_auth.CustomAuth" name="test_callable" time="0.000"/>
<testcase classname="buildbot.test.unit.www.test_auth.LoginResource" name="test_render" time="0.001"/>
<testcase classname="buildbot.test.unit.www.test_auth.LogoutResource" name="test_render" time="0.001"/>
<testcase classname="buildbot.test.unit.www.test_auth.LogoutResource" name="test_render_with_crlf" time="0.001"/>
<testcase classname="buildbot.test.unit.www.test_auth.NoAuth" name="test_exists" time="0.000"/>
<testcase classname="buildbot.test.unit.www.test_auth.PreAuthenticatedLoginResource" name="test_render" time="0.001"/>
<testcase classname="buildbot.test.unit.www.test_auth.RemoteUserAuth" name="test_get_login_resource_does_not_throw" time="0.001"/>
<testcase classname="buildbot.test.unit.www.test_auth.RemoteUserAuth" name="test_maybeAutoLogin" time="0.001"/>
<testcase classname="buildbot.test.unit.www.test_auth.RemoteUserAuth" name="test_maybeAutoLogin_mismatched_value" time="0.001"/>
<testcase classname="buildbot.test.unit.www.test_auth.RemoteUserAuth" name="test_maybeAutoLogin_no_header" time="0.001"/>
<testcase classname="buildbot.test.unit.www.test_auth.TwistedICredAuthBase" name="test_getLoginResource" time="0.001"/>
<testcase classname="buildbot.test.unit.www.test_auth.UseAuthInfoProviderBase" name="test_getUserInfo" time="0.000"/>
<testcase classname="buildbot.test.unit.www.test_auth.UserPasswordAuth" name="test_passwordStringToBytes" time="0.000"/>
<testcase classname="buildbot.test.unit.www.test_authz.Authz" name="test_DefaultDenyFalseContinuesCheck" time="0.001"/>
<testcase classname="buildbot.test.unit.www.test_authz.Authz" name="test_DefaultDenyTrueStopsCheckIfFailed" time="0.001"/>
<testcase classname="buildbot.test.unit.www.test_authz.Authz" name="test_anyEndpoint" time="0.002"/>
<testcase classname="buildbot.test.unit.www.test_authz.Authz" name="test_fnmatchPatternRoleCheck" time="0.002"/>
<testcase classname="buildbot.test.unit.www.test_authz.Authz" name="test_rebuildBuild" time="0.002"/>
<testcase classname="buildbot.test.unit.www.test_authz.Authz" name="test_regexPatternRoleCheck" time="0.001"/>
<testcase classname="buildbot.test.unit.www.test_authz.Authz" name="test_stopBuild" time="0.002"/>
<testcase classname="buildbot.test.unit.www.test_avatar.AvatarResource" name="test_avatar_call" time="0.001"/>
<testcase classname="buildbot.test.unit.www.test_avatar.AvatarResource" name="test_custom_not_found" time="0.001"/>
<testcase classname="buildbot.test.unit.www.test_avatar.AvatarResource" name="test_custom_size" time="0.001"/>
<testcase classname="buildbot.test.unit.www.test_avatar.AvatarResource" name="test_default" time="0.001"/>
<testcase classname="buildbot.test.unit.www.test_avatar.AvatarResource" name="test_gravatar" time="0.001"/>
<testcase classname="buildbot.test.unit.www.test_avatar.AvatarResource" name="test_invalid_size" time="0.001"/>
<testcase classname="buildbot.test.unit.www.test_avatar.GitHubAvatar" name="test_email" time="0.001"/>
<testcase classname="buildbot.test.unit.www.test_avatar.GitHubAvatar" name="test_email_commit" time="0.001"/>
<testcase classname="buildbot.test.unit.www.test_avatar.GitHubAvatar" name="test_email_commit_no_user" time="0.001"/>
<testcase classname="buildbot.test.unit.www.test_avatar.GitHubAvatar" name="test_email_error" time="0.001"/>
<testcase classname="buildbot.test.unit.www.test_avatar.GitHubAvatar" name="test_email_not_found" time="0.002"/>
<testcase classname="buildbot.test.unit.www.test_avatar.GitHubAvatar" name="test_username" time="0.001"/>
<testcase classname="buildbot.test.unit.www.test_avatar.GitHubAvatar" name="test_username_cached" time="0.001"/>
<testcase classname="buildbot.test.unit.www.test_avatar.GitHubAvatar" name="test_username_error" time="0.001"/>
<testcase classname="buildbot.test.unit.www.test_avatar.GitHubAvatar" name="test_username_not_found" time="0.001"/>
<testcase classname="buildbot.test.unit.www.test_avatar.GitHubAvatarBasicAuth" name="test_incomplete_credentials" time="0.001"/>
<testcase classname="buildbot.test.unit.www.test_avatar.GitHubAvatarBasicAuth" name="test_token_and_client_credentials" time="0.001"/>
<testcase classname="buildbot.test.unit.www.test_avatar.GitHubAvatarBasicAuth" name="test_username" time="0.001"/>
<testcase classname="buildbot.test.unit.www.test_config.IndexResource" name="test_CustomTemplateDir" time="0.001"/>
<testcase classname="buildbot.test.unit.www.test_config.IndexResource" name="test_parseCustomTemplateDir" time="0.014"/>
<testcase classname="buildbot.test.unit.www.test_config.IndexResource" name="test_render" time="0.002"/>
<testcase classname="buildbot.test.unit.www.test_config.IndexResourceReactTest" name="test_render" time="0.001"/>
<testcase classname="buildbot.test.unit.www.test_config.TestConfigResource" name="test_render" time="0.001"/>
<testcase classname="buildbot.test.unit.www.test_config.Utils" name="test_serialize_www_frontend_theme_to_css" time="0.000"/>
<testcase classname="buildbot.test.unit.www.test_endpointmatchers.AnyControlEndpointMatcher" name="test_default_action" time="0.001"/>
<testcase classname="buildbot.test.unit.www.test_endpointmatchers.AnyControlEndpointMatcher" name="test_get" time="0.001"/>
<testcase classname="buildbot.test.unit.www.test_endpointmatchers.AnyControlEndpointMatcher" name="test_other_action" time="0.001"/>
<testcase classname="buildbot.test.unit.www.test_endpointmatchers.AnyEndpointMatcher" name="test_nominal" time="0.001"/>
<testcase classname="buildbot.test.unit.www.test_endpointmatchers.EnableSchedulerEndpointMatcher" name="test_build" time="0.001"/>
<testcase classname="buildbot.test.unit.www.test_endpointmatchers.EnableSchedulerEndpointMatcher" name="test_invalidPath" time="0.001"/>
<testcase classname="buildbot.test.unit.www.test_endpointmatchers.EnableSchedulerEndpointMatcher" name="test_scheduler_enable" time="0.001"/>
<testcase classname="buildbot.test.unit.www.test_endpointmatchers.ForceBuildEndpointMatcherBranch" name="test_build" time="0.001"/>
<testcase classname="buildbot.test.unit.www.test_endpointmatchers.ForceBuildEndpointMatcherBranch" name="test_forcesched" time="0.001"/>
<testcase classname="buildbot.test.unit.www.test_endpointmatchers.ForceBuildEndpointMatcherBranch" name="test_forcesched_builder_no_match" time="0.001"/>
<testcase classname="buildbot.test.unit.www.test_endpointmatchers.ForceBuildEndpointMatcherBranch" name="test_forcesched_nobuilder" time="0.001"/>
<testcase classname="buildbot.test.unit.www.test_endpointmatchers.ForceBuildEndpointMatcherBranch" name="test_invalidPath" time="0.001"/>
<testcase classname="buildbot.test.unit.www.test_endpointmatchers.ForceBuildEndpointMatcherBranch" name="test_noforcesched" time="0.001"/>
<testcase classname="buildbot.test.unit.www.test_endpointmatchers.StopBuildEndpointMatcherBranch" name="test_build" time="0.001"/>
<testcase classname="buildbot.test.unit.www.test_endpointmatchers.StopBuildEndpointMatcherBranch" name="test_build_no_builder" time="0.001"/>
<testcase classname="buildbot.test.unit.www.test_endpointmatchers.StopBuildEndpointMatcherBranch" name="test_build_no_match" time="0.001"/>
<testcase classname="buildbot.test.unit.www.test_endpointmatchers.StopBuildEndpointMatcherBranch" name="test_invalidPath" time="0.001"/>
<testcase classname="buildbot.test.unit.www.test_endpointmatchers.ViewBuildsEndpointMatcherBranch" name="test_build" time="0.000">
<skipped>ViewBuildsEndpointMatcher is not implemented yet&#xA;</skipped>
</testcase>
<testcase classname="buildbot.test.unit.www.test_endpointmatchers.ViewBuildsEndpointMatcherBranch" name="test_invalidPath" time="0.001"/>
<testcase classname="buildbot.test.unit.www.test_graphql.DisabledV3RootResource" name="test_basic_disabled" time="0.001"/>
<testcase classname="buildbot.test.unit.www.test_graphql.V3RootResource" name="test_failure" time="0.006"/>
<testcase classname="buildbot.test.unit.www.test_graphql.V3RootResource" name="test_get_bad_query" time="0.005"/>
<testcase classname="buildbot.test.unit.www.test_graphql.V3RootResource" name="test_get_noquery" time="0.004"/>
<testcase classname="buildbot.test.unit.www.test_graphql.V3RootResource" name="test_get_query" time="0.005"/>
<testcase classname="buildbot.test.unit.www.test_graphql.V3RootResource" name="test_get_query_item" time="0.005"/>
<testcase classname="buildbot.test.unit.www.test_graphql.V3RootResource" name="test_get_query_items_result_spec" time="0.005"/>
<testcase classname="buildbot.test.unit.www.test_graphql.V3RootResource" name="test_get_query_subresource" time="0.004"/>
<testcase classname="buildbot.test.unit.www.test_graphql.V3RootResource" name="test_invalid_http_method" time="0.004"/>
<testcase classname="buildbot.test.unit.www.test_graphql.V3RootResource" name="test_post_query_graphql_content" time="0.005"/>
<testcase classname="buildbot.test.unit.www.test_graphql.V3RootResource" name="test_post_query_json_badcontent_type" time="0.004"/>
<testcase classname="buildbot.test.unit.www.test_graphql.V3RootResource" name="test_post_query_json_content" time="0.004"/>
<testcase classname="buildbot.test.unit.www.test_graphql.V3RootResource" name="test_post_query_json_content_operationName" time="0.005"/>
<testcase classname="buildbot.test.unit.www.test_graphql.V3RootResource" name="test_post_query_json_nocontent_type" time="0.004"/>
<testcase classname="buildbot.test.unit.www.test_hooks_base.TestChangeHookConfiguredWithBase" name="test_base_with_changes" time="0.023"/>
<testcase classname="buildbot.test.unit.www.test_hooks_base.TestChangeHookConfiguredWithBase" name="test_base_with_no_change" time="0.002"/>
<testcase classname="buildbot.test.unit.www.test_hooks_base.TestChangeHookConfiguredWithCustomBase" name="test_base_with_no_change" time="0.001"/>
<testcase classname="buildbot.test.unit.www.test_hooks_bitbucket.TestChangeHookConfiguredWithBitbucketChange" name="testGitWithChange" time="0.001"/>
<testcase classname="buildbot.test.unit.www.test_hooks_bitbucket.TestChangeHookConfiguredWithBitbucketChange" name="testGitWithChangeAndProject" time="0.001"/>
<testcase classname="buildbot.test.unit.www.test_hooks_bitbucket.TestChangeHookConfiguredWithBitbucketChange" name="testGitWithNoCommitsPayload" time="0.001"/>
<testcase classname="buildbot.test.unit.www.test_hooks_bitbucket.TestChangeHookConfiguredWithBitbucketChange" name="testMercurialWithChange" time="0.001"/>
<testcase classname="buildbot.test.unit.www.test_hooks_bitbucket.TestChangeHookConfiguredWithBitbucketChange" name="testMercurialWithNoCommitsPayload" time="0.001"/>
<testcase classname="buildbot.test.unit.www.test_hooks_bitbucket.TestChangeHookConfiguredWithBitbucketChange" name="testWithNoJson" time="0.002"/>
<testcase classname="buildbot.test.unit.www.test_hooks_bitbucketcloud.TestChangeHookConfiguredWithGitChange" name="testHookWithChangeOnCreateTag" time="0.001"/>
<testcase classname="buildbot.test.unit.www.test_hooks_bitbucketcloud.TestChangeHookConfiguredWithGitChange" name="testHookWithChangeOnDeleteBranch" time="0.001"/>
<testcase classname="buildbot.test.unit.www.test_hooks_bitbucketcloud.TestChangeHookConfiguredWithGitChange" name="testHookWithChangeOnDeleteTag" time="0.001"/>
<testcase classname="buildbot.test.unit.www.test_hooks_bitbucketcloud.TestChangeHookConfiguredWithGitChange" name="testHookWithChangeOnPullRequestCreated" time="0.001"/>
<testcase classname="buildbot.test.unit.www.test_hooks_bitbucketcloud.TestChangeHookConfiguredWithGitChange" name="testHookWithChangeOnPullRequestFulfilled" time="0.001"/>
<testcase classname="buildbot.test.unit.www.test_hooks_bitbucketcloud.TestChangeHookConfiguredWithGitChange" name="testHookWithChangeOnPullRequestRejected" time="0.001"/>
<testcase classname="buildbot.test.unit.www.test_hooks_bitbucketcloud.TestChangeHookConfiguredWithGitChange" name="testHookWithChangeOnPullRequestUpdated" time="0.001"/>
<testcase classname="buildbot.test.unit.www.test_hooks_bitbucketcloud.TestChangeHookConfiguredWithGitChange" name="testHookWithChangeOnPushEvent" time="0.001"/>
<testcase classname="buildbot.test.unit.www.test_hooks_bitbucketcloud.TestChangeHookConfiguredWithGitChange" name="testHookWithCodebaseFunctionOnPullEvent" time="0.001"/>
<testcase classname="buildbot.test.unit.www.test_hooks_bitbucketcloud.TestChangeHookConfiguredWithGitChange" name="testHookWithCodebaseFunctionOnPushEvent" time="0.001"/>
<testcase classname="buildbot.test.unit.www.test_hooks_bitbucketcloud.TestChangeHookConfiguredWithGitChange" name="testHookWithCodebaseValueOnPullEvent" time="0.001"/>
<testcase classname="buildbot.test.unit.www.test_hooks_bitbucketcloud.TestChangeHookConfiguredWithGitChange" name="testHookWithCodebaseValueOnPushEvent" time="0.001"/>
<testcase classname="buildbot.test.unit.www.test_hooks_bitbucketcloud.TestChangeHookConfiguredWithGitChange" name="testHookWithInvalidContentType" time="0.001"/>
<testcase classname="buildbot.test.unit.www.test_hooks_bitbucketcloud.TestChangeHookConfiguredWithGitChange" name="testHookWithNonDictOption" time="0.001"/>
<testcase classname="buildbot.test.unit.www.test_hooks_bitbucketcloud.TestChangeHookConfiguredWithGitChange" name="testHookWithUnhandledEvent" time="0.001"/>
<testcase classname="buildbot.test.unit.www.test_hooks_bitbucketserver.TestChangeHookConfiguredWithGitChange" name="testHookWithChangeOnCreateTag" time="0.001"/>
<testcase classname="buildbot.test.unit.www.test_hooks_bitbucketserver.TestChangeHookConfiguredWithGitChange" name="testHookWithChangeOnDeleteBranch" time="0.001"/>
<testcase classname="buildbot.test.unit.www.test_hooks_bitbucketserver.TestChangeHookConfiguredWithGitChange" name="testHookWithChangeOnDeleteTag" time="0.001"/>
<testcase classname="buildbot.test.unit.www.test_hooks_bitbucketserver.TestChangeHookConfiguredWithGitChange" name="testHookWithChangeOnPullRequestCreated" time="0.001"/>
<testcase classname="buildbot.test.unit.www.test_hooks_bitbucketserver.TestChangeHookConfiguredWithGitChange" name="testHookWithChangeOnPullRequestFulfilled" time="0.001"/>
<testcase classname="buildbot.test.unit.www.test_hooks_bitbucketserver.TestChangeHookConfiguredWithGitChange" name="testHookWithChangeOnPullRequestRejected" time="0.001"/>
<testcase classname="buildbot.test.unit.www.test_hooks_bitbucketserver.TestChangeHookConfiguredWithGitChange" name="testHookWithChangeOnPullRequestUpdated" time="0.001"/>
<testcase classname="buildbot.test.unit.www.test_hooks_bitbucketserver.TestChangeHookConfiguredWithGitChange" name="testHookWithChangeOnPushEvent" time="0.001"/>
<testcase classname="buildbot.test.unit.www.test_hooks_bitbucketserver.TestChangeHookConfiguredWithGitChange" name="testHookWithChangeOnRefsChangedEvent" time="0.001"/>
<testcase classname="buildbot.test.unit.www.test_hooks_bitbucketserver.TestChangeHookConfiguredWithGitChange" name="testHookWithCodebaseFunctionOnPullEvent" time="0.001"/>
<testcase classname="buildbot.test.unit.www.test_hooks_bitbucketserver.TestChangeHookConfiguredWithGitChange" name="testHookWithCodebaseFunctionOnPushEvent" time="0.001"/>
<testcase classname="buildbot.test.unit.www.test_hooks_bitbucketserver.TestChangeHookConfiguredWithGitChange" name="testHookWithCodebaseValueOnPullEvent" time="0.001"/>
<testcase classname="buildbot.test.unit.www.test_hooks_bitbucketserver.TestChangeHookConfiguredWithGitChange" name="testHookWithCodebaseValueOnPushEvent" time="0.001"/>
<testcase classname="buildbot.test.unit.www.test_hooks_bitbucketserver.TestChangeHookConfiguredWithGitChange" name="testHookWithInvalidContentType" time="0.001"/>
<testcase classname="buildbot.test.unit.www.test_hooks_bitbucketserver.TestChangeHookConfiguredWithGitChange" name="testHookWithNonDictOption" time="0.001"/>
<testcase classname="buildbot.test.unit.www.test_hooks_bitbucketserver.TestChangeHookConfiguredWithGitChange" name="testHookWithUnhandledEvent" time="0.001"/>
<testcase classname="buildbot.test.unit.www.test_hooks_github.TestChangeHookConfiguredWithAuth" name="test_git_pull_request_with_skip_message" time="0.002"/>
<testcase classname="buildbot.test.unit.www.test_hooks_github.TestChangeHookConfiguredWithAuth" name="test_git_with_pull_encoded" time="0.002"/>
<testcase classname="buildbot.test.unit.www.test_hooks_github.TestChangeHookConfiguredWithAuth" name="test_git_with_pull_encoded_and_bad_token" time="0.001"/>
<testcase classname="buildbot.test.unit.www.test_hooks_github.TestChangeHookConfiguredWithAuth" name="test_git_with_pull_json" time="0.002"/>
<testcase classname="buildbot.test.unit.www.test_hooks_github.TestChangeHookConfiguredWithAuth" name="test_git_with_pull_json_and_bad_token" time="0.002"/>
<testcase classname="buildbot.test.unit.www.test_hooks_github.TestChangeHookConfiguredWithAuth" name="test_pull_request" time="0.002"/>
<testcase classname="buildbot.test.unit.www.test_hooks_github.TestChangeHookConfiguredWithAuthAndCustomSkips" name="test_pull_request_no_skip" time="0.001"/>
<testcase classname="buildbot.test.unit.www.test_hooks_github.TestChangeHookConfiguredWithAuthAndCustomSkips" name="test_pull_request_with_skip_message" time="0.001"/>
<testcase classname="buildbot.test.unit.www.test_hooks_github.TestChangeHookConfiguredWithAuthAndCustomSkips" name="test_push_no_ci_skip" time="0.001"/>
<testcase classname="buildbot.test.unit.www.test_hooks_github.TestChangeHookConfiguredWithAuthAndCustomSkips" name="test_push_with_skip_message" time="0.001"/>
<testcase classname="buildbot.test.unit.www.test_hooks_github.TestChangeHookConfiguredWithCodebaseFunction" name="test_git_with_change_encoded" time="0.001"/>
<testcase classname="buildbot.test.unit.www.test_hooks_github.TestChangeHookConfiguredWithCodebaseFunction" name="test_git_with_change_json" time="0.001"/>
<testcase classname="buildbot.test.unit.www.test_hooks_github.TestChangeHookConfiguredWithCodebaseValue" name="test_git_with_change_encoded" time="0.001"/>
<testcase classname="buildbot.test.unit.www.test_hooks_github.TestChangeHookConfiguredWithCodebaseValue" name="test_git_with_change_json" time="0.001"/>
<testcase classname="buildbot.test.unit.www.test_hooks_github.TestChangeHookConfiguredWithCustomApiRoot" name="test_pull_request" time="0.001"/>
<testcase classname="buildbot.test.unit.www.test_hooks_github.TestChangeHookConfiguredWithCustomApiRootWithAuth" name="test_pull_request" time="0.001"/>
<testcase classname="buildbot.test.unit.www.test_hooks_github.TestChangeHookConfiguredWithCustomEventHandler" name="test_ping" time="0.002"/>
<testcase classname="buildbot.test.unit.www.test_hooks_github.TestChangeHookConfiguredWithGitChange" name="testGitWithDistinctFalse" time="0.001"/>
<testcase classname="buildbot.test.unit.www.test_hooks_github.TestChangeHookConfiguredWithGitChange" name="testGitWithNoJson" time="0.001"/>
<testcase classname="buildbot.test.unit.www.test_hooks_github.TestChangeHookConfiguredWithGitChange" name="test_git_push_with_skip_message" time="0.002"/>
<testcase classname="buildbot.test.unit.www.test_hooks_github.TestChangeHookConfiguredWithGitChange" name="test_git_with_change_encoded" time="0.001"/>
<testcase classname="buildbot.test.unit.www.test_hooks_github.TestChangeHookConfiguredWithGitChange" name="test_git_with_change_json" time="0.001"/>
<testcase classname="buildbot.test.unit.www.test_hooks_github.TestChangeHookConfiguredWithGitChange" name="test_git_with_no_changes_encoded" time="0.001"/>
<testcase classname="buildbot.test.unit.www.test_hooks_github.TestChangeHookConfiguredWithGitChange" name="test_git_with_no_changes_json" time="0.002"/>
<testcase classname="buildbot.test.unit.www.test_hooks_github.TestChangeHookConfiguredWithGitChange" name="test_git_with_non_branch_changes_encoded" time="0.001"/>
<testcase classname="buildbot.test.unit.www.test_hooks_github.TestChangeHookConfiguredWithGitChange" name="test_git_with_non_branch_changes_json" time="0.001"/>
<testcase classname="buildbot.test.unit.www.test_hooks_github.TestChangeHookConfiguredWithGitChange" name="test_git_with_pull_encoded" time="0.001"/>
<testcase classname="buildbot.test.unit.www.test_hooks_github.TestChangeHookConfiguredWithGitChange" name="test_git_with_pull_json" time="0.001"/>
<testcase classname="buildbot.test.unit.www.test_hooks_github.TestChangeHookConfiguredWithGitChange" name="test_git_with_push_newtag" time="0.001"/>
<testcase classname="buildbot.test.unit.www.test_hooks_github.TestChangeHookConfiguredWithGitChange" name="test_git_with_push_tag" time="0.002"/>
<testcase classname="buildbot.test.unit.www.test_hooks_github.TestChangeHookConfiguredWithGitChange" name="test_ping_encoded" time="0.001"/>
<testcase classname="buildbot.test.unit.www.test_hooks_github.TestChangeHookConfiguredWithGitChange" name="test_ping_json" time="0.001"/>
<testcase classname="buildbot.test.unit.www.test_hooks_github.TestChangeHookConfiguredWithGitChange" name="test_unknown_content_type" time="0.001"/>
<testcase classname="buildbot.test.unit.www.test_hooks_github.TestChangeHookConfiguredWithGitChange" name="test_unknown_event" time="0.001"/>
<testcase classname="buildbot.test.unit.www.test_hooks_github.TestChangeHookConfiguredWithGitChangeCustomPullrequestRef" name="test_git_pull_request_with_custom_ref" time="0.001"/>
<testcase classname="buildbot.test.unit.www.test_hooks_github.TestChangeHookConfiguredWithGitChangeCustomPullrequestRefWithAuth" name="test_git_pull_request_with_custom_ref" time="0.002"/>
<testcase classname="buildbot.test.unit.www.test_hooks_github.TestChangeHookConfiguredWithStrict" name="test_missing_secret" time="0.002"/>
<testcase classname="buildbot.test.unit.www.test_hooks_github.TestChangeHookConfiguredWithStrict" name="test_signature_missing" time="0.001"/>
<testcase classname="buildbot.test.unit.www.test_hooks_github.TestChangeHookConfiguredWithStrict" name="test_signature_nok" time="0.001"/>
<testcase classname="buildbot.test.unit.www.test_hooks_github.TestChangeHookConfiguredWithStrict" name="test_signature_ok" time="0.001"/>
<testcase classname="buildbot.test.unit.www.test_hooks_github.TestChangeHookConfiguredWithStrict" name="test_unknown_hash" time="0.001"/>
<testcase classname="buildbot.test.unit.www.test_hooks_github.TestChangeHookConfiguredWithStrict" name="test_wrong_signature_format" time="0.001"/>
<testcase classname="buildbot.test.unit.www.test_hooks_github.TestChangeHookRefWithAuth" name="test_git_pull_request" time="0.002"/>
<testcase classname="buildbot.test.unit.www.test_hooks_gitlab.TestChangeHookConfiguredWithGitChange" name="testGitWithChange" time="0.001"/>
<testcase classname="buildbot.test.unit.www.test_hooks_gitlab.TestChangeHookConfiguredWithGitChange" name="testGitWithChange_WithCodebaseToo" time="0.001"/>
<testcase classname="buildbot.test.unit.www.test_hooks_gitlab.TestChangeHookConfiguredWithGitChange" name="testGitWithChange_WithMR_addcommit" time="0.001"/>
<testcase classname="buildbot.test.unit.www.test_hooks_gitlab.TestChangeHookConfiguredWithGitChange" name="testGitWithChange_WithMR_close" time="0.001"/>
<testcase classname="buildbot.test.unit.www.test_hooks_gitlab.TestChangeHookConfiguredWithGitChange" name="testGitWithChange_WithMR_commented" time="0.001"/>
<testcase classname="buildbot.test.unit.www.test_hooks_gitlab.TestChangeHookConfiguredWithGitChange" name="testGitWithChange_WithMR_editdesc" time="0.001"/>
<testcase classname="buildbot.test.unit.www.test_hooks_gitlab.TestChangeHookConfiguredWithGitChange" name="testGitWithChange_WithMR_open" time="0.001"/>
<testcase classname="buildbot.test.unit.www.test_hooks_gitlab.TestChangeHookConfiguredWithGitChange" name="testGitWithChange_WithMR_open_forked" time="0.001"/>
<testcase classname="buildbot.test.unit.www.test_hooks_gitlab.TestChangeHookConfiguredWithGitChange" name="testGitWithChange_WithMR_reopen" time="0.001"/>
<testcase classname="buildbot.test.unit.www.test_hooks_gitlab.TestChangeHookConfiguredWithGitChange" name="testGitWithChange_WithProjectToo" time="0.001"/>
<testcase classname="buildbot.test.unit.www.test_hooks_gitlab.TestChangeHookConfiguredWithGitChange" name="testGitWithChange_WithPushTag" time="0.001"/>
<testcase classname="buildbot.test.unit.www.test_hooks_gitlab.TestChangeHookConfiguredWithGitChange" name="testGitWithNoJson" time="0.001"/>
<testcase classname="buildbot.test.unit.www.test_hooks_gitlab.TestChangeHookConfiguredWithGitChange" name="test_event_property" time="0.001"/>
<testcase classname="buildbot.test.unit.www.test_hooks_gitlab.TestChangeHookConfiguredWithSecret" name="test_missing_secret" time="0.001"/>
<testcase classname="buildbot.test.unit.www.test_hooks_gitlab.TestChangeHookConfiguredWithSecret" name="test_valid_secret" time="0.001"/>
<testcase classname="buildbot.test.unit.www.test_hooks_gitorious.TestChangeHookConfiguredWithGitChange" name="testGitWithChange" time="0.001"/>
<testcase classname="buildbot.test.unit.www.test_hooks_gitorious.TestChangeHookConfiguredWithGitChange" name="testGitWithNoJson" time="0.002"/>
<testcase classname="buildbot.test.unit.www.test_hooks_poller.TestPollingChangeHook" name="test_allowlist_all" time="0.102"/>
<testcase classname="buildbot.test.unit.www.test_hooks_poller.TestPollingChangeHook" name="test_allowlist_allow" time="0.106"/>
<testcase classname="buildbot.test.unit.www.test_hooks_poller.TestPollingChangeHook" name="test_allowlist_deny" time="0.114"/>
<testcase classname="buildbot.test.unit.www.test_hooks_poller.TestPollingChangeHook" name="test_invalid_poller" time="0.121"/>
<testcase classname="buildbot.test.unit.www.test_hooks_poller.TestPollingChangeHook" name="test_no_args" time="0.120"/>
<testcase classname="buildbot.test.unit.www.test_hooks_poller.TestPollingChangeHook" name="test_no_poller" time="0.118"/>
<testcase classname="buildbot.test.unit.www.test_hooks_poller.TestPollingChangeHook" name="test_trigger_old_poller" time="0.125"/>
<testcase classname="buildbot.test.unit.www.test_hooks_poller.TestPollingChangeHook" name="test_trigger_poll" time="0.110"/>
<testcase classname="buildbot.test.unit.www.test_ldapuserinfo.Config" name="test_missing_group_base" time="0.002"/>
<testcase classname="buildbot.test.unit.www.test_ldapuserinfo.Config" name="test_missing_group_name" time="0.001"/>
<testcase classname="buildbot.test.unit.www.test_ldapuserinfo.Config" name="test_missing_two_params" time="0.000"/>
<testcase classname="buildbot.test.unit.www.test_ldapuserinfo.LdapAvatar" name="test_getUnknownUsernameAvatar" time="0.003"/>
<testcase classname="buildbot.test.unit.www.test_ldapuserinfo.LdapAvatar" name="test_getUserAvatarGIF" time="0.002"/>
<testcase classname="buildbot.test.unit.www.test_ldapuserinfo.LdapAvatar" name="test_getUserAvatarJPEG" time="0.003"/>
<testcase classname="buildbot.test.unit.www.test_ldapuserinfo.LdapAvatar" name="test_getUserAvatarPNG" time="0.002"/>
<testcase classname="buildbot.test.unit.www.test_ldapuserinfo.LdapAvatar" name="test_getUserAvatarUnknownType" time="0.002"/>
<testcase classname="buildbot.test.unit.www.test_ldapuserinfo.LdapAvatar" name="test_getUsernameAvatar" time="0.002"/>
<testcase classname="buildbot.test.unit.www.test_ldapuserinfo.LdapUserInfo" name="test_updateUserInfoGroups" time="0.002"/>
<testcase classname="buildbot.test.unit.www.test_ldapuserinfo.LdapUserInfo" name="test_updateUserInfoGroupsUnicodeDn" time="0.001"/>
<testcase classname="buildbot.test.unit.www.test_ldapuserinfo.LdapUserInfo" name="test_updateUserInfoNoGroups" time="0.001"/>
<testcase classname="buildbot.test.unit.www.test_ldapuserinfo.LdapUserInfo" name="test_updateUserInfoNoResults" time="0.001"/>
<testcase classname="buildbot.test.unit.www.test_ldapuserinfo.LdapUserInfoNoGroups" name="test_updateUserInfo" time="0.001"/>
<testcase classname="buildbot.test.unit.www.test_ldapuserinfo.LdapUserInfoNotEscCharsDn" name="test_getUserInfoGroupsNotEscCharsDn" time="0.001"/>
<testcase classname="buildbot.test.unit.www.test_oauth.OAuth2Auth" name="test_BitbucketVerifyCode" time="0.009"/>
<testcase classname="buildbot.test.unit.www.test_oauth.OAuth2Auth" name="test_GitHubAuthBadApiVersion" time="0.008"/>
<testcase classname="buildbot.test.unit.www.test_oauth.OAuth2Auth" name="test_GitHubAuthRaiseErrorWithApiV3AndGetTeamMembership" time="0.007"/>
<testcase classname="buildbot.test.unit.www.test_oauth.OAuth2Auth" name="test_GithubVerifyCode" time="0.008"/>
<testcase classname="buildbot.test.unit.www.test_oauth.OAuth2Auth" name="test_GithubVerifyCode_v4" time="0.007"/>
<testcase classname="buildbot.test.unit.www.test_oauth.OAuth2Auth" name="test_GithubVerifyCode_v4_teams" time="0.008"/>
<testcase classname="buildbot.test.unit.www.test_oauth.OAuth2Auth" name="test_GitlabVerifyCode" time="0.006"/>
<testcase classname="buildbot.test.unit.www.test_oauth.OAuth2Auth" name="test_GoogleVerifyCode" time="0.007"/>
<testcase classname="buildbot.test.unit.www.test_oauth.OAuth2Auth" name="test_getBitbucketLoginURL" time="0.007"/>
<testcase classname="buildbot.test.unit.www.test_oauth.OAuth2Auth" name="test_getConfig" time="0.007"/>
<testcase classname="buildbot.test.unit.www.test_oauth.OAuth2Auth" name="test_getGitLabLoginURL" time="0.006"/>
<testcase classname="buildbot.test.unit.www.test_oauth.OAuth2Auth" name="test_getGithubELoginURL" time="0.006"/>
<testcase classname="buildbot.test.unit.www.test_oauth.OAuth2Auth" name="test_getGithubLoginURL" time="0.006"/>
<testcase classname="buildbot.test.unit.www.test_oauth.OAuth2Auth" name="test_getGithubLoginURL_v4" time="0.008"/>
<testcase classname="buildbot.test.unit.www.test_oauth.OAuth2Auth" name="test_getGithubLoginURL_with_secret" time="0.007"/>
<testcase classname="buildbot.test.unit.www.test_oauth.OAuth2Auth" name="test_getGoogleLoginURL" time="0.006"/>
<testcase classname="buildbot.test.unit.www.test_oauth.OAuth2Auth" name="test_loginResource" time="0.006"/>
<testcase classname="buildbot.test.unit.www.test_oauth.OAuth2AuthGitHubE2E" name="test_E2E" time="0.001">
<skipped>Need to pass OAUTHCONF path to json file via environ to run this e2e test&#xA;</skipped>
</testcase>
<testcase classname="buildbot.test.unit.www.test_oauth.OAuth2AuthGitLabE2E" name="test_E2E" time="0.000">
<skipped>Need to pass OAUTHCONF path to json file via environ to run this e2e test&#xA;</skipped>
</testcase>
<testcase classname="buildbot.test.unit.www.test_oauth.OAuth2AuthGoogleE2E" name="test_E2E" time="0.000">
<skipped>Need to pass OAUTHCONF path to json file via environ to run this e2e test&#xA;</skipped>
</testcase>
<testcase classname="buildbot.test.unit.www.test_resource.RedirectResource" name="test_redirect" time="0.001"/>
<testcase classname="buildbot.test.unit.www.test_resource.RedirectResource" name="test_redirect_cr_lf" time="0.001"/>
<testcase classname="buildbot.test.unit.www.test_resource.Resource" name="test_base_url" time="0.001"/>
<testcase classname="buildbot.test.unit.www.test_resource.Resource" name="test_reconfigResource_registration" time="0.001"/>
<testcase classname="buildbot.test.unit.www.test_rest.ContentTypeParser" name="test_complex" time="0.000"/>
<testcase classname="buildbot.test.unit.www.test_rest.ContentTypeParser" name="test_simple" time="0.000"/>
<testcase classname="buildbot.test.unit.www.test_rest.ContentTypeParser" name="test_text" time="0.000"/>
<testcase classname="buildbot.test.unit.www.test_rest.EndpointKindMigrationTest" name="test_is_collection" time="0.000"/>
<testcase classname="buildbot.test.unit.www.test_rest.EndpointKindMigrationTest" name="test_is_raw" time="0.000"/>
<testcase classname="buildbot.test.unit.www.test_rest.RestRootResource" name="test_render" time="0.001"/>
<testcase classname="buildbot.test.unit.www.test_rest.RestRootResource" name="test_versions" time="0.001"/>
<testcase classname="buildbot.test.unit.www.test_rest.RestRootResource" name="test_versions_limited" time="0.001"/>
<testcase classname="buildbot.test.unit.www.test_rest.V2RootResource" name="test_default_origin" time="0.001"/>
<testcase classname="buildbot.test.unit.www.test_rest.V2RootResource" name="test_failure" time="0.002"/>
<testcase classname="buildbot.test.unit.www.test_rest.V2RootResource" name="test_invalid_http_method" time="0.001"/>
<testcase classname="buildbot.test.unit.www.test_rest.V2RootResource_CORS" name="test_cors_no_origin" time="0.001"/>
<testcase classname="buildbot.test.unit.www.test_rest.V2RootResource_CORS" name="test_cors_origin_match" time="0.001"/>
<testcase classname="buildbot.test.unit.www.test_rest.V2RootResource_CORS" name="test_cors_origin_match_star" time="0.001"/>
<testcase classname="buildbot.test.unit.www.test_rest.V2RootResource_CORS" name="test_cors_origin_mismatch" time="0.001"/>
<testcase classname="buildbot.test.unit.www.test_rest.V2RootResource_CORS" name="test_cors_origin_mismatch_post" time="0.001"/>
<testcase classname="buildbot.test.unit.www.test_rest.V2RootResource_CORS" name="test_cors_origin_patterns" time="0.203"/>
<testcase classname="buildbot.test.unit.www.test_rest.V2RootResource_CORS" name="test_cors_origin_preflight_bad_method" time="0.002"/>
<testcase classname="buildbot.test.unit.www.test_rest.V2RootResource_CORS" name="test_cors_origin_preflight_bad_origin" time="0.001"/>
<testcase classname="buildbot.test.unit.www.test_rest.V2RootResource_CORS" name="test_cors_origin_preflight_match_GET" time="0.001"/>
<testcase classname="buildbot.test.unit.www.test_rest.V2RootResource_CORS" name="test_cors_origin_preflight_match_POST" time="0.001"/>
<testcase classname="buildbot.test.unit.www.test_rest.V2RootResource_JSONRPC2" name="test_authz_forbidden" time="0.001"/>
<testcase classname="buildbot.test.unit.www.test_rest.V2RootResource_JSONRPC2" name="test_bad_req_id_missing" time="0.001"/>
<testcase classname="buildbot.test.unit.www.test_rest.V2RootResource_JSONRPC2" name="test_bad_req_id_type" time="0.001"/>
<testcase classname="buildbot.test.unit.www.test_rest.V2RootResource_JSONRPC2" name="test_bad_req_jsonrpc_missing" time="0.001"/>
<testcase classname="buildbot.test.unit.www.test_rest.V2RootResource_JSONRPC2" name="test_bad_req_jsonrpc_type" time="0.001"/>
<testcase classname="buildbot.test.unit.www.test_rest.V2RootResource_JSONRPC2" name="test_bad_req_jsonrpc_value" time="0.001"/>
<testcase classname="buildbot.test.unit.www.test_rest.V2RootResource_JSONRPC2" name="test_bad_req_method_missing" time="0.001"/>
<testcase classname="buildbot.test.unit.www.test_rest.V2RootResource_JSONRPC2" name="test_bad_req_method_type" time="0.001"/>
<testcase classname="buildbot.test.unit.www.test_rest.V2RootResource_JSONRPC2" name="test_bad_req_params_missing" time="0.001"/>
<testcase classname="buildbot.test.unit.www.test_rest.V2RootResource_JSONRPC2" name="test_bad_req_params_type" time="0.001"/>
<testcase classname="buildbot.test.unit.www.test_rest.V2RootResource_JSONRPC2" name="test_bad_req_type" time="0.001"/>
<testcase classname="buildbot.test.unit.www.test_rest.V2RootResource_JSONRPC2" name="test_invalid_action" time="0.001"/>
<testcase classname="buildbot.test.unit.www.test_rest.V2RootResource_JSONRPC2" name="test_invalid_content_type" time="0.001"/>
<testcase classname="buildbot.test.unit.www.test_rest.V2RootResource_JSONRPC2" name="test_invalid_json" time="0.001"/>
<testcase classname="buildbot.test.unit.www.test_rest.V2RootResource_JSONRPC2" name="test_invalid_path" time="0.001"/>
<testcase classname="buildbot.test.unit.www.test_rest.V2RootResource_JSONRPC2" name="test_list_request" time="0.001"/>
<testcase classname="buildbot.test.unit.www.test_rest.V2RootResource_JSONRPC2" name="test_owner_with_email" time="0.001"/>
<testcase classname="buildbot.test.unit.www.test_rest.V2RootResource_JSONRPC2" name="test_owner_with_only_full_name" time="0.001"/>
<testcase classname="buildbot.test.unit.www.test_rest.V2RootResource_JSONRPC2" name="test_owner_without_email" time="0.001"/>
<testcase classname="buildbot.test.unit.www.test_rest.V2RootResource_JSONRPC2" name="test_valid" time="0.001"/>
<testcase classname="buildbot.test.unit.www.test_rest.V2RootResource_JSONRPC2" name="test_valid_fails" time="0.003"/>
<testcase classname="buildbot.test.unit.www.test_rest.V2RootResource_JSONRPC2" name="test_valid_int_id" time="0.001"/>
<testcase classname="buildbot.test.unit.www.test_rest.V2RootResource_REST" name="test_api_collection" time="0.001"/>
<testcase classname="buildbot.test.unit.www.test_rest.V2RootResource_REST" name="test_api_collection_fields" time="0.001"/>
<testcase classname="buildbot.test.unit.www.test_rest.V2RootResource_REST" name="test_api_collection_filter_and_order" time="0.001"/>
<testcase classname="buildbot.test.unit.www.test_rest.V2RootResource_REST" name="test_api_collection_filter_and_order_desc" time="0.001"/>
<testcase classname="buildbot.test.unit.www.test_rest.V2RootResource_REST" name="test_api_collection_filter_on_unselected" time="0.001"/>
<testcase classname="buildbot.test.unit.www.test_rest.V2RootResource_REST" name="test_api_collection_filter_pagination" time="0.001"/>
<testcase classname="buildbot.test.unit.www.test_rest.V2RootResource_REST" name="test_api_collection_invalid_field" time="0.001"/>
<testcase classname="buildbot.test.unit.www.test_rest.V2RootResource_REST" name="test_api_collection_invalid_filter_value" time="0.001"/>
<testcase classname="buildbot.test.unit.www.test_rest.V2RootResource_REST" name="test_api_collection_invalid_limit" time="0.001"/>
<testcase classname="buildbot.test.unit.www.test_rest.V2RootResource_REST" name="test_api_collection_invalid_offset" time="0.001"/>
<testcase classname="buildbot.test.unit.www.test_rest.V2RootResource_REST" name="test_api_collection_invalid_simple_filter_value" time="0.001"/>
<testcase classname="buildbot.test.unit.www.test_rest.V2RootResource_REST" name="test_api_collection_limit" time="0.001"/>
<testcase classname="buildbot.test.unit.www.test_rest.V2RootResource_REST" name="test_api_collection_limit_at_end" time="0.001"/>
<testcase classname="buildbot.test.unit.www.test_rest.V2RootResource_REST" name="test_api_collection_limit_past_end" time="0.001"/>
<testcase classname="buildbot.test.unit.www.test_rest.V2RootResource_REST" name="test_api_collection_list_filter" time="0.001"/>
<testcase classname="buildbot.test.unit.www.test_rest.V2RootResource_REST" name="test_api_collection_offset" time="0.001"/>
<testcase classname="buildbot.test.unit.www.test_rest.V2RootResource_REST" name="test_api_collection_offset_limit" time="0.001"/>
<testcase classname="buildbot.test.unit.www.test_rest.V2RootResource_REST" name="test_api_collection_offset_past_end" time="0.001"/>
<testcase classname="buildbot.test.unit.www.test_rest.V2RootResource_REST" name="test_api_collection_operator_filter" time="0.001"/>
<testcase classname="buildbot.test.unit.www.test_rest.V2RootResource_REST" name="test_api_collection_order" time="0.001"/>
<testcase classname="buildbot.test.unit.www.test_rest.V2RootResource_REST" name="test_api_collection_order_desc" time="0.001"/>
<testcase classname="buildbot.test.unit.www.test_rest.V2RootResource_REST" name="test_api_collection_order_on_unselected" time="0.002"/>
<testcase classname="buildbot.test.unit.www.test_rest.V2RootResource_REST" name="test_api_collection_simple_filter" time="0.001"/>
<testcase classname="buildbot.test.unit.www.test_rest.V2RootResource_REST" name="test_api_details" time="0.001"/>
<testcase classname="buildbot.test.unit.www.test_rest.V2RootResource_REST" name="test_api_details_fields" time="0.001"/>
<testcase classname="buildbot.test.unit.www.test_rest.V2RootResource_REST" name="test_api_details_filter_fails" time="0.001"/>
<testcase classname="buildbot.test.unit.www.test_rest.V2RootResource_REST" name="test_api_details_none" time="0.001"/>
<testcase classname="buildbot.test.unit.www.test_rest.V2RootResource_REST" name="test_api_fails" time="0.001"/>
<testcase classname="buildbot.test.unit.www.test_rest.V2RootResource_REST" name="test_api_head" time="0.001"/>
<testcase classname="buildbot.test.unit.www.test_rest.V2RootResource_REST" name="test_api_with_accept" time="0.001"/>
<testcase classname="buildbot.test.unit.www.test_rest.V2RootResource_REST" name="test_authz_forbidden" time="0.002"/>
<testcase classname="buildbot.test.unit.www.test_rest.V2RootResource_REST" name="test_decode_result_spec_limit" time="0.002"/>
<testcase classname="buildbot.test.unit.www.test_rest.V2RootResource_REST" name="test_decode_result_spec_not_a_collection_limit" time="0.001"/>
<testcase classname="buildbot.test.unit.www.test_rest.V2RootResource_REST" name="test_decode_result_spec_not_a_collection_offset" time="0.001"/>
<testcase classname="buildbot.test.unit.www.test_rest.V2RootResource_REST" name="test_decode_result_spec_not_a_collection_order" time="0.001"/>
<testcase classname="buildbot.test.unit.www.test_rest.V2RootResource_REST" name="test_decode_result_spec_not_a_collection_properties" time="0.001"/>
<testcase classname="buildbot.test.unit.www.test_rest.V2RootResource_REST" name="test_decode_result_spec_offset" time="0.001"/>
<testcase classname="buildbot.test.unit.www.test_rest.V2RootResource_REST" name="test_decode_result_spec_order" time="0.001"/>
<testcase classname="buildbot.test.unit.www.test_rest.V2RootResource_REST" name="test_decode_result_spec_properties" time="0.001"/>
<testcase classname="buildbot.test.unit.www.test_rest.V2RootResource_REST" name="test_decode_result_spec_raise_bad_request_on_bad_property_value" time="0.001"/>
<testcase classname="buildbot.test.unit.www.test_rest.V2RootResource_REST" name="test_invalid_query" time="0.001"/>
<testcase classname="buildbot.test.unit.www.test_rest.V2RootResource_REST" name="test_not_found" time="0.002"/>
<testcase classname="buildbot.test.unit.www.test_rest.V2RootResource_REST" name="test_raw" time="0.001"/>
<testcase classname="buildbot.test.unit.www.test_roles.RolesFromEmails" name="test_User1" time="0.001"/>
<testcase classname="buildbot.test.unit.www.test_roles.RolesFromEmails" name="test_User2" time="0.000"/>
<testcase classname="buildbot.test.unit.www.test_roles.RolesFromEmails" name="test_noUser" time="0.000"/>
<testcase classname="buildbot.test.unit.www.test_roles.RolesFromGroups" name="test_noBuildbotGroups" time="0.000"/>
<testcase classname="buildbot.test.unit.www.test_roles.RolesFromGroups" name="test_noGroups" time="0.000"/>
<testcase classname="buildbot.test.unit.www.test_roles.RolesFromGroups" name="test_someBuildbotGroups" time="0.000"/>
<testcase classname="buildbot.test.unit.www.test_roles.RolesFromOwner" name="test_noOwner" time="0.000"/>
<testcase classname="buildbot.test.unit.www.test_roles.RolesFromOwner" name="test_notOwner" time="0.000"/>
<testcase classname="buildbot.test.unit.www.test_roles.RolesFromOwner" name="test_owner" time="0.000"/>
<testcase classname="buildbot.test.unit.www.test_roles.RolesFromUsername" name="test_admin" time="0.000"/>
<testcase classname="buildbot.test.unit.www.test_roles.RolesFromUsername" name="test_anonymous" time="0.000"/>
<testcase classname="buildbot.test.unit.www.test_roles.RolesFromUsername" name="test_badUsernames" time="0.000"/>
<testcase classname="buildbot.test.unit.www.test_roles.RolesFromUsername" name="test_multipleGroups" time="0.000"/>
<testcase classname="buildbot.test.unit.www.test_roles.RolesFromUsername" name="test_normalUser" time="0.000"/>
<testcase classname="buildbot.test.unit.www.test_service.Test" name="test_reconfigService_expiration_time" time="0.026"/>
<testcase classname="buildbot.test.unit.www.test_service.Test" name="test_reconfigService_no_port" time="0.002"/>
<testcase classname="buildbot.test.unit.www.test_service.Test" name="test_reconfigService_port" time="0.002"/>
<testcase classname="buildbot.test.unit.www.test_service.Test" name="test_reconfigService_port_changes" time="0.001"/>
<testcase classname="buildbot.test.unit.www.test_service.Test" name="test_reconfigService_port_changes_to_none" time="0.001"/>
<testcase classname="buildbot.test.unit.www.test_service.Test" name="test_reconfigService_reconfigResources" time="0.001"/>
<testcase classname="buildbot.test.unit.www.test_service.Test" name="test_setupSite" time="0.001"/>
<testcase classname="buildbot.test.unit.www.test_service.Test" name="test_setupSiteWithHook" time="0.001"/>
<testcase classname="buildbot.test.unit.www.test_service.Test" name="test_setupSiteWithHookAndAuth" time="0.008"/>
<testcase classname="buildbot.test.unit.www.test_service.Test" name="test_setupSiteWithProtectedHook" time="0.001"/>
<testcase classname="buildbot.test.unit.www.test_service.TestBuildbotSite" name="test_absentServerHeader" time="0.000"/>
<testcase classname="buildbot.test.unit.www.test_service.TestBuildbotSite" name="test_getSession_from_bad_jwt" time="0.002"/>
<testcase classname="buildbot.test.unit.www.test_service.TestBuildbotSite" name="test_getSession_from_correct_jwt" time="0.001"/>
<testcase classname="buildbot.test.unit.www.test_service.TestBuildbotSite" name="test_getSession_from_expired_jwt" time="0.001"/>
<testcase classname="buildbot.test.unit.www.test_service.TestBuildbotSite" name="test_getSession_with_no_user_info" time="0.001"/>
<testcase classname="buildbot.test.unit.www.test_service.TestBuildbotSite" name="test_makeSession" time="0.001"/>
<testcase classname="buildbot.test.unit.www.test_service.TestBuildbotSite" name="test_updateSession" time="0.000"/>
<testcase classname="buildbot.test.unit.www.test_sse.EventResource" name="test_listen" time="0.002"/>
<testcase classname="buildbot.test.unit.www.test_sse.EventResource" name="test_listen_add_baduuid" time="0.001"/>
<testcase classname="buildbot.test.unit.www.test_sse.EventResource" name="test_listen_add_nouuid" time="0.001"/>
<testcase classname="buildbot.test.unit.www.test_sse.EventResource" name="test_listen_add_then_close" time="0.001"/>
<testcase classname="buildbot.test.unit.www.test_sse.EventResource" name="test_listen_add_then_remove" time="0.001"/>
<testcase classname="buildbot.test.unit.www.test_sse.EventResource" name="test_simpleapi" time="0.001"/>
<testcase classname="buildbot.test.unit.www.test_ws.WsResource" name="test_bad_cmd" time="0.072"/>
<testcase classname="buildbot.test.unit.www.test_ws.WsResource" name="test_connection_init" time="0.072"/>
<testcase classname="buildbot.test.unit.www.test_ws.WsResource" name="test_no_cmd" time="0.213"/>
<testcase classname="buildbot.test.unit.www.test_ws.WsResource" name="test_no_id" time="0.072"/>
<testcase classname="buildbot.test.unit.www.test_ws.WsResource" name="test_no_type_while_graphql" time="0.072"/>
<testcase classname="buildbot.test.unit.www.test_ws.WsResource" name="test_onConnect" time="0.072"/>
<testcase classname="buildbot.test.unit.www.test_ws.WsResource" name="test_ping" time="0.217"/>
<testcase classname="buildbot.test.unit.www.test_ws.WsResource" name="test_startConsuming" time="0.072"/>
<testcase classname="buildbot.test.unit.www.test_ws.WsResource" name="test_startConsumingBadPath" time="0.072"/>
<testcase classname="buildbot.test.unit.www.test_ws.WsResource" name="test_start_graphql_bad_query" time="0.211"/>
<testcase classname="buildbot.test.unit.www.test_ws.WsResource" name="test_start_stop_graphql" time="0.075"/>
<testcase classname="buildbot.test.unit.www.test_ws.WsResource" name="test_stopConsuming" time="0.073"/>
<testcase classname="buildbot.test.unit.www.test_ws.WsResource" name="test_stopConsumingNotRegistered" time="0.211"/>
<testcase classname="buildbot.test.unit.www.test_ws.WsResource" name="test_too_many_arguments" time="0.075"/>
<testcase classname="buildbot.test.unit.www.test_ws.WsResource" name="test_too_many_arguments_graphql" time="0.072"/>
<testcase classname="buildbot.test.unit.www.test_ws.WsResource" name="test_type_while_not_graphql" time="0.072"/>
</testsuite>
